<?xml version="1.0" encoding="utf-8"?>
<TestRun id="2ce87416-cb6d-45f9-a890-fad564316359" name="spareilleux@XPS-STEF 2025-12-06 19:23:29" runUser="XPS-STEF\spareilleux" xmlns="http://microsoft.com/schemas/VisualStudio/TeamTest/2010">
  <Times creation="2025-12-06T19:23:29.2974175-05:00" queuing="2025-12-06T19:23:29.2974176-05:00" start="2025-12-06T19:23:28.6538070-05:00" finish="2025-12-06T19:23:30.7680385-05:00" />
  <TestSettings name="default" id="13dc9a69-3703-4967-a883-2e2c61a49528">
    <Deployment runDeploymentRoot="spareilleux_XPS-STEF_2025-12-06_19_23_29" />
  </TestSettings>
  <Results>
    <UnitTestResult executionId="f5d22ba2-16a4-46f4-967c-0ac1624e9f21" testId="6aa830b5-ed79-4a2f-e122-77012f96164d" testName="Tars.Tests.MetascriptTests.Engine calls Retrieve and Grow on SemanticMemory" computerName="XPS-STEF" duration="00:00:00.0047482" startTime="2025-12-06T19:23:29.4347205-05:00" endTime="2025-12-06T19:23:29.4393936-05:00" testType="13cdc9d9-ddb5-4fa4-a97d-d965ccfc6d4b" outcome="Passed" testListId="8c84fa94-04c1-424b-9868-57a2d4851a1d" relativeResultsDirectory="f5d22ba2-16a4-46f4-967c-0ac1624e9f21" />
    <UnitTestResult executionId="b32f96cc-9dfe-4730-aa1a-6aaa38777eb8" testId="eca18d87-0220-2725-c3ac-1754178e1a61" testName="Tars.Tests.ChunkingTests.Recursive: Handles nested structure" computerName="XPS-STEF" duration="00:00:00.0001504" startTime="2025-12-06T19:23:29.3044416-05:00" endTime="2025-12-06T19:23:29.3044617-05:00" testType="13cdc9d9-ddb5-4fa4-a97d-d965ccfc6d4b" outcome="Passed" testListId="8c84fa94-04c1-424b-9868-57a2d4851a1d" relativeResultsDirectory="b32f96cc-9dfe-4730-aa1a-6aaa38777eb8" />
    <UnitTestResult executionId="f9075d2b-e557-417d-a449-86682b46d13b" testId="cf725891-8786-e712-790c-88a48917782b" testName="Tars.Tests.EpistemicGovernorTests.Verify returns true when LLM says VERIFIED" computerName="XPS-STEF" duration="00:00:00.0098347" startTime="2025-12-06T19:23:29.3196138-05:00" endTime="2025-12-06T19:23:29.3206904-05:00" testType="13cdc9d9-ddb5-4fa4-a97d-d965ccfc6d4b" outcome="Passed" testListId="8c84fa94-04c1-424b-9868-57a2d4851a1d" relativeResultsDirectory="f9075d2b-e557-417d-a449-86682b46d13b" />
    <UnitTestResult executionId="e7650b7c-97f8-40db-b7bc-8beaf2b2545b" testId="276e81f5-65cf-b98f-3e88-208a73e70702" testName="Tars.Tests.CircuitTests.Gate waits for condition" computerName="XPS-STEF" duration="00:00:00.1061197" startTime="2025-12-06T19:23:29.4642037-05:00" endTime="2025-12-06T19:23:29.5705114-05:00" testType="13cdc9d9-ddb5-4fa4-a97d-d965ccfc6d4b" outcome="Passed" testListId="8c84fa94-04c1-424b-9868-57a2d4851a1d" relativeResultsDirectory="e7650b7c-97f8-40db-b7bc-8beaf2b2545b" />
    <UnitTestResult executionId="fe1e5765-fb04-4255-917b-454fc4b61b4b" testId="68a0b782-9a8e-e7e9-802e-cf99a7281faf" testName="Tars.Tests.SecurityTests.FilesystemPolicy: Allows path within base directory" computerName="XPS-STEF" duration="00:00:00.0005234" startTime="2025-12-06T19:23:29.2874452-05:00" endTime="2025-12-06T19:23:29.2875121-05:00" testType="13cdc9d9-ddb5-4fa4-a97d-d965ccfc6d4b" outcome="Passed" testListId="8c84fa94-04c1-424b-9868-57a2d4851a1d" relativeResultsDirectory="fe1e5765-fb04-4255-917b-454fc4b61b4b">
      <Output>
        <StdOut>Starting test: Allows path within base directory&#xD;
Correctly allowed path: C:\Users\spare\AppData\Local\Temp\subdir\file.txt</StdOut>
      </Output>
    </UnitTestResult>
    <UnitTestResult executionId="b39e1040-d53b-45dd-90ae-14a90f049f81" testId="bb1cf60f-4875-c719-0e8e-171460e0e944" testName="Tars.Tests.AgentWorkflowTests.Agent workflow accumulates warnings" computerName="XPS-STEF" duration="00:00:00.0025125" startTime="2025-12-06T19:23:29.3686431-05:00" endTime="2025-12-06T19:23:29.3709768-05:00" testType="13cdc9d9-ddb5-4fa4-a97d-d965ccfc6d4b" outcome="Passed" testListId="8c84fa94-04c1-424b-9868-57a2d4851a1d" relativeResultsDirectory="b39e1040-d53b-45dd-90ae-14a90f049f81" />
    <UnitTestResult executionId="f76b2eb6-01e0-4c7d-9778-0458aa403677" testId="ee3613b0-0ef0-6515-af99-4bad8bc9423e" testName="Tars.Tests.TemporalKnowledgeGraphTests.Adding a fact adds implicit nodes" computerName="XPS-STEF" duration="00:00:00.0002271" startTime="2025-12-06T19:23:29.3016231-05:00" endTime="2025-12-06T19:23:29.3016381-05:00" testType="13cdc9d9-ddb5-4fa4-a97d-d965ccfc6d4b" outcome="Passed" testListId="8c84fa94-04c1-424b-9868-57a2d4851a1d" relativeResultsDirectory="f76b2eb6-01e0-4c7d-9778-0458aa403677" />
    <UnitTestResult executionId="88742ee4-4aaa-44e9-809b-d04ccef726d8" testId="77487689-d6cf-7bb5-76bb-ec2a57164a31" testName="Tars.Tests.LlmServiceTests.ILlmService CompleteStreamAsync interface works" computerName="XPS-STEF" duration="00:00:00.0017731" startTime="2025-12-06T19:23:29.4423287-05:00" endTime="2025-12-06T19:23:29.4440468-05:00" testType="13cdc9d9-ddb5-4fa4-a97d-d965ccfc6d4b" outcome="Passed" testListId="8c84fa94-04c1-424b-9868-57a2d4851a1d" relativeResultsDirectory="88742ee4-4aaa-44e9-809b-d04ccef726d8">
      <Output>
        <StdOut>ILlmService streaming interface works correctly</StdOut>
      </Output>
    </UnitTestResult>
    <UnitTestResult executionId="307a73e3-a740-4192-96e9-2a625f7bb79b" testId="9c8eacb5-5887-732e-a283-542f78fb3b30" testName="Tars.Tests.VectorStoreTests.InMemoryVectorStore: Can update existing document" computerName="XPS-STEF" duration="00:00:00.0012673" startTime="2025-12-06T19:23:29.4606135-05:00" endTime="2025-12-06T19:23:29.4618156-05:00" testType="13cdc9d9-ddb5-4fa4-a97d-d965ccfc6d4b" outcome="Passed" testListId="8c84fa94-04c1-424b-9868-57a2d4851a1d" relativeResultsDirectory="307a73e3-a740-4192-96e9-2a625f7bb79b">
      <Output>
        <StdOut>Starting test: Can update existing document&#xD;
Document updated to version 2</StdOut>
      </Output>
    </UnitTestResult>
    <UnitTestResult executionId="afb699c7-36b8-4094-b44e-1febd7df7f59" testId="c9af01c1-94ce-8496-cc4f-047419ac023e" testName="Tars.Tests.GraphTests.PromptBuilder: Includes message history" computerName="XPS-STEF" duration="00:00:00.0130142" startTime="2025-12-06T19:23:29.2963155-05:00" endTime="2025-12-06T19:23:29.2981075-05:00" testType="13cdc9d9-ddb5-4fa4-a97d-d965ccfc6d4b" outcome="Passed" testListId="8c84fa94-04c1-424b-9868-57a2d4851a1d" relativeResultsDirectory="afb699c7-36b8-4094-b44e-1febd7df7f59">
      <Output>
        <StdOut>Starting test: Includes message history&#xD;
History correctly included in prompt</StdOut>
      </Output>
    </UnitTestResult>
    <UnitTestResult executionId="55eaf44f-5440-4acc-80c8-3df0b5f134c3" testId="6ca1b218-1ecf-fae7-4448-8d9cb83a7446" testName="Tars.Tests.GraphTests.ResponseParser: Treats incomplete tool format as text" computerName="XPS-STEF" duration="00:00:00.0005567" startTime="2025-12-06T19:23:29.2995800-05:00" endTime="2025-12-06T19:23:29.2996388-05:00" testType="13cdc9d9-ddb5-4fa4-a97d-d965ccfc6d4b" outcome="Passed" testListId="8c84fa94-04c1-424b-9868-57a2d4851a1d" relativeResultsDirectory="55eaf44f-5440-4acc-80c8-3df0b5f134c3">
      <Output>
        <StdOut>Starting test: Treats incomplete tool format as text&#xD;
Correctly treated incomplete tool format as text</StdOut>
      </Output>
    </UnitTestResult>
    <UnitTestResult executionId="a1deba8d-9431-4874-a384-1c1a2d2e325f" testId="89631818-8dde-9f69-6b81-bbd02ea9633f" testName="Tars.Tests.VectorStoreTests.SqliteVectorStore: Persists data across instances" computerName="XPS-STEF" duration="00:00:00.0179556" startTime="2025-12-06T19:23:29.5828830-05:00" endTime="2025-12-06T19:23:29.6008604-05:00" testType="13cdc9d9-ddb5-4fa4-a97d-d965ccfc6d4b" outcome="Passed" testListId="8c84fa94-04c1-424b-9868-57a2d4851a1d" relativeResultsDirectory="a1deba8d-9431-4874-a384-1c1a2d2e325f">
      <Output>
        <StdOut>Starting test: SqliteVectorStore persistence&#xD;
Data persisted successfully across instances</StdOut>
      </Output>
    </UnitTestResult>
    <UnitTestResult executionId="31208d92-6847-406d-b31f-558c6efb596d" testId="41aedf8a-5ee4-57c6-7a67-5b64e74b844b" testName="Tars.Tests.LlmServiceTests.Ollama Client sends correct request" computerName="XPS-STEF" duration="00:00:00.0134691" startTime="2025-12-06T19:23:29.4018346-05:00" endTime="2025-12-06T19:23:29.4156013-05:00" testType="13cdc9d9-ddb5-4fa4-a97d-d965ccfc6d4b" outcome="Passed" testListId="8c84fa94-04c1-424b-9868-57a2d4851a1d" relativeResultsDirectory="31208d92-6847-406d-b31f-558c6efb596d" />
    <UnitTestResult executionId="3e657f1c-183f-4d21-8d51-2ca954b6e2a8" testId="1253d08c-b658-a792-2065-63acaf2fbd35" testName="Tars.Tests.MetascriptTests.Retrieval step retrieves from vector store" computerName="XPS-STEF" duration="00:00:00.0017623" startTime="2025-12-06T19:23:29.4072935-05:00" endTime="2025-12-06T19:23:29.4090027-05:00" testType="13cdc9d9-ddb5-4fa4-a97d-d965ccfc6d4b" outcome="Passed" testListId="8c84fa94-04c1-424b-9868-57a2d4851a1d" relativeResultsDirectory="3e657f1c-183f-4d21-8d51-2ca954b6e2a8" />
    <UnitTestResult executionId="b2f7eb7a-577d-4000-b741-c3306cee313b" testId="e63f7c31-4dee-3e11-8e4b-6bad2e5d15c4" testName="Tars.Tests.GrammarTests.Ignores empty lines and spaces" computerName="XPS-STEF" duration="00:00:00.0002264" startTime="2025-12-06T19:23:29.2945075-05:00" endTime="2025-12-06T19:23:29.2946320-05:00" testType="13cdc9d9-ddb5-4fa4-a97d-d965ccfc6d4b" outcome="Passed" testListId="8c84fa94-04c1-424b-9868-57a2d4851a1d" relativeResultsDirectory="b2f7eb7a-577d-4000-b741-c3306cee313b">
      <Output>
        <StdOut>Starting test: Ignores empty lines and spaces&#xD;
Input grammar:&#xD;
&#xD;
goal "Spaced" {&#xD;
&#xD;
    task "T1"&#xD;
&#xD;
}&#xD;
&#xD;
Parsed 1 goals.&#xD;
Verified parsing with extra whitespace.</StdOut>
      </Output>
    </UnitTestResult>
    <UnitTestResult executionId="dffa76e7-90b3-458a-b1ca-7ff5002c8f0d" testId="951b6479-f38f-fe8a-48f5-33bf46b329e3" testName="Tars.Tests.OutputGuardLlmTests.LlmOutputGuardAnalyzer parses risk/action from JSON" computerName="XPS-STEF" duration="00:00:00.0187382" startTime="2025-12-06T19:23:29.3047919-05:00" endTime="2025-12-06T19:23:29.3075999-05:00" testType="13cdc9d9-ddb5-4fa4-a97d-d965ccfc6d4b" outcome="Passed" testListId="8c84fa94-04c1-424b-9868-57a2d4851a1d" relativeResultsDirectory="dffa76e7-90b3-458a-b1ca-7ff5002c8f0d" />
    <UnitTestResult executionId="b3e19091-d48b-482b-a7f5-9f9f3d2fca84" testId="0094ff85-e729-9ff4-45cf-df7bb2c2913c" testName="Tars.Tests.ChunkingTests.Sentence: Splits on sentence boundaries" computerName="XPS-STEF" duration="00:00:00.0011106" startTime="2025-12-06T19:23:29.3056108-05:00" endTime="2025-12-06T19:23:29.3057867-05:00" testType="13cdc9d9-ddb5-4fa4-a97d-d965ccfc6d4b" outcome="Passed" testListId="8c84fa94-04c1-424b-9868-57a2d4851a1d" relativeResultsDirectory="b3e19091-d48b-482b-a7f5-9f9f3d2fca84" />
    <UnitTestResult executionId="95f6d540-a6fe-496c-a005-48a9aa00853a" testId="060138f7-2213-c9ff-63f2-f3701a197f37" testName="Tars.Tests.McpTests.Client can list tools" computerName="XPS-STEF" duration="00:00:00.0394500" startTime="2025-12-06T19:23:29.3412619-05:00" endTime="2025-12-06T19:23:29.3802646-05:00" testType="13cdc9d9-ddb5-4fa4-a97d-d965ccfc6d4b" outcome="Passed" testListId="8c84fa94-04c1-424b-9868-57a2d4851a1d" relativeResultsDirectory="95f6d540-a6fe-496c-a005-48a9aa00853a" />
    <UnitTestResult executionId="f1c81c2a-c39e-4bee-bc1b-c44a134f14ec" testId="835ed334-ade6-9582-d914-876f8b538534" testName="Tars.Tests.MetascriptTests.Answer attribution tracks sources" computerName="XPS-STEF" duration="00:00:00.0592733" startTime="2025-12-06T19:23:29.3644290-05:00" endTime="2025-12-06T19:23:29.4018469-05:00" testType="13cdc9d9-ddb5-4fa4-a97d-d965ccfc6d4b" outcome="Passed" testListId="8c84fa94-04c1-424b-9868-57a2d4851a1d" relativeResultsDirectory="f1c81c2a-c39e-4bee-bc1b-c44a134f14ec" />
    <UnitTestResult executionId="8b9173a5-3549-4840-8a69-734e34e243cd" testId="40cce84b-1540-32f8-6523-8be099521529" testName="Tars.Tests.EventBusTests.EventBus broadcasts message when Receiver is None" computerName="XPS-STEF" duration="00:00:00.0204036" startTime="2025-12-06T19:23:29.3086526-05:00" endTime="2025-12-06T19:23:29.3198511-05:00" testType="13cdc9d9-ddb5-4fa4-a97d-d965ccfc6d4b" outcome="Passed" testListId="8c84fa94-04c1-424b-9868-57a2d4851a1d" relativeResultsDirectory="8b9173a5-3549-4840-8a69-734e34e243cd" />
    <UnitTestResult executionId="d9dcc3f1-30c3-4223-8633-c183fc045a17" testId="aed3c718-a163-5c1e-ecf2-548dff20ac6f" testName="Tars.Tests.KTheoryTests.K1: No cycles in large DAG" computerName="XPS-STEF" duration="00:00:00.0010578" startTime="2025-12-06T19:23:29.3655005-05:00" endTime="2025-12-06T19:23:29.3655151-05:00" testType="13cdc9d9-ddb5-4fa4-a97d-d965ccfc6d4b" outcome="Passed" testListId="8c84fa94-04c1-424b-9868-57a2d4851a1d" relativeResultsDirectory="d9dcc3f1-30c3-4223-8633-c183fc045a17" />
    <UnitTestResult executionId="1dda73f3-e847-42c6-8ddc-7a3daa9d4fc6" testId="10f6c30c-971f-07b1-31cb-8a7751cebabd" testName="Tars.Tests.EpistemicGovernorTests.GetRelatedCodeContext returns message when graph is missing" computerName="XPS-STEF" duration="00:00:00.0133723" startTime="2025-12-06T19:23:29.3208856-05:00" endTime="2025-12-06T19:23:29.3208933-05:00" testType="13cdc9d9-ddb5-4fa4-a97d-d965ccfc6d4b" outcome="Passed" testListId="8c84fa94-04c1-424b-9868-57a2d4851a1d" relativeResultsDirectory="1dda73f3-e847-42c6-8ddc-7a3daa9d4fc6" />
    <UnitTestResult executionId="b67672de-6ec0-4030-b3fc-6c77bf3a29eb" testId="136adb1f-0f00-d883-e203-60467b1fcd8f" testName="Tars.Tests.VectorStoreTests.Similarity: Returns 0 for empty vectors" computerName="XPS-STEF" duration="00:00:00.0002230" startTime="2025-12-06T19:23:29.6009927-05:00" endTime="2025-12-06T19:23:29.6010748-05:00" testType="13cdc9d9-ddb5-4fa4-a97d-d965ccfc6d4b" outcome="Passed" testListId="8c84fa94-04c1-424b-9868-57a2d4851a1d" relativeResultsDirectory="b67672de-6ec0-4030-b3fc-6c77bf3a29eb">
      <Output>
        <StdOut>Starting test: Returns 0 for empty vectors&#xD;
Similarity: 0</StdOut>
      </Output>
    </UnitTestResult>
    <UnitTestResult executionId="21a9dd09-ef70-403b-8826-14438273f7a7" testId="1d0d467c-6215-ced8-3bf1-701101f166fd" testName="Tars.Tests.KTheoryTests.K0: Allocation Conservation (Parent - Child = NewParent)" computerName="XPS-STEF" duration="00:00:00.0139440" startTime="2025-12-06T19:23:29.3166618-05:00" endTime="2025-12-06T19:23:29.3191558-05:00" testType="13cdc9d9-ddb5-4fa4-a97d-d965ccfc6d4b" outcome="Passed" testListId="8c84fa94-04c1-424b-9868-57a2d4851a1d" relativeResultsDirectory="21a9dd09-ef70-403b-8826-14438273f7a7" />
    <UnitTestResult executionId="8c53765b-3144-40d6-ad44-9b4a02218d9d" testId="ad6b4a71-332e-ff4c-c436-77af0ccc8fde" testName="Tars.Tests.KTheoryTests.K0: Cost Monoid Identity" computerName="XPS-STEF" duration="00:00:00.0003442" startTime="2025-12-06T19:23:29.3687361-05:00" endTime="2025-12-06T19:23:29.3690355-05:00" testType="13cdc9d9-ddb5-4fa4-a97d-d965ccfc6d4b" outcome="Passed" testListId="8c84fa94-04c1-424b-9868-57a2d4851a1d" relativeResultsDirectory="8c53765b-3144-40d6-ad44-9b4a02218d9d" />
    <UnitTestResult executionId="e627543b-58a6-4cdb-a277-51e93aa6e92f" testId="0a1b8924-f2e0-581a-8f1a-df61c706e97b" testName="Tars.Tests.AgentWorkflowTests.Grounded: Logs verification for partial success" computerName="XPS-STEF" duration="00:00:00.0298702" startTime="2025-12-06T19:23:29.3062155-05:00" endTime="2025-12-06T19:23:29.3184615-05:00" testType="13cdc9d9-ddb5-4fa4-a97d-d965ccfc6d4b" outcome="Passed" testListId="8c84fa94-04c1-424b-9868-57a2d4851a1d" relativeResultsDirectory="e627543b-58a6-4cdb-a277-51e93aa6e92f" />
    <UnitTestResult executionId="7afd5d02-1ed1-4be3-a7cc-96ee1d8cba18" testId="cab684ba-8c8f-30f0-6c27-f073346d3829" testName="Tars.Tests.ChunkingTests.SlidingWindow: Has overlap" computerName="XPS-STEF" duration="00:00:00.0022255" startTime="2025-12-06T19:23:29.3046870-05:00" endTime="2025-12-06T19:23:29.3048008-05:00" testType="13cdc9d9-ddb5-4fa4-a97d-d965ccfc6d4b" outcome="Passed" testListId="8c84fa94-04c1-424b-9868-57a2d4851a1d" relativeResultsDirectory="7afd5d02-1ed1-4be3-a7cc-96ee1d8cba18" />
    <UnitTestResult executionId="cd209113-02cd-4e9b-8b9a-103286922435" testId="f8986e3c-b869-b9d5-e2e8-69031fb5b476" testName="Tars.Tests.LlmServiceTests.Routes to vLLM for reasoning hint" computerName="XPS-STEF" duration="00:00:00.0108682" startTime="2025-12-06T19:23:29.1701140-05:00" endTime="2025-12-06T19:23:29.2587476-05:00" testType="13cdc9d9-ddb5-4fa4-a97d-d965ccfc6d4b" outcome="Passed" testListId="8c84fa94-04c1-424b-9868-57a2d4851a1d" relativeResultsDirectory="cd209113-02cd-4e9b-8b9a-103286922435" />
    <UnitTestResult executionId="dde3b1f0-f0cd-45de-b744-2e562713fcc1" testId="3747f888-a8de-5322-e2ab-3728e3527fec" testName="Tars.Tests.PatternRecognitionTests.TagEntity identifies structural hubs" computerName="XPS-STEF" duration="00:00:00.0245558" startTime="2025-12-06T19:23:29.2928746-05:00" endTime="2025-12-06T19:23:29.2951498-05:00" testType="13cdc9d9-ddb5-4fa4-a97d-d965ccfc6d4b" outcome="Passed" testListId="8c84fa94-04c1-424b-9868-57a2d4851a1d" relativeResultsDirectory="dde3b1f0-f0cd-45de-b744-2e562713fcc1" />
    <UnitTestResult executionId="36ad0011-25f2-4001-ab99-1d3fa04fd549" testId="7a34e42b-0c6e-0c5c-bb69-a1c7af76650e" testName="Tars.Tests.LlmServiceTests.Routes to Ollama for code hint" computerName="XPS-STEF" duration="00:00:00.0004385" startTime="2025-12-06T19:23:29.4441463-05:00" endTime="2025-12-06T19:23:29.4445213-05:00" testType="13cdc9d9-ddb5-4fa4-a97d-d965ccfc6d4b" outcome="Passed" testListId="8c84fa94-04c1-424b-9868-57a2d4851a1d" relativeResultsDirectory="36ad0011-25f2-4001-ab99-1d3fa04fd549" />
    <UnitTestResult executionId="a088c466-5b8e-4c04-8441-41dfcd973426" testId="c37ec67f-9ad6-6003-d267-25a8be9cb144" testName="Tars.Tests.TextNormalizerTests.normalize removes special chars and lowercases" computerName="XPS-STEF" duration="00:00:00.0026322" startTime="2025-12-06T19:23:29.2967753-05:00" endTime="2025-12-06T19:23:29.2975443-05:00" testType="13cdc9d9-ddb5-4fa4-a97d-d965ccfc6d4b" outcome="Passed" testListId="8c84fa94-04c1-424b-9868-57a2d4851a1d" relativeResultsDirectory="a088c466-5b8e-4c04-8441-41dfcd973426" />
    <UnitTestResult executionId="23b40238-011b-46bd-8987-7db63946d299" testId="26ef8fe5-5ed4-1c95-8150-d06fad36f447" testName="Tars.Tests.AgentWorkflowTests.Stabilize: No log with low inertia" computerName="XPS-STEF" duration="00:00:00.0035345" startTime="2025-12-06T19:23:29.3830547-05:00" endTime="2025-12-06T19:23:29.3864191-05:00" testType="13cdc9d9-ddb5-4fa4-a97d-d965ccfc6d4b" outcome="Passed" testListId="8c84fa94-04c1-424b-9868-57a2d4851a1d" relativeResultsDirectory="23b40238-011b-46bd-8987-7db63946d299" />
    <UnitTestResult executionId="3db5ce15-70f4-4f9d-b112-228858288462" testId="c54b7deb-6b36-5ccd-df37-84dd25a293b2" testName="Tars.Tests.GovernanceTests.BudgetGovernor tracks token usage" computerName="XPS-STEF" duration="00:00:00.0059857" startTime="2025-12-06T19:23:29.2924960-05:00" endTime="2025-12-06T19:23:29.2928998-05:00" testType="13cdc9d9-ddb5-4fa4-a97d-d965ccfc6d4b" outcome="Passed" testListId="8c84fa94-04c1-424b-9868-57a2d4851a1d" relativeResultsDirectory="3db5ce15-70f4-4f9d-b112-228858288462" />
    <UnitTestResult executionId="f75409c4-c728-472c-a8d8-1b46ab9f8fd3" testId="e3cb45cf-a640-a511-5753-c561369df6fe" testName="Tars.Tests.SemanticSerializationTests.Can deserialize JSON-LD to SemanticMessage" computerName="XPS-STEF" duration="00:00:00.0008359" startTime="2025-12-06T19:23:29.3031951-05:00" endTime="2025-12-06T19:23:29.3033343-05:00" testType="13cdc9d9-ddb5-4fa4-a97d-d965ccfc6d4b" outcome="Passed" testListId="8c84fa94-04c1-424b-9868-57a2d4851a1d" relativeResultsDirectory="f75409c4-c728-472c-a8d8-1b46ab9f8fd3" />
    <UnitTestResult executionId="5d30fd6a-6acf-4074-b9e3-aad99675dc32" testId="70a9cda1-2b2d-3b5d-fb69-0bfa3ee62431" testName="Tars.Tests.KTheoryTests.Budget: TryConsume fails when over budget" computerName="XPS-STEF" duration="00:00:00.0004961" startTime="2025-12-06T19:23:29.3371552-05:00" endTime="2025-12-06T19:23:29.3375654-05:00" testType="13cdc9d9-ddb5-4fa4-a97d-d965ccfc6d4b" outcome="Passed" testListId="8c84fa94-04c1-424b-9868-57a2d4851a1d" relativeResultsDirectory="5d30fd6a-6acf-4074-b9e3-aad99675dc32" />
    <UnitTestResult executionId="7f92169a-a6a6-47db-aa8f-3701e768fcf7" testId="e2c96cfb-5124-d1c4-1dfc-829171b5f40e" testName="Tars.Tests.SpeechActsTests.Agent processes Request performative by entering Thinking state" computerName="XPS-STEF" duration="00:00:00.0047724" startTime="2025-12-06T19:23:29.3177548-05:00" endTime="2025-12-06T19:23:29.3178878-05:00" testType="13cdc9d9-ddb5-4fa4-a97d-d965ccfc6d4b" outcome="Passed" testListId="8c84fa94-04c1-424b-9868-57a2d4851a1d" relativeResultsDirectory="7f92169a-a6a6-47db-aa8f-3701e768fcf7" />
    <UnitTestResult executionId="4a7f4792-3c11-4a51-8b87-fc7453f48825" testId="36cd5560-e3aa-cdda-cd8f-28711f2d655a" testName="Tars.Tests.VectorStoreTests.Similarity: Cosine similarity of opposite vectors is -1" computerName="XPS-STEF" duration="00:00:00.0003713" startTime="2025-12-06T19:23:29.4300029-05:00" endTime="2025-12-06T19:23:29.4301122-05:00" testType="13cdc9d9-ddb5-4fa4-a97d-d965ccfc6d4b" outcome="Passed" testListId="8c84fa94-04c1-424b-9868-57a2d4851a1d" relativeResultsDirectory="4a7f4792-3c11-4a51-8b87-fc7453f48825">
      <Output>
        <StdOut>Starting test: Cosine similarity of opposite vectors is -1&#xD;
Similarity: -0.99999994</StdOut>
      </Output>
    </UnitTestResult>
    <UnitTestResult executionId="ae4b9968-cdd3-44a9-bfa1-9c3f358cbb9b" testId="4b863590-cb0b-0aa8-82ea-6677f1b265f9" testName="Tars.Tests.AgentWorkflowTests.ForwardOnly: Logs forward-only enforcement" computerName="XPS-STEF" duration="00:00:00.0087389" startTime="2025-12-06T19:23:29.3191285-05:00" endTime="2025-12-06T19:23:29.3205321-05:00" testType="13cdc9d9-ddb5-4fa4-a97d-d965ccfc6d4b" outcome="Passed" testListId="8c84fa94-04c1-424b-9868-57a2d4851a1d" relativeResultsDirectory="ae4b9968-cdd3-44a9-bfa1-9c3f358cbb9b" />
    <UnitTestResult executionId="30b823df-4905-4070-a51e-aa0c56d402a6" testId="bf6fd8cb-3ddf-2c95-eecf-f16b5cd35859" testName="Tars.Tests.PersistenceTests.SqliteVectorStore can save and retrieve vectors" computerName="XPS-STEF" duration="00:00:00.1376072" startTime="2025-12-06T19:23:29.2974444-05:00" endTime="2025-12-06T19:23:29.3647364-05:00" testType="13cdc9d9-ddb5-4fa4-a97d-d965ccfc6d4b" outcome="Passed" testListId="8c84fa94-04c1-424b-9868-57a2d4851a1d" relativeResultsDirectory="30b823df-4905-4070-a51e-aa0c56d402a6" />
    <UnitTestResult executionId="c9fa6d23-ac8d-4123-af30-6905efb0e66b" testId="cb82efeb-b614-522a-176c-cadf02ae168a" testName="Tars.Tests.KernelTests.Receive message adds to memory" computerName="XPS-STEF" duration="00:00:00.1123663" startTime="2025-12-06T19:23:29.1725868-05:00" endTime="2025-12-06T19:23:29.3036677-05:00" testType="13cdc9d9-ddb5-4fa4-a97d-d965ccfc6d4b" outcome="Passed" testListId="8c84fa94-04c1-424b-9868-57a2d4851a1d" relativeResultsDirectory="c9fa6d23-ac8d-4123-af30-6905efb0e66b">
      <Output>
        <StdOut>Starting test: Receive message adds to memory&#xD;
Sending message 7e9fa51d-e32e-436f-9c09-e8b66fe50020 to agent AgentId 38e34cd3-ced2-47b1-a136-d80fae3eabb6&#xD;
Message received and stored in memory.</StdOut>
      </Output>
    </UnitTestResult>
    <UnitTestResult executionId="3c07533f-fcc0-4e70-8975-e53b90ee0b50" testId="4f12494b-fd53-db26-24d5-07f3ca385e55" testName="Tars.Tests.GraphTests.ResponseParser: Parses multi-tool call with inline JSON" computerName="XPS-STEF" duration="00:00:00.0013186" startTime="2025-12-06T19:23:29.2961504-05:00" endTime="2025-12-06T19:23:29.2962087-05:00" testType="13cdc9d9-ddb5-4fa4-a97d-d965ccfc6d4b" outcome="Passed" testListId="8c84fa94-04c1-424b-9868-57a2d4851a1d" relativeResultsDirectory="3c07533f-fcc0-4e70-8975-e53b90ee0b50">
      <Output>
        <StdOut>Starting test: Parses multi-tool call with inline JSON&#xD;
Correctly parsed 2 tool calls</StdOut>
      </Output>
    </UnitTestResult>
    <UnitTestResult executionId="d301bf81-a4e2-474a-b9bf-094151f9be25" testId="1416d016-1c91-f9b3-e938-7e0bc861e322" testName="Tars.Tests.AgentWorkflowTests.Agent workflow with no budget skips budget check" computerName="XPS-STEF" duration="00:00:00.0026633" startTime="2025-12-06T19:23:29.3802445-05:00" endTime="2025-12-06T19:23:29.3827914-05:00" testType="13cdc9d9-ddb5-4fa4-a97d-d965ccfc6d4b" outcome="Passed" testListId="8c84fa94-04c1-424b-9868-57a2d4851a1d" relativeResultsDirectory="d301bf81-a4e2-474a-b9bf-094151f9be25" />
    <UnitTestResult executionId="5130e484-ad73-4835-97aa-0fe62e2ffa93" testId="95ed8c82-5444-997a-9cda-b08d92209e81" testName="Tars.Tests.RouterTests.Can route message via Alias" computerName="XPS-STEF" duration="00:00:01.0732833" startTime="2025-12-06T19:23:29.1726584-05:00" endTime="2025-12-06T19:23:30.1999371-05:00" testType="13cdc9d9-ddb5-4fa4-a97d-d965ccfc6d4b" outcome="Passed" testListId="8c84fa94-04c1-424b-9868-57a2d4851a1d" relativeResultsDirectory="5130e484-ad73-4835-97aa-0fe62e2ffa93">
      <Output>
        <StdOut>Starting test: Can route message via Alias&#xD;
Routed 'Coder' to 251d3c23-c0ce-4665-9829-2ad47ab00ec6&#xD;
Routed 'Coder' to d98458c9-7b5a-4173-a240-3533de16c288&#xD;
Routing test passed.</StdOut>
      </Output>
    </UnitTestResult>
    <UnitTestResult executionId="42277f47-5dc8-4b48-9ed7-4b527f204d16" testId="262d7208-384d-ec07-72a9-eb8b39e98734" testName="Tars.Tests.AgentWorkflowTests.Transform: Maps success value" computerName="XPS-STEF" duration="00:00:00.0048393" startTime="2025-12-06T19:23:29.3252514-05:00" endTime="2025-12-06T19:23:29.3293322-05:00" testType="13cdc9d9-ddb5-4fa4-a97d-d965ccfc6d4b" outcome="Passed" testListId="8c84fa94-04c1-424b-9868-57a2d4851a1d" relativeResultsDirectory="42277f47-5dc8-4b48-9ed7-4b527f204d16" />
    <UnitTestResult executionId="d20940f7-415c-4c80-bfcf-1af0ee0671b7" testId="6d0eae5c-74f0-b468-501c-2cdbab2af918" testName="Tars.Tests.ExecutionTests.Execution builder handles mixed Success and PartialSuccess" computerName="XPS-STEF" duration="00:00:00.0044927" startTime="2025-12-06T19:23:29.3184405-05:00" endTime="2025-12-06T19:23:29.3196334-05:00" testType="13cdc9d9-ddb5-4fa4-a97d-d965ccfc6d4b" outcome="Passed" testListId="8c84fa94-04c1-424b-9868-57a2d4851a1d" relativeResultsDirectory="d20940f7-415c-4c80-bfcf-1af0ee0671b7" />
    <UnitTestResult executionId="8eefb54a-2d86-4c62-8295-2b310bcf9944" testId="a3a925cb-5133-ccd7-f618-5fa64382833a" testName="Tars.Tests.MetascriptTests.Query routing classifies queries correctly" computerName="XPS-STEF" duration="00:00:00.0029772" startTime="2025-12-06T19:23:29.4019424-05:00" endTime="2025-12-06T19:23:29.4047676-05:00" testType="13cdc9d9-ddb5-4fa4-a97d-d965ccfc6d4b" outcome="Passed" testListId="8c84fa94-04c1-424b-9868-57a2d4851a1d" relativeResultsDirectory="8eefb54a-2d86-4c62-8295-2b310bcf9944" />
    <UnitTestResult executionId="7fa6f3f2-2345-416c-a5c3-6f25e28cf7ca" testId="201e4081-a5fb-89bd-f0f7-d0481e72e908" testName="Tars.Tests.ExecutionTests.Execution builder propagates failure" computerName="XPS-STEF" duration="00:00:00.0036397" startTime="2025-12-06T19:23:29.3085466-05:00" endTime="2025-12-06T19:23:29.3166822-05:00" testType="13cdc9d9-ddb5-4fa4-a97d-d965ccfc6d4b" outcome="Passed" testListId="8c84fa94-04c1-424b-9868-57a2d4851a1d" relativeResultsDirectory="7fa6f3f2-2345-416c-a5c3-6f25e28cf7ca" />
    <UnitTestResult executionId="3f4ec99e-8ca9-44bf-ac0c-a85934f25321" testId="ea1788ad-d90a-7851-0f20-47bd94351234" testName="Tars.Tests.KnowledgeGraphTests.Can add nodes and edges" computerName="XPS-STEF" duration="00:00:00.0100543" startTime="2025-12-06T19:23:29.2926789-05:00" endTime="2025-12-06T19:23:29.2930024-05:00" testType="13cdc9d9-ddb5-4fa4-a97d-d965ccfc6d4b" outcome="Passed" testListId="8c84fa94-04c1-424b-9868-57a2d4851a1d" relativeResultsDirectory="3f4ec99e-8ca9-44bf-ac0c-a85934f25321" />
    <UnitTestResult executionId="b02eb1da-d4a1-46a4-a26f-7961415f9f1b" testId="c1f2a72d-c3b1-f8a1-7ab5-993db4b0ac9e" testName="Tars.Tests.VectorStoreTests.SqliteVectorStore: Search returns results ordered by similarity" computerName="XPS-STEF" duration="00:00:00.0300967" startTime="2025-12-06T19:23:29.5514038-05:00" endTime="2025-12-06T19:23:29.5815762-05:00" testType="13cdc9d9-ddb5-4fa4-a97d-d965ccfc6d4b" outcome="Passed" testListId="8c84fa94-04c1-424b-9868-57a2d4851a1d" relativeResultsDirectory="b02eb1da-d4a1-46a4-a26f-7961415f9f1b">
      <Output>
        <StdOut>Starting test: SqliteVectorStore ordering&#xD;
Order: identical, similar, different</StdOut>
      </Output>
    </UnitTestResult>
    <UnitTestResult executionId="f63cb5cb-e533-436f-9773-b7d0dc269d67" testId="1d219307-3a60-f2d7-7297-63b2135a9d0f" testName="Tars.Tests.KTheoryTests.K0: Cost Monoid Associativity" computerName="XPS-STEF" duration="00:00:00.0054342" startTime="2025-12-06T19:23:29.3670233-05:00" endTime="2025-12-06T19:23:29.3679220-05:00" testType="13cdc9d9-ddb5-4fa4-a97d-d965ccfc6d4b" outcome="Passed" testListId="8c84fa94-04c1-424b-9868-57a2d4851a1d" relativeResultsDirectory="f63cb5cb-e533-436f-9773-b7d0dc269d67" />
    <UnitTestResult executionId="bc77d8bc-ee9f-4616-9bb4-5ab04f8ff7a6" testId="4d132d24-3085-9694-029a-3292ad850d66" testName="Tars.Tests.KTheoryTests.Budget: TryConsume succeeds when under budget" computerName="XPS-STEF" duration="00:00:00.0002525" startTime="2025-12-06T19:23:29.3659406-05:00" endTime="2025-12-06T19:23:29.3659478-05:00" testType="13cdc9d9-ddb5-4fa4-a97d-d965ccfc6d4b" outcome="Passed" testListId="8c84fa94-04c1-424b-9868-57a2d4851a1d" relativeResultsDirectory="bc77d8bc-ee9f-4616-9bb4-5ab04f8ff7a6" />
    <UnitTestResult executionId="3e897792-cba8-46bd-b489-eca90b646b82" testId="0ba03c08-97de-04ea-23b0-4f234910d221" testName="Tars.Tests.AnnVectorStoreTests.AnnVectorStore returns nearest from same bucket" computerName="XPS-STEF" duration="00:00:00.0114445" startTime="2025-12-06T19:23:29.3254209-05:00" endTime="2025-12-06T19:23:29.3360076-05:00" testType="13cdc9d9-ddb5-4fa4-a97d-d965ccfc6d4b" outcome="Passed" testListId="8c84fa94-04c1-424b-9868-57a2d4851a1d" relativeResultsDirectory="3e897792-cba8-46bd-b489-eca90b646b82" />
    <UnitTestResult executionId="9676edca-9b69-4950-9e53-7f524eac1042" testId="5f3e9779-7d38-93ea-11c0-ff19b654273f" testName="Tars.Tests.KTheoryTests.Budget: Allocation fails when insufficient" computerName="XPS-STEF" duration="00:00:00.0006093" startTime="2025-12-06T19:23:29.3377035-05:00" endTime="2025-12-06T19:23:29.3381964-05:00" testType="13cdc9d9-ddb5-4fa4-a97d-d965ccfc6d4b" outcome="Passed" testListId="8c84fa94-04c1-424b-9868-57a2d4851a1d" relativeResultsDirectory="9676edca-9b69-4950-9e53-7f524eac1042" />
    <UnitTestResult executionId="f45ded95-7425-4947-9698-a50a56a4e772" testId="214c28a3-50ce-f9ce-4160-493938b84e06" testName="Tars.Tests.GraphTests.PromptBuilder: Builds system prompt with agent info" computerName="XPS-STEF" duration="00:00:00.0008989" startTime="2025-12-06T19:23:29.2987243-05:00" endTime="2025-12-06T19:23:29.2989804-05:00" testType="13cdc9d9-ddb5-4fa4-a97d-d965ccfc6d4b" outcome="Passed" testListId="8c84fa94-04c1-424b-9868-57a2d4851a1d" relativeResultsDirectory="f45ded95-7425-4947-9698-a50a56a4e772">
      <Output>
        <StdOut>Starting test: Builds system prompt with agent info&#xD;
Prompt built correctly with agent system prompt</StdOut>
      </Output>
    </UnitTestResult>
    <UnitTestResult executionId="30b9bd37-6515-432b-af28-a5eeb0978eb6" testId="d84d51f3-6983-3f2d-5681-7a5c28826d82" testName="Tars.Tests.TextNormalizerTests.extractKeywords performs full pipeline" computerName="XPS-STEF" duration="00:00:00.0047634" startTime="2025-12-06T19:23:29.2976496-05:00" endTime="2025-12-06T19:23:29.2980534-05:00" testType="13cdc9d9-ddb5-4fa4-a97d-d965ccfc6d4b" outcome="Passed" testListId="8c84fa94-04c1-424b-9868-57a2d4851a1d" relativeResultsDirectory="30b9bd37-6515-432b-af28-a5eeb0978eb6" />
    <UnitTestResult executionId="8c4e9efa-f0f3-4daa-80dd-b3e6bef26b15" testId="00529082-c6d0-053b-9d50-245600c4024c" testName="Tars.Tests.LlmServiceTests.vLLM Client sends correct request" computerName="XPS-STEF" duration="00:00:00.0261403" startTime="2025-12-06T19:23:29.4164438-05:00" endTime="2025-12-06T19:23:29.4421543-05:00" testType="13cdc9d9-ddb5-4fa4-a97d-d965ccfc6d4b" outcome="Passed" testListId="8c84fa94-04c1-424b-9868-57a2d4851a1d" relativeResultsDirectory="8c4e9efa-f0f3-4daa-80dd-b3e6bef26b15" />
    <UnitTestResult executionId="c7c63eba-72e6-40e3-91f8-fa9370786040" testId="f9fb4830-1132-c107-2cdd-598ff15a16a6" testName="Tars.Tests.KnowledgeGraphTests.Can retrieve temporal snapshot" computerName="XPS-STEF" duration="00:00:00.0537228" startTime="2025-12-06T19:23:29.1727137-05:00" endTime="2025-12-06T19:23:29.2925098-05:00" testType="13cdc9d9-ddb5-4fa4-a97d-d965ccfc6d4b" outcome="Passed" testListId="8c84fa94-04c1-424b-9868-57a2d4851a1d" relativeResultsDirectory="c7c63eba-72e6-40e3-91f8-fa9370786040" />
    <UnitTestResult executionId="03ed81a1-f0a8-4ea1-9426-33b8153b80fe" testId="95ae6120-ac26-f8af-a6f5-dd7f60af95ba" testName="Tars.Tests.LlmServiceTests.Ollama Client streaming collects all tokens" computerName="XPS-STEF" duration="00:00:00.0264089" startTime="2025-12-06T19:23:29.3750370-05:00" endTime="2025-12-06T19:23:29.4016960-05:00" testType="13cdc9d9-ddb5-4fa4-a97d-d965ccfc6d4b" outcome="Passed" testListId="8c84fa94-04c1-424b-9868-57a2d4851a1d" relativeResultsDirectory="03ed81a1-f0a8-4ea1-9426-33b8153b80fe">
      <Output>
        <StdOut>Streaming collected 3 tokens: Hello world!</StdOut>
      </Output>
    </UnitTestResult>
    <UnitTestResult executionId="e09de83e-bbc5-4941-a382-47f79c740fc5" testId="d7c42007-0286-0750-8436-ce31ab515d83" testName="Tars.Tests.VectorStoreTests.SqliteVectorStore: GetCount returns correct count" computerName="XPS-STEF" duration="00:00:00.0253857" startTime="2025-12-06T19:23:29.4643324-05:00" endTime="2025-12-06T19:23:29.4897254-05:00" testType="13cdc9d9-ddb5-4fa4-a97d-d965ccfc6d4b" outcome="Passed" testListId="8c84fa94-04c1-424b-9868-57a2d4851a1d" relativeResultsDirectory="e09de83e-bbc5-4941-a382-47f79c740fc5">
      <Output>
        <StdOut>Starting test: SqliteVectorStore count&#xD;
Count: before=0, after=2</StdOut>
      </Output>
    </UnitTestResult>
    <UnitTestResult executionId="009d217e-98ee-4ceb-8c75-2944b8a3694e" testId="b19aa804-715c-31ce-ebed-7a0e02e21e42" testName="Tars.Tests.TextNormalizerTests.tokenize splits words correctly" computerName="XPS-STEF" duration="00:00:00.0000872" startTime="2025-12-06T19:23:29.2988428-05:00" endTime="2025-12-06T19:23:29.2988501-05:00" testType="13cdc9d9-ddb5-4fa4-a97d-d965ccfc6d4b" outcome="Passed" testListId="8c84fa94-04c1-424b-9868-57a2d4851a1d" relativeResultsDirectory="009d217e-98ee-4ceb-8c75-2944b8a3694e" />
    <UnitTestResult executionId="4825a377-9563-4cfa-b0f0-e083e55fab4c" testId="a70ac5d9-6891-0519-6558-c7981610d284" testName="Tars.Tests.ChunkingTests.getParentContext: Returns adjacent chunks" computerName="XPS-STEF" duration="00:00:00.0035916" startTime="2025-12-06T19:23:29.3061105-05:00" endTime="2025-12-06T19:23:29.3070680-05:00" testType="13cdc9d9-ddb5-4fa4-a97d-d965ccfc6d4b" outcome="Passed" testListId="8c84fa94-04c1-424b-9868-57a2d4851a1d" relativeResultsDirectory="4825a377-9563-4cfa-b0f0-e083e55fab4c" />
    <UnitTestResult executionId="76a3cc0d-d0ed-48fa-a86f-16c8fb9279fe" testId="d866a6ab-bbf7-95e2-eb8c-79ed6cc0eec9" testName="Tars.Tests.VectorStoreTests.SqliteVectorStore: Can save and retrieve by search" computerName="XPS-STEF" duration="00:00:00.2041517" startTime="2025-12-06T19:23:29.2877622-05:00" endTime="2025-12-06T19:23:29.3670398-05:00" testType="13cdc9d9-ddb5-4fa4-a97d-d965ccfc6d4b" outcome="Passed" testListId="8c84fa94-04c1-424b-9868-57a2d4851a1d" relativeResultsDirectory="76a3cc0d-d0ed-48fa-a86f-16c8fb9279fe">
      <Output>
        <StdOut>Starting test: SqliteVectorStore save and retrieve&#xD;
Found: doc1 with distance 0</StdOut>
      </Output>
    </UnitTestResult>
    <UnitTestResult executionId="dc1d1a9f-94ce-47e9-a4b7-fa714da71cda" testId="e7847caa-aef9-2efe-ea69-4c85e7cfcaaf" testName="Tars.Tests.KTheoryTests.K1: Detects complex figure-8 cycle" computerName="XPS-STEF" duration="00:00:00.0002790" startTime="2025-12-06T19:23:29.3358995-05:00" endTime="2025-12-06T19:23:29.3360897-05:00" testType="13cdc9d9-ddb5-4fa4-a97d-d965ccfc6d4b" outcome="Passed" testListId="8c84fa94-04c1-424b-9868-57a2d4851a1d" relativeResultsDirectory="dc1d1a9f-94ce-47e9-a4b7-fa714da71cda" />
    <UnitTestResult executionId="cb54e1f6-57d0-4cc1-844d-7e3aad2eb374" testId="2cd2adae-c1bb-762f-c126-29ec710bf939" testName="Tars.Tests.ChunkingTests.FixedSize: Respects chunk size" computerName="XPS-STEF" duration="00:00:00.0006929" startTime="2025-12-06T19:23:29.3072838-05:00" endTime="2025-12-06T19:23:29.3073062-05:00" testType="13cdc9d9-ddb5-4fa4-a97d-d965ccfc6d4b" outcome="Passed" testListId="8c84fa94-04c1-424b-9868-57a2d4851a1d" relativeResultsDirectory="cb54e1f6-57d0-4cc1-844d-7e3aad2eb374" />
    <UnitTestResult executionId="b1ff13b2-5985-4ba8-8d48-d6f8f0a3f5e0" testId="3560819a-e4cb-5e8c-7a42-dee9bb62c22e" testName="Tars.Tests.VectorStoreTests.SqliteVectorStore: GetCollections returns all collection names" computerName="XPS-STEF" duration="00:00:00.0230679" startTime="2025-12-06T19:23:29.4909891-05:00" endTime="2025-12-06T19:23:29.5141218-05:00" testType="13cdc9d9-ddb5-4fa4-a97d-d965ccfc6d4b" outcome="Passed" testListId="8c84fa94-04c1-424b-9868-57a2d4851a1d" relativeResultsDirectory="b1ff13b2-5985-4ba8-8d48-d6f8f0a3f5e0">
      <Output>
        <StdOut>Starting test: SqliteVectorStore collections&#xD;
Collections: collection_a, collection_b</StdOut>
      </Output>
    </UnitTestResult>
    <UnitTestResult executionId="8cf38f6b-a304-4b65-84dc-d8cc68c6d4b5" testId="e8b4c008-014d-aa46-c2af-1cc998998f62" testName="Tars.Tests.VectorStoreTests.SqliteVectorStore: Can update existing document" computerName="XPS-STEF" duration="00:00:00.0287659" startTime="2025-12-06T19:23:29.4303232-05:00" endTime="2025-12-06T19:23:29.4590342-05:00" testType="13cdc9d9-ddb5-4fa4-a97d-d965ccfc6d4b" outcome="Passed" testListId="8c84fa94-04c1-424b-9868-57a2d4851a1d" relativeResultsDirectory="8cf38f6b-a304-4b65-84dc-d8cc68c6d4b5">
      <Output>
        <StdOut>Starting test: SqliteVectorStore update&#xD;
Document updated successfully</StdOut>
      </Output>
    </UnitTestResult>
    <UnitTestResult executionId="a90cfc6e-c439-4d51-a118-1a4fb287dd54" testId="b924726b-64fc-8263-955d-06e11469c9f3" testName="Tars.Tests.GraphTests.ResponseParser: Handles tool call with colons in input" computerName="XPS-STEF" duration="00:00:00.0001660" startTime="2025-12-06T19:23:29.2949295-05:00" endTime="2025-12-06T19:23:29.2950002-05:00" testType="13cdc9d9-ddb5-4fa4-a97d-d965ccfc6d4b" outcome="Passed" testListId="8c84fa94-04c1-424b-9868-57a2d4851a1d" relativeResultsDirectory="a90cfc6e-c439-4d51-a118-1a4fb287dd54">
      <Output>
        <StdOut>Starting test: Handles tool call with colons in input&#xD;
Correctly handled colons in input: query:with:colons</StdOut>
      </Output>
    </UnitTestResult>
    <UnitTestResult executionId="6a2658ce-c449-4e93-8eb2-d32f7e44631b" testId="3428b16b-371b-44a9-1a05-6bdad21ab4bd" testName="Tars.Tests.MetascriptTests.RagConfig has all new fields with sensible defaults" computerName="XPS-STEF" duration="00:00:00.0175792" startTime="2025-12-06T19:23:29.3194137-05:00" endTime="2025-12-06T19:23:29.3637098-05:00" testType="13cdc9d9-ddb5-4fa4-a97d-d965ccfc6d4b" outcome="Failed" testListId="8c84fa94-04c1-424b-9868-57a2d4851a1d" relativeResultsDirectory="6a2658ce-c449-4e93-8eb2-d32f7e44631b">
      <Output>
        <ErrorInfo>
          <Message>Assert.Equal() Failure: Values differ&#xD;
Expected: 500&#xD;
Actual:   2000</Message>
          <StackTrace>   at Tars.Tests.MetascriptTests.RagConfig has all new fields with sensible defaults() in C:\Users\spare\source\repos\tars\v2\tests\Tars.Tests\MetascriptTests.fs:line 455&#xD;
   at System.Reflection.MethodBaseInvoker.InterpretedInvoke_Method(Object obj, IntPtr* args)&#xD;
   at System.Reflection.MethodBaseInvoker.InvokeWithNoArgs(Object obj, BindingFlags invokeAttr)</StackTrace>
        </ErrorInfo>
      </Output>
    </UnitTestResult>
    <UnitTestResult executionId="b5d7797d-afe2-4c1e-a288-f65d7303ae0e" testId="d692e460-4ddd-7cad-3935-0e5a7495a723" testName="Tars.Tests.ExecutionTests.Execution builder ReturnFrom works" computerName="XPS-STEF" duration="00:00:00.0018136" startTime="2025-12-06T19:23:29.3197311-05:00" endTime="2025-12-06T19:23:29.3197546-05:00" testType="13cdc9d9-ddb5-4fa4-a97d-d965ccfc6d4b" outcome="Passed" testListId="8c84fa94-04c1-424b-9868-57a2d4851a1d" relativeResultsDirectory="b5d7797d-afe2-4c1e-a288-f65d7303ae0e" />
    <UnitTestResult executionId="a0d322d5-c38a-4f6f-aa42-12eec088e948" testId="0b74f9af-9629-102e-4db7-5f001fb5e352" testName="Tars.Tests.AgentWorkflowTests.ForwardOnly: Preserves failure" computerName="XPS-STEF" duration="00:00:00.0032751" startTime="2025-12-06T19:23:29.3672892-05:00" endTime="2025-12-06T19:23:29.3684531-05:00" testType="13cdc9d9-ddb5-4fa4-a97d-d965ccfc6d4b" outcome="Passed" testListId="8c84fa94-04c1-424b-9868-57a2d4851a1d" relativeResultsDirectory="a0d322d5-c38a-4f6f-aa42-12eec088e948" />
    <UnitTestResult executionId="d32ba76a-c848-4de1-9dfb-31400caf918d" testId="490b484c-6e6f-2694-d760-70017ef992c9" testName="Tars.Tests.VectorStoreTests.InMemoryVectorStore: GetCount returns correct count" computerName="XPS-STEF" duration="00:00:00.0009631" startTime="2025-12-06T19:23:29.4898544-05:00" endTime="2025-12-06T19:23:29.4906909-05:00" testType="13cdc9d9-ddb5-4fa4-a97d-d965ccfc6d4b" outcome="Passed" testListId="8c84fa94-04c1-424b-9868-57a2d4851a1d" relativeResultsDirectory="d32ba76a-c848-4de1-9dfb-31400caf918d">
      <Output>
        <StdOut>Starting test: GetCount returns correct count&#xD;
Count: before=0, after=2</StdOut>
      </Output>
    </UnitTestResult>
    <UnitTestResult executionId="f3bdae12-2873-4438-94c7-7eba0b87cad4" testId="aa24636e-8a39-8d73-d793-57b52a923232" testName="Tars.Tests.ChunkingTests.Metadata: Strategy field matches config" computerName="XPS-STEF" duration="00:00:00.0035774" startTime="2025-12-06T19:23:29.2980322-05:00" endTime="2025-12-06T19:23:29.3002874-05:00" testType="13cdc9d9-ddb5-4fa4-a97d-d965ccfc6d4b" outcome="Passed" testListId="8c84fa94-04c1-424b-9868-57a2d4851a1d" relativeResultsDirectory="f3bdae12-2873-4438-94c7-7eba0b87cad4" />
    <UnitTestResult executionId="5cd1cefe-9d97-4711-8cde-59eb14cc3384" testId="cad729c0-8e77-78a1-81ee-8f5d2d3c6c13" testName="Tars.Tests.EvolutionTests.TaskQueue supports multiple tasks" computerName="XPS-STEF" duration="00:00:00.0337441" startTime="2025-12-06T19:23:29.1726473-05:00" endTime="2025-12-06T19:23:29.2891330-05:00" testType="13cdc9d9-ddb5-4fa4-a97d-d965ccfc6d4b" outcome="Passed" testListId="8c84fa94-04c1-424b-9868-57a2d4851a1d" relativeResultsDirectory="5cd1cefe-9d97-4711-8cde-59eb14cc3384" />
    <UnitTestResult executionId="be528d48-e81d-475e-a43e-7fe654eefdc2" testId="5ec7b88a-e706-65d7-e85e-3c5e837f0fb0" testName="Tars.Tests.KTheoryTests.K1: No cycles in single node graph" computerName="XPS-STEF" duration="00:00:00.0030105" startTime="2025-12-06T19:23:29.3241749-05:00" endTime="2025-12-06T19:23:29.3268272-05:00" testType="13cdc9d9-ddb5-4fa4-a97d-d965ccfc6d4b" outcome="Passed" testListId="8c84fa94-04c1-424b-9868-57a2d4851a1d" relativeResultsDirectory="be528d48-e81d-475e-a43e-7fe654eefdc2" />
    <UnitTestResult executionId="8a1f490e-e6ab-40fc-904c-ca5a7bebe222" testId="33c3fe42-ed4e-4d13-44ed-50d7743d14d7" testName="Tars.Tests.CircuitTests.EventBus applies backpressure when full" computerName="XPS-STEF" duration="00:00:00.1873195" startTime="2025-12-06T19:23:29.3070516-05:00" endTime="2025-12-06T19:23:29.4461179-05:00" testType="13cdc9d9-ddb5-4fa4-a97d-d965ccfc6d4b" outcome="Passed" testListId="8c84fa94-04c1-424b-9868-57a2d4851a1d" relativeResultsDirectory="8a1f490e-e6ab-40fc-904c-ca5a7bebe222" />
    <UnitTestResult executionId="5c604723-6d90-453d-8ff1-b39b90214628" testId="a3142359-daec-e4f4-6381-cd47d8d77795" testName="Tars.Tests.ChunkingTests.Metadata: Indices are sequential" computerName="XPS-STEF" duration="00:00:00.0273462" startTime="2025-12-06T19:23:29.2947987-05:00" endTime="2025-12-06T19:23:29.2977410-05:00" testType="13cdc9d9-ddb5-4fa4-a97d-d965ccfc6d4b" outcome="Passed" testListId="8c84fa94-04c1-424b-9868-57a2d4851a1d" relativeResultsDirectory="5c604723-6d90-453d-8ff1-b39b90214628" />
    <UnitTestResult executionId="92338e33-0e7f-4b63-ab52-6f54a862f638" testId="bb5833a3-825b-4d37-e219-7cafac9b5375" testName="Tars.Tests.MetascriptTests.Validation rejects duplicate steps" computerName="XPS-STEF" duration="00:00:00.0003146" startTime="2025-12-06T19:23:29.4344138-05:00" endTime="2025-12-06T19:23:29.4346242-05:00" testType="13cdc9d9-ddb5-4fa4-a97d-d965ccfc6d4b" outcome="Passed" testListId="8c84fa94-04c1-424b-9868-57a2d4851a1d" relativeResultsDirectory="92338e33-0e7f-4b63-ab52-6f54a862f638" />
    <UnitTestResult executionId="b5805dc4-9117-4ed1-844e-587774380818" testId="a6b0cdd7-adb3-ff5c-58f4-5e0fe3b93b48" testName="Tars.Tests.SemanticSerializationTests.Can serialize SemanticMessage to JSON-LD" computerName="XPS-STEF" duration="00:00:00.1750070" startTime="2025-12-06T19:23:29.3034342-05:00" endTime="2025-12-06T19:23:29.4107239-05:00" testType="13cdc9d9-ddb5-4fa4-a97d-d965ccfc6d4b" outcome="Passed" testListId="8c84fa94-04c1-424b-9868-57a2d4851a1d" relativeResultsDirectory="b5805dc4-9117-4ed1-844e-587774380818" />
    <UnitTestResult executionId="94f41fbd-be6c-4835-a608-453e2142bd5c" testId="d2c91bdc-13df-7c07-4b86-f2c471c06015" testName="Tars.Tests.OutputGuardTests.analyzer can escalate risk and action" computerName="XPS-STEF" duration="00:00:00.0985296" startTime="2025-12-06T19:23:29.1726922-05:00" endTime="2025-12-06T19:23:29.2978283-05:00" testType="13cdc9d9-ddb5-4fa4-a97d-d965ccfc6d4b" outcome="Passed" testListId="8c84fa94-04c1-424b-9868-57a2d4851a1d" relativeResultsDirectory="94f41fbd-be6c-4835-a608-453e2142bd5c" />
    <UnitTestResult executionId="e068c365-698f-41dd-9b27-62ee77d5ac26" testId="d2ae0957-3fc5-ce7b-50d3-d3aaa1527bbf" testName="Tars.Tests.AgentWorkflowTests.Agent workflow binds correctly" computerName="XPS-STEF" duration="00:00:00.0053807" startTime="2025-12-06T19:23:29.3658402-05:00" endTime="2025-12-06T19:23:29.3671800-05:00" testType="13cdc9d9-ddb5-4fa4-a97d-d965ccfc6d4b" outcome="Passed" testListId="8c84fa94-04c1-424b-9868-57a2d4851a1d" relativeResultsDirectory="e068c365-698f-41dd-9b27-62ee77d5ac26" />
    <UnitTestResult executionId="9d6359c1-72a7-47d7-949b-2c477cb50646" testId="15fa9fb9-d20e-d5b3-4a06-d270e84ce25e" testName="Tars.Tests.GoldenRun.Golden Run: Demo Ping" computerName="XPS-STEF" duration="00:00:00.0010000" startTime="2025-12-06T19:23:29.1724428-05:00" endTime="2025-12-06T19:23:29.1751591-05:00" testType="13cdc9d9-ddb5-4fa4-a97d-d965ccfc6d4b" outcome="NotExecuted" testListId="8c84fa94-04c1-424b-9868-57a2d4851a1d" relativeResultsDirectory="9d6359c1-72a7-47d7-949b-2c477cb50646">
      <Output>
        <ErrorInfo>
          <Message>Demo ping build currently depends on missing SemanticKernelProvider in CLI; skip in CI.</Message>
        </ErrorInfo>
      </Output>
    </UnitTestResult>
    <UnitTestResult executionId="076bb131-3c92-4bac-ad8b-d932dbd15b09" testId="bdab0f3b-3885-7b65-7238-ac6e1ee69074" testName="Tars.Tests.ExecutionTests.Execution builder propagates success" computerName="XPS-STEF" duration="00:00:00.0015788" startTime="2025-12-06T19:23:29.3183335-05:00" endTime="2025-12-06T19:23:29.3183470-05:00" testType="13cdc9d9-ddb5-4fa4-a97d-d965ccfc6d4b" outcome="Passed" testListId="8c84fa94-04c1-424b-9868-57a2d4851a1d" relativeResultsDirectory="076bb131-3c92-4bac-ad8b-d932dbd15b09" />
    <UnitTestResult executionId="3382d482-d34e-40cc-8de4-277db93caecf" testId="05f19e86-d0eb-4075-35b1-6920acfbd8d5" testName="Tars.Tests.GraphRuntimeTests.handleActing returns PartialSuccess when tool execution fails" computerName="XPS-STEF" duration="00:00:00.0910814" startTime="2025-12-06T19:23:29.1724836-05:00" endTime="2025-12-06T19:23:29.3021675-05:00" testType="13cdc9d9-ddb5-4fa4-a97d-d965ccfc6d4b" outcome="Passed" testListId="8c84fa94-04c1-424b-9868-57a2d4851a1d" relativeResultsDirectory="3382d482-d34e-40cc-8de4-277db93caecf" />
    <UnitTestResult executionId="aa8af203-57b9-4719-9303-25364b053417" testId="b4cf4561-2806-c6b1-3cd4-9757ca16d500" testName="Tars.Tests.AgentWorkflowTests.Agent workflow checks budget" computerName="XPS-STEF" duration="00:00:00.0117754" startTime="2025-12-06T19:23:29.3646217-05:00" endTime="2025-12-06T19:23:29.3657384-05:00" testType="13cdc9d9-ddb5-4fa4-a97d-d965ccfc6d4b" outcome="Passed" testListId="8c84fa94-04c1-424b-9868-57a2d4851a1d" relativeResultsDirectory="aa8af203-57b9-4719-9303-25364b053417" />
    <UnitTestResult executionId="914e3383-b677-451f-a1be-30a94d870966" testId="0e50e154-a759-de23-ac62-29927e47c738" testName="Tars.Tests.McpTests.Client handshake sends initialize" computerName="XPS-STEF" duration="00:00:00.1059479" startTime="2025-12-06T19:23:29.3029021-05:00" endTime="2025-12-06T19:23:29.3404427-05:00" testType="13cdc9d9-ddb5-4fa4-a97d-d965ccfc6d4b" outcome="Passed" testListId="8c84fa94-04c1-424b-9868-57a2d4851a1d" relativeResultsDirectory="914e3383-b677-451f-a1be-30a94d870966" />
    <UnitTestResult executionId="6093c8a2-f521-4361-ae96-ecce506531e3" testId="976ed724-f096-7e5d-aac0-fe3de519f4aa" testName="Tars.Tests.KernelTests.Can create and register agent" computerName="XPS-STEF" duration="00:00:00.0036431" startTime="2025-12-06T19:23:29.3057399-05:00" endTime="2025-12-06T19:23:29.3062555-05:00" testType="13cdc9d9-ddb5-4fa4-a97d-d965ccfc6d4b" outcome="Passed" testListId="8c84fa94-04c1-424b-9868-57a2d4851a1d" relativeResultsDirectory="6093c8a2-f521-4361-ae96-ecce506531e3">
      <Output>
        <StdOut>Starting test: Can create and register agent&#xD;
Creating agent 'TestAgent' with ID 5a1ac2b0-76a8-4a10-a251-815d68df8499&#xD;
Registering agent...&#xD;
Agent registered successfully.</StdOut>
      </Output>
    </UnitTestResult>
    <UnitTestResult executionId="908df640-fe1f-4216-96f4-013dcd8643d0" testId="f569da7e-2819-ca72-abfb-ffb9093cd6c7" testName="Tars.Tests.ChunkingTests.Sentence: Preserves complete sentences" computerName="XPS-STEF" duration="00:00:00.0046263" startTime="2025-12-06T19:23:29.3045573-05:00" endTime="2025-12-06T19:23:29.3045796-05:00" testType="13cdc9d9-ddb5-4fa4-a97d-d965ccfc6d4b" outcome="Passed" testListId="8c84fa94-04c1-424b-9868-57a2d4851a1d" relativeResultsDirectory="908df640-fe1f-4216-96f4-013dcd8643d0" />
    <UnitTestResult executionId="ceaa93a1-e9e0-44b5-bed9-526bad1e0f4b" testId="c8a1e05f-0e12-50e7-15cd-02af7140eda9" testName="GrammarDistillationTests.Does not distill rule when insufficient patterns exist" computerName="XPS-STEF" duration="00:00:00.0016362" startTime="2025-12-06T19:23:29.2994613-05:00" endTime="2025-12-06T19:23:29.3004367-05:00" testType="13cdc9d9-ddb5-4fa4-a97d-d965ccfc6d4b" outcome="Passed" testListId="8c84fa94-04c1-424b-9868-57a2d4851a1d" relativeResultsDirectory="ceaa93a1-e9e0-44b5-bed9-526bad1e0f4b" />
    <UnitTestResult executionId="8c1a2f68-ed19-4176-91a9-58646ec2a2ec" testId="cab1e720-8fde-b3b4-9ced-c98ac7259bdf" testName="Tars.Tests.AgentWorkflowTests.Agent workflow returns success" computerName="XPS-STEF" duration="00:00:00.0020919" startTime="2025-12-06T19:23:29.3780418-05:00" endTime="2025-12-06T19:23:29.3800678-05:00" testType="13cdc9d9-ddb5-4fa4-a97d-d965ccfc6d4b" outcome="Passed" testListId="8c84fa94-04c1-424b-9868-57a2d4851a1d" relativeResultsDirectory="8c1a2f68-ed19-4176-91a9-58646ec2a2ec" />
    <UnitTestResult executionId="dbe72405-602c-4487-aa4f-d0e3e22f9cc8" testId="c9a2f43f-0706-8190-27eb-8dd6319e5767" testName="Tars.Tests.MetascriptTests.Time decay scoring reduces score for older documents" computerName="XPS-STEF" duration="00:00:00.0039679" startTime="2025-12-06T19:23:29.4303135-05:00" endTime="2025-12-06T19:23:29.4341935-05:00" testType="13cdc9d9-ddb5-4fa4-a97d-d965ccfc6d4b" outcome="Passed" testListId="8c84fa94-04c1-424b-9868-57a2d4851a1d" relativeResultsDirectory="dbe72405-602c-4487-aa4f-d0e3e22f9cc8" />
    <UnitTestResult executionId="02b9d06b-6118-489d-a026-14b5f24eacde" testId="e505859d-d1d4-bd79-b5ec-22096997155f" testName="Tars.Tests.ExecutionTests.Execution builder accumulates warnings" computerName="XPS-STEF" duration="00:00:00.0007548" startTime="2025-12-06T19:23:29.3181115-05:00" endTime="2025-12-06T19:23:29.3181260-05:00" testType="13cdc9d9-ddb5-4fa4-a97d-d965ccfc6d4b" outcome="Passed" testListId="8c84fa94-04c1-424b-9868-57a2d4851a1d" relativeResultsDirectory="02b9d06b-6118-489d-a026-14b5f24eacde" />
    <UnitTestResult executionId="e2642691-db6b-4660-a792-5d25016e5258" testId="a90897f8-806f-ef38-496b-84d2eff21826" testName="Tars.Tests.EpistemicGovernorTests.Verify returns false when LLM says REJECTED" computerName="XPS-STEF" duration="00:00:00.0062154" startTime="2025-12-06T19:23:29.3207917-05:00" endTime="2025-12-06T19:23:29.3208005-05:00" testType="13cdc9d9-ddb5-4fa4-a97d-d965ccfc6d4b" outcome="Passed" testListId="8c84fa94-04c1-424b-9868-57a2d4851a1d" relativeResultsDirectory="e2642691-db6b-4660-a792-5d25016e5258" />
    <UnitTestResult executionId="ffcf148b-37f3-467c-8e81-0719b94ec4d9" testId="86fc4e49-2ce1-87d9-0a7e-c3d2b1727a60" testName="Tars.Tests.TextNormalizerTests.removeStopWords filters common words" computerName="XPS-STEF" duration="00:00:00.0001588" startTime="2025-12-06T19:23:29.2986953-05:00" endTime="2025-12-06T19:23:29.2987496-05:00" testType="13cdc9d9-ddb5-4fa4-a97d-d965ccfc6d4b" outcome="Passed" testListId="8c84fa94-04c1-424b-9868-57a2d4851a1d" relativeResultsDirectory="ffcf148b-37f3-467c-8e81-0719b94ec4d9" />
    <UnitTestResult executionId="fdf27aa7-f300-458c-adc2-7cf8b08d0383" testId="71def149-7229-fd52-5c2a-8582e21c7d33" testName="Tars.Tests.GraphTests.ResponseParser: Trims whitespace from response" computerName="XPS-STEF" duration="00:00:00.0007178" startTime="2025-12-06T19:23:29.2992210-05:00" endTime="2025-12-06T19:23:29.2995047-05:00" testType="13cdc9d9-ddb5-4fa4-a97d-d965ccfc6d4b" outcome="Passed" testListId="8c84fa94-04c1-424b-9868-57a2d4851a1d" relativeResultsDirectory="fdf27aa7-f300-458c-adc2-7cf8b08d0383">
      <Output>
        <StdOut>Starting test: Trims whitespace from response&#xD;
Correctly trimmed whitespace and parsed tool call</StdOut>
      </Output>
    </UnitTestResult>
    <UnitTestResult executionId="327bf85d-9c07-4322-bdc4-b978a08ce7da" testId="c218ed09-0bda-a4da-142e-c25ab66ec195" testName="Tars.Tests.LpaTests.LPA handles single node" computerName="XPS-STEF" duration="00:00:00.0643122" startTime="2025-12-06T19:23:29.1726753-05:00" endTime="2025-12-06T19:23:29.2931082-05:00" testType="13cdc9d9-ddb5-4fa4-a97d-d965ccfc6d4b" outcome="Passed" testListId="8c84fa94-04c1-424b-9868-57a2d4851a1d" relativeResultsDirectory="327bf85d-9c07-4322-bdc4-b978a08ce7da" />
    <UnitTestResult executionId="37648820-0898-4646-902f-e5c165573052" testId="ef6a5c94-2339-73e5-5076-7d47fafd75dd" testName="Tars.Tests.GraphTests.ResponseParser: Case sensitive TOOL prefix" computerName="XPS-STEF" duration="00:00:00.0222786" startTime="2025-12-06T19:23:29.2472802-05:00" endTime="2025-12-06T19:23:29.2870313-05:00" testType="13cdc9d9-ddb5-4fa4-a97d-d965ccfc6d4b" outcome="Passed" testListId="8c84fa94-04c1-424b-9868-57a2d4851a1d" relativeResultsDirectory="37648820-0898-4646-902f-e5c165573052">
      <Output>
        <StdOut>Starting test: Case sensitive TOOL prefix&#xD;
Correctly treated lowercase 'tool' as text response</StdOut>
      </Output>
    </UnitTestResult>
    <UnitTestResult executionId="609212b2-29b7-4fe1-addf-acf57727e1a1" testId="13fbc8ce-8d6a-bd2a-1583-a4af3cb6ae41" testName="Tars.Tests.LpaTests.LPA detects communities in disjoint graph" computerName="XPS-STEF" duration="00:00:00.0272062" startTime="2025-12-06T19:23:29.2932286-05:00" endTime="2025-12-06T19:23:29.2966293-05:00" testType="13cdc9d9-ddb5-4fa4-a97d-d965ccfc6d4b" outcome="Passed" testListId="8c84fa94-04c1-424b-9868-57a2d4851a1d" relativeResultsDirectory="609212b2-29b7-4fe1-addf-acf57727e1a1" />
    <UnitTestResult executionId="16a1f813-5a48-4fe6-9e19-1c5109991b58" testId="ce419e82-a34d-c894-2b5a-6cb1370e5c66" testName="Tars.Tests.VectorStoreTests.InMemoryVectorStore: Checksum validation works" computerName="XPS-STEF" duration="00:00:00.0013258" startTime="2025-12-06T19:23:29.4065422-05:00" endTime="2025-12-06T19:23:29.4073245-05:00" testType="13cdc9d9-ddb5-4fa4-a97d-d965ccfc6d4b" outcome="Passed" testListId="8c84fa94-04c1-424b-9868-57a2d4851a1d" relativeResultsDirectory="16a1f813-5a48-4fe6-9e19-1c5109991b58">
      <Output>
        <StdOut>Starting test: Checksum validation works&#xD;
Checksum valid: True, missing doc valid: False</StdOut>
      </Output>
    </UnitTestResult>
    <UnitTestResult executionId="3e6a0c2e-049f-4e4b-b552-2fcef0dc7e44" testId="df275f9f-ba76-a719-c905-6824a9413cd9" testName="Tars.Tests.VectorStoreTests.InMemoryVectorStore: Delete removes document" computerName="XPS-STEF" duration="00:00:00.0023383" startTime="2025-12-06T19:23:29.4627959-05:00" endTime="2025-12-06T19:23:29.4642369-05:00" testType="13cdc9d9-ddb5-4fa4-a97d-d965ccfc6d4b" outcome="Passed" testListId="8c84fa94-04c1-424b-9868-57a2d4851a1d" relativeResultsDirectory="3e6a0c2e-049f-4e4b-b552-2fcef0dc7e44">
      <Output>
        <StdOut>Starting test: Delete removes document&#xD;
Deleted: True, count: before=1, after=0</StdOut>
      </Output>
    </UnitTestResult>
    <UnitTestResult executionId="d20e8300-f548-4068-9fb8-fb7abd8ba892" testId="5914f593-046d-91fe-d97d-dc55b0c3f5c8" testName="Tars.Tests.VectorStoreTests.InMemoryVectorStore: File persistence works" computerName="XPS-STEF" duration="00:00:00.0397842" startTime="2025-12-06T19:23:29.3671430-05:00" endTime="2025-12-06T19:23:29.4035823-05:00" testType="13cdc9d9-ddb5-4fa4-a97d-d965ccfc6d4b" outcome="Passed" testListId="8c84fa94-04c1-424b-9868-57a2d4851a1d" relativeResultsDirectory="d20e8300-f548-4068-9fb8-fb7abd8ba892">
      <Output>
        <StdOut>Starting test: File persistence works&#xD;
Successfully persisted and loaded data from C:\Users\spare\AppData\Local\Temp\vectorstore_test_d93522fe-7cb7-4d01-b5e4-9339f0f34815.json</StdOut>
      </Output>
    </UnitTestResult>
    <UnitTestResult executionId="6ebdda57-cb24-4d09-8e91-3a4ba113ad47" testId="a0ded091-0dc3-3106-419e-3cedb13e55ff" testName="Tars.Tests.KTheoryTests.K1: Handles duplicate edges" computerName="XPS-STEF" duration="00:00:00.0005280" startTime="2025-12-06T19:23:29.3647259-05:00" endTime="2025-12-06T19:23:29.3653922-05:00" testType="13cdc9d9-ddb5-4fa4-a97d-d965ccfc6d4b" outcome="Passed" testListId="8c84fa94-04c1-424b-9868-57a2d4851a1d" relativeResultsDirectory="6ebdda57-cb24-4d09-8e91-3a4ba113ad47" />
    <UnitTestResult executionId="b8c7c3a8-0ed7-425e-8da4-39b9ef2d1c40" testId="7019c6cd-ec1d-eff6-184c-2c2b3a304ff0" testName="Tars.Tests.VectorStoreTests.SqliteVectorStore: Search on empty collection returns empty list" computerName="XPS-STEF" duration="00:00:00.0199911" startTime="2025-12-06T19:23:29.4096626-05:00" endTime="2025-12-06T19:23:29.4297260-05:00" testType="13cdc9d9-ddb5-4fa4-a97d-d965ccfc6d4b" outcome="Passed" testListId="8c84fa94-04c1-424b-9868-57a2d4851a1d" relativeResultsDirectory="b8c7c3a8-0ed7-425e-8da4-39b9ef2d1c40">
      <Output>
        <StdOut>Starting test: SqliteVectorStore empty collection&#xD;
Correctly returned empty list</StdOut>
      </Output>
    </UnitTestResult>
    <UnitTestResult executionId="f69fd2fd-bb8e-4e9c-83c7-7740ab80b43e" testId="1f9eae99-b50a-313f-e795-583a7e06e3d3" testName="Tars.Tests.EventBusTests.EventBus routes message via Intent when Receiver is None" computerName="XPS-STEF" duration="00:00:00.1312493" startTime="2025-12-06T19:23:29.1725323-05:00" endTime="2025-12-06T19:23:29.3063982-05:00" testType="13cdc9d9-ddb5-4fa4-a97d-d965ccfc6d4b" outcome="Passed" testListId="8c84fa94-04c1-424b-9868-57a2d4851a1d" relativeResultsDirectory="f69fd2fd-bb8e-4e9c-83c7-7740ab80b43e" />
    <UnitTestResult executionId="b5c8a0c9-70d1-4eb2-b5ac-2590637cfcb5" testId="c74f6723-2932-b264-d3e6-487b17e220bf" testName="GrammarDistillationTests.Distills multiple rules for different categories" computerName="XPS-STEF" duration="00:00:00.0024763" startTime="2025-12-06T19:23:29.3009867-05:00" endTime="2025-12-06T19:23:29.3022381-05:00" testType="13cdc9d9-ddb5-4fa4-a97d-d965ccfc6d4b" outcome="Passed" testListId="8c84fa94-04c1-424b-9868-57a2d4851a1d" relativeResultsDirectory="b5c8a0c9-70d1-4eb2-b5ac-2590637cfcb5" />
    <UnitTestResult executionId="1ae78949-4bbf-409c-a377-30b09a14551d" testId="489952d8-2812-639e-fbcb-8cbfbfb321db" testName="Tars.Tests.VectorStoreTests.Similarity: Cosine similarity of identical vectors is 1" computerName="XPS-STEF" duration="00:00:00.0330303" startTime="2025-12-06T19:23:29.1726071-05:00" endTime="2025-12-06T19:23:29.2876573-05:00" testType="13cdc9d9-ddb5-4fa4-a97d-d965ccfc6d4b" outcome="Passed" testListId="8c84fa94-04c1-424b-9868-57a2d4851a1d" relativeResultsDirectory="1ae78949-4bbf-409c-a377-30b09a14551d">
      <Output>
        <StdOut>Starting test: Cosine similarity of identical vectors is 1&#xD;
Similarity: 0.99999994</StdOut>
      </Output>
    </UnitTestResult>
    <UnitTestResult executionId="52ad3675-4c86-4772-ba5b-5b1e5fe74a47" testId="7dec5ca4-1561-28cd-21f7-8d21139fd6d3" testName="Tars.Tests.AgentWorkflowTests.Circuit combinators can be composed" computerName="XPS-STEF" duration="00:00:00.0903106" startTime="2025-12-06T19:23:29.1700833-05:00" endTime="2025-12-06T19:23:29.2964508-05:00" testType="13cdc9d9-ddb5-4fa4-a97d-d965ccfc6d4b" outcome="Passed" testListId="8c84fa94-04c1-424b-9868-57a2d4851a1d" relativeResultsDirectory="52ad3675-4c86-4772-ba5b-5b1e5fe74a47" />
    <UnitTestResult executionId="51b313f1-651f-4798-9f7d-6c3b829975ab" testId="384a1338-2e37-7f43-2dc5-55e3068d9dce" testName="Tars.Tests.KTheoryTests.K1: No cycles in empty graph" computerName="XPS-STEF" duration="00:00:00.0028134" startTime="2025-12-06T19:23:29.3383033-05:00" endTime="2025-12-06T19:23:29.3412805-05:00" testType="13cdc9d9-ddb5-4fa4-a97d-d965ccfc6d4b" outcome="Passed" testListId="8c84fa94-04c1-424b-9868-57a2d4851a1d" relativeResultsDirectory="51b313f1-651f-4798-9f7d-6c3b829975ab" />
    <UnitTestResult executionId="6bc98033-dbca-4395-989f-ff92f49f0304" testId="dfc6e9a1-9934-86aa-87c6-d0bac9d82ad9" testName="Tars.Tests.GraphTests.ResponseParser: Parses JSON block tool call" computerName="XPS-STEF" duration="00:00:00.0002028" startTime="2025-12-06T19:23:29.2951183-05:00" endTime="2025-12-06T19:23:29.2952828-05:00" testType="13cdc9d9-ddb5-4fa4-a97d-d965ccfc6d4b" outcome="Passed" testListId="8c84fa94-04c1-424b-9868-57a2d4851a1d" relativeResultsDirectory="6bc98033-dbca-4395-989f-ff92f49f0304">
      <Output>
        <StdOut>Starting test: Parses JSON block tool call&#xD;
Correctly parsed JSON block tool call: Calculator</StdOut>
      </Output>
    </UnitTestResult>
    <UnitTestResult executionId="04efd977-dd18-4517-98dd-256b1c63ec63" testId="6d492b4b-5490-1c4f-9de9-bae11abd9daf" testName="Tars.Tests.VectorStoreTests.InMemoryVectorStore: Clear removes all data" computerName="XPS-STEF" duration="00:00:00.0015027" startTime="2025-12-06T19:23:29.5142565-05:00" endTime="2025-12-06T19:23:29.5156419-05:00" testType="13cdc9d9-ddb5-4fa4-a97d-d965ccfc6d4b" outcome="Passed" testListId="8c84fa94-04c1-424b-9868-57a2d4851a1d" relativeResultsDirectory="04efd977-dd18-4517-98dd-256b1c63ec63">
      <Output>
        <StdOut>Starting test: Clear removes all data&#xD;
Collections: before=2, after=0</StdOut>
      </Output>
    </UnitTestResult>
    <UnitTestResult executionId="fba5ba47-0192-4261-87c9-3109939af2ac" testId="cbd1cc9b-efd5-9a81-f91f-dd241cf07311" testName="Tars.Tests.VectorStoreTests.Similarity: Cosine similarity of orthogonal vectors is 0" computerName="XPS-STEF" duration="00:00:00.0002568" startTime="2025-12-06T19:23:29.5507723-05:00" endTime="2025-12-06T19:23:29.5508342-05:00" testType="13cdc9d9-ddb5-4fa4-a97d-d965ccfc6d4b" outcome="Passed" testListId="8c84fa94-04c1-424b-9868-57a2d4851a1d" relativeResultsDirectory="fba5ba47-0192-4261-87c9-3109939af2ac">
      <Output>
        <StdOut>Starting test: Cosine similarity of orthogonal vectors is 0&#xD;
Similarity: 0</StdOut>
      </Output>
    </UnitTestResult>
    <UnitTestResult executionId="00b61077-f624-4a8e-ae3c-165c2b1c9060" testId="d6f15588-1f65-77e7-5e62-112ec0f4f8f4" testName="Tars.Tests.VectorStoreTests.InMemoryVectorStore: Search on empty collection returns empty list" computerName="XPS-STEF" duration="00:00:00.0007324" startTime="2025-12-06T19:23:29.4074127-05:00" endTime="2025-12-06T19:23:29.4081680-05:00" testType="13cdc9d9-ddb5-4fa4-a97d-d965ccfc6d4b" outcome="Passed" testListId="8c84fa94-04c1-424b-9868-57a2d4851a1d" relativeResultsDirectory="00b61077-f624-4a8e-ae3c-165c2b1c9060">
      <Output>
        <StdOut>Starting test: Search on empty collection returns empty list&#xD;
Correctly returned empty list for empty collection</StdOut>
      </Output>
    </UnitTestResult>
    <UnitTestResult executionId="709bb109-4968-48e7-942f-ede3c8ace4c2" testId="cdcd329b-87a5-3fce-fb45-1e43f98ce907" testName="Tars.Tests.GrammarTests.Can parse simple goal with one task" computerName="XPS-STEF" duration="00:00:00.0688067" startTime="2025-12-06T19:23:29.1725077-05:00" endTime="2025-12-06T19:23:29.2932858-05:00" testType="13cdc9d9-ddb5-4fa4-a97d-d965ccfc6d4b" outcome="Passed" testListId="8c84fa94-04c1-424b-9868-57a2d4851a1d" relativeResultsDirectory="709bb109-4968-48e7-942f-ede3c8ace4c2">
      <Output>
        <StdOut>Starting test: Can parse simple goal with one task&#xD;
Input grammar:&#xD;
&#xD;
goal "MyGoal" {&#xD;
    task "Task1"&#xD;
}&#xD;
&#xD;
Parsed 1 goals.&#xD;
Verified goal name and task.</StdOut>
      </Output>
    </UnitTestResult>
    <UnitTestResult executionId="44fef4b1-1550-451b-a885-58f848d16d36" testId="c9bf6590-b9a1-dedb-5959-5685c8fe6b2c" testName="Tars.Tests.EpistemicGovernorTests.SuggestCurriculum returns trimmed response" computerName="XPS-STEF" duration="00:00:00.0189077" startTime="2025-12-06T19:23:29.3063763-05:00" endTime="2025-12-06T19:23:29.3177731-05:00" testType="13cdc9d9-ddb5-4fa4-a97d-d965ccfc6d4b" outcome="Passed" testListId="8c84fa94-04c1-424b-9868-57a2d4851a1d" relativeResultsDirectory="44fef4b1-1550-451b-a885-58f848d16d36" />
    <UnitTestResult executionId="57e5c1d7-5cb1-449d-9177-4a8da090256d" testId="5a4e2e27-e021-1459-5cb6-a17fc9fd558a" testName="Tars.Tests.OutputGuardTests.default guard flags missing required fields" computerName="XPS-STEF" duration="00:00:00.0031956" startTime="2025-12-06T19:23:29.3021534-05:00" endTime="2025-12-06T19:23:29.3029499-05:00" testType="13cdc9d9-ddb5-4fa4-a97d-d965ccfc6d4b" outcome="Passed" testListId="8c84fa94-04c1-424b-9868-57a2d4851a1d" relativeResultsDirectory="57e5c1d7-5cb1-449d-9177-4a8da090256d" />
    <UnitTestResult executionId="6d92791a-e7a3-40f6-b6db-cd3f70941f80" testId="98ca93f7-5f0b-07cf-3082-539b4d57c1d4" testName="GrammarDistillationTests.Generates CE from grammar rule" computerName="XPS-STEF" duration="00:00:00.0001366" startTime="2025-12-06T19:23:29.2993487-05:00" endTime="2025-12-06T19:23:29.2993676-05:00" testType="13cdc9d9-ddb5-4fa4-a97d-d965ccfc6d4b" outcome="Passed" testListId="8c84fa94-04c1-424b-9868-57a2d4851a1d" relativeResultsDirectory="6d92791a-e7a3-40f6-b6db-cd3f70941f80" />
    <UnitTestResult executionId="fb84de70-bfcc-45c1-8966-8fb72f2a02c1" testId="31543406-f9ec-d528-ca94-97f188e9780e" testName="Tars.Tests.MetascriptTests.Hybrid search combines semantic and keyword scores" computerName="XPS-STEF" duration="00:00:00.0023614" startTime="2025-12-06T19:23:29.4048721-05:00" endTime="2025-12-06T19:23:29.4071863-05:00" testType="13cdc9d9-ddb5-4fa4-a97d-d965ccfc6d4b" outcome="Passed" testListId="8c84fa94-04c1-424b-9868-57a2d4851a1d" relativeResultsDirectory="fb84de70-bfcc-45c1-8966-8fb72f2a02c1" />
    <UnitTestResult executionId="74634adf-3c9c-492c-b604-3a4042506ad5" testId="a98262f0-eadb-d17a-f6f4-d1e1823813b1" testName="Tars.Tests.OutputGuardLlmTests.Factory createFromEnv returns analyzer" computerName="XPS-STEF" duration="00:00:00.0068570" startTime="2025-12-06T19:23:29.3077277-05:00" endTime="2025-12-06T19:23:29.3169464-05:00" testType="13cdc9d9-ddb5-4fa4-a97d-d965ccfc6d4b" outcome="Passed" testListId="8c84fa94-04c1-424b-9868-57a2d4851a1d" relativeResultsDirectory="74634adf-3c9c-492c-b604-3a4042506ad5" />
    <UnitTestResult executionId="27942cc5-2b6c-4de4-a9cf-d9f49bc19930" testId="71a43d5d-41b5-a6ec-95b5-e13e0073b4b5" testName="Tars.Tests.KTheoryTests.K1: Detects disjoint cycles" computerName="XPS-STEF" duration="00:00:00.0036243" startTime="2025-12-06T19:23:29.3210289-05:00" endTime="2025-12-06T19:23:29.3237968-05:00" testType="13cdc9d9-ddb5-4fa4-a97d-d965ccfc6d4b" outcome="Passed" testListId="8c84fa94-04c1-424b-9868-57a2d4851a1d" relativeResultsDirectory="27942cc5-2b6c-4de4-a9cf-d9f49bc19930" />
    <UnitTestResult executionId="85585565-0c85-4e52-a26b-f2d28d587bd8" testId="05f46f4d-8d76-dc71-a082-1d53acc32ef7" testName="Tars.Tests.AgentWorkflowTests.Agent workflow succeed helper works" computerName="XPS-STEF" duration="00:00:00.0018265" startTime="2025-12-06T19:23:29.3717649-05:00" endTime="2025-12-06T19:23:29.3728781-05:00" testType="13cdc9d9-ddb5-4fa4-a97d-d965ccfc6d4b" outcome="Passed" testListId="8c84fa94-04c1-424b-9868-57a2d4851a1d" relativeResultsDirectory="85585565-0c85-4e52-a26b-f2d28d587bd8" />
    <UnitTestResult executionId="25bbc337-65c7-401d-80a0-b41536ef3ae7" testId="397a336e-22be-eedf-e7d7-fc5ac64bf694" testName="Tars.Tests.GraphTests.ResponseParser: Parses text response correctly" computerName="XPS-STEF" duration="00:00:00.0004861" startTime="2025-12-06T19:23:29.2990708-05:00" endTime="2025-12-06T19:23:29.2991295-05:00" testType="13cdc9d9-ddb5-4fa4-a97d-d965ccfc6d4b" outcome="Passed" testListId="8c84fa94-04c1-424b-9868-57a2d4851a1d" relativeResultsDirectory="25bbc337-65c7-401d-80a0-b41536ef3ae7">
      <Output>
        <StdOut>Starting test: Parses text response correctly&#xD;
Correctly parsed text response: Hello, how can I help you today?</StdOut>
      </Output>
    </UnitTestResult>
    <UnitTestResult executionId="dc2c132d-2dc4-4e26-8231-d7beb042cd39" testId="c9f39679-b2b1-a9c6-32e9-c32be5a6b586" testName="Tars.Tests.SecurityTests.FilesystemPolicy: Blocks path traversal attack" computerName="XPS-STEF" duration="00:00:00.0001419" startTime="2025-12-06T19:23:29.2887016-05:00" endTime="2025-12-06T19:23:29.2887811-05:00" testType="13cdc9d9-ddb5-4fa4-a97d-d965ccfc6d4b" outcome="Passed" testListId="8c84fa94-04c1-424b-9868-57a2d4851a1d" relativeResultsDirectory="dc2c132d-2dc4-4e26-8231-d7beb042cd39">
      <Output>
        <StdOut>Starting test: Blocks path traversal attack&#xD;
Correctly blocked path traversal: Access denied: Path '../../../etc/passwd' is outside the allowed directory 'C:\Users\spare\AppData\Local\Temp\sandbox'.</StdOut>
      </Output>
    </UnitTestResult>
    <UnitTestResult executionId="f6937a11-421c-4fa4-ac69-db328a09cffa" testId="b766de93-bc32-1cdb-7a56-b6b37d2c8092" testName="Tars.Tests.VectorStoreTests.InMemoryVectorStore: GetCollections returns all collection names" computerName="XPS-STEF" duration="00:00:00.0014489" startTime="2025-12-06T19:23:29.4083124-05:00" endTime="2025-12-06T19:23:29.4095779-05:00" testType="13cdc9d9-ddb5-4fa4-a97d-d965ccfc6d4b" outcome="Passed" testListId="8c84fa94-04c1-424b-9868-57a2d4851a1d" relativeResultsDirectory="f6937a11-421c-4fa4-ac69-db328a09cffa">
      <Output>
        <StdOut>Starting test: GetCollections returns all collection names&#xD;
Collections: collection_a_getcoll, collection_b_getcoll</StdOut>
      </Output>
    </UnitTestResult>
    <UnitTestResult executionId="e9378b6f-5870-4aa9-ac81-531e81e7fbd3" testId="ede7fac6-d0a0-7bb6-07d4-ea398cdb9237" testName="Tars.Tests.MetascriptTests.Decision step resolves boolean condition" computerName="XPS-STEF" duration="00:00:00.0406455" startTime="2025-12-06T19:23:29.3020394-05:00" endTime="2025-12-06T19:23:29.3086745-05:00" testType="13cdc9d9-ddb5-4fa4-a97d-d965ccfc6d4b" outcome="Passed" testListId="8c84fa94-04c1-424b-9868-57a2d4851a1d" relativeResultsDirectory="e9378b6f-5870-4aa9-ac81-531e81e7fbd3" />
    <UnitTestResult executionId="34605571-12ac-4425-a951-febf5620641a" testId="a2e55d99-fc52-68f6-52f2-4ad98958c1a4" testName="GrammarDistillationTests.Generates DU from grammar rule" computerName="XPS-STEF" duration="00:00:00.0001431" startTime="2025-12-06T19:23:29.3005239-05:00" endTime="2025-12-06T19:23:29.3005439-05:00" testType="13cdc9d9-ddb5-4fa4-a97d-d965ccfc6d4b" outcome="Passed" testListId="8c84fa94-04c1-424b-9868-57a2d4851a1d" relativeResultsDirectory="34605571-12ac-4425-a951-febf5620641a" />
    <UnitTestResult executionId="0820fa43-080b-4034-a272-79829e8e1b34" testId="71a6f700-ec4e-22a9-5a3f-af5aa8c6836d" testName="Tars.Tests.AgentWorkflowTests.Transform: Passes through failure" computerName="XPS-STEF" duration="00:00:00.0049791" startTime="2025-12-06T19:23:29.3730084-05:00" endTime="2025-12-06T19:23:29.3779104-05:00" testType="13cdc9d9-ddb5-4fa4-a97d-d965ccfc6d4b" outcome="Passed" testListId="8c84fa94-04c1-424b-9868-57a2d4851a1d" relativeResultsDirectory="0820fa43-080b-4034-a272-79829e8e1b34" />
    <UnitTestResult executionId="c9db7cfd-7304-4771-9ba5-9af650bc4291" testId="74ae040b-9765-b2cd-c7bc-83c6f849c1bb" testName="Tars.Tests.ChunkingTests.FixedSize: Filters out small chunks" computerName="XPS-STEF" duration="00:00:00.0001519" startTime="2025-12-06T19:23:29.3071720-05:00" endTime="2025-12-06T19:23:29.3071874-05:00" testType="13cdc9d9-ddb5-4fa4-a97d-d965ccfc6d4b" outcome="Passed" testListId="8c84fa94-04c1-424b-9868-57a2d4851a1d" relativeResultsDirectory="c9db7cfd-7304-4771-9ba5-9af650bc4291" />
    <UnitTestResult executionId="b46d36f0-a07e-4884-84fc-77be1f5644df" testId="0b5740b7-fa06-1965-cd3a-23e5bf8c9546" testName="Tars.Tests.KTheoryTests.K1: Detects simple 2-cycle" computerName="XPS-STEF" duration="00:00:00.0004455" startTime="2025-12-06T19:23:29.3370119-05:00" endTime="2025-12-06T19:23:29.3370349-05:00" testType="13cdc9d9-ddb5-4fa4-a97d-d965ccfc6d4b" outcome="Passed" testListId="8c84fa94-04c1-424b-9868-57a2d4851a1d" relativeResultsDirectory="b46d36f0-a07e-4884-84fc-77be1f5644df" />
    <UnitTestResult executionId="c9984ba5-8742-4709-9aaa-6f4eb3af672d" testId="97c859f0-6bb2-d3d2-485c-468d89af96da" testName="Tars.Tests.VectorStoreTests.Similarity: Distance conversion works correctly" computerName="XPS-STEF" duration="00:00:00.0002837" startTime="2025-12-06T19:23:29.4037101-05:00" endTime="2025-12-06T19:23:29.4039246-05:00" testType="13cdc9d9-ddb5-4fa4-a97d-d965ccfc6d4b" outcome="Passed" testListId="8c84fa94-04c1-424b-9868-57a2d4851a1d" relativeResultsDirectory="c9984ba5-8742-4709-9aaa-6f4eb3af672d">
      <Output>
        <StdOut>Starting test: Distance conversion works correctly&#xD;
Distances: identical=0, orthogonal=1, opposite=2</StdOut>
      </Output>
    </UnitTestResult>
    <UnitTestResult executionId="723b1380-05c2-4798-b596-eec45661cfd2" testId="9d4eb619-9934-5f92-42c1-8e5f6db50299" testName="Tars.Tests.ChunkingTests.Recursive: Falls back to fixed size for long words" computerName="XPS-STEF" duration="00:00:00.0080232" startTime="2025-12-06T19:23:29.3033239-05:00" endTime="2025-12-06T19:23:29.3043416-05:00" testType="13cdc9d9-ddb5-4fa4-a97d-d965ccfc6d4b" outcome="Passed" testListId="8c84fa94-04c1-424b-9868-57a2d4851a1d" relativeResultsDirectory="723b1380-05c2-4798-b596-eec45661cfd2" />
    <UnitTestResult executionId="fd82e0f1-39c2-4bad-8b2b-1a7bb9fcc1b1" testId="d69c6b33-6b93-ef5c-c787-b4d300217dac" testName="Tars.Tests.VectorStoreTests.Similarity: Returns 0 for different length vectors" computerName="XPS-STEF" duration="00:00:00.0001874" startTime="2025-12-06T19:23:29.4907841-05:00" endTime="2025-12-06T19:23:29.4909267-05:00" testType="13cdc9d9-ddb5-4fa4-a97d-d965ccfc6d4b" outcome="Passed" testListId="8c84fa94-04c1-424b-9868-57a2d4851a1d" relativeResultsDirectory="fd82e0f1-39c2-4bad-8b2b-1a7bb9fcc1b1">
      <Output>
        <StdOut>Starting test: Returns 0 for different length vectors&#xD;
Similarity: 0</StdOut>
      </Output>
    </UnitTestResult>
    <UnitTestResult executionId="4f3de560-6f75-42e3-a88f-4c99b888690e" testId="4fa7e388-dfcb-03e5-71c5-1b7e4f0b1212" testName="Tars.Tests.SecurityTests.CredentialVault: Can register and retrieve secret" computerName="XPS-STEF" duration="00:00:00.0014891" startTime="2025-12-06T19:23:29.2890843-05:00" endTime="2025-12-06T19:23:29.2892951-05:00" testType="13cdc9d9-ddb5-4fa4-a97d-d965ccfc6d4b" outcome="Passed" testListId="8c84fa94-04c1-424b-9868-57a2d4851a1d" relativeResultsDirectory="4f3de560-6f75-42e3-a88f-4c99b888690e">
      <Output>
        <StdOut>Starting test: Can register and retrieve secret&#xD;
Successfully retrieved secret for key: TEST_SECRET_a9a7ff4a-5db5-4712-b887-96346b0697ba</StdOut>
      </Output>
    </UnitTestResult>
    <UnitTestResult executionId="8365a4f4-c9a9-4a0b-b42d-c2f32457ef84" testId="717127c9-8cb4-b6d2-4cb8-612f3263f3bf" testName="Tars.Tests.AnnVectorStoreTests.AnnVectorStore falls back when bucket empty" computerName="XPS-STEF" duration="00:00:00.0565767" startTime="2025-12-06T19:23:29.3083610-05:00" endTime="2025-12-06T19:23:29.3252812-05:00" testType="13cdc9d9-ddb5-4fa4-a97d-d965ccfc6d4b" outcome="Passed" testListId="8c84fa94-04c1-424b-9868-57a2d4851a1d" relativeResultsDirectory="8365a4f4-c9a9-4a0b-b42d-c2f32457ef84" />
    <UnitTestResult executionId="9983c5b2-cb8b-4d8c-908b-861cbd251f94" testId="3b3d4e01-e8f3-8191-320a-96bf292728ff" testName="Tars.Tests.PatternRecognitionTests.DetectAnomalies finds isolated nodes" computerName="XPS-STEF" duration="00:00:00.0592300" startTime="2025-12-06T19:23:29.1725549-05:00" endTime="2025-12-06T19:23:29.2927130-05:00" testType="13cdc9d9-ddb5-4fa4-a97d-d965ccfc6d4b" outcome="Passed" testListId="8c84fa94-04c1-424b-9868-57a2d4851a1d" relativeResultsDirectory="9983c5b2-cb8b-4d8c-908b-861cbd251f94" />
    <UnitTestResult executionId="b787c7d6-277e-4acd-ac5c-4a0656af6f5a" testId="f758dd14-de19-49f5-05cf-ff07b10d198f" testName="Tars.Tests.SecurityTests.CredentialVault: Can update existing secret" computerName="XPS-STEF" duration="00:00:00.0002378" startTime="2025-12-06T19:23:29.2889124-05:00" endTime="2025-12-06T19:23:29.2889665-05:00" testType="13cdc9d9-ddb5-4fa4-a97d-d965ccfc6d4b" outcome="Passed" testListId="8c84fa94-04c1-424b-9868-57a2d4851a1d" relativeResultsDirectory="b787c7d6-277e-4acd-ac5c-4a0656af6f5a">
      <Output>
        <StdOut>Starting test: Can update existing secret&#xD;
Successfully updated and retrieved secret</StdOut>
      </Output>
    </UnitTestResult>
    <UnitTestResult executionId="42e7babd-4dd3-43b8-846d-1f2ae7e00b24" testId="2022c311-165b-4081-e6f0-26f6012a816a" testName="Tars.Tests.OutputGuardLlmTests.LlmOutputGuardAnalyzer returns None on bad JSON and falls back" computerName="XPS-STEF" duration="00:00:00.0339649" startTime="2025-12-06T19:23:29.2964355-05:00" endTime="2025-12-06T19:23:29.3046992-05:00" testType="13cdc9d9-ddb5-4fa4-a97d-d965ccfc6d4b" outcome="Passed" testListId="8c84fa94-04c1-424b-9868-57a2d4851a1d" relativeResultsDirectory="42e7babd-4dd3-43b8-846d-1f2ae7e00b24" />
    <UnitTestResult executionId="0a2a37e8-7d8e-48a0-8c72-c5591d523ccf" testId="77c9bc21-7bf5-e34e-3ae8-db027d50a005" testName="Tars.Tests.AdaptiveReflectionTests.Reflection loop continues when Epistemic Governor rejects" computerName="XPS-STEF" duration="00:00:00.0979203" startTime="2025-12-06T19:23:29.3019562-05:00" endTime="2025-12-06T19:23:29.3295787-05:00" testType="13cdc9d9-ddb5-4fa4-a97d-d965ccfc6d4b" outcome="Passed" testListId="8c84fa94-04c1-424b-9868-57a2d4851a1d" relativeResultsDirectory="0a2a37e8-7d8e-48a0-8c72-c5591d523ccf" />
[...]
    <TestEntry testId="0b5740b7-fa06-1965-cd3a-23e5bf8c9546" executionId="b46d36f0-a07e-4884-84fc-77be1f5644df" testListId="8c84fa94-04c1-424b-9868-57a2d4851a1d" />
    <TestEntry testId="97c859f0-6bb2-d3d2-485c-468d89af96da" executionId="c9984ba5-8742-4709-9aaa-6f4eb3af672d" testListId="8c84fa94-04c1-424b-9868-57a2d4851a1d" />
    <TestEntry testId="9d4eb619-9934-5f92-42c1-8e5f6db50299" executionId="723b1380-05c2-4798-b596-eec45661cfd2" testListId="8c84fa94-04c1-424b-9868-57a2d4851a1d" />
    <TestEntry testId="d69c6b33-6b93-ef5c-c787-b4d300217dac" executionId="fd82e0f1-39c2-4bad-8b2b-1a7bb9fcc1b1" testListId="8c84fa94-04c1-424b-9868-57a2d4851a1d" />
    <TestEntry testId="4fa7e388-dfcb-03e5-71c5-1b7e4f0b1212" executionId="4f3de560-6f75-42e3-a88f-4c99b888690e" testListId="8c84fa94-04c1-424b-9868-57a2d4851a1d" />
    <TestEntry testId="717127c9-8cb4-b6d2-4cb8-612f3263f3bf" executionId="8365a4f4-c9a9-4a0b-b42d-c2f32457ef84" testListId="8c84fa94-04c1-424b-9868-57a2d4851a1d" />
    <TestEntry testId="3b3d4e01-e8f3-8191-320a-96bf292728ff" executionId="9983c5b2-cb8b-4d8c-908b-861cbd251f94" testListId="8c84fa94-04c1-424b-9868-57a2d4851a1d" />
    <TestEntry testId="f758dd14-de19-49f5-05cf-ff07b10d198f" executionId="b787c7d6-277e-4acd-ac5c-4a0656af6f5a" testListId="8c84fa94-04c1-424b-9868-57a2d4851a1d" />
    <TestEntry testId="2022c311-165b-4081-e6f0-26f6012a816a" executionId="42e7babd-4dd3-43b8-846d-1f2ae7e00b24" testListId="8c84fa94-04c1-424b-9868-57a2d4851a1d" />
    <TestEntry testId="77c9bc21-7bf5-e34e-3ae8-db027d50a005" executionId="0a2a37e8-7d8e-48a0-8c72-c5591d523ccf" testListId="8c84fa94-04c1-424b-9868-57a2d4851a1d" />
    <TestEntry testId="351acbc4-1276-1c8a-f7ad-8ead5cfd9590" executionId="cd3866f5-4c67-4924-90d6-e647375380bb" testListId="8c84fa94-04c1-424b-9868-57a2d4851a1d" />
    <TestEntry testId="f68b1f2a-f74a-e90f-010f-d4f84a0cca68" executionId="7f3c8794-70a8-4a7d-ab00-ba5d6c0df86c" testListId="8c84fa94-04c1-424b-9868-57a2d4851a1d" />
    <TestEntry testId="acefed03-c519-0d82-7b33-a6b933719c2b" executionId="4f56ca8c-9914-489b-b995-1bda07be863f" testListId="8c84fa94-04c1-424b-9868-57a2d4851a1d" />
    <TestEntry testId="c03e95f7-01b8-56f6-b3a8-cf8d824ac2e3" executionId="fc8a25de-7f35-4c2d-beaa-47e270ca1d05" testListId="8c84fa94-04c1-424b-9868-57a2d4851a1d" />
    <TestEntry testId="f33e9dee-6611-2cea-d2c4-f528fc876a64" executionId="d377c4c9-de00-4acc-b9d9-a93d8ea8a357" testListId="8c84fa94-04c1-424b-9868-57a2d4851a1d" />
    <TestEntry testId="d833986f-e34b-9b35-c32a-f4208f43db97" executionId="a3fe98a9-016e-4979-a49b-b991e9f6b292" testListId="8c84fa94-04c1-424b-9868-57a2d4851a1d" />
    <TestEntry testId="d6322e77-fbce-faac-8454-5d1457d55801" executionId="596971e5-b233-42ab-bbb0-10933dee0ffe" testListId="8c84fa94-04c1-424b-9868-57a2d4851a1d" />
    <TestEntry testId="c999cc71-08dc-d8dd-9e9c-7ee3d412b981" executionId="06f2c43d-3164-4277-8aba-070de1b6e9c0" testListId="8c84fa94-04c1-424b-9868-57a2d4851a1d" />
    <TestEntry testId="05b34b12-d6dd-874f-d540-cc4a4fc4ac4f" executionId="71171551-1616-4fc6-83a0-8a3722509c12" testListId="8c84fa94-04c1-424b-9868-57a2d4851a1d" />
    <TestEntry testId="9056c465-c9a9-8193-19cd-8a8936434b90" executionId="2d8d354e-628d-49a0-ac1e-d13adfad2983" testListId="8c84fa94-04c1-424b-9868-57a2d4851a1d" />
    <TestEntry testId="80dee50b-0563-6d1a-17dd-d0cd42ef598d" executionId="8e1d2df6-aa15-459a-8b9b-0bfe738bbc81" testListId="8c84fa94-04c1-424b-9868-57a2d4851a1d" />
    <TestEntry testId="eda69040-00e9-876c-0f55-01ffbc1a2898" executionId="b3c9d6f4-7937-4fe0-913e-61db3ed3121f" testListId="8c84fa94-04c1-424b-9868-57a2d4851a1d" />
    <TestEntry testId="a1967412-542f-f1e0-221d-e854c5aa3ad5" executionId="2c8e6cfb-942e-48a6-8b23-2c3704ae004b" testListId="8c84fa94-04c1-424b-9868-57a2d4851a1d" />
    <TestEntry testId="8f6eacef-e309-1b79-0540-6a8cdace31ad" executionId="d8c1b41e-b775-4d13-8a21-5fa69fbc6b0c" testListId="8c84fa94-04c1-424b-9868-57a2d4851a1d" />
    <TestEntry testId="05d9e615-b7f8-4e53-7c27-586ca6d08832" executionId="5ee82c20-1a3a-4071-ad45-7d6e88b07393" testListId="8c84fa94-04c1-424b-9868-57a2d4851a1d" />
    <TestEntry testId="b8702dcb-c7af-63df-337b-5c536088a964" executionId="2d110fb0-ca16-43fd-b9d3-0d1db2e25bb9" testListId="8c84fa94-04c1-424b-9868-57a2d4851a1d" />
    <TestEntry testId="043efa9f-5b26-c867-a703-5f003cf1759c" executionId="752076fc-0f8b-4992-b685-3a3a9b5403be" testListId="8c84fa94-04c1-424b-9868-57a2d4851a1d" />
    <TestEntry testId="3a669df1-af9d-ba21-dac1-dea9e8c7ab6d" executionId="821e4466-26dc-4c68-8dfd-a86f28549820" testListId="8c84fa94-04c1-424b-9868-57a2d4851a1d" />
    <TestEntry testId="3499d796-2bf4-b863-e7a4-d9277b95f6bd" executionId="00f2c0cd-e3a0-4ecc-844f-6e75283a1a0a" testListId="8c84fa94-04c1-424b-9868-57a2d4851a1d" />
    <TestEntry testId="37ba0807-022b-6850-2043-a217c6c9896a" executionId="20a0496b-5fb1-4d73-8f10-a4f15cec3de2" testListId="8c84fa94-04c1-424b-9868-57a2d4851a1d" />
    <TestEntry testId="c5bb4c8d-d587-5e44-a735-3313b24db17f" executionId="0b6074b4-fbb8-45c5-8229-02644c597ada" testListId="8c84fa94-04c1-424b-9868-57a2d4851a1d" />
    <TestEntry testId="a96fb975-d1fb-7be6-a79d-532b58bc2aa2" executionId="fb751f52-0cc4-4ef8-b27a-849444c7652a" testListId="8c84fa94-04c1-424b-9868-57a2d4851a1d" />
    <TestEntry testId="b9772d46-7369-4b60-5d41-5901d9ee2bd2" executionId="fb8ea430-a21d-4128-9d0b-e580e9abbd91" testListId="8c84fa94-04c1-424b-9868-57a2d4851a1d" />
    <TestEntry testId="5e1f54d2-27f3-2791-32cd-42c76913d51e" executionId="5577f50e-0133-4aba-abe1-db9fd0ed2982" testListId="8c84fa94-04c1-424b-9868-57a2d4851a1d" />
    <TestEntry testId="d07f8753-216a-cc43-39c9-8e82dfe54fae" executionId="d16fd7e4-2cd1-4752-9dd3-d352dd604615" testListId="8c84fa94-04c1-424b-9868-57a2d4851a1d" />
    <TestEntry testId="89f00d99-5264-d5ad-0819-49f0c27effb1" executionId="480fcec7-945c-4c11-b5e5-60d8aee50b3a" testListId="8c84fa94-04c1-424b-9868-57a2d4851a1d" />
    <TestEntry testId="dbd6dfed-16b7-186f-cf55-6bd01ebae5ee" executionId="2a3f5822-e1ce-40ff-891b-f6952b0395c4" testListId="8c84fa94-04c1-424b-9868-57a2d4851a1d" />
    <TestEntry testId="3a4920b9-4e4c-3678-5e7e-d3d4e5fdc9e1" executionId="cb4b8327-6282-49cd-b3c9-7bb743dfd2fa" testListId="8c84fa94-04c1-424b-9868-57a2d4851a1d" />
    <TestEntry testId="dd8d0d6b-b1af-dc5e-b69b-86cf9dfbe2cc" executionId="4c3e95ba-0a17-4a71-ab9e-ccf3eac80b87" testListId="8c84fa94-04c1-424b-9868-57a2d4851a1d" />
    <TestEntry testId="c2867e66-64c1-e599-9f16-5e3da3c511f2" executionId="480ad154-1599-4fba-a3ae-7ba60105fe08" testListId="8c84fa94-04c1-424b-9868-57a2d4851a1d" />
    <TestEntry testId="abdcb32e-12d2-6776-4db2-226ab44a260a" executionId="52efbcca-62be-4c7d-b7de-52970c68f8c2" testListId="8c84fa94-04c1-424b-9868-57a2d4851a1d" />
    <TestEntry testId="c7854410-b41e-6ef1-d780-0f0040ef97d8" executionId="0b75b01e-a561-4671-8fca-c22a035781ad" testListId="8c84fa94-04c1-424b-9868-57a2d4851a1d" />
    <TestEntry testId="ffc1466f-03e9-0dce-1792-2a551da95fc5" executionId="0217bd32-123e-48d8-8674-e707ffb33bc6" testListId="8c84fa94-04c1-424b-9868-57a2d4851a1d" />
    <TestEntry testId="9dc23fe7-ee3b-3db3-4fc6-d6367ba40c1e" executionId="490bb5a7-c699-493a-891f-84e2e969811a" testListId="8c84fa94-04c1-424b-9868-57a2d4851a1d" />
    <TestEntry testId="4d8efe5a-8a80-57ba-5ded-74b13280edda" executionId="9717f83e-5b45-48e2-9b5f-f18c8dbe4c6e" testListId="8c84fa94-04c1-424b-9868-57a2d4851a1d" />
    <TestEntry testId="75c5b846-8d02-5461-b216-7088fed684fa" executionId="1c2544aa-fcf6-46bc-8fcb-c3c552d37640" testListId="8c84fa94-04c1-424b-9868-57a2d4851a1d" />
    <TestEntry testId="f6991c8e-9b1e-a309-9754-41f19b825fc1" executionId="2adacf3f-6eec-448b-af28-0f6b52b6d421" testListId="8c84fa94-04c1-424b-9868-57a2d4851a1d" />
    <TestEntry testId="ce6ab97f-1809-efcb-f47a-1a52815b2f29" executionId="eea50f56-2c38-4cbd-b758-cfb316e9c014" testListId="8c84fa94-04c1-424b-9868-57a2d4851a1d" />
    <TestEntry testId="e89d5097-6e88-b215-6949-2260029ce3f5" executionId="70d62416-f122-442f-8934-029d4389df89" testListId="8c84fa94-04c1-424b-9868-57a2d4851a1d" />
    <TestEntry testId="e170c0e3-fcc1-012d-3f99-c34505c6fb31" executionId="d743698f-e00d-4a93-9eaa-eb4721859aef" testListId="8c84fa94-04c1-424b-9868-57a2d4851a1d" />
    <TestEntry testId="7c00ad16-0bfd-2135-4c36-b788212959d9" executionId="0131e5c3-f107-4c79-a24e-09be280f689d" testListId="8c84fa94-04c1-424b-9868-57a2d4851a1d" />
    <TestEntry testId="585be320-b618-fde0-7ff2-0fa2c7e5e479" executionId="7a044deb-c433-47fa-828c-4939bf511dd5" testListId="8c84fa94-04c1-424b-9868-57a2d4851a1d" />
    <TestEntry testId="89b78644-e083-d323-6f59-000a0f05f7f9" executionId="625ddebc-d745-4f5d-ba47-148f22ad6a72" testListId="8c84fa94-04c1-424b-9868-57a2d4851a1d" />
    <TestEntry testId="413eda43-2575-af7a-2f9e-ff7699f8657b" executionId="5c43df88-67b5-48cb-93c1-edbe1493de32" testListId="8c84fa94-04c1-424b-9868-57a2d4851a1d" />
    <TestEntry testId="01203b90-afe8-d6b3-b5d6-0bae5880e51a" executionId="ea38c749-202c-4599-8cb9-6681cfd360bc" testListId="8c84fa94-04c1-424b-9868-57a2d4851a1d" />
    <TestEntry testId="b9d64aee-b0d2-f266-429d-53a5530cbba8" executionId="0fb6e40a-b40a-4059-9367-d765f5a45b28" testListId="8c84fa94-04c1-424b-9868-57a2d4851a1d" />
    <TestEntry testId="8fb87fb4-c4b8-6d7b-7abb-3c6a2217e7dd" executionId="2087aff7-443f-43ca-ad20-63983d9e8c92" testListId="8c84fa94-04c1-424b-9868-57a2d4851a1d" />
    <TestEntry testId="a65582ac-e608-2d29-b1b9-d4c1cccafee3" executionId="6243b1d0-2a7f-4c16-9b52-e15b882db3a6" testListId="8c84fa94-04c1-424b-9868-57a2d4851a1d" />
    <TestEntry testId="dc911937-d080-ad1e-311f-2fe924cf1a51" executionId="ab6f3170-9fe7-4c20-8b94-37e3e76630cd" testListId="8c84fa94-04c1-424b-9868-57a2d4851a1d" />
    <TestEntry testId="3d43a53c-d2c2-2127-faac-66c566c466b7" executionId="2064345b-12e4-4fda-8575-bf6e6aa325d9" testListId="8c84fa94-04c1-424b-9868-57a2d4851a1d" />
    <TestEntry testId="5d94c653-6e23-da69-241f-a59a2487ea5d" executionId="7c8f1c2a-e9ab-46b9-8ee8-b278d6f284a6" testListId="8c84fa94-04c1-424b-9868-57a2d4851a1d" />
    <TestEntry testId="50e84a3d-0349-62d0-f054-ebf9443a6405" executionId="d1147d46-eaa3-44ca-b370-de7a5580173d" testListId="8c84fa94-04c1-424b-9868-57a2d4851a1d" />
    <TestEntry testId="405765e6-0c7a-b937-1f5b-6f1da0d6b931" executionId="25124df9-a864-423e-9f17-0ef21483efa7" testListId="8c84fa94-04c1-424b-9868-57a2d4851a1d" />
    <TestEntry testId="1a10bf7f-e94a-2d05-da33-04b07c2a6651" executionId="9e4c88c6-9b64-4995-b801-54828466d8bd" testListId="8c84fa94-04c1-424b-9868-57a2d4851a1d" />
    <TestEntry testId="dab3205c-94c6-9363-2150-a4b0c92a0336" executionId="31c58e2e-5494-47ec-956e-6c46fee978ce" testListId="8c84fa94-04c1-424b-9868-57a2d4851a1d" />
    <TestEntry testId="dd5793c0-9d58-7f15-9825-9476a698b6b7" executionId="cd4666b3-8fd1-41ac-8ed2-11b18b958c94" testListId="8c84fa94-04c1-424b-9868-57a2d4851a1d" />
    <TestEntry testId="8e2b7b28-315d-a2a5-c77c-3d0ef8ebb3a8" executionId="7fadc9e7-60be-40d5-9f6c-412c62b8da5f" testListId="8c84fa94-04c1-424b-9868-57a2d4851a1d" />
    <TestEntry testId="3958ed68-329c-8b23-21f7-c485ae2ea761" executionId="02a3863b-3c39-4d10-8f12-a0bb1c4fe5ef" testListId="8c84fa94-04c1-424b-9868-57a2d4851a1d" />
    <TestEntry testId="5ef4801d-3a30-060f-dbaf-231c940ac500" executionId="719ecb87-4fd3-46c3-b39d-2981a6f9f37b" testListId="8c84fa94-04c1-424b-9868-57a2d4851a1d" />
    <TestEntry testId="fc98f45c-2c5d-5e1b-0c43-3bd676bb05ae" executionId="6ffb314f-0bf8-48ac-89fc-599d6b6e61b6" testListId="8c84fa94-04c1-424b-9868-57a2d4851a1d" />
    <TestEntry testId="73d1e17d-66f7-ca1e-2b84-33656d9b9e21" executionId="9af698c4-bc32-47b7-a233-f2cdb9a8f62b" testListId="8c84fa94-04c1-424b-9868-57a2d4851a1d" />
    <TestEntry testId="835b043a-5f51-afa6-6184-fd91c019cea0" executionId="9ab6357b-5986-4696-b0bf-ed0d38913491" testListId="8c84fa94-04c1-424b-9868-57a2d4851a1d" />
    <TestEntry testId="d84d502f-248e-6ca6-b193-54bc0f3145f9" executionId="8716e688-7929-4111-b291-8da7ec9a3739" testListId="8c84fa94-04c1-424b-9868-57a2d4851a1d" />
    <TestEntry testId="bfdf812d-65e9-0648-4f24-7d9f6ab03719" executionId="813cd351-5157-4456-a911-eff59864866d" testListId="8c84fa94-04c1-424b-9868-57a2d4851a1d" />
    <TestEntry testId="ae5e95db-0ec8-89a7-997e-fbeb38552202" executionId="4a4211c3-e30a-4db9-ac7d-620f5401749b" testListId="8c84fa94-04c1-424b-9868-57a2d4851a1d" />
    <TestEntry testId="83ad98af-02c2-2aaf-d57d-b5ac5cf7924f" executionId="594ba207-95a1-4e04-85a6-65746111f879" testListId="8c84fa94-04c1-424b-9868-57a2d4851a1d" />
    <TestEntry testId="d44801e4-d709-bd28-a7df-b02a057f31bd" executionId="977232ae-4f83-49d3-8376-b69ccf6c7bd3" testListId="8c84fa94-04c1-424b-9868-57a2d4851a1d" />
    <TestEntry testId="6800f90a-e2a0-c72c-198c-c8ad9f79abc7" executionId="23c1ab2e-63f6-44e7-be64-4e5b9439ca9d" testListId="8c84fa94-04c1-424b-9868-57a2d4851a1d" />
    <TestEntry testId="3896ffa3-6cf9-053c-fc78-8decee067258" executionId="a910c558-4e57-442a-a8bf-cf7810cc2464" testListId="8c84fa94-04c1-424b-9868-57a2d4851a1d" />
    <TestEntry testId="8b21ec40-7af3-b73c-a4aa-76a84ab80193" executionId="c1820797-6e94-4464-bcc2-f22216b4b6cf" testListId="8c84fa94-04c1-424b-9868-57a2d4851a1d" />
    <TestEntry testId="08a8956e-45a6-1d4b-87da-6545069fb150" executionId="95bcbc61-f015-45cb-99e7-63f30c4a50f5" testListId="8c84fa94-04c1-424b-9868-57a2d4851a1d" />
    <TestEntry testId="3605bd32-90b8-4a35-a91b-614836d39380" executionId="fde23d9e-f35b-46d0-832c-822fb49ebd29" testListId="8c84fa94-04c1-424b-9868-57a2d4851a1d" />
  </TestEntries>
  <TestLists>
    <TestList name="Results Not in a List" id="8c84fa94-04c1-424b-9868-57a2d4851a1d" />
    <TestList name="All Loaded Results" id="19431567-8539-422a-85d7-44ee4e166bda" />
  </TestLists>
  <ResultSummary outcome="Failed">
    <Counters total="208" executed="207" passed="205" failed="2" error="0" timeout="0" aborted="0" inconclusive="0" passedButRunAborted="0" notRunnable="0" notExecuted="0" disconnected="0" warning="0" completed="0" inProgress="0" pending="0" />
    <Output>
      <StdOut>[xUnit.net 00:00:00.00] xUnit.net VSTest Adapter v3.1.4+50e68bbb8b (64-bit .NET 10.0.0)&#xD;
[xUnit.net 00:00:00.07]   Discovering: Tars.Tests&#xD;
[xUnit.net 00:00:00.11]   Discovered:  Tars.Tests&#xD;
[xUnit.net 00:00:00.13]   Starting:    Tars.Tests&#xD;
[xUnit.net 00:00:00.21]       Demo ping build currently depends on missing SemanticKernelProvider in CLI; skip in CI.&#xD;
\u001b[1m\u001b[35m��������������������������������������������������������������ͻ\u001b[0m&#xD;
\u001b[1m\u001b[35m�\u001b[0m \u001b[1m?? NEW TASK\u001b[0m&#xD;
\u001b[35m��������������������������������������������������������������Ķ\u001b[0m&#xD;
\u001b[35m�\u001b[0m Goal: Test Task&#xD;
\u001b[35m��������������������������������������������������������������ͼ\u001b[0m&#xD;
Test 'Tars.Tests.GoldenRun.Golden Run: Demo Ping' was skipped in the test run.&#xD;
\u001b[33m?? REFLECTION [۰�] 1/3\u001b[0m&#xD;
   \u001b[2mFeedback: Fix this bug\u001b[0m&#xD;
\u001b[33m?? REFLECTION [�۰] 2/3\u001b[0m&#xD;
   \u001b[2mFeedback: Fix this bug\u001b[0m&#xD;
\u001b[33m?? REFLECTION [���] 3/3\u001b[0m&#xD;
   \u001b[2mFeedback: Fix this bug\u001b[0m&#xD;
Epistemic extraction failed: The method or operation is not implemented.&#xD;
Failed to save to memory: Object reference not set to an instance of an object.&#xD;
\u001b[1m\u001b[32m��������������������������������������������������������������������������������ͻ\u001b[0m&#xD;
\u001b[1m\u001b[32m�\u001b[0m ? \u001b[1mTask SUCCESS\u001b[0m \u001b[2m(completed in 40.0s)\u001b[0m&#xD;
\u001b[32m��������������������������������������������������������������������������������Ķ\u001b[0m&#xD;
\u001b[32m�\u001b[0m \u001b[36mGenerated Solution:\u001b[0m&#xD;
\u001b[32m��������������������������������������������������������������������������������Ķ\u001b[0m&#xD;
\u001b[32m�\u001b[0m Bad Solution&#xD;
\u001b[32m��������������������������������������������������������������������������������ͼ\u001b[0m&#xD;
\u001b[1m\u001b[31m��������������������������������������������������������������������������������ͻ\u001b[0m&#xD;
\u001b[1m\u001b[31m�\u001b[0m ? \u001b[1mTask FAILED\u001b[0m \u001b[2m(completed in 0.0s)\u001b[0m&#xD;
\u001b[31m��������������������������������������������������������������������������������Ķ\u001b[0m&#xD;
\u001b[31m�\u001b[0m \u001b[36mGenerated Solution:\u001b[0m&#xD;
\u001b[31m��������������������������������������������������������������������������������Ķ\u001b[0m&#xD;
\u001b[31m�\u001b[0m Executor Agent not found in Kernel&#xD;
\u001b[31m��������������������������������������������������������������������������������ͼ\u001b[0m&#xD;
\u001b[1m\u001b[35m��������������������������������������������������������������ͻ\u001b[0m&#xD;
\u001b[1m\u001b[35m�\u001b[0m \u001b[1m?? NEW TASK\u001b[0m&#xD;
\u001b[35m��������������������������������������������������������������Ķ\u001b[0m&#xD;
\u001b[35m�\u001b[0m Goal: Test Task&#xD;
\u001b[35m��������������������������������������������������������������ͼ\u001b[0m&#xD;
Epistemic extraction failed: The method or operation is not implemented.&#xD;
Failed to save to memory: Object reference not set to an instance of an object.&#xD;
\u001b[1m\u001b[32m��������������������������������������������������������������������������������ͻ\u001b[0m&#xD;
\u001b[1m\u001b[32m�\u001b[0m ? \u001b[1mTask SUCCESS\u001b[0m \u001b[2m(completed in 20.0s)\u001b[0m&#xD;
\u001b[32m��������������������������������������������������������������������������������Ķ\u001b[0m&#xD;
\u001b[32m�\u001b[0m \u001b[36mGenerated Solution:\u001b[0m&#xD;
\u001b[32m��������������������������������������������������������������������������������Ķ\u001b[0m&#xD;
\u001b[32m�\u001b[0m Initial Solution&#xD;
\u001b[32m��������������������������������������������������������������������������������ͼ\u001b[0m&#xD;
[xUnit.net 00:00:00.39]       A task should be queued from curriculum generation&#xD;
[xUnit.net 00:00:00.39]       Stack Trace:&#xD;
[xUnit.net 00:00:00.39]         C:\Users\spare\source\repos\tars\v2\tests\Tars.Tests\EvolutionTests.fs(179,0): at Tars.Tests.EvolutionTests.Evolution generation uses epistemic suggestions()&#xD;
[xUnit.net 00:00:00.39]            at System.Reflection.MethodBaseInvoker.InterpretedInvoke_Method(Object obj, IntPtr* args)&#xD;
[xUnit.net 00:00:00.39]            at System.Reflection.MethodBaseInvoker.InvokeWithNoArgs(Object obj, BindingFlags invokeAttr)&#xD;
[xUnit.net 00:00:00.39]       Assert.Equal() Failure: Values differ&#xD;
[xUnit.net 00:00:00.39]       Expected: 500&#xD;
[xUnit.net 00:00:00.39]       Actual:   2000&#xD;
[xUnit.net 00:00:00.39]       Stack Trace:&#xD;
[xUnit.net 00:00:00.39]         C:\Users\spare\source\repos\tars\v2\tests\Tars.Tests\MetascriptTests.fs(455,0): at Tars.Tests.MetascriptTests.RagConfig has all new fields with sensible defaults()&#xD;
[xUnit.net 00:00:00.39]            at System.Reflection.MethodBaseInvoker.InterpretedInvoke_Method(Object obj, IntPtr* args)&#xD;
[xUnit.net 00:00:00.39]            at System.Reflection.MethodBaseInvoker.InvokeWithNoArgs(Object obj, BindingFlags invokeAttr)&#xD;
[xUnit.net 00:00:01.74]   Finished:    Tars.Tests&#xD;
</StdOut>
    </Output>
    <RunInfos>
      <RunInfo computerName="XPS-STEF" outcome="Warning" timestamp="2025-12-06T19:23:29.1827005-05:00">
        <Text>[xUnit.net 00:00:00.21]     Tars.Tests.GoldenRun.Golden Run: Demo Ping [SKIP]</Text>
      </RunInfo>
      <RunInfo computerName="XPS-STEF" outcome="Error" timestamp="2025-12-06T19:23:29.3590960-05:00">
        <Text>[xUnit.net 00:00:00.39]     Tars.Tests.EvolutionTests.Evolution generation uses epistemic suggestions [FAIL]</Text>
      </RunInfo>
      <RunInfo computerName="XPS-STEF" outcome="Error" timestamp="2025-12-06T19:23:29.3639233-05:00">
        <Text>[xUnit.net 00:00:00.39]     Tars.Tests.MetascriptTests.RagConfig has all new fields with sensible defaults [FAIL]</Text>
      </RunInfo>
    </RunInfos>
  </ResultSummary>
</TestRun>