<?xml version="1.0" encoding="utf-8"?>
<TestRun id="8cb3aad6-c7b3-4edc-bcf3-7d6c44ad5f14" name="spareilleux@XPS-STEF 2025-12-06 17:55:37" runUser="XPS-STEF\spareilleux" xmlns="http://microsoft.com/schemas/VisualStudio/TeamTest/2010">
  <Times creation="2025-12-06T17:55:37.8334530-05:00" queuing="2025-12-06T17:55:37.8334532-05:00" start="2025-12-06T17:55:37.1435654-05:00" finish="2025-12-06T17:55:39.3141316-05:00" />
  <TestSettings name="default" id="60a0cef0-fceb-423a-9326-c6784a2f48f0">
    <Deployment runDeploymentRoot="spareilleux_XPS-STEF_2025-12-06_17_55_37" />
  </TestSettings>
  <Results>
    <UnitTestResult executionId="58ceea36-3a4b-49c1-9c9c-618f8173c6fc" testId="0e50e154-a759-de23-ac62-29927e47c738" testName="Tars.Tests.McpTests.Client handshake sends initialize" computerName="XPS-STEF" duration="00:00:00.1438863" startTime="2025-12-06T17:55:37.7050254-05:00" endTime="2025-12-06T17:55:37.8678566-05:00" testType="13cdc9d9-ddb5-4fa4-a97d-d965ccfc6d4b" outcome="Passed" testListId="8c84fa94-04c1-424b-9868-57a2d4851a1d" relativeResultsDirectory="58ceea36-3a4b-49c1-9c9c-618f8173c6fc" />
    <UnitTestResult executionId="703ddd4f-5064-4b3c-877c-f8c0fa781bd8" testId="c03e95f7-01b8-56f6-b3a8-cf8d824ac2e3" testName="Tars.Tests.OpenWebUiTests.Can list models from Open WebUI" computerName="XPS-STEF" duration="00:00:00.1400708" startTime="2025-12-06T17:55:37.8417914-05:00" endTime="2025-12-06T17:55:37.8897192-05:00" testType="13cdc9d9-ddb5-4fa4-a97d-d965ccfc6d4b" outcome="Passed" testListId="8c84fa94-04c1-424b-9868-57a2d4851a1d" relativeResultsDirectory="703ddd4f-5064-4b3c-877c-f8c0fa781bd8">
      <Output>
        <StdOut>Models found:&#xD;
Model: Arena Model (ID: arena-model)&#xD;
Confirmed 'arena-model' is available.</StdOut>
      </Output>
    </UnitTestResult>
    <UnitTestResult executionId="43dd058b-14e9-423e-8cc0-380fde015ca1" testId="9056c465-c9a9-8193-19cd-8a8936434b90" testName="Tars.Tests.KernelTests.Can update agent state" computerName="XPS-STEF" duration="00:00:00.0217379" startTime="2025-12-06T17:55:37.8589598-05:00" endTime="2025-12-06T17:55:37.8713806-05:00" testType="13cdc9d9-ddb5-4fa4-a97d-d965ccfc6d4b" outcome="Passed" testListId="8c84fa94-04c1-424b-9868-57a2d4851a1d" relativeResultsDirectory="43dd058b-14e9-423e-8cc0-380fde015ca1">
      <Output>
        <StdOut>Starting test: Can update agent state&#xD;
Updating agent b39e59da-656f-4fcd-ab32-ee2da0a467ec state to: Error "Something happened"&#xD;
Agent state updated verified.</StdOut>
      </Output>
    </UnitTestResult>
    <UnitTestResult executionId="4233f887-0a14-4105-a44b-ea76ad55bfba" testId="f9fb4830-1132-c107-2cdd-598ff15a16a6" testName="Tars.Tests.KnowledgeGraphTests.Can retrieve temporal snapshot" computerName="XPS-STEF" duration="00:00:00.0527289" startTime="2025-12-06T17:55:37.7089710-05:00" endTime="2025-12-06T17:55:37.8346951-05:00" testType="13cdc9d9-ddb5-4fa4-a97d-d965ccfc6d4b" outcome="Passed" testListId="8c84fa94-04c1-424b-9868-57a2d4851a1d" relativeResultsDirectory="4233f887-0a14-4105-a44b-ea76ad55bfba" />
    <UnitTestResult executionId="4b1f1cf4-090e-424d-b37c-aa1cbf08acdc" testId="b924726b-64fc-8263-955d-06e11469c9f3" testName="Tars.Tests.GraphTests.ResponseParser: Handles tool call with colons in input" computerName="XPS-STEF" duration="00:00:00.0007151" startTime="2025-12-06T17:55:37.8442089-05:00" endTime="2025-12-06T17:55:37.8447134-05:00" testType="13cdc9d9-ddb5-4fa4-a97d-d965ccfc6d4b" outcome="Passed" testListId="8c84fa94-04c1-424b-9868-57a2d4851a1d" relativeResultsDirectory="4b1f1cf4-090e-424d-b37c-aa1cbf08acdc">
      <Output>
        <StdOut>Starting test: Handles tool call with colons in input&#xD;
Correctly handled colons in input: query:with:colons</StdOut>
      </Output>
    </UnitTestResult>
    <UnitTestResult executionId="2252af10-4144-45b9-bdb3-fba49bd892ad" testId="e2c96cfb-5124-d1c4-1dfc-829171b5f40e" testName="Tars.Tests.SpeechActsTests.Agent processes Request performative by entering Thinking state" computerName="XPS-STEF" duration="00:00:00.0104095" startTime="2025-12-06T17:55:37.8404321-05:00" endTime="2025-12-06T17:55:37.8416364-05:00" testType="13cdc9d9-ddb5-4fa4-a97d-d965ccfc6d4b" outcome="Passed" testListId="8c84fa94-04c1-424b-9868-57a2d4851a1d" relativeResultsDirectory="2252af10-4144-45b9-bdb3-fba49bd892ad" />
    <UnitTestResult executionId="83d122c0-e996-456d-84f0-606360894877" testId="cab684ba-8c8f-30f0-6c27-f073346d3829" testName="Tars.Tests.ChunkingTests.SlidingWindow: Has overlap" computerName="XPS-STEF" duration="00:00:00.0010525" startTime="2025-12-06T17:55:37.8738647-05:00" endTime="2025-12-06T17:55:37.8738909-05:00" testType="13cdc9d9-ddb5-4fa4-a97d-d965ccfc6d4b" outcome="Passed" testListId="8c84fa94-04c1-424b-9868-57a2d4851a1d" relativeResultsDirectory="83d122c0-e996-456d-84f0-606360894877" />
    <UnitTestResult executionId="eac24193-14df-4d30-b3a9-0b057ad5b628" testId="d2c91bdc-13df-7c07-4b86-f2c471c06015" testName="Tars.Tests.OutputGuardTests.analyzer can escalate risk and action" computerName="XPS-STEF" duration="00:00:00.0179658" startTime="2025-12-06T17:55:37.8731267-05:00" endTime="2025-12-06T17:55:37.8849236-05:00" testType="13cdc9d9-ddb5-4fa4-a97d-d965ccfc6d4b" outcome="Passed" testListId="8c84fa94-04c1-424b-9868-57a2d4851a1d" relativeResultsDirectory="eac24193-14df-4d30-b3a9-0b057ad5b628" />
    <UnitTestResult executionId="d4f44d04-7dd8-401c-83cf-238b1c7906c5" testId="835ed334-ade6-9582-d914-876f8b538534" testName="Tars.Tests.MetascriptTests.Answer attribution tracks sources" computerName="XPS-STEF" duration="00:00:00.0714748" startTime="2025-12-06T17:55:37.8856483-05:00" endTime="2025-12-06T17:55:37.9003095-05:00" testType="13cdc9d9-ddb5-4fa4-a97d-d965ccfc6d4b" outcome="Passed" testListId="8c84fa94-04c1-424b-9868-57a2d4851a1d" relativeResultsDirectory="d4f44d04-7dd8-401c-83cf-238b1c7906c5" />
    <UnitTestResult executionId="501e6a97-6695-475a-99bb-faca15e11421" testId="3499d796-2bf4-b863-e7a4-d9277b95f6bd" testName="Tars.Tests.VectorStoreTests.InMemoryVectorStore: Search respects limit parameter" computerName="XPS-STEF" duration="00:00:00.0014857" startTime="2025-12-06T17:55:37.9582247-05:00" endTime="2025-12-06T17:55:37.9595815-05:00" testType="13cdc9d9-ddb5-4fa4-a97d-d965ccfc6d4b" outcome="Passed" testListId="8c84fa94-04c1-424b-9868-57a2d4851a1d" relativeResultsDirectory="501e6a97-6695-475a-99bb-faca15e11421">
      <Output>
        <StdOut>Starting test: Search respects limit parameter&#xD;
Returned 3 results (limit was 3)</StdOut>
      </Output>
    </UnitTestResult>
    <UnitTestResult executionId="750f41d4-2bee-4a08-baab-14785df85b76" testId="bdab0f3b-3885-7b65-7238-ac6e1ee69074" testName="Tars.Tests.ExecutionTests.Execution builder propagates success" computerName="XPS-STEF" duration="00:00:00.0022770" startTime="2025-12-06T17:55:37.8330956-05:00" endTime="2025-12-06T17:55:37.8332340-05:00" testType="13cdc9d9-ddb5-4fa4-a97d-d965ccfc6d4b" outcome="Passed" testListId="8c84fa94-04c1-424b-9868-57a2d4851a1d" relativeResultsDirectory="750f41d4-2bee-4a08-baab-14785df85b76" />
    <UnitTestResult executionId="8674626f-1037-417e-9221-bba84258c35a" testId="3428b16b-371b-44a9-1a05-6bdad21ab4bd" testName="Tars.Tests.MetascriptTests.RagConfig has all new fields with sensible defaults" computerName="XPS-STEF" duration="00:00:00.0054695" startTime="2025-12-06T17:55:37.8838287-05:00" endTime="2025-12-06T17:55:37.8850959-05:00" testType="13cdc9d9-ddb5-4fa4-a97d-d965ccfc6d4b" outcome="Failed" testListId="8c84fa94-04c1-424b-9868-57a2d4851a1d" relativeResultsDirectory="8674626f-1037-417e-9221-bba84258c35a">
      <Output>
        <ErrorInfo>
          <Message>Assert.True() Failure&#xD;
Expected: True&#xD;
Actual:   False</Message>
          <StackTrace>   at Tars.Tests.MetascriptTests.RagConfig has all new fields with sensible defaults() in C:\Users\spare\source\repos\tars\v2\tests\Tars.Tests\MetascriptTests.fs:line 449&#xD;
   at System.Reflection.MethodBaseInvoker.InterpretedInvoke_Method(Object obj, IntPtr* args)&#xD;
   at System.Reflection.MethodBaseInvoker.InvokeWithNoArgs(Object obj, BindingFlags invokeAttr)</StackTrace>
        </ErrorInfo>
      </Output>
    </UnitTestResult>
    <UnitTestResult executionId="a20658e5-e130-4d28-965e-7f623b9bcef5" testId="95ed8c82-5444-997a-9cda-b08d92209e81" testName="Tars.Tests.RouterTests.Can route message via Alias" computerName="XPS-STEF" duration="00:00:01.0849864" startTime="2025-12-06T17:55:37.7050911-05:00" endTime="2025-12-06T17:55:38.7344315-05:00" testType="13cdc9d9-ddb5-4fa4-a97d-d965ccfc6d4b" outcome="Passed" testListId="8c84fa94-04c1-424b-9868-57a2d4851a1d" relativeResultsDirectory="a20658e5-e130-4d28-965e-7f623b9bcef5">
      <Output>
        <StdOut>Starting test: Can route message via Alias&#xD;
Routed 'Coder' to e2cd8fd9-c12a-465b-b565-78d8e1d49acb&#xD;
Routed 'Coder' to 415e6683-71dd-43d8-b2e0-3750fade19f1&#xD;
Routing test passed.</StdOut>
      </Output>
    </UnitTestResult>
    <UnitTestResult executionId="de7457e9-1b18-4c79-a9e0-95f1e518a222" testId="e63f7c31-4dee-3e11-8e4b-6bad2e5d15c4" testName="Tars.Tests.GrammarTests.Ignores empty lines and spaces" computerName="XPS-STEF" duration="00:00:00.0002698" startTime="2025-12-06T17:55:37.8387171-05:00" endTime="2025-12-06T17:55:37.8394867-05:00" testType="13cdc9d9-ddb5-4fa4-a97d-d965ccfc6d4b" outcome="Passed" testListId="8c84fa94-04c1-424b-9868-57a2d4851a1d" relativeResultsDirectory="de7457e9-1b18-4c79-a9e0-95f1e518a222">
      <Output>
        <StdOut>Starting test: Ignores empty lines and spaces&#xD;
Input grammar:&#xD;
&#xD;
goal "Spaced" {&#xD;
&#xD;
    task "T1"&#xD;
&#xD;
}&#xD;
&#xD;
Parsed 1 goals.&#xD;
Verified parsing with extra whitespace.</StdOut>
      </Output>
    </UnitTestResult>
    <UnitTestResult executionId="7fb42cd6-3194-4e4f-838b-6e61905bf1f0" testId="d866a6ab-bbf7-95e2-eb8c-79ed6cc0eec9" testName="Tars.Tests.VectorStoreTests.SqliteVectorStore: Can save and retrieve by search" computerName="XPS-STEF" duration="00:00:00.1304059" startTime="2025-12-06T17:55:37.8426682-05:00" endTime="2025-12-06T17:55:37.8894914-05:00" testType="13cdc9d9-ddb5-4fa4-a97d-d965ccfc6d4b" outcome="Passed" testListId="8c84fa94-04c1-424b-9868-57a2d4851a1d" relativeResultsDirectory="7fb42cd6-3194-4e4f-838b-6e61905bf1f0">
      <Output>
        <StdOut>Starting test: SqliteVectorStore save and retrieve&#xD;
Found: doc1 with distance 0</StdOut>
      </Output>
    </UnitTestResult>
    <UnitTestResult executionId="d9d3fb7a-147e-4803-814d-0823547c7f3b" testId="214c28a3-50ce-f9ce-4160-493938b84e06" testName="Tars.Tests.GraphTests.PromptBuilder: Builds system prompt with agent info" computerName="XPS-STEF" duration="00:00:00.0007200" startTime="2025-12-06T17:55:37.8465510-05:00" endTime="2025-12-06T17:55:37.8465966-05:00" testType="13cdc9d9-ddb5-4fa4-a97d-d965ccfc6d4b" outcome="Passed" testListId="8c84fa94-04c1-424b-9868-57a2d4851a1d" relativeResultsDirectory="d9d3fb7a-147e-4803-814d-0823547c7f3b">
      <Output>
        <StdOut>Starting test: Builds system prompt with agent info&#xD;
Prompt built correctly with agent system prompt</StdOut>
      </Output>
    </UnitTestResult>
    <UnitTestResult executionId="a7b1ea08-db22-4960-b13c-7a3263938de7" testId="5e1f54d2-27f3-2791-32cd-42c76913d51e" testName="Tars.Tests.EvolutionTests.Evolution generation uses epistemic suggestions" computerName="XPS-STEF" duration="00:00:00.1551221" startTime="2025-12-06T17:55:37.8276194-05:00" endTime="2025-12-06T17:55:37.8859705-05:00" testType="13cdc9d9-ddb5-4fa4-a97d-d965ccfc6d4b" outcome="Failed" testListId="8c84fa94-04c1-424b-9868-57a2d4851a1d" relativeResultsDirectory="a7b1ea08-db22-4960-b13c-7a3263938de7">
      <Output>
        <ErrorInfo>
          <Message>A task should be queued from curriculum generation</Message>
          <StackTrace>   at Tars.Tests.EvolutionTests.Evolution generation uses epistemic suggestions() in C:\Users\spare\source\repos\tars\v2\tests\Tars.Tests\EvolutionTests.fs:line 179&#xD;
   at System.Reflection.MethodBaseInvoker.InterpretedInvoke_Method(Object obj, IntPtr* args)&#xD;
   at System.Reflection.MethodBaseInvoker.InvokeWithNoArgs(Object obj, BindingFlags invokeAttr)</StackTrace>
        </ErrorInfo>
      </Output>
    </UnitTestResult>
    <UnitTestResult executionId="1b08f87a-afe2-424a-b754-b6775e8703cb" testId="5ef4801d-3a30-060f-dbaf-231c940ac500" testName="Tars.Tests.ChunkingTests.Paragraph: Splits on double newlines" computerName="XPS-STEF" duration="00:00:00.0003173" startTime="2025-12-06T17:55:37.8741164-05:00" endTime="2025-12-06T17:55:37.8741343-05:00" testType="13cdc9d9-ddb5-4fa4-a97d-d965ccfc6d4b" outcome="Passed" testListId="8c84fa94-04c1-424b-9868-57a2d4851a1d" relativeResultsDirectory="1b08f87a-afe2-424a-b754-b6775e8703cb" />
    <UnitTestResult executionId="4658d920-548e-4050-95f0-b2deaa393391" testId="8b21ec40-7af3-b73c-a4aa-76a84ab80193" testName="Tars.Tests.VectorStoreTests.InMemoryVectorStore: Search returns results ordered by similarity" computerName="XPS-STEF" duration="00:00:00.0011779" startTime="2025-12-06T17:55:38.0874827-05:00" endTime="2025-12-06T17:55:38.0878867-05:00" testType="13cdc9d9-ddb5-4fa4-a97d-d965ccfc6d4b" outcome="Passed" testListId="8c84fa94-04c1-424b-9868-57a2d4851a1d" relativeResultsDirectory="4658d920-548e-4050-95f0-b2deaa393391">
      <Output>
        <StdOut>Starting test: Search returns results ordered by similarity&#xD;
Order: identical, similar, different</StdOut>
      </Output>
    </UnitTestResult>
    <UnitTestResult executionId="aaf429ac-b085-4ed5-a5c8-fca56cd6af26" testId="a98262f0-eadb-d17a-f6f4-d1e1823813b1" testName="Tars.Tests.OutputGuardLlmTests.Factory createFromEnv returns analyzer" computerName="XPS-STEF" duration="00:00:00.0025160" startTime="2025-12-06T17:55:37.8882054-05:00" endTime="2025-12-06T17:55:37.8882353-05:00" testType="13cdc9d9-ddb5-4fa4-a97d-d965ccfc6d4b" outcome="Passed" testListId="8c84fa94-04c1-424b-9868-57a2d4851a1d" relativeResultsDirectory="aaf429ac-b085-4ed5-a5c8-fca56cd6af26" />
    <UnitTestResult executionId="b15959ac-2e07-499a-b533-20a3099fc04a" testId="74ae040b-9765-b2cd-c7bc-83c6f849c1bb" testName="Tars.Tests.ChunkingTests.FixedSize: Filters out small chunks" computerName="XPS-STEF" duration="00:00:00.0004874" startTime="2025-12-06T17:55:37.8833762-05:00" endTime="2025-12-06T17:55:37.8833936-05:00" testType="13cdc9d9-ddb5-4fa4-a97d-d965ccfc6d4b" outcome="Passed" testListId="8c84fa94-04c1-424b-9868-57a2d4851a1d" relativeResultsDirectory="b15959ac-2e07-499a-b533-20a3099fc04a" />
    <UnitTestResult executionId="af963d47-50a2-4c39-b8f6-9f8e73b7de5c" testId="b19aa804-715c-31ce-ebed-7a0e02e21e42" testName="Tars.Tests.TextNormalizerTests.tokenize splits words correctly" computerName="XPS-STEF" duration="00:00:00.0014567" startTime="2025-12-06T17:55:37.8340702-05:00" endTime="2025-12-06T17:55:37.8345747-05:00" testType="13cdc9d9-ddb5-4fa4-a97d-d965ccfc6d4b" outcome="Passed" testListId="8c84fa94-04c1-424b-9868-57a2d4851a1d" relativeResultsDirectory="af963d47-50a2-4c39-b8f6-9f8e73b7de5c" />
    <UnitTestResult executionId="f9d7bff0-5a18-4e1e-96f3-329410bd5bd1" testId="37ba0807-022b-6850-2043-a217c6c9896a" testName="Tars.Tests.SecurityTests.FilesystemPolicy: Allows nested subdirectory" computerName="XPS-STEF" duration="00:00:00.0007676" startTime="2025-12-06T17:55:37.8282001-05:00" endTime="2025-12-06T17:55:37.8283368-05:00" testType="13cdc9d9-ddb5-4fa4-a97d-d965ccfc6d4b" outcome="Passed" testListId="8c84fa94-04c1-424b-9868-57a2d4851a1d" relativeResultsDirectory="f9d7bff0-5a18-4e1e-96f3-329410bd5bd1">
      <Output>
        <StdOut>Starting test: Allows nested subdirectory&#xD;
Correctly allowed nested path: C:\Users\spare\AppData\Local\Temp\level1\level2\level3\file.txt</StdOut>
      </Output>
    </UnitTestResult>
    <UnitTestResult executionId="7cb108d3-07f8-4bc9-8da4-c48cbaec6cb6" testId="7c00ad16-0bfd-2135-4c36-b788212959d9" testName="Tars.Tests.SpeechActsTests.Agent can emit a Propose speech act" computerName="XPS-STEF" duration="00:00:00.0312449" startTime="2025-12-06T17:55:37.8417219-05:00" endTime="2025-12-06T17:55:37.8547313-05:00" testType="13cdc9d9-ddb5-4fa4-a97d-d965ccfc6d4b" outcome="Passed" testListId="8c84fa94-04c1-424b-9868-57a2d4851a1d" relativeResultsDirectory="7cb108d3-07f8-4bc9-8da4-c48cbaec6cb6" />
    <UnitTestResult executionId="e3a6d54d-805b-4ce6-8727-b05c96395c63" testId="bb5833a3-825b-4d37-e219-7cafac9b5375" testName="Tars.Tests.MetascriptTests.Validation rejects duplicate steps" computerName="XPS-STEF" duration="00:00:00.0003205" startTime="2025-12-06T17:55:37.9330090-05:00" endTime="2025-12-06T17:55:37.9332117-05:00" testType="13cdc9d9-ddb5-4fa4-a97d-d965ccfc6d4b" outcome="Passed" testListId="8c84fa94-04c1-424b-9868-57a2d4851a1d" relativeResultsDirectory="e3a6d54d-805b-4ce6-8727-b05c96395c63" />
    <UnitTestResult executionId="ae8516b7-db95-4266-a878-f46388ec1db9" testId="c74f6723-2932-b264-d3e6-487b17e220bf" testName="GrammarDistillationTests.Distills multiple rules for different categories" computerName="XPS-STEF" duration="00:00:00.0042793" startTime="2025-12-06T17:55:37.8699513-05:00" endTime="2025-12-06T17:55:37.8711702-05:00" testType="13cdc9d9-ddb5-4fa4-a97d-d965ccfc6d4b" outcome="Passed" testListId="8c84fa94-04c1-424b-9868-57a2d4851a1d" relativeResultsDirectory="ae8516b7-db95-4266-a878-f46388ec1db9" />
    <UnitTestResult executionId="551d5a9e-e99a-4b92-8654-0f48a169098e" testId="8fb87fb4-c4b8-6d7b-7abb-3c6a2217e7dd" testName="Tars.Tests.ChunkingTests.mergeSmallChunks: Merges adjacent small chunks" computerName="XPS-STEF" duration="00:00:00.0013179" startTime="2025-12-06T17:55:37.8836173-05:00" endTime="2025-12-06T17:55:37.8836358-05:00" testType="13cdc9d9-ddb5-4fa4-a97d-d965ccfc6d4b" outcome="Passed" testListId="8c84fa94-04c1-424b-9868-57a2d4851a1d" relativeResultsDirectory="551d5a9e-e99a-4b92-8654-0f48a169098e" />
    <UnitTestResult executionId="8b8e4a5d-6771-426b-bc85-3621cbb595fa" testId="77c9bc21-7bf5-e34e-3ae8-db027d50a005" testName="Tars.Tests.AdaptiveReflectionTests.Reflection loop continues when Epistemic Governor rejects" computerName="XPS-STEF" duration="00:00:00.1871554" startTime="2025-12-06T17:55:37.7090629-05:00" endTime="2025-12-06T17:55:37.8865500-05:00" testType="13cdc9d9-ddb5-4fa4-a97d-d965ccfc6d4b" outcome="Passed" testListId="8c84fa94-04c1-424b-9868-57a2d4851a1d" relativeResultsDirectory="8b8e4a5d-6771-426b-bc85-3621cbb595fa" />
    <UnitTestResult executionId="ae55bf46-92fe-45b4-a589-59176ead2a14" testId="71def149-7229-fd52-5c2a-8582e21c7d33" testName="Tars.Tests.GraphTests.ResponseParser: Trims whitespace from response" computerName="XPS-STEF" duration="00:00:00.0001314" startTime="2025-12-06T17:55:37.8549844-05:00" endTime="2025-12-06T17:55:37.8550445-05:00" testType="13cdc9d9-ddb5-4fa4-a97d-d965ccfc6d4b" outcome="Passed" testListId="8c84fa94-04c1-424b-9868-57a2d4851a1d" relativeResultsDirectory="ae55bf46-92fe-45b4-a589-59176ead2a14">
      <Output>
        <StdOut>Starting test: Trims whitespace from response&#xD;
Correctly trimmed whitespace and parsed tool call</StdOut>
      </Output>
    </UnitTestResult>
    <UnitTestResult executionId="f4ec7188-044c-4923-a514-dd4d1d84a1b7" testId="ae5e95db-0ec8-89a7-997e-fbeb38552202" testName="Tars.Tests.OutputGuardTests.analyzer absence falls back to base guard" computerName="XPS-STEF" duration="00:00:00.0026787" startTime="2025-12-06T17:55:37.8850357-05:00" endTime="2025-12-06T17:55:37.8856921-05:00" testType="13cdc9d9-ddb5-4fa4-a97d-d965ccfc6d4b" outcome="Passed" testListId="8c84fa94-04c1-424b-9868-57a2d4851a1d" relativeResultsDirectory="f4ec7188-044c-4923-a514-dd4d1d84a1b7" />
    <UnitTestResult executionId="04029810-ced8-4868-8fc1-7c1bfdbbc580" testId="ce419e82-a34d-c894-2b5a-6cb1370e5c66" testName="Tars.Tests.VectorStoreTests.InMemoryVectorStore: Checksum validation works" computerName="XPS-STEF" duration="00:00:00.0016250" startTime="2025-12-06T17:55:37.9075922-05:00" endTime="2025-12-06T17:55:37.9091102-05:00" testType="13cdc9d9-ddb5-4fa4-a97d-d965ccfc6d4b" outcome="Passed" testListId="8c84fa94-04c1-424b-9868-57a2d4851a1d" relativeResultsDirectory="04029810-ced8-4868-8fc1-7c1bfdbbc580">
      <Output>
        <StdOut>Starting test: Checksum validation works&#xD;
Checksum valid: True, missing doc valid: False</StdOut>
      </Output>
    </UnitTestResult>
    <UnitTestResult executionId="df2fd1fa-69ce-4571-8b91-2c7520b354b3" testId="397a336e-22be-eedf-e7d7-fc5ac64bf694" testName="Tars.Tests.GraphTests.ResponseParser: Parses text response correctly" computerName="XPS-STEF" duration="00:00:00.0006692" startTime="2025-12-06T17:55:37.8546756-05:00" endTime="2025-12-06T17:55:37.8548930-05:00" testType="13cdc9d9-ddb5-4fa4-a97d-d965ccfc6d4b" outcome="Passed" testListId="8c84fa94-04c1-424b-9868-57a2d4851a1d" relativeResultsDirectory="df2fd1fa-69ce-4571-8b91-2c7520b354b3">
      <Output>
        <StdOut>Starting test: Parses text response correctly&#xD;
Correctly parsed text response: Hello, how can I help you today?</StdOut>
      </Output>
    </UnitTestResult>
    <UnitTestResult executionId="fc29d706-873b-4ae5-bfe5-814bf8949bb0" testId="ef6a5c94-2339-73e5-5076-7d47fafd75dd" testName="Tars.Tests.GraphTests.ResponseParser: Case sensitive TOOL prefix" computerName="XPS-STEF" duration="00:00:00.0111654" startTime="2025-12-06T17:55:37.8325693-05:00" endTime="2025-12-06T17:55:37.8341275-05:00" testType="13cdc9d9-ddb5-4fa4-a97d-d965ccfc6d4b" outcome="Passed" testListId="8c84fa94-04c1-424b-9868-57a2d4851a1d" relativeResultsDirectory="fc29d706-873b-4ae5-bfe5-814bf8949bb0">
      <Output>
        <StdOut>Starting test: Case sensitive TOOL prefix&#xD;
Correctly treated lowercase 'tool' as text response</StdOut>
      </Output>
    </UnitTestResult>
    <UnitTestResult executionId="a1e48daf-dc71-41a7-bb3c-e32cecc4fe04" testId="10f6c30c-971f-07b1-31cb-8a7751cebabd" testName="Tars.Tests.EpistemicGovernorTests.GetRelatedCodeContext returns message when graph is missing" computerName="XPS-STEF" duration="00:00:00.0079105" startTime="2025-12-06T17:55:37.8412978-05:00" endTime="2025-12-06T17:55:37.8415595-05:00" testType="13cdc9d9-ddb5-4fa4-a97d-d965ccfc6d4b" outcome="Passed" testListId="8c84fa94-04c1-424b-9868-57a2d4851a1d" relativeResultsDirectory="a1e48daf-dc71-41a7-bb3c-e32cecc4fe04" />
    <UnitTestResult executionId="1a84375a-4b79-48c2-80b2-38bb796aebef" testId="cad729c0-8e77-78a1-81ee-8f5d2d3c6c13" testName="Tars.Tests.EvolutionTests.TaskQueue supports multiple tasks" computerName="XPS-STEF" duration="00:00:00.0305408" startTime="2025-12-06T17:55:37.7090759-05:00" endTime="2025-12-06T17:55:37.8252972-05:00" testType="13cdc9d9-ddb5-4fa4-a97d-d965ccfc6d4b" outcome="Passed" testListId="8c84fa94-04c1-424b-9868-57a2d4851a1d" relativeResultsDirectory="1a84375a-4b79-48c2-80b2-38bb796aebef" />
    <UnitTestResult executionId="a99e5acf-7099-483b-81df-881cd3f22cb2" testId="384a1338-2e37-7f43-2dc5-55e3068d9dce" testName="Tars.Tests.KTheoryTests.K1: No cycles in empty graph" computerName="XPS-STEF" duration="00:00:00.0035830" startTime="2025-12-06T17:55:37.8584914-05:00" endTime="2025-12-06T17:55:37.8589740-05:00" testType="13cdc9d9-ddb5-4fa4-a97d-d965ccfc6d4b" outcome="Passed" testListId="8c84fa94-04c1-424b-9868-57a2d4851a1d" relativeResultsDirectory="a99e5acf-7099-483b-81df-881cd3f22cb2" />
    <UnitTestResult executionId="3bb49b09-c376-4654-a777-6abed932d920" testId="dd8d0d6b-b1af-dc5e-b69b-86cf9dfbe2cc" testName="Tars.Tests.AgentWorkflowTests.Agent workflow chains multiple warnings" computerName="XPS-STEF" duration="00:00:00.0088997" startTime="2025-12-06T17:55:37.8890598-05:00" endTime="2025-12-06T17:55:37.8892285-05:00" testType="13cdc9d9-ddb5-4fa4-a97d-d965ccfc6d4b" outcome="Passed" testListId="8c84fa94-04c1-424b-9868-57a2d4851a1d" relativeResultsDirectory="3bb49b09-c376-4654-a777-6abed932d920" />
    <UnitTestResult executionId="1aac3060-e150-47f8-b976-ece158c92bc3" testId="68a0b782-9a8e-e7e9-802e-cf99a7281faf" testName="Tars.Tests.SecurityTests.FilesystemPolicy: Allows path within base directory" computerName="XPS-STEF" duration="00:00:00.0006308" startTime="2025-12-06T17:55:37.8277867-05:00" endTime="2025-12-06T17:55:37.8278504-05:00" testType="13cdc9d9-ddb5-4fa4-a97d-d965ccfc6d4b" outcome="Passed" testListId="8c84fa94-04c1-424b-9868-57a2d4851a1d" relativeResultsDirectory="1aac3060-e150-47f8-b976-ece158c92bc3">
      <Output>
        <StdOut>Starting test: Allows path within base directory&#xD;
Correctly allowed path: C:\Users\spare\AppData\Local\Temp\subdir\file.txt</StdOut>
      </Output>
    </UnitTestResult>
    <UnitTestResult executionId="deb051d0-a156-4752-94f4-7de35ca47347" testId="eda69040-00e9-876c-0f55-01ffbc1a2898" testName="Tars.Tests.SandboxTests.Can run python script in sandbox" computerName="XPS-STEF" duration="00:00:00.3621921" startTime="2025-12-06T17:55:37.8560391-05:00" endTime="2025-12-06T17:55:38.1294866-05:00" testType="13cdc9d9-ddb5-4fa4-a97d-d965ccfc6d4b" outcome="Passed" testListId="8c84fa94-04c1-424b-9868-57a2d4851a1d" relativeResultsDirectory="deb051d0-a156-4752-94f4-7de35ca47347">
      <Output>
        <StdOut>Stdout: Hello from Sandbox
&#xD;
Stderr: &#xD;
ExitCode: 0</StdOut>
      </Output>
    </UnitTestResult>
    <UnitTestResult executionId="4bb1940e-301e-4b16-97fb-6e4a29c1388f" testId="bf6fd8cb-3ddf-2c95-eecf-f16b5cd35859" testName="Tars.Tests.PersistenceTests.SqliteVectorStore can save and retrieve vectors" computerName="XPS-STEF" duration="00:00:00.2189766" startTime="2025-12-06T17:55:37.7091185-05:00" endTime="2025-12-06T17:55:37.8891069-05:00" testType="13cdc9d9-ddb5-4fa4-a97d-d965ccfc6d4b" outcome="Passed" testListId="8c84fa94-04c1-424b-9868-57a2d4851a1d" relativeResultsDirectory="4bb1940e-301e-4b16-97fb-6e4a29c1388f" />
    <UnitTestResult executionId="e9bac640-5f26-46b2-ad4a-6c2a12d4c6dd" testId="405765e6-0c7a-b937-1f5b-6f1da0d6b931" testName="Tars.Tests.GraphTests.PromptBuilder: Includes tools in system prompt" computerName="XPS-STEF" duration="00:00:00.0365809" startTime="2025-12-06T17:55:37.8399841-05:00" endTime="2025-12-06T17:55:37.8433376-05:00" testType="13cdc9d9-ddb5-4fa4-a97d-d965ccfc6d4b" outcome="Passed" testListId="8c84fa94-04c1-424b-9868-57a2d4851a1d" relativeResultsDirectory="e9bac640-5f26-46b2-ad4a-6c2a12d4c6dd">
      <Output>
        <StdOut>Starting test: Includes tools in system prompt&#xD;
Tools correctly included in system prompt</StdOut>
      </Output>
    </UnitTestResult>
    <UnitTestResult executionId="9b203fd5-c984-4312-9c9b-6ec4c3916864" testId="201e4081-a5fb-89bd-f0f7-d0481e72e908" testName="Tars.Tests.ExecutionTests.Execution builder propagates failure" computerName="XPS-STEF" duration="00:00:00.0138118" startTime="2025-12-06T17:55:37.8248687-05:00" endTime="2025-12-06T17:55:37.8250511-05:00" testType="13cdc9d9-ddb5-4fa4-a97d-d965ccfc6d4b" outcome="Passed" testListId="8c84fa94-04c1-424b-9868-57a2d4851a1d" relativeResultsDirectory="9b203fd5-c984-4312-9c9b-6ec4c3916864" />
    <UnitTestResult executionId="da2c7120-96ff-49c6-8a14-5c351a705d0e" testId="3747f888-a8de-5322-e2ab-3728e3527fec" testName="Tars.Tests.PatternRecognitionTests.TagEntity identifies structural hubs" computerName="XPS-STEF" duration="00:00:00.0224878" startTime="2025-12-06T17:55:37.8414278-05:00" endTime="2025-12-06T17:55:37.8427765-05:00" testType="13cdc9d9-ddb5-4fa4-a97d-d965ccfc6d4b" outcome="Passed" testListId="8c84fa94-04c1-424b-9868-57a2d4851a1d" relativeResultsDirectory="da2c7120-96ff-49c6-8a14-5c351a705d0e" />
    <UnitTestResult executionId="93219600-3c3d-4e6a-9e97-2c4db99eeaf5" testId="08a8956e-45a6-1d4b-87da-6545069fb150" testName="Tars.Tests.SecurityTests.FilesystemPolicy: Handles path with dot segments correctly" computerName="XPS-STEF" duration="00:00:00.0096702" startTime="2025-12-06T17:55:37.7928668-05:00" endTime="2025-12-06T17:55:37.8215581-05:00" testType="13cdc9d9-ddb5-4fa4-a97d-d965ccfc6d4b" outcome="Passed" testListId="8c84fa94-04c1-424b-9868-57a2d4851a1d" relativeResultsDirectory="93219600-3c3d-4e6a-9e97-2c4db99eeaf5">
      <Output>
        <StdOut>Starting test: Handles path with dot segments correctly&#xD;
Correctly normalized path: C:\Users\spare\AppData\Local\Temp\subdir\file.txt</StdOut>
      </Output>
    </UnitTestResult>
    <UnitTestResult executionId="fc99abf6-421f-4799-9042-fdfa696b5b57" testId="40cce84b-1540-32f8-6523-8be099521529" testName="Tars.Tests.EventBusTests.EventBus broadcasts message when Receiver is None" computerName="XPS-STEF" duration="00:00:00.0058545" startTime="2025-12-06T17:55:37.8874392-05:00" endTime="2025-12-06T17:55:37.8876719-05:00" testType="13cdc9d9-ddb5-4fa4-a97d-d965ccfc6d4b" outcome="Passed" testListId="8c84fa94-04c1-424b-9868-57a2d4851a1d" relativeResultsDirectory="fc99abf6-421f-4799-9042-fdfa696b5b57" />
    <UnitTestResult executionId="dbbe2beb-fe6c-46a4-a6a9-18e651b158b9" testId="89b78644-e083-d323-6f59-000a0f05f7f9" testName="Tars.Tests.MetascriptTests.Knowledge graph enriches agent context" computerName="XPS-STEF" duration="00:00:00.0090730" startTime="2025-12-06T17:55:37.9366700-05:00" endTime="2025-12-06T17:55:37.9449335-05:00" testType="13cdc9d9-ddb5-4fa4-a97d-d965ccfc6d4b" outcome="Passed" testListId="8c84fa94-04c1-424b-9868-57a2d4851a1d" relativeResultsDirectory="dbbe2beb-fe6c-46a4-a6a9-18e651b158b9" />
    <UnitTestResult executionId="9025f1b9-46ff-490c-8e6b-05e6bf5a11a0" testId="136adb1f-0f00-d883-e203-60467b1fcd8f" testName="Tars.Tests.VectorStoreTests.Similarity: Returns 0 for empty vectors" computerName="XPS-STEF" duration="00:00:00.0002113" startTime="2025-12-06T17:55:38.1136105-05:00" endTime="2025-12-06T17:55:38.1136883-05:00" testType="13cdc9d9-ddb5-4fa4-a97d-d965ccfc6d4b" outcome="Passed" testListId="8c84fa94-04c1-424b-9868-57a2d4851a1d" relativeResultsDirectory="9025f1b9-46ff-490c-8e6b-05e6bf5a11a0">
      <Output>
        <StdOut>Starting test: Returns 0 for empty vectors&#xD;
Similarity: 0</StdOut>
      </Output>
    </UnitTestResult>
    <UnitTestResult executionId="3ece8c6e-2ec3-41a0-96b1-4e994b43e19a" testId="060138f7-2213-c9ff-63f2-f3701a197f37" testName="Tars.Tests.McpTests.Client can list tools" computerName="XPS-STEF" duration="00:00:00.0319893" startTime="2025-12-06T17:55:37.8680323-05:00" endTime="2025-12-06T17:55:37.8847992-05:00" testType="13cdc9d9-ddb5-4fa4-a97d-d965ccfc6d4b" outcome="Passed" testListId="8c84fa94-04c1-424b-9868-57a2d4851a1d" relativeResultsDirectory="3ece8c6e-2ec3-41a0-96b1-4e994b43e19a" />
    <UnitTestResult executionId="dd2c4989-d2a7-4733-acda-c81971d5b22a" testId="ede7fac6-d0a0-7bb6-07d4-ea398cdb9237" testName="Tars.Tests.MetascriptTests.Decision step resolves boolean condition" computerName="XPS-STEF" duration="00:00:00.0483678" startTime="2025-12-06T17:55:37.8460299-05:00" endTime="2025-12-06T17:55:37.8728793-05:00" testType="13cdc9d9-ddb5-4fa4-a97d-d965ccfc6d4b" outcome="Passed" testListId="8c84fa94-04c1-424b-9868-57a2d4851a1d" relativeResultsDirectory="dd2c4989-d2a7-4733-acda-c81971d5b22a" />
    <UnitTestResult executionId="2428d648-6b49-4bbc-9c11-ec5caf5b52fd" testId="c999cc71-08dc-d8dd-9e9c-7ee3d412b981" testName="Tars.Tests.TemporalKnowledgeGraphTests.EvolvedFrom invalidates the source entity" computerName="XPS-STEF" duration="00:00:00.0722373" startTime="2025-12-06T17:55:37.7091719-05:00" endTime="2025-12-06T17:55:37.8388555-05:00" testType="13cdc9d9-ddb5-4fa4-a97d-d965ccfc6d4b" outcome="Passed" testListId="8c84fa94-04c1-424b-9868-57a2d4851a1d" relativeResultsDirectory="2428d648-6b49-4bbc-9c11-ec5caf5b52fd" />
    <UnitTestResult executionId="f265576a-5bff-4444-a04a-aa344bf23194" testId="1d0d467c-6215-ced8-3bf1-701101f166fd" testName="Tars.Tests.KTheoryTests.K0: Allocation Conservation (Parent - Child = NewParent)" computerName="XPS-STEF" duration="00:00:00.0151420" startTime="2025-12-06T17:55:37.8362240-05:00" endTime="2025-12-06T17:55:37.8414391-05:00" testType="13cdc9d9-ddb5-4fa4-a97d-d965ccfc6d4b" outcome="Passed" testListId="8c84fa94-04c1-424b-9868-57a2d4851a1d" relativeResultsDirectory="f265576a-5bff-4444-a04a-aa344bf23194" />
    <UnitTestResult executionId="5219d49a-22dc-48ff-9ae0-a6082223cd62" testId="cab1e720-8fde-b3b4-9ced-c98ac7259bdf" testName="Tars.Tests.AgentWorkflowTests.Agent workflow returns success" computerName="XPS-STEF" duration="00:00:00.0011040" startTime="2025-12-06T17:55:37.8915233-05:00" endTime="2025-12-06T17:55:37.8915408-05:00" testType="13cdc9d9-ddb5-4fa4-a97d-d965ccfc6d4b" outcome="Passed" testListId="8c84fa94-04c1-424b-9868-57a2d4851a1d" relativeResultsDirectory="5219d49a-22dc-48ff-9ae0-a6082223cd62" />
    <UnitTestResult executionId="07d0d5c9-e5fa-4a5a-b218-79dcbdc0450e" testId="77487689-d6cf-7bb5-76bb-ec2a57164a31" testName="Tars.Tests.LlmServiceTests.ILlmService CompleteStreamAsync interface works" computerName="XPS-STEF" duration="00:00:00.0015902" startTime="2025-12-06T17:55:37.9322456-05:00" endTime="2025-12-06T17:55:37.9338391-05:00" testType="13cdc9d9-ddb5-4fa4-a97d-d965ccfc6d4b" outcome="Passed" testListId="8c84fa94-04c1-424b-9868-57a2d4851a1d" relativeResultsDirectory="07d0d5c9-e5fa-4a5a-b218-79dcbdc0450e">
      <Output>
        <StdOut>ILlmService streaming interface works correctly</StdOut>
      </Output>
    </UnitTestResult>
    <UnitTestResult executionId="e7fb42f1-333c-4fb1-bc9d-71850a93264b" testId="276e81f5-65cf-b98f-3e88-208a73e70702" testName="Tars.Tests.CircuitTests.Gate waits for condition" computerName="XPS-STEF" duration="00:00:00.1093549" startTime="2025-12-06T17:55:37.9501761-05:00" endTime="2025-12-06T17:55:38.0598382-05:00" testType="13cdc9d9-ddb5-4fa4-a97d-d965ccfc6d4b" outcome="Passed" testListId="8c84fa94-04c1-424b-9868-57a2d4851a1d" relativeResultsDirectory="e7fb42f1-333c-4fb1-bc9d-71850a93264b" />
    <UnitTestResult executionId="60239cda-21d3-4fba-a6b8-3d53c24ddb17" testId="dfc6e9a1-9934-86aa-87c6-d0bac9d82ad9" testName="Tars.Tests.GraphTests.ResponseParser: Parses JSON block tool call" computerName="XPS-STEF" duration="00:00:00.0002769" startTime="2025-12-06T17:55:37.8448477-05:00" endTime="2025-12-06T17:55:37.8449802-05:00" testType="13cdc9d9-ddb5-4fa4-a97d-d965ccfc6d4b" outcome="Passed" testListId="8c84fa94-04c1-424b-9868-57a2d4851a1d" relativeResultsDirectory="60239cda-21d3-4fba-a6b8-3d53c24ddb17">
      <Output>
        <StdOut>Starting test: Parses JSON block tool call&#xD;
Correctly parsed JSON block tool call: Calculator</StdOut>
      </Output>
    </UnitTestResult>
    <UnitTestResult executionId="6b274784-f1aa-4b2e-912e-fbd44d37b5bf" testId="6800f90a-e2a0-c72c-198c-c8ad9f79abc7" testName="Tars.Tests.VectorStoreTests.InMemoryVectorStore: DeleteCollection removes entire collection" computerName="XPS-STEF" duration="00:00:00.0027159" startTime="2025-12-06T17:55:37.9047528-05:00" endTime="2025-12-06T17:55:37.9074351-05:00" testType="13cdc9d9-ddb5-4fa4-a97d-d965ccfc6d4b" outcome="Passed" testListId="8c84fa94-04c1-424b-9868-57a2d4851a1d" relativeResultsDirectory="6b274784-f1aa-4b2e-912e-fbd44d37b5bf">
      <Output>
        <StdOut>Starting test: DeleteCollection removes entire collection&#xD;
Collection deleted: True</StdOut>
      </Output>
    </UnitTestResult>
    <UnitTestResult executionId="a123bf54-d841-43d8-9da6-bd1f63b1e5d5" testId="fc98f45c-2c5d-5e1b-0c43-3bd676bb05ae" testName="Tars.Tests.AdaptiveReflectionTests.Reflection loop stops when Epistemic Governor verifies solution" computerName="XPS-STEF" duration="00:00:00.0088289" startTime="2025-12-06T17:55:37.8866754-05:00" endTime="2025-12-06T17:55:37.8878562-05:00" testType="13cdc9d9-ddb5-4fa4-a97d-d965ccfc6d4b" outcome="Passed" testListId="8c84fa94-04c1-424b-9868-57a2d4851a1d" relativeResultsDirectory="a123bf54-d841-43d8-9da6-bd1f63b1e5d5" />
    <UnitTestResult executionId="a218190d-a910-4018-8b90-9ac8ad72fe77" testId="3896ffa3-6cf9-053c-fc78-8decee067258" testName="Tars.Tests.SecurityTests.CredentialVault: Environment variable takes precedence" computerName="XPS-STEF" duration="00:00:00.0004828" startTime="2025-12-06T17:55:37.8279456-05:00" endTime="2025-12-06T17:55:37.8280039-05:00" testType="13cdc9d9-ddb5-4fa4-a97d-d965ccfc6d4b" outcome="Passed" testListId="8c84fa94-04c1-424b-9868-57a2d4851a1d" relativeResultsDirectory="a218190d-a910-4018-8b90-9ac8ad72fe77">
      <Output>
        <StdOut>Starting test: Environment variable takes precedence&#xD;
Environment variable correctly takes precedence</StdOut>
      </Output>
    </UnitTestResult>
    <UnitTestResult executionId="6f96520a-8785-4600-ac7a-5563d9b89139" testId="ce6ab97f-1809-efcb-f47a-1a52815b2f29" testName="Tars.Tests.ExecutionTests.Execution builder preserves warnings through failure" computerName="XPS-STEF" duration="00:00:00.0058342" startTime="2025-12-06T17:55:37.8328232-05:00" endTime="2025-12-06T17:55:37.8330089-05:00" testType="13cdc9d9-ddb5-4fa4-a97d-d965ccfc6d4b" outcome="Passed" testListId="8c84fa94-04c1-424b-9868-57a2d4851a1d" relativeResultsDirectory="6f96520a-8785-4600-ac7a-5563d9b89139" />
    <UnitTestResult executionId="0a3dd9d3-2a92-4f21-90aa-c7040ce13790" testId="0ba03c08-97de-04ea-23b0-4f234910d221" testName="Tars.Tests.AnnVectorStoreTests.AnnVectorStore returns nearest from same bucket" computerName="XPS-STEF" duration="00:00:00.0410708" startTime="2025-12-06T17:55:37.8424768-05:00" endTime="2025-12-06T17:55:37.8585420-05:00" testType="13cdc9d9-ddb5-4fa4-a97d-d965ccfc6d4b" outcome="Passed" testListId="8c84fa94-04c1-424b-9868-57a2d4851a1d" relativeResultsDirectory="0a3dd9d3-2a92-4f21-90aa-c7040ce13790" />
    <UnitTestResult executionId="29063afc-152c-499d-959c-e0f7eb7ac5c6" testId="a3a925cb-5133-ccd7-f618-5fa64382833a" testName="Tars.Tests.MetascriptTests.Query routing classifies queries correctly" computerName="XPS-STEF" duration="00:00:00.0034993" startTime="2025-12-06T17:55:37.9004632-05:00" endTime="2025-12-06T17:55:37.9039356-05:00" testType="13cdc9d9-ddb5-4fa4-a97d-d965ccfc6d4b" outcome="Passed" testListId="8c84fa94-04c1-424b-9868-57a2d4851a1d" relativeResultsDirectory="29063afc-152c-499d-959c-e0f7eb7ac5c6" />
    <UnitTestResult executionId="aeee0228-1ad8-47cf-b475-120162bddcbb" testId="13fbc8ce-8d6a-bd2a-1583-a4af3cb6ae41" testName="Tars.Tests.LpaTests.LPA detects communities in disjoint graph" computerName="XPS-STEF" duration="00:00:00.0229715" startTime="2025-12-06T17:55:37.8824261-05:00" endTime="2025-12-06T17:55:37.8876034-05:00" testType="13cdc9d9-ddb5-4fa4-a97d-d965ccfc6d4b" outcome="Passed" testListId="8c84fa94-04c1-424b-9868-57a2d4851a1d" relativeResultsDirectory="aeee0228-1ad8-47cf-b475-120162bddcbb" />
    <UnitTestResult executionId="ef16d364-50c1-40a5-a002-cca7e9e2fc27" testId="41aedf8a-5ee4-57c6-7a67-5b64e74b844b" testName="Tars.Tests.LlmServiceTests.Ollama Client sends correct request" computerName="XPS-STEF" duration="00:00:00.0140095" startTime="2025-12-06T17:55:37.8983763-05:00" endTime="2025-12-06T17:55:37.9116028-05:00" testType="13cdc9d9-ddb5-4fa4-a97d-d965ccfc6d4b" outcome="Passed" testListId="8c84fa94-04c1-424b-9868-57a2d4851a1d" relativeResultsDirectory="ef16d364-50c1-40a5-a002-cca7e9e2fc27" />
    <UnitTestResult executionId="be72e143-5244-4783-9159-c787b3d6d1a0" testId="1a10bf7f-e94a-2d05-da33-04b07c2a6651" testName="Tars.Tests.GraphTests.ResponseParser: Single tool call not treated as multi" computerName="XPS-STEF" duration="00:00:00.0001890" startTime="2025-12-06T17:55:37.8450996-05:00" endTime="2025-12-06T17:55:37.8451663-05:00" testType="13cdc9d9-ddb5-4fa4-a97d-d965ccfc6d4b" outcome="Passed" testListId="8c84fa94-04c1-424b-9868-57a2d4851a1d" relativeResultsDirectory="be72e143-5244-4783-9159-c787b3d6d1a0">
      <Output>
        <StdOut>Starting test: Single tool call not treated as multi&#xD;
Single tool correctly parsed as ToolCall, not MultiToolCall</StdOut>
      </Output>
    </UnitTestResult>
    <UnitTestResult executionId="dbabc75c-b699-4cd6-a6ca-efd6d1d465c4" testId="3605bd32-90b8-4a35-a91b-614836d39380" testName="Tars.Tests.ToolTests.runCommand runs in isolated OS" computerName="XPS-STEF" duration="00:00:00.1825270" startTime="2025-12-06T17:55:38.1297562-05:00" endTime="2025-12-06T17:55:38.3125677-05:00" testType="13cdc9d9-ddb5-4fa4-a97d-d965ccfc6d4b" outcome="Passed" testListId="8c84fa94-04c1-424b-9868-57a2d4851a1d" relativeResultsDirectory="dbabc75c-b699-4cd6-a6ca-efd6d1d465c4" />
    <UnitTestResult executionId="d2c1eba4-0582-4c8c-a018-05b3be3f634e" testId="86fc4e49-2ce1-87d9-0a7e-c3d2b1727a60" testName="Tars.Tests.TextNormalizerTests.removeStopWords filters common words" computerName="XPS-STEF" duration="00:00:00.0021277" startTime="2025-12-06T17:55:37.8332152-05:00" endTime="2025-12-06T17:55:37.8333285-05:00" testType="13cdc9d9-ddb5-4fa4-a97d-d965ccfc6d4b" outcome="Passed" testListId="8c84fa94-04c1-424b-9868-57a2d4851a1d" relativeResultsDirectory="d2c1eba4-0582-4c8c-a018-05b3be3f634e" />
    <UnitTestResult executionId="4d655868-8fdf-4e27-b75d-67944ed62835" testId="5d94c653-6e23-da69-241f-a59a2487ea5d" testName="Tars.Tests.RouterTests.Can route message via Intent" computerName="XPS-STEF" duration="00:00:00.5062707" startTime="2025-12-06T17:55:38.7346170-05:00" endTime="2025-12-06T17:55:39.2412330-05:00" testType="13cdc9d9-ddb5-4fa4-a97d-d965ccfc6d4b" outcome="Passed" testListId="8c84fa94-04c1-424b-9868-57a2d4851a1d" relativeResultsDirectory="4d655868-8fdf-4e27-b75d-67944ed62835">
      <Output>
        <StdOut>Starting test: Can route message via Intent&#xD;
Routed 'Intent:Coding' to 446a264a-f49e-421e-aca4-9f59d7585fd1&#xD;
Intent routing test passed.</StdOut>
      </Output>
    </UnitTestResult>
    <UnitTestResult executionId="9d55761e-eee3-4e93-9ed8-b719b3290f69" testId="b8702dcb-c7af-63df-337b-5c536088a964" testName="Tars.Tests.AgentWorkflowTests.Agent workflow fail stops execution" computerName="XPS-STEF" duration="00:00:00.0040984" startTime="2025-12-06T17:55:37.8880788-05:00" endTime="2025-12-06T17:55:37.8883247-05:00" testType="13cdc9d9-ddb5-4fa4-a97d-d965ccfc6d4b" outcome="Passed" testListId="8c84fa94-04c1-424b-9868-57a2d4851a1d" relativeResultsDirectory="9d55761e-eee3-4e93-9ed8-b719b3290f69" />
    <UnitTestResult executionId="f74fd748-5082-4765-8e99-4514108c30c6" testId="9dc23fe7-ee3b-3db3-4fc6-d6367ba40c1e" testName="Tars.Tests.GraphTests.ResponseParser: Parses inline JSON tool call" computerName="XPS-STEF" duration="00:00:00.0002676" startTime="2025-12-06T17:55:37.8563936-05:00" endTime="2025-12-06T17:55:37.8564752-05:00" testType="13cdc9d9-ddb5-4fa4-a97d-d965ccfc6d4b" outcome="Passed" testListId="8c84fa94-04c1-424b-9868-57a2d4851a1d" relativeResultsDirectory="f74fd748-5082-4765-8e99-4514108c30c6">
      <Output>
        <StdOut>Starting test: Parses inline JSON tool call&#xD;
Correctly parsed inline JSON tool call: ReadFile</StdOut>
      </Output>
    </UnitTestResult>
    <UnitTestResult executionId="c1a6ddb8-8864-4db6-8b1a-b09b2217b00e" testId="0094ff85-e729-9ff4-45cf-df7bb2c2913c" testName="Tars.Tests.ChunkingTests.Sentence: Splits on sentence boundaries" computerName="XPS-STEF" duration="00:00:00.0001408" startTime="2025-12-06T17:55:37.8741987-05:00" endTime="2025-12-06T17:55:37.8742138-05:00" testType="13cdc9d9-ddb5-4fa4-a97d-d965ccfc6d4b" outcome="Passed" testListId="8c84fa94-04c1-424b-9868-57a2d4851a1d" relativeResultsDirectory="c1a6ddb8-8864-4db6-8b1a-b09b2217b00e" />
    <UnitTestResult executionId="504a5a83-9fa8-4c32-8f7b-969baba510fa" testId="a1967412-542f-f1e0-221d-e854c5aa3ad5" testName="Tars.Tests.ChunkingTests.FixedSize: Short text returns single chunk" computerName="XPS-STEF" duration="00:00:00.0004459" startTime="2025-12-06T17:55:37.8743676-05:00" endTime="2025-12-06T17:55:37.8743805-05:00" testType="13cdc9d9-ddb5-4fa4-a97d-d965ccfc6d4b" outcome="Passed" testListId="8c84fa94-04c1-424b-9868-57a2d4851a1d" relativeResultsDirectory="504a5a83-9fa8-4c32-8f7b-969baba510fa" />
    <UnitTestResult executionId="023941ac-6b01-434c-be08-ca88dfcf1649" testId="df275f9f-ba76-a719-c905-6824a9413cd9" testName="Tars.Tests.VectorStoreTests.InMemoryVectorStore: Delete removes document" computerName="XPS-STEF" duration="00:00:00.0015943" startTime="2025-12-06T17:55:37.9607197-05:00" endTime="2025-12-06T17:55:37.9622858-05:00" testType="13cdc9d9-ddb5-4fa4-a97d-d965ccfc6d4b" outcome="Passed" testListId="8c84fa94-04c1-424b-9868-57a2d4851a1d" relativeResultsDirectory="023941ac-6b01-434c-be08-ca88dfcf1649">
      <Output>
        <StdOut>Starting test: Delete removes document&#xD;
Deleted: True, count: before=1, after=0</StdOut>
      </Output>
    </UnitTestResult>
    <UnitTestResult executionId="9f08e2f6-df4d-4207-9821-55163610ea52" testId="cbd1cc9b-efd5-9a81-f91f-dd241cf07311" testName="Tars.Tests.VectorStoreTests.Similarity: Cosine similarity of orthogonal vectors is 0" computerName="XPS-STEF" duration="00:00:00.0002620" startTime="2025-12-06T17:55:38.0478044-05:00" endTime="2025-12-06T17:55:38.0479187-05:00" testType="13cdc9d9-ddb5-4fa4-a97d-d965ccfc6d4b" outcome="Passed" testListId="8c84fa94-04c1-424b-9868-57a2d4851a1d" relativeResultsDirectory="9f08e2f6-df4d-4207-9821-55163610ea52">
      <Output>
        <StdOut>Starting test: Cosine similarity of orthogonal vectors is 0&#xD;
Similarity: 0</StdOut>
      </Output>
    </UnitTestResult>
    <UnitTestResult executionId="977dc9bb-2ea6-4083-adf0-709b558cc182" testId="05b34b12-d6dd-874f-d540-cc4a4fc4ac4f" testName="Tars.Tests.KTheoryTests.K0: Conservation Law (Mixed Resources)" computerName="XPS-STEF" duration="00:00:00.0116624" startTime="2025-12-06T17:55:37.8601192-05:00" endTime="2025-12-06T17:55:37.8608033-05:00" testType="13cdc9d9-ddb5-4fa4-a97d-d965ccfc6d4b" outcome="Passed" testListId="8c84fa94-04c1-424b-9868-57a2d4851a1d" relativeResultsDirectory="977dc9bb-2ea6-4083-adf0-709b558cc182" />
    <UnitTestResult executionId="c4ee1392-1496-4eda-be48-aa1be8d1bd62" testId="d7c42007-0286-0750-8436-ce31ab515d83" testName="Tars.Tests.VectorStoreTests.SqliteVectorStore: GetCount returns correct count" computerName="XPS-STEF" duration="00:00:00.0266890" startTime="2025-12-06T17:55:37.9624069-05:00" endTime="2025-12-06T17:55:37.9891346-05:00" testType="13cdc9d9-ddb5-4fa4-a97d-d965ccfc6d4b" outcome="Passed" testListId="8c84fa94-04c1-424b-9868-57a2d4851a1d" relativeResultsDirectory="c4ee1392-1496-4eda-be48-aa1be8d1bd62">
      <Output>
        <StdOut>Starting test: SqliteVectorStore count&#xD;
Count: before=0, after=2</StdOut>
      </Output>
    </UnitTestResult>
    <UnitTestResult executionId="c7b19fd0-490c-4064-9f26-db1cdbf2d533" testId="717127c9-8cb4-b6d2-4cb8-612f3263f3bf" testName="Tars.Tests.AnnVectorStoreTests.AnnVectorStore falls back when bucket empty" computerName="XPS-STEF" duration="00:00:00.0864915" startTime="2025-12-06T17:55:37.7091476-05:00" endTime="2025-12-06T17:55:37.8418202-05:00" testType="13cdc9d9-ddb5-4fa4-a97d-d965ccfc6d4b" outcome="Passed" testListId="8c84fa94-04c1-424b-9868-57a2d4851a1d" relativeResultsDirectory="c7b19fd0-490c-4064-9f26-db1cdbf2d533" />
    <UnitTestResult executionId="f3cf4c0d-af44-4e06-a427-5dbdd8b26958" testId="6d492b4b-5490-1c4f-9de9-bae11abd9daf" testName="Tars.Tests.VectorStoreTests.InMemoryVectorStore: Clear removes all data" computerName="XPS-STEF" duration="00:00:00.0013353" startTime="2025-12-06T17:55:38.0147653-05:00" endTime="2025-12-06T17:55:38.0160147-05:00" testType="13cdc9d9-ddb5-4fa4-a97d-d965ccfc6d4b" outcome="Passed" testListId="8c84fa94-04c1-424b-9868-57a2d4851a1d" relativeResultsDirectory="f3cf4c0d-af44-4e06-a427-5dbdd8b26958">
      <Output>
        <StdOut>Starting test: Clear removes all data&#xD;
Collections: before=2, after=0</StdOut>
      </Output>
    </UnitTestResult>
    <UnitTestResult executionId="0f75e5c4-da9e-47cf-a882-800fa7ac1c6a" testId="73d1e17d-66f7-ca1e-2b84-33656d9b9e21" testName="Tars.Tests.ChunkingTests.Paragraph: Empty text returns empty list" computerName="XPS-STEF" duration="00:00:00.0005226" startTime="2025-12-06T17:55:37.8742796-05:00" endTime="2025-12-06T17:55:37.8742929-05:00" testType="13cdc9d9-ddb5-4fa4-a97d-d965ccfc6d4b" outcome="Passed" testListId="8c84fa94-04c1-424b-9868-57a2d4851a1d" relativeResultsDirectory="0f75e5c4-da9e-47cf-a882-800fa7ac1c6a" />
    <UnitTestResult executionId="a44ab0d9-e9a1-4bd8-8002-89df8d26f237" testId="976ed724-f096-7e5d-aac0-fe3de519f4aa" testName="Tars.Tests.KernelTests.Can create and register agent" computerName="XPS-STEF" duration="00:00:00.0025685" startTime="2025-12-06T17:55:37.8715167-05:00" endTime="2025-12-06T17:55:37.8725135-05:00" testType="13cdc9d9-ddb5-4fa4-a97d-d965ccfc6d4b" outcome="Passed" testListId="8c84fa94-04c1-424b-9868-57a2d4851a1d" relativeResultsDirectory="a44ab0d9-e9a1-4bd8-8002-89df8d26f237">
      <Output>
        <StdOut>Starting test: Can create and register agent&#xD;
Creating agent 'TestAgent' with ID 3791ee3d-ab70-4d0a-b2bd-9eb7984bbaf1&#xD;
Registering agent...&#xD;
Agent registered successfully.</StdOut>
      </Output>
    </UnitTestResult>
    <UnitTestResult executionId="85b093b6-eb1d-4f57-8d33-b123fdd43db1" testId="f33e9dee-6611-2cea-d2c4-f528fc876a64" testName="Tars.Tests.ExecutionTests.Execution builder handles LowConfidence" computerName="XPS-STEF" duration="00:00:00.0077769" startTime="2025-12-06T17:55:37.8252676-05:00" endTime="2025-12-06T17:55:37.8295706-05:00" testType="13cdc9d9-ddb5-4fa4-a97d-d965ccfc6d4b" outcome="Passed" testListId="8c84fa94-04c1-424b-9868-57a2d4851a1d" relativeResultsDirectory="85b093b6-eb1d-4f57-8d33-b123fdd43db1" />
    <UnitTestResult executionId="26f72305-cd5f-4999-b358-b4a507c5b6ea" testId="e170c0e3-fcc1-012d-3f99-c34505c6fb31" testName="Tars.Tests.GraphRuntimeTests.handleThinking returns Failure when budget is exhausted" computerName="XPS-STEF" duration="00:00:00.0193956" startTime="2025-12-06T17:55:37.8430017-05:00" endTime="2025-12-06T17:55:37.8569959-05:00" testType="13cdc9d9-ddb5-4fa4-a97d-d965ccfc6d4b" outcome="Passed" testListId="8c84fa94-04c1-424b-9868-57a2d4851a1d" relativeResultsDirectory="26f72305-cd5f-4999-b358-b4a507c5b6ea" />
    <UnitTestResult executionId="3c5cc343-10b7-4d51-9d52-2db611ed4500" testId="bb1cf60f-4875-c719-0e8e-171460e0e944" testName="Tars.Tests.AgentWorkflowTests.Agent workflow accumulates warnings" computerName="XPS-STEF" duration="00:00:00.0013641" startTime="2025-12-06T17:55:37.8911579-05:00" endTime="2025-12-06T17:55:37.8911733-05:00" testType="13cdc9d9-ddb5-4fa4-a97d-d965ccfc6d4b" outcome="Passed" testListId="8c84fa94-04c1-424b-9868-57a2d4851a1d" relativeResultsDirectory="3c5cc343-10b7-4d51-9d52-2db611ed4500" />
    <UnitTestResult executionId="4b16f273-d6fd-48d5-9b98-41460e59ad0a" testId="5914f593-046d-91fe-d97d-dc55b0c3f5c8" testName="Tars.Tests.VectorStoreTests.InMemoryVectorStore: File persistence works" computerName="XPS-STEF" duration="00:00:00.0343286" startTime="2025-12-06T17:55:37.8895774-05:00" endTime="2025-12-06T17:55:37.9043238-05:00" testType="13cdc9d9-ddb5-4fa4-a97d-d965ccfc6d4b" outcome="Passed" testListId="8c84fa94-04c1-424b-9868-57a2d4851a1d" relativeResultsDirectory="4b16f273-d6fd-48d5-9b98-41460e59ad0a">
      <Output>
        <StdOut>Starting test: File persistence works&#xD;
Successfully persisted and loaded data from C:\Users\spare\AppData\Local\Temp\vectorstore_test_1d8ff450-34c7-4f70-a2f9-54155ef9fab6.json</StdOut>
      </Output>
    </UnitTestResult>
    <UnitTestResult executionId="54c1f20f-f3ea-414d-b35d-7b8bd9af884b" testId="36cd5560-e3aa-cdda-cd8f-28711f2d655a" testName="Tars.Tests.VectorStoreTests.Similarity: Cosine similarity of opposite vectors is -1" computerName="XPS-STEF" duration="00:00:00.0003132" startTime="2025-12-06T17:55:37.9304637-05:00" endTime="2025-12-06T17:55:37.9307300-05:00" testType="13cdc9d9-ddb5-4fa4-a97d-d965ccfc6d4b" outcome="Passed" testListId="8c84fa94-04c1-424b-9868-57a2d4851a1d" relativeResultsDirectory="54c1f20f-f3ea-414d-b35d-7b8bd9af884b">
      <Output>
        <StdOut>Starting test: Cosine similarity of opposite vectors is -1&#xD;
Similarity: -0.99999994</StdOut>
      </Output>
    </UnitTestResult>
    <UnitTestResult executionId="67c840e2-020c-45c0-b60e-3ad7bba4f3bd" testId="d44801e4-d709-bd28-a7df-b02a057f31bd" testName="Tars.Tests.ExecutionTests.Execution builder handles empty chain" computerName="XPS-STEF" duration="00:00:00.0087314" startTime="2025-12-06T17:55:37.7089885-05:00" endTime="2025-12-06T17:55:37.7999198-05:00" testType="13cdc9d9-ddb5-4fa4-a97d-d965ccfc6d4b" outcome="Passed" testListId="8c84fa94-04c1-424b-9868-57a2d4851a1d" relativeResultsDirectory="67c840e2-020c-45c0-b60e-3ad7bba4f3bd" />
    <UnitTestResult executionId="c1e18216-641d-4585-bcc0-c1cd16a57fe9" testId="e8b4c008-014d-aa46-c2af-1cc998998f62" testName="Tars.Tests.VectorStoreTests.SqliteVectorStore: Can update existing document" computerName="XPS-STEF" duration="00:00:00.0272946" startTime="2025-12-06T17:55:37.9309026-05:00" endTime="2025-12-06T17:55:37.9580703-05:00" testType="13cdc9d9-ddb5-4fa4-a97d-d965ccfc6d4b" outcome="Passed" testListId="8c84fa94-04c1-424b-9868-57a2d4851a1d" relativeResultsDirectory="c1e18216-641d-4585-bcc0-c1cd16a57fe9">
      <Output>
        <StdOut>Starting test: SqliteVectorStore update&#xD;
Document updated successfully</StdOut>
      </Output>
    </UnitTestResult>
    <UnitTestResult executionId="02cf5cf9-81c0-49c2-bd02-9b8bd280c850" testId="e3cb45cf-a640-a511-5753-c561369df6fe" testName="Tars.Tests.SemanticSerializationTests.Can deserialize JSON-LD to SemanticMessage" computerName="XPS-STEF" duration="00:00:00.0005611" startTime="2025-12-06T17:55:37.8603871-05:00" endTime="2025-12-06T17:55:37.8604226-05:00" testType="13cdc9d9-ddb5-4fa4-a97d-d965ccfc6d4b" outcome="Passed" testListId="8c84fa94-04c1-424b-9868-57a2d4851a1d" relativeResultsDirectory="02cf5cf9-81c0-49c2-bd02-9b8bd280c850" />
    <UnitTestResult executionId="00857691-789a-45e2-858a-5ddb225e6081" testId="05f46f4d-8d76-dc71-a082-1d53acc32ef7" testName="Tars.Tests.AgentWorkflowTests.Agent workflow succeed helper works" computerName="XPS-STEF" duration="00:00:00.0004272" startTime="2025-12-06T17:55:37.8912694-05:00" endTime="2025-12-06T17:55:37.8912886-05:00" testType="13cdc9d9-ddb5-4fa4-a97d-d965ccfc6d4b" outcome="Passed" testListId="8c84fa94-04c1-424b-9868-57a2d4851a1d" relativeResultsDirectory="00857691-789a-45e2-858a-5ddb225e6081" />
    <UnitTestResult executionId="c7f8d3ab-234c-48c0-97eb-87c250125549" testId="d07f8753-216a-cc43-39c9-8e82dfe54fae" testName="Tars.Tests.KTheoryTests.K1: Large star graph has no cycles" computerName="XPS-STEF" duration="00:00:00.0008279" startTime="2025-12-06T17:55:37.8689680-05:00" endTime="2025-12-06T17:55:37.8692422-05:00" testType="13cdc9d9-ddb5-4fa4-a97d-d965ccfc6d4b" outcome="Passed" testListId="8c84fa94-04c1-424b-9868-57a2d4851a1d" relativeResultsDirectory="c7f8d3ab-234c-48c0-97eb-87c250125549" />
    <UnitTestResult executionId="f6f43098-9084-4260-aa07-d2f77e9c6b7c" testId="951b6479-f38f-fe8a-48f5-33bf46b329e3" testName="Tars.Tests.OutputGuardLlmTests.LlmOutputGuardAnalyzer parses risk/action from JSON" computerName="XPS-STEF" duration="00:00:00.0165347" startTime="2025-12-06T17:55:37.8875885-05:00" endTime="2025-12-06T17:55:37.8881000-05:00" testType="13cdc9d9-ddb5-4fa4-a97d-d965ccfc6d4b" outcome="Passed" testListId="8c84fa94-04c1-424b-9868-57a2d4851a1d" relativeResultsDirectory="f6f43098-9084-4260-aa07-d2f77e9c6b7c" />
    <UnitTestResult executionId="e2a17710-d61f-4cf9-81f1-5834395143a3" testId="bfdf812d-65e9-0648-4f24-7d9f6ab03719" testName="Tars.Tests.SandboxTests.Sandbox has no internet access" computerName="XPS-STEF" duration="00:00:00.3394006" startTime="2025-12-06T17:55:38.1296400-05:00" endTime="2025-12-06T17:55:38.4692074-05:00" testType="13cdc9d9-ddb5-4fa4-a97d-d965ccfc6d4b" outcome="Passed" testListId="8c84fa94-04c1-424b-9868-57a2d4851a1d" relativeResultsDirectory="e2a17710-d61f-4cf9-81f1-5834395143a3">
      <Output>
        <StdOut>Stdout: &#xD;
Stderr: Traceback (most recent call last):
  File "/usr/local/lib/python3.11/urllib/request.py", line 1348, in do_open
    h.request(req.get_method(), req.selector, req.data, headers,
  File "/usr/local/lib/python3.11/http/client.py", line 1303, in request
    self._send_request(method, url, body, headers, encode_chunked)
  File "/usr/local/lib/python3.11/http/client.py", line 1349, in _send_request
    self.endheaders(body, encode_chunked=encode_chunked)
  File "/usr/local/lib/python3.11/http/client.py", line 1298, in endheaders
    self._send_output(message_body, encode_chunked=encode_chunked)
  File "/usr/local/lib/python3.11/http/client.py", line 1058, in _send_output
    self.send(msg)
  File "/usr/local/lib/python3.11/http/client.py", line 996, in send
    self.connect()
  File "/usr/local/lib/python3.11/http/client.py", line 962, in connect
    self.sock = self._create_connection(
                ^^^^^^^^^^^^^^^^^^^^^^^^
  File "/usr/local/lib/python3.11/socket.py", line 839, in create_connection
    for res in getaddrinfo(host, port, 0, SOCK_STREAM):
               ^^^^^^^^^^^^^^^^^^^^^^^^^^^^^^^^^^^^^^^
  File "/usr/local/lib/python3.11/socket.py", line 974, in getaddrinfo
    for res in _socket.getaddrinfo(host, port, family, type, proto, flags):
               ^^^^^^^^^^^^^^^^^^^^^^^^^^^^^^^^^^^^^^^^^^^^^^^^^^^^^^^^^^^
socket.gaierror: [Errno -3] Temporary failure in name resolution

During handling of the above exception, another exception occurred:

Traceback (most recent call last):
  File "&lt;string&gt;", line 1, in &lt;module&gt;
  File "/usr/local/lib/python3.11/urllib/request.py", line 216, in urlopen
    return opener.open(url, data, timeout)
           ^^^^^^^^^^^^^^^^^^^^^^^^^^^^^^^
  File "/usr/local/lib/python3.11/urllib/request.py", line 519, in open
    response = self._open(req, data)
               ^^^^^^^^^^^^^^^^^^^^^
  File "/usr/local/lib/python3.11/urllib/request.py", line 536, in _open
    result = self._call_chain(self.handle_open, protocol, protocol +
             ^^^^^^^^^^^^^^^^^^^^^^^^^^^^^^^^^^^^^^^^^^^^^^^^^^^^^^^
  File "/usr/local/lib/python3.11/urllib/request.py", line 496, in _call_chain
    result = func(*args)
             ^^^^^^^^^^^
  File "/usr/local/lib/python3.11/urllib/request.py", line 1377, in http_open
    return self.do_open(http.client.HTTPConnection, req)
           ^^^^^^^^^^^^^^^^^^^^^^^^^^^^^^^^^^^^^^^^^^^^^
  File "/usr/local/lib/python3.11/urllib/request.py", line 1351, in do_open
    raise URLError(err)
urllib.error.URLError: &lt;urlopen error [Errno -3] Temporary failure in name resolution&gt;
&#xD;
ExitCode: 1</StdOut>
      </Output>
    </UnitTestResult>
    <UnitTestResult executionId="ab454a4d-1d16-4eac-8cdd-fa407e31bba3" testId="413eda43-2575-af7a-2f9e-ff7699f8657b" testName="Tars.Tests.KTheoryTests.Budget: CanAfford does not consume" computerName="XPS-STEF" duration="00:00:00.0004598" startTime="2025-12-06T17:55:37.8693517-05:00" endTime="2025-12-06T17:55:37.8697269-05:00" testType="13cdc9d9-ddb5-4fa4-a97d-d965ccfc6d4b" outcome="Passed" testListId="8c84fa94-04c1-424b-9868-57a2d4851a1d" relativeResultsDirectory="ab454a4d-1d16-4eac-8cdd-fa407e31bba3" />
    <UnitTestResult executionId="cd169ba8-096f-4716-a234-3eb71324cb46" testId="83ad98af-02c2-2aaf-d57d-b5ac5cf7924f" testName="Tars.Tests.PatternRecognitionTests.DetectAnomalies finds explicit contradictions" computerName="XPS-STEF" duration="00:00:00.0070346" startTime="2025-12-06T17:55:37.8429074-05:00" endTime="2025-12-06T17:55:37.8430132-05:00" testType="13cdc9d9-ddb5-4fa4-a97d-d965ccfc6d4b" outcome="Passed" testListId="8c84fa94-04c1-424b-9868-57a2d4851a1d" relativeResultsDirectory="cd169ba8-096f-4716-a234-3eb71324cb46" />
    <UnitTestResult executionId="4f22a944-416a-4437-9ddb-0e8768bdf06d" testId="6ca1b218-1ecf-fae7-4448-8d9cb83a7446" testName="Tars.Tests.GraphTests.ResponseParser: Treats incomplete tool format as text" computerName="XPS-STEF" duration="00:00:00.0015199" startTime="2025-12-06T17:55:37.8551364-05:00" endTime="2025-12-06T17:55:37.8561742-05:00" testType="13cdc9d9-ddb5-4fa4-a97d-d965ccfc6d4b" outcome="Passed" testListId="8c84fa94-04c1-424b-9868-57a2d4851a1d" relativeResultsDirectory="4f22a944-416a-4437-9ddb-0e8768bdf06d">
      <Output>
        <StdOut>Starting test: Treats incomplete tool format as text&#xD;
Correctly treated incomplete tool format as text</StdOut>
      </Output>
    </UnitTestResult>
    <UnitTestResult executionId="a0bc0a25-ce70-49a2-b1a2-0c132c0b31b4" testId="c218ed09-0bda-a4da-142e-c25ab66ec195" testName="Tars.Tests.LpaTests.LPA handles single node" computerName="XPS-STEF" duration="00:00:00.0151336" startTime="2025-12-06T17:55:37.8586836-05:00" endTime="2025-12-06T17:55:37.8763545-05:00" testType="13cdc9d9-ddb5-4fa4-a97d-d965ccfc6d4b" outcome="Failed" testListId="8c84fa94-04c1-424b-9868-57a2d4851a1d" relativeResultsDirectory="a0bc0a25-ce70-49a2-b1a2-0c132c0b31b4">
      <Output>
        <ErrorInfo>
          <Message>Assert.True() Failure&#xD;
Expected: True&#xD;
Actual:   False</Message>
          <StackTrace>   at Tars.Tests.LpaTests.LPA handles single node() in C:\Users\spare\source\repos\tars\v2\tests\Tars.Tests\LpaTests.fs:line 45&#xD;
   at System.Reflection.MethodBaseInvoker.InterpretedInvoke_Method(Object obj, IntPtr* args)&#xD;
   at System.Reflection.MethodBaseInvoker.InvokeWithNoArgs(Object obj, BindingFlags invokeAttr)</StackTrace>
        </ErrorInfo>
      </Output>
    </UnitTestResult>
    <UnitTestResult executionId="542b195d-fc85-42ae-9164-5927bad6392f" testId="e505859d-d1d4-bd79-b5ec-22096997155f" testName="Tars.Tests.ExecutionTests.Execution builder accumulates warnings" computerName="XPS-STEF" duration="00:00:00.0034553" startTime="2025-12-06T17:55:37.8324671-05:00" endTime="2025-12-06T17:55:37.8326762-05:00" testType="13cdc9d9-ddb5-4fa4-a97d-d965ccfc6d4b" outcome="Passed" testListId="8c84fa94-04c1-424b-9868-57a2d4851a1d" relativeResultsDirectory="542b195d-fc85-42ae-9164-5927bad6392f" />
    <UnitTestResult executionId="da168c74-e0bb-48ee-ad25-71dc0033aaea" testId="4fa7e388-dfcb-03e5-71c5-1b7e4f0b1212" testName="Tars.Tests.SecurityTests.CredentialVault: Can register and retrieve secret" computerName="XPS-STEF" duration="00:00:00.0002210" startTime="2025-12-06T17:55:37.8290379-05:00" endTime="2025-12-06T17:55:37.8291043-05:00" testType="13cdc9d9-ddb5-4fa4-a97d-d965ccfc6d4b" outcome="Passed" testListId="8c84fa94-04c1-424b-9868-57a2d4851a1d" relativeResultsDirectory="da168c74-e0bb-48ee-ad25-71dc0033aaea">
      <Output>
        <StdOut>Starting test: Can register and retrieve secret&#xD;
Successfully retrieved secret for key: TEST_SECRET_57198fbb-5ee3-43b6-adb8-535a4a6e78de</StdOut>
      </Output>
    </UnitTestResult>
    <UnitTestResult executionId="2b64a9d4-9c08-4649-a0cd-fc7366d439c6" testId="f758dd14-de19-49f5-05cf-ff07b10d198f" testName="Tars.Tests.SecurityTests.CredentialVault: Can update existing secret" computerName="XPS-STEF" duration="00:00:00.0007658" startTime="2025-12-06T17:55:37.8288802-05:00" endTime="2025-12-06T17:55:37.8289394-05:00" testType="13cdc9d9-ddb5-4fa4-a97d-d965ccfc6d4b" outcome="Passed" testListId="8c84fa94-04c1-424b-9868-57a2d4851a1d" relativeResultsDirectory="2b64a9d4-9c08-4649-a0cd-fc7366d439c6">
      <Output>
        <StdOut>Starting test: Can update existing secret&#xD;
Successfully updated and retrieved secret</StdOut>
      </Output>
    </UnitTestResult>
    <UnitTestResult executionId="7ddfe4c4-323a-4185-8285-824e310049b2" testId="3958ed68-329c-8b23-21f7-c485ae2ea761" testName="Tars.Tests.KTheoryTests.Budget: Multiple dimensions checked independently" computerName="XPS-STEF" duration="00:00:00.0006292" startTime="2025-12-06T17:55:37.8716689-05:00" endTime="2025-12-06T17:55:37.8716764-05:00" testType="13cdc9d9-ddb5-4fa4-a97d-d965ccfc6d4b" outcome="Passed" testListId="8c84fa94-04c1-424b-9868-57a2d4851a1d" relativeResultsDirectory="7ddfe4c4-323a-4185-8285-824e310049b2" />
    <UnitTestResult executionId="cd373835-7239-42af-93fd-28f0e7be2069" testId="c9af01c1-94ce-8496-cc4f-047419ac023e" testName="Tars.Tests.GraphTests.PromptBuilder: Includes message history" computerName="XPS-STEF" duration="00:00:00.0011878" startTime="2025-12-06T17:55:37.8463837-05:00" endTime="2025-12-06T17:55:37.8464650-05:00" testType="13cdc9d9-ddb5-4fa4-a97d-d965ccfc6d4b" outcome="Passed" testListId="8c84fa94-04c1-424b-9868-57a2d4851a1d" relativeResultsDirectory="cd373835-7239-42af-93fd-28f0e7be2069">
      <Output>
        <StdOut>Starting test: Includes message history&#xD;
History correctly included in prompt</StdOut>
      </Output>
    </UnitTestResult>
    <UnitTestResult executionId="2157dcbb-0ce2-498e-8228-e17774d5170d" testId="c8a1e05f-0e12-50e7-15cd-02af7140eda9" testName="GrammarDistillationTests.Does not distill rule when insufficient patterns exist" computerName="XPS-STEF" duration="00:00:00.0004307" startTime="2025-12-06T17:55:37.8678272-05:00" endTime="2025-12-06T17:55:37.8681153-05:00" testType="13cdc9d9-ddb5-4fa4-a97d-d965ccfc6d4b" outcome="Passed" testListId="8c84fa94-04c1-424b-9868-57a2d4851a1d" relativeResultsDirectory="2157dcbb-0ce2-498e-8228-e17774d5170d" />
    <UnitTestResult executionId="1e2fd953-3c4c-481e-8b1a-c26479a8470c" testId="0b5740b7-fa06-1965-cd3a-23e5bf8c9546" testName="Tars.Tests.KTheoryTests.K1: Detects simple 2-cycle" computerName="XPS-STEF" duration="00:00:00.0001863" startTime="2025-12-06T17:55:37.8573796-05:00" endTime="2025-12-06T17:55:37.8573909-05:00" testType="13cdc9d9-ddb5-4fa4-a97d-d965ccfc6d4b" outcome="Passed" testListId="8c84fa94-04c1-424b-9868-57a2d4851a1d" relativeResultsDirectory="1e2fd953-3c4c-481e-8b1a-c26479a8470c" />
    <UnitTestResult executionId="6455809d-f967-4a72-a70f-a0be7358a844" testId="26ef8fe5-5ed4-1c95-8150-d06fad36f447" testName="Tars.Tests.AgentWorkflowTests.Stabilize: No log with low inertia" computerName="XPS-STEF" duration="00:00:00.0036029" startTime="2025-12-06T17:55:37.8917487-05:00" endTime="2025-12-06T17:55:37.8938629-05:00" testType="13cdc9d9-ddb5-4fa4-a97d-d965ccfc6d4b" outcome="Passed" testListId="8c84fa94-04c1-424b-9868-57a2d4851a1d" relativeResultsDirectory="6455809d-f967-4a72-a70f-a0be7358a844" />
    <UnitTestResult executionId="1f5b0cff-28bb-4d86-b9ff-e3f234ec5b92" testId="a70ac5d9-6891-0519-6558-c7981610d284" testName="Tars.Tests.ChunkingTests.getParentContext: Returns adjacent chunks" computerName="XPS-STEF" duration="00:00:00.0047146" startTime="2025-12-06T17:55:37.8744513-05:00" endTime="2025-12-06T17:55:37.8832307-05:00" testType="13cdc9d9-ddb5-4fa4-a97d-d965ccfc6d4b" outcome="Passed" testListId="8c84fa94-04c1-424b-9868-57a2d4851a1d" relativeResultsDirectory="1f5b0cff-28bb-4d86-b9ff-e3f234ec5b92" />
    <UnitTestResult executionId="e7b4ac77-3d6c-429c-861a-21b3b0002bc7" testId="a0ded091-0dc3-3106-419e-3cedb13e55ff" testName="Tars.Tests.KTheoryTests.K1: Handles duplicate edges" computerName="XPS-STEF" duration="00:00:00.0002034" startTime="2025-12-06T17:55:37.8609776-05:00" endTime="2025-12-06T17:55:37.8610013-05:00" testType="13cdc9d9-ddb5-4fa4-a97d-d965ccfc6d4b" outcome="Passed" testListId="8c84fa94-04c1-424b-9868-57a2d4851a1d" relativeResultsDirectory="e7b4ac77-3d6c-429c-861a-21b3b0002bc7" />
    <UnitTestResult executionId="6ecb0cd6-0996-42c4-b9d9-ef3143f5a66e" testId="3a4920b9-4e4c-3678-5e7e-d3d4e5fdc9e1" testName="Tars.Tests.MetascriptTests.Retrieval step returns empty context when no vector store" computerName="XPS-STEF" duration="00:00:00.0138108" startTime="2025-12-06T17:55:37.8730261-05:00" endTime="2025-12-06T17:55:37.8837439-05:00" testType="13cdc9d9-ddb5-4fa4-a97d-d965ccfc6d4b" outcome="Passed" testListId="8c84fa94-04c1-424b-9868-57a2d4851a1d" relativeResultsDirectory="6ecb0cd6-0996-42c4-b9d9-ef3143f5a66e" />
    <UnitTestResult executionId="c6f44560-2801-471f-ae52-f8976b9fd694" testId="89631818-8dde-9f69-6b81-bbd02ea9633f" testName="Tars.Tests.VectorStoreTests.SqliteVectorStore: Persists data across instances" computerName="XPS-STEF" duration="00:00:00.0254345" startTime="2025-12-06T17:55:38.0879845-05:00" endTime="2025-12-06T17:55:38.1134660-05:00" testType="13cdc9d9-ddb5-4fa4-a97d-d965ccfc6d4b" outcome="Passed" testListId="8c84fa94-04c1-424b-9868-57a2d4851a1d" relativeResultsDirectory="c6f44560-2801-471f-ae52-f8976b9fd694">
      <Output>
        <StdOut>Starting test: SqliteVectorStore persistence&#xD;
Data persisted successfully across instances</StdOut>
      </Output>
    </UnitTestResult>
    <UnitTestResult executionId="1ed922ad-fb26-4bd5-880f-4f5ed962e8b9" testId="2022c311-165b-4081-e6f0-26f6012a816a" testName="Tars.Tests.OutputGuardLlmTests.LlmOutputGuardAnalyzer returns None on bad JSON and falls back" computerName="XPS-STEF" duration="00:00:00.0617826" startTime="2025-12-06T17:55:37.8588413-05:00" endTime="2025-12-06T17:55:37.8874619-05:00" testType="13cdc9d9-ddb5-4fa4-a97d-d965ccfc6d4b" outcome="Passed" testListId="8c84fa94-04c1-424b-9868-57a2d4851a1d" relativeResultsDirectory="1ed922ad-fb26-4bd5-880f-4f5ed962e8b9" />
    <UnitTestResult executionId="7d41afc4-5c53-437e-8406-f442bae7d649" testId="eca18d87-0220-2725-c3ac-1754178e1a61" testName="Tars.Tests.ChunkingTests.Recursive: Handles nested structure" computerName="XPS-STEF" duration="00:00:00.0003477" startTime="2025-12-06T17:55:37.8726906-05:00" endTime="2025-12-06T17:55:37.8727096-05:00" testType="13cdc9d9-ddb5-4fa4-a97d-d965ccfc6d4b" outcome="Passed" testListId="8c84fa94-04c1-424b-9868-57a2d4851a1d" relativeResultsDirectory="7d41afc4-5c53-437e-8406-f442bae7d649" />
    <UnitTestResult executionId="3af0c910-afa7-4417-9a67-9eda5805d78c" testId="c5bb4c8d-d587-5e44-a735-3313b24db17f" testName="Tars.Tests.MetascriptTests.Loop step consumes budget per iteration" computerName="XPS-STEF" duration="00:00:00.0059254" startTime="2025-12-06T17:55:37.9086194-05:00" endTime="2025-12-06T17:55:37.9145297-05:00" testType="13cdc9d9-ddb5-4fa4-a97d-d965ccfc6d4b" outcome="Passed" testListId="8c84fa94-04c1-424b-9868-57a2d4851a1d" relativeResultsDirectory="3af0c910-afa7-4417-9a67-9eda5805d78c" />
    <UnitTestResult executionId="7d2508d3-6ec6-4690-ad8c-dafd3fff5da4" testId="5f3e9779-7d38-93ea-11c0-ff19b654273f" testName="Tars.Tests.KTheoryTests.Budget: Allocation fails when insufficient" computerName="XPS-STEF" duration="00:00:00.0002657" startTime="2025-12-06T17:55:37.8583562-05:00" endTime="2025-12-06T17:55:37.8583686-05:00" testType="13cdc9d9-ddb5-4fa4-a97d-d965ccfc6d4b" outcome="Passed" testListId="8c84fa94-04c1-424b-9868-57a2d4851a1d" relativeResultsDirectory="7d2508d3-6ec6-4690-ad8c-dafd3fff5da4" />
    <UnitTestResult executionId="b2bbdf0b-5481-42e2-953b-9a8bd65b2ee6" testId="b4cf4561-2806-c6b1-3cd4-9757ca16d500" testName="Tars.Tests.AgentWorkflowTests.Agent workflow checks budget" computerName="XPS-STEF" duration="00:00:00.0052162" startTime="2025-12-06T17:55:37.8893436-05:00" endTime="2025-12-06T17:55:37.8896274-05:00" testType="13cdc9d9-ddb5-4fa4-a97d-d965ccfc6d4b" outcome="Passed" testListId="8c84fa94-04c1-424b-9868-57a2d4851a1d" relativeResultsDirectory="b2bbdf0b-5481-42e2-953b-9a8bd65b2ee6" />
    <UnitTestResult executionId="54c78eee-eed4-4be6-b36e-8a5db5cb6e0e" testId="5ec7b88a-e706-65d7-e85e-3c5e837f0fb0" testName="Tars.Tests.KTheoryTests.K1: No cycles in single node graph" computerName="XPS-STEF" duration="00:00:00.0018940" startTime="2025-12-06T17:55:37.8445025-05:00" endTime="2025-12-06T17:55:37.8460793-05:00" testType="13cdc9d9-ddb5-4fa4-a97d-d965ccfc6d4b" outcome="Passed" testListId="8c84fa94-04c1-424b-9868-57a2d4851a1d" relativeResultsDirectory="54c78eee-eed4-4be6-b36e-8a5db5cb6e0e" />
    <UnitTestResult executionId="75ca991b-6439-4c49-b743-7a259337a5a8" testId="3d43a53c-d2c2-2127-faac-66c566c466b7" testName="Tars.Tests.ChunkingTests.SlidingWindow: Chunk IDs are unique" computerName="XPS-STEF" duration="00:00:00.0013378" startTime="2025-12-06T17:55:37.8696843-05:00" endTime="2025-12-06T17:55:37.8700774-05:00" testType="13cdc9d9-ddb5-4fa4-a97d-d965ccfc6d4b" outcome="Passed" testListId="8c84fa94-04c1-424b-9868-57a2d4851a1d" relativeResultsDirectory="75ca991b-6439-4c49-b743-7a259337a5a8" />
    <UnitTestResult executionId="cf2f3fbe-eb8b-42e1-994a-9ce244a293fb" testId="489952d8-2812-639e-fbcb-8cbfbfb321db" testName="Tars.Tests.VectorStoreTests.Similarity: Cosine similarity of identical vectors is 1" computerName="XPS-STEF" duration="00:00:00.0153632" startTime="2025-12-06T17:55:37.8402290-05:00" endTime="2025-12-06T17:55:37.8425353-05:00" testType="13cdc9d9-ddb5-4fa4-a97d-d965ccfc6d4b" outcome="Passed" testListId="8c84fa94-04c1-424b-9868-57a2d4851a1d" relativeResultsDirectory="cf2f3fbe-eb8b-42e1-994a-9ce244a293fb">
      <Output>
        <StdOut>Starting test: Cosine similarity of identical vectors is 1&#xD;
Similarity: 0.99999994</StdOut>
      </Output>
    </UnitTestResult>
    <UnitTestResult executionId="66b6e89c-5a8d-474b-b07b-44c8d0965baf" testId="80dee50b-0563-6d1a-17dd-d0cd42ef598d" testName="Tars.Tests.ChunkingTests.Metadata: Contains parent document ID" computerName="XPS-STEF" duration="00:00:00.0005685" startTime="2025-12-06T17:55:37.8710276-05:00" endTime="2025-12-06T17:55:37.8710438-05:00" testType="13cdc9d9-ddb5-4fa4-a97d-d965ccfc6d4b" outcome="Passed" testListId="8c84fa94-04c1-424b-9868-57a2d4851a1d" relativeResultsDirectory="66b6e89c-5a8d-474b-b07b-44c8d0965baf" />
    <UnitTestResult executionId="9587da16-adee-4acc-93f7-c20301dab1aa" testId="c9bf6590-b9a1-dedb-5959-5685c8fe6b2c" testName="Tars.Tests.EpistemicGovernorTests.SuggestCurriculum returns trimmed response" computerName="XPS-STEF" duration="00:00:00.0423485" startTime="2025-12-06T17:55:37.7099118-05:00" endTime="2025-12-06T17:55:37.8328527-05:00" testType="13cdc9d9-ddb5-4fa4-a97d-d965ccfc6d4b" outcome="Passed" testListId="8c84fa94-04c1-424b-9868-57a2d4851a1d" relativeResultsDirectory="9587da16-adee-4acc-93f7-c20301dab1aa" />
    <UnitTestResult executionId="f26246f6-6e4e-4073-a880-3ed4ce9f5a78" testId="ee3613b0-0ef0-6515-af99-4bad8bc9423e" testName="Tars.Tests.TemporalKnowledgeGraphTests.Adding a fact adds implicit nodes" computerName="XPS-STEF" duration="00:00:00.0019738" startTime="2025-12-06T17:55:37.8392047-05:00" endTime="2025-12-06T17:55:37.8400569-05:00" testType="13cdc9d9-ddb5-4fa4-a97d-d965ccfc6d4b" outcome="Passed" testListId="8c84fa94-04c1-424b-9868-57a2d4851a1d" relativeResultsDirectory="f26246f6-6e4e-4073-a880-3ed4ce9f5a78" />
    <UnitTestResult executionId="e12f72b3-b709-4e65-9185-8804b1d79034" testId="d692e460-4ddd-7cad-3935-0e5a7495a723" testName="Tars.Tests.ExecutionTests.Execution builder ReturnFrom works" computerName="XPS-STEF" duration="00:00:00.0017163" startTime="2025-12-06T17:55:37.8345487-05:00" endTime="2025-12-06T17:55:37.8348303-05:00" testType="13cdc9d9-ddb5-4fa4-a97d-d965ccfc6d4b" outcome="Passed" testListId="8c84fa94-04c1-424b-9868-57a2d4851a1d" relativeResultsDirectory="e12f72b3-b709-4e65-9185-8804b1d79034" />
    <UnitTestResult executionId="810b5858-d7ec-41f7-a598-3bda64cf6c6c" testId="05d9e615-b7f8-4e53-7c27-586ca6d08832" testName="Tars.Tests.KTheoryTests.K1: Detects self-loop" computerName="XPS-STEF" duration="00:00:00.0010291" startTime="2025-12-06T17:55:37.8572301-05:00" endTime="2025-12-06T17:55:37.8572482-05:00" testType="13cdc9d9-ddb5-4fa4-a97d-d965ccfc6d4b" outcome="Passed" testListId="8c84fa94-04c1-424b-9868-57a2d4851a1d" relativeResultsDirectory="810b5858-d7ec-41f7-a598-3bda64cf6c6c" />
    <UnitTestResult executionId="38d174a9-718f-44fd-a5a1-ca28de6e9ecb" testId="d84d51f3-6983-3f2d-5681-7a5c28826d82" testName="Tars.Tests.TextNormalizerTests.extractKeywords performs full pipeline" computerName="XPS-STEF" duration="00:00:00.0321688" startTime="2025-12-06T17:55:37.8248972-05:00" endTime="2025-12-06T17:55:37.8331043-05:00" testType="13cdc9d9-ddb5-4fa4-a97d-d965ccfc6d4b" outcome="Passed" testListId="8c84fa94-04c1-424b-9868-57a2d4851a1d" relativeResultsDirectory="38d174a9-718f-44fd-a5a1-ca28de6e9ecb" />
    <UnitTestResult executionId="31499471-a93f-4f9e-90dd-e3a26e8305a1" testId="3a669df1-af9d-ba21-dac1-dea9e8c7ab6d" testName="Tars.Tests.CircuitTests.BufferAgent batches items" computerName="XPS-STEF" duration="00:00:00.0122635" startTime="2025-12-06T17:55:37.9376314-05:00" endTime="2025-12-06T17:55:37.9500334-05:00" testType="13cdc9d9-ddb5-4fa4-a97d-d965ccfc6d4b" outcome="Passed" testListId="8c84fa94-04c1-424b-9868-57a2d4851a1d" relativeResultsDirectory="31499471-a93f-4f9e-90dd-e3a26e8305a1" />
    <UnitTestResult executionId="4397d316-e033-4d16-b1df-4bbae9f6871e" testId="6aa830b5-ed79-4a2f-e122-77012f96164d" testName="Tars.Tests.MetascriptTests.Engine calls Retrieve and Grow on SemanticMemory" computerName="XPS-STEF" duration="00:00:00.0024857" startTime="2025-12-06T17:55:37.9333284-05:00" endTime="2025-12-06T17:55:37.9357624-05:00" testType="13cdc9d9-ddb5-4fa4-a97d-d965ccfc6d4b" outcome="Passed" testListId="8c84fa94-04c1-424b-9868-57a2d4851a1d" relativeResultsDirectory="4397d316-e033-4d16-b1df-4bbae9f6871e" />
    <UnitTestResult executionId="119ab051-5e7c-4d41-a4a8-267ccf6d8778" testId="31543406-f9ec-d528-ca94-97f188e9780e" testName="Tars.Tests.MetascriptTests.Hybrid search combines semantic and keyword scores" computerName="XPS-STEF" duration="00:00:00.0027349" startTime="2025-12-06T17:55:37.9041329-05:00" endTime="2025-12-06T17:55:37.9067237-05:00" testType="13cdc9d9-ddb5-4fa4-a97d-d965ccfc6d4b" outcome="Passed" testListId="8c84fa94-04c1-424b-9868-57a2d4851a1d" relativeResultsDirectory="119ab051-5e7c-4d41-a4a8-267ccf6d8778" />
    <UnitTestResult executionId="c29d8523-8d5a-4cf2-982f-4f247e63fc34" testId="c37ec67f-9ad6-6003-d267-25a8be9cb144" testName="Tars.Tests.TextNormalizerTests.normalize removes special chars and lowercases" computerName="XPS-STEF" duration="00:00:00.0159549" startTime="2025-12-06T17:55:37.7090341-05:00" endTime="2025-12-06T17:55:37.8010935-05:00" testType="13cdc9d9-ddb5-4fa4-a97d-d965ccfc6d4b" outcome="Passed" testListId="8c84fa94-04c1-424b-9868-57a2d4851a1d" relativeResultsDirectory="c29d8523-8d5a-4cf2-982f-4f247e63fc34" />
    <UnitTestResult executionId="a9a80b23-ef77-4e84-8dfc-d4131cc75c4b" testId="71a6f700-ec4e-22a9-5a3f-af5aa8c6836d" testName="Tars.Tests.AgentWorkflowTests.Transform: Passes through failure" computerName="XPS-STEF" duration="00:00:00.0030791" startTime="2025-12-06T17:55:37.8913999-05:00" endTime="2025-12-06T17:55:37.8914196-05:00" testType="13cdc9d9-ddb5-4fa4-a97d-d965ccfc6d4b" outcome="Passed" testListId="8c84fa94-04c1-424b-9868-57a2d4851a1d" relativeResultsDirectory="a9a80b23-ef77-4e84-8dfc-d4131cc75c4b" />
    <UnitTestResult executionId="81526100-2db2-4632-8ea9-69d32a1946eb" testId="ffc1466f-03e9-0dce-1792-2a551da95fc5" testName="Tars.Tests.GrammarTests.Can parse tasks with spaces" computerName="XPS-STEF" duration="00:00:00.0008865" startTime="2025-12-06T17:55:37.8380014-05:00" endTime="2025-12-06T17:55:37.8383455-05:00" testType="13cdc9d9-ddb5-4fa4-a97d-d965ccfc6d4b" outcome="Passed" testListId="8c84fa94-04c1-424b-9868-57a2d4851a1d" relativeResultsDirectory="81526100-2db2-4632-8ea9-69d32a1946eb">
      <Output>
        <StdOut>Starting test: Can parse tasks with spaces&#xD;
Input grammar:&#xD;
&#xD;
goal "Complex Goal" {&#xD;
    task "Task One"&#xD;
    task "Task Two"&#xD;
}&#xD;
&#xD;
Parsed 1 goals.&#xD;
Verified names with spaces.</StdOut>
      </Output>
    </UnitTestResult>
    <UnitTestResult executionId="df01750d-7184-4912-ace5-eafc574c11a9" testId="8e2b7b28-315d-a2a5-c77c-3d0ef8ebb3a8" testName="Tars.Tests.GrammarTests.Can parse multiple goals" computerName="XPS-STEF" duration="00:00:00.0009533" startTime="2025-12-06T17:55:37.8369965-05:00" endTime="2025-12-06T17:55:37.8371319-05:00" testType="13cdc9d9-ddb5-4fa4-a97d-d965ccfc6d4b" outcome="Passed" testListId="8c84fa94-04c1-424b-9868-57a2d4851a1d" relativeResultsDirectory="df01750d-7184-4912-ace5-eafc574c11a9">
      <Output>
        <StdOut>Starting test: Can parse multiple goals&#xD;
Input grammar:&#xD;
&#xD;
goal "G1" {&#xD;
    task "T1"&#xD;
}&#xD;
goal "G2" {&#xD;
    task "T2"&#xD;
    task "T3"&#xD;
}&#xD;
&#xD;
Parsed 2 goals.&#xD;
Verified multiple goals and their tasks.</StdOut>
      </Output>
    </UnitTestResult>
[...]
    <TestEntry testId="b9d64aee-b0d2-f266-429d-53a5530cbba8" executionId="dc3e4067-bebf-4da8-93b1-f4ebf9f86e1c" testListId="8c84fa94-04c1-424b-9868-57a2d4851a1d" />
    <TestEntry testId="70a9cda1-2b2d-3b5d-fb69-0bfa3ee62431" executionId="b6eccb69-efa7-46c0-9414-11ae7ed2b617" testListId="8c84fa94-04c1-424b-9868-57a2d4851a1d" />
    <TestEntry testId="00529082-c6d0-053b-9d50-245600c4024c" executionId="31adccb3-3b3b-4cbd-91c9-b68e09174cb8" testListId="8c84fa94-04c1-424b-9868-57a2d4851a1d" />
    <TestEntry testId="a2e55d99-fc52-68f6-52f2-4ad98958c1a4" executionId="d1d4eb36-d868-4d02-83a9-8f89ee6c3b7e" testListId="8c84fa94-04c1-424b-9868-57a2d4851a1d" />
    <TestEntry testId="d833986f-e34b-9b35-c32a-f4208f43db97" executionId="214b4dc9-19cd-432b-bd68-f36a69aa96da" testListId="8c84fa94-04c1-424b-9868-57a2d4851a1d" />
    <TestEntry testId="cdcd329b-87a5-3fce-fb45-1e43f98ce907" executionId="5e419e66-642d-47c8-b8e8-2bc601a3f769" testListId="8c84fa94-04c1-424b-9868-57a2d4851a1d" />
    <TestEntry testId="c9f39679-b2b1-a9c6-32e9-c32be5a6b586" executionId="3c1a17c6-c2e5-4e0b-85f9-a7ded6cfac7c" testListId="8c84fa94-04c1-424b-9868-57a2d4851a1d" />
    <TestEntry testId="4f12494b-fd53-db26-24d5-07f3ca385e55" executionId="32a04c1a-70ae-414d-9f64-62684feadf6f" testListId="8c84fa94-04c1-424b-9868-57a2d4851a1d" />
    <TestEntry testId="dc911937-d080-ad1e-311f-2fe924cf1a51" executionId="96b041b6-7ec3-4a95-836e-db0b10fd62d2" testListId="8c84fa94-04c1-424b-9868-57a2d4851a1d" />
    <TestEntry testId="7019c6cd-ec1d-eff6-184c-2c2b3a304ff0" executionId="4d7f3b19-9d49-4a76-ad31-c3a5434e8a44" testListId="8c84fa94-04c1-424b-9868-57a2d4851a1d" />
    <TestEntry testId="95ae6120-ac26-f8af-a6f5-dd7f60af95ba" executionId="ef7a689f-c7df-4b63-bebd-63f3928c04a1" testListId="8c84fa94-04c1-424b-9868-57a2d4851a1d" />
    <TestEntry testId="f569da7e-2819-ca72-abfb-ffb9093cd6c7" executionId="a914a707-050d-47cc-a4d9-100855c927ac" testListId="8c84fa94-04c1-424b-9868-57a2d4851a1d" />
    <TestEntry testId="1d219307-3a60-f2d7-7297-63b2135a9d0f" executionId="97d4a84d-f05a-44e4-9944-6ae7bd3cde70" testListId="8c84fa94-04c1-424b-9868-57a2d4851a1d" />
    <TestEntry testId="1253d08c-b658-a792-2065-63acaf2fbd35" executionId="923086f9-172c-4f48-ae62-dc4ddc387cc7" testListId="8c84fa94-04c1-424b-9868-57a2d4851a1d" />
    <TestEntry testId="7dec5ca4-1561-28cd-21f7-8d21139fd6d3" executionId="c8a89438-5304-43b4-9a37-3af2520062c3" testListId="8c84fa94-04c1-424b-9868-57a2d4851a1d" />
    <TestEntry testId="4d8efe5a-8a80-57ba-5ded-74b13280edda" executionId="eb5f1cf0-c6ff-4066-83a2-b0961c93cf1e" testListId="8c84fa94-04c1-424b-9868-57a2d4851a1d" />
    <TestEntry testId="acefed03-c519-0d82-7b33-a6b933719c2b" executionId="0c09b50f-2c58-4738-86aa-7351891eed88" testListId="8c84fa94-04c1-424b-9868-57a2d4851a1d" />
    <TestEntry testId="a6b0cdd7-adb3-ff5c-58f4-5e0fe3b93b48" executionId="e6e36502-b529-4733-84a8-43f38968313a" testListId="8c84fa94-04c1-424b-9868-57a2d4851a1d" />
    <TestEntry testId="d2ae0957-3fc5-ce7b-50d3-d3aaa1527bbf" executionId="ede49e2a-e1fb-47ae-8eaf-df4a1b229a29" testListId="8c84fa94-04c1-424b-9868-57a2d4851a1d" />
    <TestEntry testId="a96fb975-d1fb-7be6-a79d-532b58bc2aa2" executionId="dbdfd1a7-0985-4472-8f92-2b5d68b7d450" testListId="8c84fa94-04c1-424b-9868-57a2d4851a1d" />
    <TestEntry testId="50e84a3d-0349-62d0-f054-ebf9443a6405" executionId="41d4b927-b43e-46d6-b228-ca4875a97f7b" testListId="8c84fa94-04c1-424b-9868-57a2d4851a1d" />
    <TestEntry testId="835b043a-5f51-afa6-6184-fd91c019cea0" executionId="4ac7c6ab-8f55-42f8-80fe-7c72b57bd8d2" testListId="8c84fa94-04c1-424b-9868-57a2d4851a1d" />
    <TestEntry testId="15fa9fb9-d20e-d5b3-4a06-d270e84ce25e" executionId="c915fae2-b597-4c77-a291-f40c3aeb0605" testListId="8c84fa94-04c1-424b-9868-57a2d4851a1d" />
    <TestEntry testId="01203b90-afe8-d6b3-b5d6-0bae5880e51a" executionId="b19ca2da-00dd-49a4-a87c-3f445a860a20" testListId="8c84fa94-04c1-424b-9868-57a2d4851a1d" />
    <TestEntry testId="8f6eacef-e309-1b79-0540-6a8cdace31ad" executionId="f5ef5980-fa75-4d02-9f97-b5359a87da4d" testListId="8c84fa94-04c1-424b-9868-57a2d4851a1d" />
    <TestEntry testId="b766de93-bc32-1cdb-7a56-b6b37d2c8092" executionId="03adea9f-bc19-4f6f-93f5-dc56f0de1b22" testListId="8c84fa94-04c1-424b-9868-57a2d4851a1d" />
    <TestEntry testId="1416d016-1c91-f9b3-e938-7e0bc861e322" executionId="996ccc68-b570-4f87-a769-8e94bac655c6" testListId="8c84fa94-04c1-424b-9868-57a2d4851a1d" />
    <TestEntry testId="05f19e86-d0eb-4075-35b1-6920acfbd8d5" executionId="5f527b06-50e1-4566-a5bc-ce39accf4ac5" testListId="8c84fa94-04c1-424b-9868-57a2d4851a1d" />
    <TestEntry testId="351acbc4-1276-1c8a-f7ad-8ead5cfd9590" executionId="a76f0892-34fa-49ab-a56d-fb643cd81545" testListId="8c84fa94-04c1-424b-9868-57a2d4851a1d" />
    <TestEntry testId="4b863590-cb0b-0aa8-82ea-6677f1b265f9" executionId="f014ca20-35df-42d0-9626-cd12287cfcfc" testListId="8c84fa94-04c1-424b-9868-57a2d4851a1d" />
    <TestEntry testId="9c8eacb5-5887-732e-a283-542f78fb3b30" executionId="48cd2e45-3d9d-48ba-9bc1-ab83edc92b81" testListId="8c84fa94-04c1-424b-9868-57a2d4851a1d" />
    <TestEntry testId="98ca93f7-5f0b-07cf-3082-539b4d57c1d4" executionId="ab7b3a22-6f0d-44dc-a8c2-e691bca42ae6" testListId="8c84fa94-04c1-424b-9868-57a2d4851a1d" />
    <TestEntry testId="d69c6b33-6b93-ef5c-c787-b4d300217dac" executionId="724ba553-5b1e-49ac-bb60-36ea1620bf79" testListId="8c84fa94-04c1-424b-9868-57a2d4851a1d" />
    <TestEntry testId="0a1b8924-f2e0-581a-8f1a-df61c706e97b" executionId="fcc0e675-7dea-4cca-90ad-fa021e141bfd" testListId="8c84fa94-04c1-424b-9868-57a2d4851a1d" />
    <TestEntry testId="5a4e2e27-e021-1459-5cb6-a17fc9fd558a" executionId="1e08447d-db39-481d-a8db-cd47f94fa390" testListId="8c84fa94-04c1-424b-9868-57a2d4851a1d" />
    <TestEntry testId="1f9eae99-b50a-313f-e795-583a7e06e3d3" executionId="d1b5c1a1-0fec-43b1-8662-dd6383565f13" testListId="8c84fa94-04c1-424b-9868-57a2d4851a1d" />
    <TestEntry testId="490b484c-6e6f-2694-d760-70017ef992c9" executionId="14b601c8-94cb-4aa9-a46d-cc88c54e49ea" testListId="8c84fa94-04c1-424b-9868-57a2d4851a1d" />
    <TestEntry testId="f8986e3c-b869-b9d5-e2e8-69031fb5b476" executionId="df49065f-144f-41b5-9108-d86c3411eac4" testListId="8c84fa94-04c1-424b-9868-57a2d4851a1d" />
    <TestEntry testId="89f00d99-5264-d5ad-0819-49f0c27effb1" executionId="4c8c6b0c-dfe4-4111-84ed-cd5ef0a3c7e3" testListId="8c84fa94-04c1-424b-9868-57a2d4851a1d" />
    <TestEntry testId="d6322e77-fbce-faac-8454-5d1457d55801" executionId="87d05236-f0d1-4bb9-8ee9-7d3a3412bbc3" testListId="8c84fa94-04c1-424b-9868-57a2d4851a1d" />
    <TestEntry testId="f68b1f2a-f74a-e90f-010f-d4f84a0cca68" executionId="64cc0d1b-8f17-42a6-a586-1a62fc531252" testListId="8c84fa94-04c1-424b-9868-57a2d4851a1d" />
    <TestEntry testId="c54b7deb-6b36-5ccd-df37-84dd25a293b2" executionId="01049a6f-c573-4e96-9a68-333c51e6cdb4" testListId="8c84fa94-04c1-424b-9868-57a2d4851a1d" />
    <TestEntry testId="4d132d24-3085-9694-029a-3292ad850d66" executionId="a0005cd0-ca87-42d6-b35d-1d7a164ee2fe" testListId="8c84fa94-04c1-424b-9868-57a2d4851a1d" />
    <TestEntry testId="abdcb32e-12d2-6776-4db2-226ab44a260a" executionId="da793c51-7ffa-4226-8d47-5542f8b56758" testListId="8c84fa94-04c1-424b-9868-57a2d4851a1d" />
    <TestEntry testId="dbd6dfed-16b7-186f-cf55-6bd01ebae5ee" executionId="f8f429fc-eca7-4802-8374-b1c4234f800e" testListId="8c84fa94-04c1-424b-9868-57a2d4851a1d" />
    <TestEntry testId="71a43d5d-41b5-a6ec-95b5-e13e0073b4b5" executionId="4d2d391c-8228-4f60-bc5e-b8908a30798a" testListId="8c84fa94-04c1-424b-9868-57a2d4851a1d" />
    <TestEntry testId="aed3c718-a163-5c1e-ecf2-548dff20ac6f" executionId="9038d71b-5f60-42b7-be68-597c2eb44b8a" testListId="8c84fa94-04c1-424b-9868-57a2d4851a1d" />
    <TestEntry testId="c9a2f43f-0706-8190-27eb-8dd6319e5767" executionId="83afc17a-5ddc-41e8-b98c-357105d96b55" testListId="8c84fa94-04c1-424b-9868-57a2d4851a1d" />
    <TestEntry testId="cb82efeb-b614-522a-176c-cadf02ae168a" executionId="6c73e157-c422-470b-a5f9-eab54f0c2a50" testListId="8c84fa94-04c1-424b-9868-57a2d4851a1d" />
    <TestEntry testId="9d4eb619-9934-5f92-42c1-8e5f6db50299" executionId="56c2d8a0-3861-49a7-b1fe-0428b73889d9" testListId="8c84fa94-04c1-424b-9868-57a2d4851a1d" />
    <TestEntry testId="3b3d4e01-e8f3-8191-320a-96bf292728ff" executionId="1c5d4546-ac37-47d0-b8f9-f795dd8eeb98" testListId="8c84fa94-04c1-424b-9868-57a2d4851a1d" />
    <TestEntry testId="aa24636e-8a39-8d73-d793-57b52a923232" executionId="1d5775ca-aeeb-4a52-85f1-ba308dde8422" testListId="8c84fa94-04c1-424b-9868-57a2d4851a1d" />
    <TestEntry testId="c1f2a72d-c3b1-f8a1-7ab5-993db4b0ac9e" executionId="6db26690-6548-46f2-b244-d01bfed70bb3" testListId="8c84fa94-04c1-424b-9868-57a2d4851a1d" />
    <TestEntry testId="a3142359-daec-e4f4-6381-cd47d8d77795" executionId="6de5144d-4a90-43d9-ab0c-ebaf3ef4793d" testListId="8c84fa94-04c1-424b-9868-57a2d4851a1d" />
    <TestEntry testId="cf725891-8786-e712-790c-88a48917782b" executionId="f96765fe-359a-4b78-a08c-ef2e5ef6ea33" testListId="8c84fa94-04c1-424b-9868-57a2d4851a1d" />
    <TestEntry testId="75c5b846-8d02-5461-b216-7088fed684fa" executionId="61960f46-c995-48ab-9132-46717e61c39b" testListId="8c84fa94-04c1-424b-9868-57a2d4851a1d" />
    <TestEntry testId="dd5793c0-9d58-7f15-9825-9476a698b6b7" executionId="90a5e891-005b-46e1-be2c-c02ac80c5278" testListId="8c84fa94-04c1-424b-9868-57a2d4851a1d" />
    <TestEntry testId="a65582ac-e608-2d29-b1b9-d4c1cccafee3" executionId="0ec7cd05-14de-4cc0-9e2e-5479c5eec8f7" testListId="8c84fa94-04c1-424b-9868-57a2d4851a1d" />
    <TestEntry testId="f6991c8e-9b1e-a309-9754-41f19b825fc1" executionId="38c4012b-3f65-4caa-80da-a1850485660d" testListId="8c84fa94-04c1-424b-9868-57a2d4851a1d" />
    <TestEntry testId="262d7208-384d-ec07-72a9-eb8b39e98734" executionId="8721cb07-6739-4b99-ba82-f11a2af5fae8" testListId="8c84fa94-04c1-424b-9868-57a2d4851a1d" />
    <TestEntry testId="33c3fe42-ed4e-4d13-44ed-50d7743d14d7" executionId="a1bfee53-e0e9-4344-9ca3-a51e36175190" testListId="8c84fa94-04c1-424b-9868-57a2d4851a1d" />
    <TestEntry testId="0b74f9af-9629-102e-4db7-5f001fb5e352" executionId="4dbed27d-2256-443c-bfe6-f1c5779e60f1" testListId="8c84fa94-04c1-424b-9868-57a2d4851a1d" />
    <TestEntry testId="ea1788ad-d90a-7851-0f20-47bd94351234" executionId="fbcec038-b9d7-40a2-8ce7-956e271a894d" testListId="8c84fa94-04c1-424b-9868-57a2d4851a1d" />
    <TestEntry testId="7a34e42b-0c6e-0c5c-bb69-a1c7af76650e" executionId="fa235fce-e145-4193-ad11-4ff6f467da7f" testListId="8c84fa94-04c1-424b-9868-57a2d4851a1d" />
    <TestEntry testId="6d0eae5c-74f0-b468-501c-2cdbab2af918" executionId="f823de22-1a11-48ba-af39-85693ec7f1c5" testListId="8c84fa94-04c1-424b-9868-57a2d4851a1d" />
    <TestEntry testId="d6f15588-1f65-77e7-5e62-112ec0f4f8f4" executionId="f3bff3e8-88c0-4574-8887-9d9f93fd957a" testListId="8c84fa94-04c1-424b-9868-57a2d4851a1d" />
    <TestEntry testId="e7847caa-aef9-2efe-ea69-4c85e7cfcaaf" executionId="be46cbfa-c23c-48ad-bf80-ef81fb276dc1" testListId="8c84fa94-04c1-424b-9868-57a2d4851a1d" />
    <TestEntry testId="2cd2adae-c1bb-762f-c126-29ec710bf939" executionId="6aa57518-43a6-4ff6-b0d7-fb2f222325e0" testListId="8c84fa94-04c1-424b-9868-57a2d4851a1d" />
    <TestEntry testId="c7854410-b41e-6ef1-d780-0f0040ef97d8" executionId="6c038269-20f0-46de-9c6f-ed9b5dff81f0" testListId="8c84fa94-04c1-424b-9868-57a2d4851a1d" />
    <TestEntry testId="043efa9f-5b26-c867-a703-5f003cf1759c" executionId="e7ee32b1-4016-44ab-9967-3ee296ac982c" testListId="8c84fa94-04c1-424b-9868-57a2d4851a1d" />
    <TestEntry testId="97c859f0-6bb2-d3d2-485c-468d89af96da" executionId="d63607ac-04e9-46d3-b64f-c2aba9cb065a" testListId="8c84fa94-04c1-424b-9868-57a2d4851a1d" />
    <TestEntry testId="a90897f8-806f-ef38-496b-84d2eff21826" executionId="66517606-f417-4655-872b-7667f159f679" testListId="8c84fa94-04c1-424b-9868-57a2d4851a1d" />
    <TestEntry testId="dab3205c-94c6-9363-2150-a4b0c92a0336" executionId="d3abe781-92e8-40f3-b5c3-eba7066618a6" testListId="8c84fa94-04c1-424b-9868-57a2d4851a1d" />
    <TestEntry testId="c2867e66-64c1-e599-9f16-5e3da3c511f2" executionId="6c301258-5320-4e5e-b686-e5632147b8d6" testListId="8c84fa94-04c1-424b-9868-57a2d4851a1d" />
    <TestEntry testId="b9772d46-7369-4b60-5d41-5901d9ee2bd2" executionId="16443080-2f18-4a3d-acf9-d3d3664bae38" testListId="8c84fa94-04c1-424b-9868-57a2d4851a1d" />
    <TestEntry testId="d84d502f-248e-6ca6-b193-54bc0f3145f9" executionId="da80308d-a634-4f6e-9e64-199bf2a8b310" testListId="8c84fa94-04c1-424b-9868-57a2d4851a1d" />
    <TestEntry testId="3560819a-e4cb-5e8c-7a42-dee9bb62c22e" executionId="779603b0-dbfb-4d46-9d50-e441eba725f4" testListId="8c84fa94-04c1-424b-9868-57a2d4851a1d" />
  </TestEntries>
  <TestLists>
    <TestList name="Results Not in a List" id="8c84fa94-04c1-424b-9868-57a2d4851a1d" />
    <TestList name="All Loaded Results" id="19431567-8539-422a-85d7-44ee4e166bda" />
  </TestLists>
  <ResultSummary outcome="Failed">
    <Counters total="208" executed="207" passed="204" failed="3" error="0" timeout="0" aborted="0" inconclusive="0" passedButRunAborted="0" notRunnable="0" notExecuted="0" disconnected="0" warning="0" completed="0" inProgress="0" pending="0" />
    <Output>
      <StdOut>[xUnit.net 00:00:00.00] xUnit.net VSTest Adapter v3.1.4+50e68bbb8b (64-bit .NET 10.0.0)&#xD;
[xUnit.net 00:00:00.07]   Discovering: Tars.Tests&#xD;
[xUnit.net 00:00:00.10]   Discovered:  Tars.Tests&#xD;
[xUnit.net 00:00:00.12]   Starting:    Tars.Tests&#xD;
[xUnit.net 00:00:00.23]       Demo ping build currently depends on missing SemanticKernelProvider in CLI; skip in CI.&#xD;
\u001b[1m\u001b[35m��������������������������������������������������������������ͻ\u001b[0m&#xD;
\u001b[1m\u001b[35m�\u001b[0m \u001b[1m?? NEW TASK\u001b[0m&#xD;
\u001b[35m��������������������������������������������������������������Ķ\u001b[0m&#xD;
\u001b[35m�\u001b[0m Goal: Test Task&#xD;
\u001b[35m��������������������������������������������������������������ͼ\u001b[0m&#xD;
\u001b[33m?? REFLECTION [۰�] 1/3\u001b[0m&#xD;
   \u001b[2mFeedback: Fix this bug\u001b[0m&#xD;
\u001b[33m?? REFLECTION [�۰] 2/3\u001b[0m&#xD;
   \u001b[2mFeedback: Fix this bug\u001b[0m&#xD;
\u001b[33m?? REFLECTION [���] 3/3\u001b[0m&#xD;
   \u001b[2mFeedback: Fix this bug\u001b[0m&#xD;
Test 'Tars.Tests.GoldenRun.Golden Run: Demo Ping' was skipped in the test run.&#xD;
Epistemic extraction failed: The method or operation is not implemented.&#xD;
Failed to save to memory: Object reference not set to an instance of an object.&#xD;
\u001b[1m\u001b[32m��������������������������������������������������������������������������������ͻ\u001b[0m&#xD;
\u001b[1m\u001b[32m�\u001b[0m ? \u001b[1mTask SUCCESS\u001b[0m \u001b[2m(completed in 40.0s)\u001b[0m&#xD;
\u001b[32m��������������������������������������������������������������������������������Ķ\u001b[0m&#xD;
\u001b[32m�\u001b[0m \u001b[36mGenerated Solution:\u001b[0m&#xD;
\u001b[32m��������������������������������������������������������������������������������Ķ\u001b[0m&#xD;
\u001b[32m�\u001b[0m Bad Solution&#xD;
\u001b[32m��������������������������������������������������������������������������������ͼ\u001b[0m&#xD;
\u001b[1m\u001b[31m��������������������������������������������������������������������������������ͻ\u001b[0m&#xD;
\u001b[1m\u001b[31m�\u001b[0m ? \u001b[1mTask FAILED\u001b[0m \u001b[2m(completed in 0.0s)\u001b[0m&#xD;
\u001b[31m��������������������������������������������������������������������������������Ķ\u001b[0m&#xD;
\u001b[31m�\u001b[0m \u001b[36mGenerated Solution:\u001b[0m&#xD;
\u001b[31m��������������������������������������������������������������������������������Ķ\u001b[0m&#xD;
\u001b[31m�\u001b[0m Executor Agent not found in Kernel&#xD;
\u001b[31m��������������������������������������������������������������������������������ͼ\u001b[0m&#xD;
\u001b[1m\u001b[35m��������������������������������������������������������������ͻ\u001b[0m&#xD;
\u001b[1m\u001b[35m�\u001b[0m \u001b[1m?? NEW TASK\u001b[0m&#xD;
\u001b[35m��������������������������������������������������������������Ķ\u001b[0m&#xD;
\u001b[35m�\u001b[0m Goal: Test Task&#xD;
\u001b[35m��������������������������������������������������������������ͼ\u001b[0m&#xD;
Epistemic extraction failed: The method or operation is not implemented.&#xD;
Failed to save to memory: Object reference not set to an instance of an object.&#xD;
\u001b[1m\u001b[32m��������������������������������������������������������������������������������ͻ\u001b[0m&#xD;
\u001b[1m\u001b[32m�\u001b[0m ? \u001b[1mTask SUCCESS\u001b[0m \u001b[2m(completed in 20.0s)\u001b[0m&#xD;
\u001b[32m��������������������������������������������������������������������������������Ķ\u001b[0m&#xD;
\u001b[32m�\u001b[0m \u001b[36mGenerated Solution:\u001b[0m&#xD;
\u001b[32m��������������������������������������������������������������������������������Ķ\u001b[0m&#xD;
\u001b[32m�\u001b[0m Initial Solution&#xD;
\u001b[32m��������������������������������������������������������������������������������ͼ\u001b[0m&#xD;
[xUnit.net 00:00:00.38]       Assert.True() Failure&#xD;
[xUnit.net 00:00:00.38]       Expected: True&#xD;
[xUnit.net 00:00:00.38]       Actual:   False&#xD;
[xUnit.net 00:00:00.38]       Stack Trace:&#xD;
[xUnit.net 00:00:00.39]         C:\Users\spare\source\repos\tars\v2\tests\Tars.Tests\LpaTests.fs(45,0): at Tars.Tests.LpaTests.LPA handles single node()&#xD;
[xUnit.net 00:00:00.39]            at System.Reflection.MethodBaseInvoker.InterpretedInvoke_Method(Object obj, IntPtr* args)&#xD;
[xUnit.net 00:00:00.39]            at System.Reflection.MethodBaseInvoker.InvokeWithNoArgs(Object obj, BindingFlags invokeAttr)&#xD;
[xUnit.net 00:00:00.39]       Assert.True() Failure&#xD;
[xUnit.net 00:00:00.39]       Expected: True&#xD;
[xUnit.net 00:00:00.39]       Actual:   False&#xD;
[xUnit.net 00:00:00.39]       Stack Trace:&#xD;
[xUnit.net 00:00:00.39]         C:\Users\spare\source\repos\tars\v2\tests\Tars.Tests\MetascriptTests.fs(449,0): at Tars.Tests.MetascriptTests.RagConfig has all new fields with sensible defaults()&#xD;
[xUnit.net 00:00:00.39]            at System.Reflection.MethodBaseInvoker.InterpretedInvoke_Method(Object obj, IntPtr* args)&#xD;
[xUnit.net 00:00:00.39]            at System.Reflection.MethodBaseInvoker.InvokeWithNoArgs(Object obj, BindingFlags invokeAttr)&#xD;
[xUnit.net 00:00:00.39]       A task should be queued from curriculum generation&#xD;
[xUnit.net 00:00:00.39]       Stack Trace:&#xD;
[xUnit.net 00:00:00.39]         C:\Users\spare\source\repos\tars\v2\tests\Tars.Tests\EvolutionTests.fs(179,0): at Tars.Tests.EvolutionTests.Evolution generation uses epistemic suggestions()&#xD;
[xUnit.net 00:00:00.39]            at System.Reflection.MethodBaseInvoker.InterpretedInvoke_Method(Object obj, IntPtr* args)&#xD;
[xUnit.net 00:00:00.39]            at System.Reflection.MethodBaseInvoker.InvokeWithNoArgs(Object obj, BindingFlags invokeAttr)&#xD;
[xUnit.net 00:00:01.75]   Finished:    Tars.Tests&#xD;
</StdOut>
    </Output>
    <RunInfos>
      <RunInfo computerName="XPS-STEF" outcome="Warning" timestamp="2025-12-06T17:55:37.7232182-05:00">
        <Text>[xUnit.net 00:00:00.23]     Tars.Tests.GoldenRun.Golden Run: Demo Ping [SKIP]</Text>
      </RunInfo>
      <RunInfo computerName="XPS-STEF" outcome="Error" timestamp="2025-12-06T17:55:37.8790135-05:00">
        <Text>[xUnit.net 00:00:00.38]     Tars.Tests.LpaTests.LPA handles single node [FAIL]</Text>
      </RunInfo>
      <RunInfo computerName="XPS-STEF" outcome="Error" timestamp="2025-12-06T17:55:37.8921654-05:00">
        <Text>[xUnit.net 00:00:00.39]     Tars.Tests.MetascriptTests.RagConfig has all new fields with sensible defaults [FAIL]</Text>
      </RunInfo>
      <RunInfo computerName="XPS-STEF" outcome="Error" timestamp="2025-12-06T17:55:37.8923439-05:00">
        <Text>[xUnit.net 00:00:00.39]     Tars.Tests.EvolutionTests.Evolution generation uses epistemic suggestions [FAIL]</Text>
      </RunInfo>
    </RunInfos>
  </ResultSummary>
</TestRun>