<?xml version="1.0" encoding="utf-8"?>
<TestRun id="3712d996-4d9a-4d0d-b180-46b3cc13157a" name="spareilleux@XPS-STEF 2025-12-06 17:33:47" runUser="XPS-STEF\spareilleux" xmlns="http://microsoft.com/schemas/VisualStudio/TeamTest/2010">
  <Times creation="2025-12-06T17:33:47.4115036-05:00" queuing="2025-12-06T17:33:47.4115041-05:00" start="2025-12-06T17:33:46.7580953-05:00" finish="2025-12-06T17:33:47.4222694-05:00" />
  <TestSettings name="default" id="c411cc90-5ace-4755-b874-34f2a0f002df">
    <Deployment runDeploymentRoot="spareilleux_XPS-STEF_2025-12-06_17_33_47" />
  </TestSettings>
  <Results>
    <UnitTestResult executionId="d6f05e22-d059-426d-a032-b65e9c2d0995" testId="89b78644-e083-d323-6f59-000a0f05f7f9" testName="Tars.Tests.MetascriptTests.Knowledge graph enriches agent context" computerName="XPS-STEF" duration="00:00:00.0427159" startTime="2025-12-06T17:33:47.2560149-05:00" endTime="2025-12-06T17:33:47.3129857-05:00" testType="13cdc9d9-ddb5-4fa4-a97d-d965ccfc6d4b" outcome="Failed" testListId="8c84fa94-04c1-424b-9868-57a2d4851a1d" relativeResultsDirectory="d6f05e22-d059-426d-a032-b65e9c2d0995">
      <Output>
        <ErrorInfo>
          <Message>System.AggregateException : One or more errors occurred. ([A]TemporalGraph cannot be cast to [B]TemporalGraph. Type A originates from 'Tars.Core, Version=1.0.0.0, Culture=neutral, PublicKeyToken=null' in the context 'Default' at location 'C:\Users\spare\source\repos\tars\v2\tests\Tars.Tests\bin\Debug\net10.0\Tars.Core.dll'. Type B originates from 'Tars.Core, Version=1.0.0.0, Culture=neutral, PublicKeyToken=null' in the context 'Default' at location 'C:\Users\spare\source\repos\tars\v2\tests\Tars.Tests\bin\Debug\net10.0\Tars.Core.dll'.)&#xD;
---- System.InvalidCastException : [A]TemporalGraph cannot be cast to [B]TemporalGraph. Type A originates from 'Tars.Core, Version=1.0.0.0, Culture=neutral, PublicKeyToken=null' in the context 'Default' at location 'C:\Users\spare\source\repos\tars\v2\tests\Tars.Tests\bin\Debug\net10.0\Tars.Core.dll'. Type B originates from 'Tars.Core, Version=1.0.0.0, Culture=neutral, PublicKeyToken=null' in the context 'Default' at location 'C:\Users\spare\source\repos\tars\v2\tests\Tars.Tests\bin\Debug\net10.0\Tars.Core.dll'.</Message>
          <StackTrace>   at Microsoft.FSharp.Control.AsyncResult`1.Commit() in D:\a\_work\1\s\src\fsharp\src\FSharp.Core\async.fs:line 453&#xD;
   at Microsoft.FSharp.Control.AsyncPrimitives.QueueAsyncAndWaitForResultSynchronously[a](CancellationToken token, FSharpAsync`1 computation, FSharpOption`1 timeout) in D:\a\_work\1\s\src\fsharp\src\FSharp.Core\async.fs:line 1138&#xD;
   at Microsoft.FSharp.Control.AsyncPrimitives.RunSynchronously[T](CancellationToken cancellationToken, FSharpAsync`1 computation, FSharpOption`1 timeout) in D:\a\_work\1\s\src\fsharp\src\FSharp.Core\async.fs:line 1165&#xD;
   at Microsoft.FSharp.Control.FSharpAsync.RunSynchronously[T](FSharpAsync`1 computation, FSharpOption`1 timeout, FSharpOption`1 cancellationToken) in D:\a\_work\1\s\src\fsharp\src\FSharp.Core\async.fs:line 1514&#xD;
   at Tars.Tests.MetascriptTests.Knowledge graph enriches agent context() in C:\Users\spare\source\repos\tars\v2\tests\Tars.Tests\MetascriptTests.fs:line 306&#xD;
   at System.Reflection.MethodBaseInvoker.InterpretedInvoke_Method(Object obj, IntPtr* args)&#xD;
   at System.Reflection.MethodBaseInvoker.InvokeWithNoArgs(Object obj, BindingFlags invokeAttr)&#xD;
----- Inner Stack Trace -----&#xD;
   at Microsoft.FSharp.Core.LanguagePrimitives.IntrinsicFunctions.UnboxGeneric[T](Object source) in D:\a\_work\1\s\src\fsharp\src\FSharp.Core\prim-types.fs:line 735&#xD;
   at Tars.Metascript.Engine.enrichWithKnowledgeGraph(FSharpOption`1 kg, FSharpList`1 conceptHints, List`1 notes) in C:\Users\spare\source\repos\tars\v2\src\Tars.Metascript\Engine.fs:line 113&#xD;
   at Tars.Metascript.Engine.executeStep@1109.MoveNext() in C:\Users\spare\source\repos\tars\v2\src\Tars.Metascript\Engine.fs:line 1138&#xD;
   at Tars.Metascript.Engine.run@1621.MoveNext() in C:\Users\spare\source\repos\tars\v2\src\Tars.Metascript\Engine.fs:line 1674&#xD;
   at &lt;StartupCode$Tars-Tests&gt;.$MetascriptTests.Pipe #1 input at line 300@300.MoveNext() in C:\Users\spare\source\repos\tars\v2\tests\Tars.Tests\MetascriptTests.fs:line 301</StackTrace>
        </ErrorInfo>
      </Output>
    </UnitTestResult>
  </Results>
  <TestDefinitions>
    <UnitTest name="Tars.Tests.MetascriptTests.Knowledge graph enriches agent context" storage="c:\users\spare\source\repos\tars\v2\tests\tars.tests\bin\debug\net10.0\tars.tests.dll" id="89b78644-e083-d323-6f59-000a0f05f7f9">
      <Execution id="d6f05e22-d059-426d-a032-b65e9c2d0995" />
      <TestMethod codeBase="C:\Users\spare\source\repos\tars\v2\tests\Tars.Tests\bin\Debug\net10.0\Tars.Tests.dll" adapterTypeName="executor://xunit/VsTestRunner3/netcore/" className="Tars.Tests.MetascriptTests" name="Knowledge graph enriches agent context" />
    </UnitTest>
  </TestDefinitions>
  <TestEntries>
    <TestEntry testId="89b78644-e083-d323-6f59-000a0f05f7f9" executionId="d6f05e22-d059-426d-a032-b65e9c2d0995" testListId="8c84fa94-04c1-424b-9868-57a2d4851a1d" />
  </TestEntries>
  <TestLists>
    <TestList name="Results Not in a List" id="8c84fa94-04c1-424b-9868-57a2d4851a1d" />
    <TestList name="All Loaded Results" id="19431567-8539-422a-85d7-44ee4e166bda" />
  </TestLists>
  <ResultSummary outcome="Failed">
    <Counters total="1" executed="1" passed="0" failed="1" error="0" timeout="0" aborted="0" inconclusive="0" passedButRunAborted="0" notRunnable="0" notExecuted="0" disconnected="0" warning="0" completed="0" inProgress="0" pending="0" />
    <Output>
      <StdOut>[xUnit.net 00:00:00.00] xUnit.net VSTest Adapter v3.1.4+50e68bbb8b (64-bit .NET 10.0.0)&#xD;
[xUnit.net 00:00:00.07]   Discovering: Tars.Tests&#xD;
[xUnit.net 00:00:00.11]   Discovered:  Tars.Tests&#xD;
[xUnit.net 00:00:00.13]   Starting:    Tars.Tests&#xD;
[xUnit.net 00:00:00.21]       System.AggregateException : One or more errors occurred. ([A]TemporalGraph cannot be cast to [B]TemporalGraph. Type A originates from 'Tars.Core, Version=1.0.0.0, Culture=neutral, PublicKeyToken=null' in the context 'Default' at location 'C:\Users\spare\source\repos\tars\v2\tests\Tars.Tests\bin\Debug\net10.0\Tars.Core.dll'. Type B originates from 'Tars.Core, Version=1.0.0.0, Culture=neutral, PublicKeyToken=null' in the context 'Default' at location 'C:\Users\spare\source\repos\tars\v2\tests\Tars.Tests\bin\Debug\net10.0\Tars.Core.dll'.)&#xD;
[xUnit.net 00:00:00.21]       ---- System.InvalidCastException : [A]TemporalGraph cannot be cast to [B]TemporalGraph. Type A originates from 'Tars.Core, Version=1.0.0.0, Culture=neutral, PublicKeyToken=null' in the context 'Default' at location 'C:\Users\spare\source\repos\tars\v2\tests\Tars.Tests\bin\Debug\net10.0\Tars.Core.dll'. Type B originates from 'Tars.Core, Version=1.0.0.0, Culture=neutral, PublicKeyToken=null' in the context 'Default' at location 'C:\Users\spare\source\repos\tars\v2\tests\Tars.Tests\bin\Debug\net10.0\Tars.Core.dll'.&#xD;
[xUnit.net 00:00:00.21]       Stack Trace:&#xD;
[xUnit.net 00:00:00.21]         D:\a\_work\1\s\src\fsharp\src\FSharp.Core\async.fs(453,0): at Microsoft.FSharp.Control.AsyncResult`1.Commit()&#xD;
[xUnit.net 00:00:00.21]         D:\a\_work\1\s\src\fsharp\src\FSharp.Core\async.fs(1138,0): at Microsoft.FSharp.Control.AsyncPrimitives.QueueAsyncAndWaitForResultSynchronously[a](CancellationToken token, FSharpAsync`1 computation, FSharpOption`1 timeout)&#xD;
[xUnit.net 00:00:00.21]         D:\a\_work\1\s\src\fsharp\src\FSharp.Core\async.fs(1165,0): at Microsoft.FSharp.Control.AsyncPrimitives.RunSynchronously[T](CancellationToken cancellationToken, FSharpAsync`1 computation, FSharpOption`1 timeout)&#xD;
[xUnit.net 00:00:00.21]         D:\a\_work\1\s\src\fsharp\src\FSharp.Core\async.fs(1514,0): at Microsoft.FSharp.Control.FSharpAsync.RunSynchronously[T](FSharpAsync`1 computation, FSharpOption`1 timeout, FSharpOption`1 cancellationToken)&#xD;
[xUnit.net 00:00:00.21]         C:\Users\spare\source\repos\tars\v2\tests\Tars.Tests\MetascriptTests.fs(306,0): at Tars.Tests.MetascriptTests.Knowledge graph enriches agent context()&#xD;
[xUnit.net 00:00:00.21]            at System.Reflection.MethodBaseInvoker.InterpretedInvoke_Method(Object obj, IntPtr* args)&#xD;
[xUnit.net 00:00:00.21]            at System.Reflection.MethodBaseInvoker.InvokeWithNoArgs(Object obj, BindingFlags invokeAttr)&#xD;
[xUnit.net 00:00:00.21]         ----- Inner Stack Trace -----&#xD;
[xUnit.net 00:00:00.21]         D:\a\_work\1\s\src\fsharp\src\FSharp.Core\prim-types.fs(735,0): at Microsoft.FSharp.Core.LanguagePrimitives.IntrinsicFunctions.UnboxGeneric[T](Object source)&#xD;
[xUnit.net 00:00:00.21]         C:\Users\spare\source\repos\tars\v2\src\Tars.Metascript\Engine.fs(113,0): at Tars.Metascript.Engine.enrichWithKnowledgeGraph(FSharpOption`1 kg, FSharpList`1 conceptHints, List`1 notes)&#xD;
[xUnit.net 00:00:00.21]         C:\Users\spare\source\repos\tars\v2\src\Tars.Metascript\Engine.fs(1138,0): at Tars.Metascript.Engine.executeStep@1109.MoveNext()&#xD;
[xUnit.net 00:00:00.21]         C:\Users\spare\source\repos\tars\v2\src\Tars.Metascript\Engine.fs(1674,0): at Tars.Metascript.Engine.run@1621.MoveNext()&#xD;
[xUnit.net 00:00:00.21]         C:\Users\spare\source\repos\tars\v2\tests\Tars.Tests\MetascriptTests.fs(301,0): at &lt;StartupCode$Tars-Tests&gt;.$MetascriptTests.Pipe #1 input at line 300@300.MoveNext()&#xD;
[xUnit.net 00:00:00.22]   Finished:    Tars.Tests&#xD;
</StdOut>
    </Output>
    <RunInfos>
      <RunInfo computerName="XPS-STEF" outcome="Error" timestamp="2025-12-06T17:33:47.3152772-05:00">
        <Text>[xUnit.net 00:00:00.21]     Tars.Tests.MetascriptTests.Knowledge graph enriches agent context [FAIL]</Text>
      </RunInfo>
    </RunInfos>
  </ResultSummary>
</TestRun>