<?xml version="1.0" encoding="utf-8"?>
<TestRun id="f73d5c4d-f7dd-42e1-9d53-ce93870a498a" name="spareilleux@XPS-STEF 2025-11-29 00:18:18" runUser="XPS-STEF\spareilleux" xmlns="http://microsoft.com/schemas/VisualStudio/TeamTest/2010">
  <Times creation="2025-11-29T00:18:18.6705575-05:00" queuing="2025-11-29T00:18:18.6705580-05:00" start="2025-11-29T00:18:17.8359770-05:00" finish="2025-11-29T00:18:20.4105766-05:00" />
  <TestSettings name="default" id="7954999e-4755-49ff-a75d-09941dc8395c">
    <Deployment runDeploymentRoot="spareilleux_XPS-STEF_2025-11-29_00_18_18" />
  </TestSettings>
  <Results>
    <UnitTestResult executionId="a58d91ae-9024-4868-bb06-b05a9b8a93e5" testId="b766de93-bc32-1cdb-7a56-b6b37d2c8092" testName="Tars.Tests.VectorStoreTests.InMemoryVectorStore: GetCollections returns all collection names" computerName="XPS-STEF" duration="00:00:00.0010159" startTime="2025-11-29T00:18:18.7835956-05:00" endTime="2025-11-29T00:18:18.7845900-05:00" testType="13cdc9d9-ddb5-4fa4-a97d-d965ccfc6d4b" outcome="Passed" testListId="8c84fa94-04c1-424b-9868-57a2d4851a1d" relativeResultsDirectory="a58d91ae-9024-4868-bb06-b05a9b8a93e5">
      <Output>
        <StdOut>Starting test: GetCollections returns all collection names&#xD;
Collections: collection_a_getcoll, collection_b_getcoll</StdOut>
      </Output>
    </UnitTestResult>
    <UnitTestResult executionId="65784c05-8f94-4567-a2c0-1a73b696e7ae" testId="97c859f0-6bb2-d3d2-485c-468d89af96da" testName="Tars.Tests.VectorStoreTests.Similarity: Distance conversion works correctly" computerName="XPS-STEF" duration="00:00:00.0004825" startTime="2025-11-29T00:18:18.7773942-05:00" endTime="2025-11-29T00:18:18.7774910-05:00" testType="13cdc9d9-ddb5-4fa4-a97d-d965ccfc6d4b" outcome="Passed" testListId="8c84fa94-04c1-424b-9868-57a2d4851a1d" relativeResultsDirectory="65784c05-8f94-4567-a2c0-1a73b696e7ae">
      <Output>
        <StdOut>Starting test: Distance conversion works correctly&#xD;
Distances: identical=0, orthogonal=1, opposite=2</StdOut>
      </Output>
    </UnitTestResult>
    <UnitTestResult executionId="e190863d-7a84-460e-b3ae-4608f6b359ab" testId="8b21ec40-7af3-b73c-a4aa-76a84ab80193" testName="Tars.Tests.VectorStoreTests.InMemoryVectorStore: Search returns results ordered by similarity" computerName="XPS-STEF" duration="00:00:00.0015808" startTime="2025-11-29T00:18:19.0558894-05:00" endTime="2025-11-29T00:18:19.0572889-05:00" testType="13cdc9d9-ddb5-4fa4-a97d-d965ccfc6d4b" outcome="Passed" testListId="8c84fa94-04c1-424b-9868-57a2d4851a1d" relativeResultsDirectory="e190863d-7a84-460e-b3ae-4608f6b359ab">
      <Output>
        <StdOut>Starting test: Search returns results ordered by similarity&#xD;
Order: identical, similar, different</StdOut>
      </Output>
    </UnitTestResult>
    <UnitTestResult executionId="d8f18e68-b349-412b-9b11-e7316ebfdbf7" testId="dbd6dfed-16b7-186f-cf55-6bd01ebae5ee" testName="Tars.Tests.ToolTests.runCommand executes in sandbox" computerName="XPS-STEF" duration="00:00:00.8429816" startTime="2025-11-29T00:18:18.4988891-05:00" endTime="2025-11-29T00:18:19.2713135-05:00" testType="13cdc9d9-ddb5-4fa4-a97d-d965ccfc6d4b" outcome="Passed" testListId="8c84fa94-04c1-424b-9868-57a2d4851a1d" relativeResultsDirectory="d8f18e68-b349-412b-9b11-e7316ebfdbf7" />
    <UnitTestResult executionId="03aaae26-b6d6-4356-a975-9b98c2863bde" testId="a70ac5d9-6891-0519-6558-c7981610d284" testName="Tars.Tests.ChunkingTests.getParentContext: Returns adjacent chunks" computerName="XPS-STEF" duration="00:00:00.0040741" startTime="2025-11-29T00:18:18.7300899-05:00" endTime="2025-11-29T00:18:18.7301842-05:00" testType="13cdc9d9-ddb5-4fa4-a97d-d965ccfc6d4b" outcome="Passed" testListId="8c84fa94-04c1-424b-9868-57a2d4851a1d" relativeResultsDirectory="03aaae26-b6d6-4356-a975-9b98c2863bde" />
    <UnitTestResult executionId="ee2947d4-6680-4081-b835-7a824db7628e" testId="f8986e3c-b869-b9d5-e2e8-69031fb5b476" testName="Tars.Tests.LlmServiceTests.Routes to vLLM for reasoning hint" computerName="XPS-STEF" duration="00:00:00.0106126" startTime="2025-11-29T00:18:18.5062779-05:00" endTime="2025-11-29T00:18:18.6920219-05:00" testType="13cdc9d9-ddb5-4fa4-a97d-d965ccfc6d4b" outcome="Passed" testListId="8c84fa94-04c1-424b-9868-57a2d4851a1d" relativeResultsDirectory="ee2947d4-6680-4081-b835-7a824db7628e" />
    <UnitTestResult executionId="a4293609-675a-4932-a612-f38e615c3e93" testId="acefed03-c519-0d82-7b33-a6b933719c2b" testName="Tars.Tests.AgentWorkflowTests.Stabilize: Logs with high inertia" computerName="XPS-STEF" duration="00:00:00.0032112" startTime="2025-11-29T00:18:18.7443865-05:00" endTime="2025-11-29T00:18:18.7444065-05:00" testType="13cdc9d9-ddb5-4fa4-a97d-d965ccfc6d4b" outcome="Passed" testListId="8c84fa94-04c1-424b-9868-57a2d4851a1d" relativeResultsDirectory="a4293609-675a-4932-a612-f38e615c3e93" />
    <UnitTestResult executionId="91a9071a-0f92-4d36-b6fe-301a5fea4c26" testId="0a1b8924-f2e0-581a-8f1a-df61c706e97b" testName="Tars.Tests.AgentWorkflowTests.Grounded: Logs verification for partial success" computerName="XPS-STEF" duration="00:00:00.0223563" startTime="2025-11-29T00:18:18.7282429-05:00" endTime="2025-11-29T00:18:18.7311824-05:00" testType="13cdc9d9-ddb5-4fa4-a97d-d965ccfc6d4b" outcome="Passed" testListId="8c84fa94-04c1-424b-9868-57a2d4851a1d" relativeResultsDirectory="91a9071a-0f92-4d36-b6fe-301a5fea4c26" />
    <UnitTestResult executionId="b4fdc218-60dd-49b0-82cd-41fbd168b246" testId="1253d08c-b658-a792-2065-63acaf2fbd35" testName="Tars.Tests.MetascriptTests.Retrieval step retrieves from vector store" computerName="XPS-STEF" duration="00:00:00.0032691" startTime="2025-11-29T00:18:18.7479829-05:00" endTime="2025-11-29T00:18:18.7481230-05:00" testType="13cdc9d9-ddb5-4fa4-a97d-d965ccfc6d4b" outcome="Passed" testListId="8c84fa94-04c1-424b-9868-57a2d4851a1d" relativeResultsDirectory="b4fdc218-60dd-49b0-82cd-41fbd168b246" />
    <UnitTestResult executionId="0d136d11-52eb-43a3-b33a-de92780ea653" testId="490b484c-6e6f-2694-d760-70017ef992c9" testName="Tars.Tests.VectorStoreTests.InMemoryVectorStore: GetCount returns correct count" computerName="XPS-STEF" duration="00:00:00.0013436" startTime="2025-11-29T00:18:18.9011195-05:00" endTime="2025-11-29T00:18:18.9022371-05:00" testType="13cdc9d9-ddb5-4fa4-a97d-d965ccfc6d4b" outcome="Passed" testListId="8c84fa94-04c1-424b-9868-57a2d4851a1d" relativeResultsDirectory="0d136d11-52eb-43a3-b33a-de92780ea653">
      <Output>
        <StdOut>Starting test: GetCount returns correct count&#xD;
Count: before=0, after=2</StdOut>
      </Output>
    </UnitTestResult>
    <UnitTestResult executionId="999a2cb1-6d77-49da-ab00-aa45d2876f00" testId="50e84a3d-0349-62d0-f054-ebf9443a6405" testName="Tars.Tests.VectorStoreTests.InMemoryVectorStore: Can save and retrieve by search" computerName="XPS-STEF" duration="00:00:00.0021132" startTime="2025-11-29T00:18:19.0175766-05:00" endTime="2025-11-29T00:18:19.0198354-05:00" testType="13cdc9d9-ddb5-4fa4-a97d-d965ccfc6d4b" outcome="Passed" testListId="8c84fa94-04c1-424b-9868-57a2d4851a1d" relativeResultsDirectory="999a2cb1-6d77-49da-ab00-aa45d2876f00">
      <Output>
        <StdOut>Starting test: Can save and retrieve by search&#xD;
Found document: doc1 with distance 0</StdOut>
      </Output>
    </UnitTestResult>
    <UnitTestResult executionId="5b0e3e05-775c-4b6d-a996-4bb2fc95d2dc" testId="214c28a3-50ce-f9ce-4160-493938b84e06" testName="Tars.Tests.GraphTests.PromptBuilder: Builds system prompt with agent info" computerName="XPS-STEF" duration="00:00:00.0059982" startTime="2025-11-29T00:18:18.6976580-05:00" endTime="2025-11-29T00:18:18.7044991-05:00" testType="13cdc9d9-ddb5-4fa4-a97d-d965ccfc6d4b" outcome="Failed" testListId="8c84fa94-04c1-424b-9868-57a2d4851a1d" relativeResultsDirectory="5b0e3e05-775c-4b6d-a996-4bb2fc95d2dc">
      <Output>
        <StdOut>Starting test: Builds system prompt with agent info</StdOut>
        <ErrorInfo>
          <Message>Assert.Contains() Failure: Sub-string not found&#xD;
String:    "You are a helpful assistant.\r\n\n## Convers"···&#xD;
Not found: "History:"</Message>
          <StackTrace>   at Tars.Tests.GraphTests.PromptBuilder: Builds system prompt with agent info() in C:\Users\spare\source\repos\tars\v2\tests\Tars.Tests\GraphTests.fs:line 137&#xD;
   at System.Reflection.MethodBaseInvoker.InterpretedInvoke_Method(Object obj, IntPtr* args)&#xD;
   at System.Reflection.MethodBaseInvoker.InvokeWithNoArgs(Object obj, BindingFlags invokeAttr)</StackTrace>
        </ErrorInfo>
      </Output>
    </UnitTestResult>
    <UnitTestResult executionId="f193bfa2-87b9-4ada-b91e-32a2b869abc9" testId="01c4e187-c7f0-738a-245d-31da04dc31c8" testName="Tars.Tests.PatternsTests.CoT: Single step transforms input" computerName="XPS-STEF" duration="00:00:00.0030170" startTime="2025-11-29T00:18:18.7364966-05:00" endTime="2025-11-29T00:18:18.7366454-05:00" testType="13cdc9d9-ddb5-4fa4-a97d-d965ccfc6d4b" outcome="Passed" testListId="8c84fa94-04c1-424b-9868-57a2d4851a1d" relativeResultsDirectory="f193bfa2-87b9-4ada-b91e-32a2b869abc9" />
    <UnitTestResult executionId="e07169df-5677-455b-82a2-f9eab474936a" testId="0094ff85-e729-9ff4-45cf-df7bb2c2913c" testName="Tars.Tests.ChunkingTests.Sentence: Splits on sentence boundaries" computerName="XPS-STEF" duration="00:00:00.0010038" startTime="2025-11-29T00:18:18.7287486-05:00" endTime="2025-11-29T00:18:18.7287645-05:00" testType="13cdc9d9-ddb5-4fa4-a97d-d965ccfc6d4b" outcome="Passed" testListId="8c84fa94-04c1-424b-9868-57a2d4851a1d" relativeResultsDirectory="e07169df-5677-455b-82a2-f9eab474936a" />
    <UnitTestResult executionId="8095f0fd-418a-46a8-a0a2-2dde9de135c9" testId="a65582ac-e608-2d29-b1b9-d4c1cccafee3" testName="Tars.Tests.KTheoryTests.K1: Handles edges with unknown nodes" computerName="XPS-STEF" duration="00:00:00.0416340" startTime="2025-11-29T00:18:18.7028323-05:00" endTime="2025-11-29T00:18:18.7299245-05:00" testType="13cdc9d9-ddb5-4fa4-a97d-d965ccfc6d4b" outcome="Passed" testListId="8c84fa94-04c1-424b-9868-57a2d4851a1d" relativeResultsDirectory="8095f0fd-418a-46a8-a0a2-2dde9de135c9" />
    <UnitTestResult executionId="41df86ba-69e6-4107-b44d-5b18382551c0" testId="a96fb975-d1fb-7be6-a79d-532b58bc2aa2" testName="Tars.Tests.ChunkingTests.getParentContext: Unknown chunk returns empty" computerName="XPS-STEF" duration="00:00:00.0250066" startTime="2025-11-29T00:18:18.7004953-05:00" endTime="2025-11-29T00:18:18.7005076-05:00" testType="13cdc9d9-ddb5-4fa4-a97d-d965ccfc6d4b" outcome="Passed" testListId="8c84fa94-04c1-424b-9868-57a2d4851a1d" relativeResultsDirectory="41df86ba-69e6-4107-b44d-5b18382551c0" />
    <UnitTestResult executionId="1061c63d-277d-4e1d-b9f3-7b075084ebc9" testId="1d219307-3a60-f2d7-7297-63b2135a9d0f" testName="Tars.Tests.KTheoryTests.K0: Cost Monoid Associativity" computerName="XPS-STEF" duration="00:00:00.0080459" startTime="2025-11-29T00:18:18.7376050-05:00" endTime="2025-11-29T00:18:18.7380091-05:00" testType="13cdc9d9-ddb5-4fa4-a97d-d965ccfc6d4b" outcome="Passed" testListId="8c84fa94-04c1-424b-9868-57a2d4851a1d" relativeResultsDirectory="1061c63d-277d-4e1d-b9f3-7b075084ebc9" />
    <UnitTestResult executionId="da585c85-d882-4786-be15-e568ce6b321b" testId="b4cf4561-2806-c6b1-3cd4-9757ca16d500" testName="Tars.Tests.AgentWorkflowTests.Agent workflow checks budget" computerName="XPS-STEF" duration="00:00:00.0068096" startTime="2025-11-29T00:18:18.7377139-05:00" endTime="2025-11-29T00:18:18.7384068-05:00" testType="13cdc9d9-ddb5-4fa4-a97d-d965ccfc6d4b" outcome="Passed" testListId="8c84fa94-04c1-424b-9868-57a2d4851a1d" relativeResultsDirectory="da585c85-d882-4786-be15-e568ce6b321b" />
    <UnitTestResult executionId="96e7ca1a-6046-4652-9c65-391e1f4de774" testId="bb1cf60f-4875-c719-0e8e-171460e0e944" testName="Tars.Tests.AgentWorkflowTests.Agent workflow accumulates warnings" computerName="XPS-STEF" duration="00:00:00.0035767" startTime="2025-11-29T00:18:18.7397695-05:00" endTime="2025-11-29T00:18:18.7398120-05:00" testType="13cdc9d9-ddb5-4fa4-a97d-d965ccfc6d4b" outcome="Passed" testListId="8c84fa94-04c1-424b-9868-57a2d4851a1d" relativeResultsDirectory="96e7ca1a-6046-4652-9c65-391e1f4de774" />
    <UnitTestResult executionId="1a79bb65-5194-4ec8-a909-b3a0a7bf7791" testId="201e4081-a5fb-89bd-f0f7-d0481e72e908" testName="Tars.Tests.ExecutionTests.Execution builder propagates failure" computerName="XPS-STEF" duration="00:00:00.0124943" startTime="2025-11-29T00:18:18.6905028-05:00" endTime="2025-11-29T00:18:18.6926016-05:00" testType="13cdc9d9-ddb5-4fa4-a97d-d965ccfc6d4b" outcome="Passed" testListId="8c84fa94-04c1-424b-9868-57a2d4851a1d" relativeResultsDirectory="1a79bb65-5194-4ec8-a909-b3a0a7bf7791" />
    <UnitTestResult executionId="d9ba63ca-7741-4cb6-a646-dba5828eaa70" testId="ce6ab97f-1809-efcb-f47a-1a52815b2f29" testName="Tars.Tests.ExecutionTests.Execution builder preserves warnings through failure" computerName="XPS-STEF" duration="00:00:00.0055257" startTime="2025-11-29T00:18:18.6980438-05:00" endTime="2025-11-29T00:18:18.6988903-05:00" testType="13cdc9d9-ddb5-4fa4-a97d-d965ccfc6d4b" outcome="Passed" testListId="8c84fa94-04c1-424b-9868-57a2d4851a1d" relativeResultsDirectory="d9ba63ca-7741-4cb6-a646-dba5828eaa70" />
    <UnitTestResult executionId="c07bab87-2339-4b67-bd6a-c67f13bf85fc" testId="cd48653d-de5b-0e4f-6274-a2af39e6f2cd" testName="Tars.Tests.IntegrationTests.Budget: LLM calls respect token limits" computerName="XPS-STEF" duration="00:00:00.0010000" startTime="2025-11-29T00:18:18.6608113-05:00" endTime="2025-11-29T00:18:18.6608300-05:00" testType="13cdc9d9-ddb5-4fa4-a97d-d965ccfc6d4b" outcome="NotExecuted" testListId="8c84fa94-04c1-424b-9868-57a2d4851a1d" relativeResultsDirectory="c07bab87-2339-4b67-bd6a-c67f13bf85fc">
      <Output>
        <ErrorInfo>
          <Message>Integration: Requires LLM for budget testing</Message>
        </ErrorInfo>
      </Output>
    </UnitTestResult>
    <UnitTestResult executionId="af16aa10-14c0-4d3e-adbe-3313f3ee1359" testId="d44801e4-d709-bd28-a7df-b02a057f31bd" testName="Tars.Tests.ExecutionTests.Execution builder handles empty chain" computerName="XPS-STEF" duration="00:00:00.0079357" startTime="2025-11-29T00:18:18.4990636-05:00" endTime="2025-11-29T00:18:18.6890258-05:00" testType="13cdc9d9-ddb5-4fa4-a97d-d965ccfc6d4b" outcome="Passed" testListId="8c84fa94-04c1-424b-9868-57a2d4851a1d" relativeResultsDirectory="af16aa10-14c0-4d3e-adbe-3313f3ee1359" />
    <UnitTestResult executionId="5818571b-3fe1-447a-8e67-557c0d4d90bc" testId="670ef8c6-678b-02a4-32ff-cb16110afa0b" testName="Tars.Tests.PatternsTests.CoT: Warnings accumulate through chain" computerName="XPS-STEF" duration="00:00:00.0058491" startTime="2025-11-29T00:18:18.7367148-05:00" endTime="2025-11-29T00:18:18.7377238-05:00" testType="13cdc9d9-ddb5-4fa4-a97d-d965ccfc6d4b" outcome="Passed" testListId="8c84fa94-04c1-424b-9868-57a2d4851a1d" relativeResultsDirectory="5818571b-3fe1-447a-8e67-557c0d4d90bc" />
    <UnitTestResult executionId="847a9fd4-b614-4e66-a4f4-25ed6e704d0c" testId="b9d64aee-b0d2-f266-429d-53a5530cbba8" testName="Tars.Tests.SecurityTests.CredentialVault: Returns error for missing secret" computerName="XPS-STEF" duration="00:00:00.0124016" startTime="2025-11-29T00:18:18.6921588-05:00" endTime="2025-11-29T00:18:18.6925785-05:00" testType="13cdc9d9-ddb5-4fa4-a97d-d965ccfc6d4b" outcome="Passed" testListId="8c84fa94-04c1-424b-9868-57a2d4851a1d" relativeResultsDirectory="847a9fd4-b614-4e66-a4f4-25ed6e704d0c">
      <Output>
        <StdOut>Starting test: Returns error for missing secret&#xD;
Correctly returned error: Secret 'NONEXISTENT_SECRET_63005965-4dbc-453e-a479-eea82bbe27e2' not found</StdOut>
      </Output>
    </UnitTestResult>
    <UnitTestResult executionId="f2ac1c04-6bcb-4ce9-b210-e233f3c1a225" testId="ede7fac6-d0a0-7bb6-07d4-ea398cdb9237" testName="Tars.Tests.MetascriptTests.Decision step resolves boolean condition" computerName="XPS-STEF" duration="00:00:00.1520062" startTime="2025-11-29T00:18:18.5063662-05:00" endTime="2025-11-29T00:18:18.7284139-05:00" testType="13cdc9d9-ddb5-4fa4-a97d-d965ccfc6d4b" outcome="Passed" testListId="8c84fa94-04c1-424b-9868-57a2d4851a1d" relativeResultsDirectory="f2ac1c04-6bcb-4ce9-b210-e233f3c1a225" />
    <UnitTestResult executionId="c92ab271-86f2-4961-a000-95ff20bdcc3a" testId="3a4920b9-4e4c-3678-5e7e-d3d4e5fdc9e1" testName="Tars.Tests.MetascriptTests.Retrieval step returns empty context when no vector store" computerName="XPS-STEF" duration="00:00:00.0054666" startTime="2025-11-29T00:18:18.7285252-05:00" endTime="2025-11-29T00:18:18.7289038-05:00" testType="13cdc9d9-ddb5-4fa4-a97d-d965ccfc6d4b" outcome="Passed" testListId="8c84fa94-04c1-424b-9868-57a2d4851a1d" relativeResultsDirectory="c92ab271-86f2-4961-a000-95ff20bdcc3a" />
    <UnitTestResult executionId="125610ba-1260-48b3-a8f6-ee8a9e48f0e6" testId="4d8efe5a-8a80-57ba-5ded-74b13280edda" testName="Tars.Tests.MetascriptTests.Retrieval metrics are collected when enabled" computerName="XPS-STEF" duration="00:00:00.0037712" startTime="2025-11-29T00:18:18.7670226-05:00" endTime="2025-11-29T00:18:18.7700867-05:00" testType="13cdc9d9-ddb5-4fa4-a97d-d965ccfc6d4b" outcome="Passed" testListId="8c84fa94-04c1-424b-9868-57a2d4851a1d" relativeResultsDirectory="125610ba-1260-48b3-a8f6-ee8a9e48f0e6" />
    <UnitTestResult executionId="225f15d4-f398-4df6-9b0e-5a60548ae2b8" testId="9443bee7-05c8-3466-04bd-f7a2701c5e0c" testName="Tars.Tests.PatternsTests.PlanExecute: Planner failure stops execution" computerName="XPS-STEF" duration="00:00:00.0028019" startTime="2025-11-29T00:18:18.7349814-05:00" endTime="2025-11-29T00:18:18.7364035-05:00" testType="13cdc9d9-ddb5-4fa4-a97d-d965ccfc6d4b" outcome="Passed" testListId="8c84fa94-04c1-424b-9868-57a2d4851a1d" relativeResultsDirectory="225f15d4-f398-4df6-9b0e-5a60548ae2b8" />
    <UnitTestResult executionId="69ef106c-6512-40d7-abb6-3e8456ba8932" testId="abdcb32e-12d2-6776-4db2-226ab44a260a" testName="Tars.Tests.MetascriptTests.Metadata filtering removes non-matching results" computerName="XPS-STEF" duration="00:00:00.0092485" startTime="2025-11-29T00:18:18.7571235-05:00" endTime="2025-11-29T00:18:18.7663203-05:00" testType="13cdc9d9-ddb5-4fa4-a97d-d965ccfc6d4b" outcome="Passed" testListId="8c84fa94-04c1-424b-9868-57a2d4851a1d" relativeResultsDirectory="69ef106c-6512-40d7-abb6-3e8456ba8932" />
    <UnitTestResult executionId="11ddeebe-d466-4821-80b8-6530c70993a6" testId="4276adc2-d6fe-737a-f276-6ae68aea4ec4" testName="Tars.Tests.PatternsTests.ReAct: Zero max steps fails immediately" computerName="XPS-STEF" duration="00:00:00.0061878" startTime="2025-11-29T00:18:18.7313217-05:00" endTime="2025-11-29T00:18:18.7314084-05:00" testType="13cdc9d9-ddb5-4fa4-a97d-d965ccfc6d4b" outcome="Passed" testListId="8c84fa94-04c1-424b-9868-57a2d4851a1d" relativeResultsDirectory="11ddeebe-d466-4821-80b8-6530c70993a6" />
    <UnitTestResult executionId="6e32d7d5-8fbd-42d0-9f8a-635911a55e65" testId="0ba03c08-97de-04ea-23b0-4f234910d221" testName="Tars.Tests.AnnVectorStoreTests.AnnVectorStore returns nearest from same bucket" computerName="XPS-STEF" duration="00:00:00.0132992" startTime="2025-11-29T00:18:18.7334554-05:00" endTime="2025-11-29T00:18:18.7344381-05:00" testType="13cdc9d9-ddb5-4fa4-a97d-d965ccfc6d4b" outcome="Passed" testListId="8c84fa94-04c1-424b-9868-57a2d4851a1d" relativeResultsDirectory="6e32d7d5-8fbd-42d0-9f8a-635911a55e65" />
    <UnitTestResult executionId="04a3e614-4e86-4bdc-a835-8375ca04e84b" testId="2cd2adae-c1bb-762f-c126-29ec710bf939" testName="Tars.Tests.ChunkingTests.FixedSize: Respects chunk size" computerName="XPS-STEF" duration="00:00:00.0001970" startTime="2025-11-29T00:18:18.7308668-05:00" endTime="2025-11-29T00:18:18.7310326-05:00" testType="13cdc9d9-ddb5-4fa4-a97d-d965ccfc6d4b" outcome="Passed" testListId="8c84fa94-04c1-424b-9868-57a2d4851a1d" relativeResultsDirectory="04a3e614-4e86-4bdc-a835-8375ca04e84b" />
    <UnitTestResult executionId="2052b44b-5c39-4996-ac3d-82679cbf30e4" testId="05d9e615-b7f8-4e53-7c27-586ca6d08832" testName="Tars.Tests.KTheoryTests.K1: Detects self-loop" computerName="XPS-STEF" duration="00:00:00.0001465" startTime="2025-11-29T00:18:18.7322386-05:00" endTime="2025-11-29T00:18:18.7322457-05:00" testType="13cdc9d9-ddb5-4fa4-a97d-d965ccfc6d4b" outcome="Passed" testListId="8c84fa94-04c1-424b-9868-57a2d4851a1d" relativeResultsDirectory="2052b44b-5c39-4996-ac3d-82679cbf30e4" />
    <UnitTestResult executionId="a18883d8-6bd5-402a-bac4-2a3ae65bb67b" testId="3958ed68-329c-8b23-21f7-c485ae2ea761" testName="Tars.Tests.KTheoryTests.Budget: Multiple dimensions checked independently" computerName="XPS-STEF" duration="00:00:00.0009137" startTime="2025-11-29T00:18:18.7381041-05:00" endTime="2025-11-29T00:18:18.7381496-05:00" testType="13cdc9d9-ddb5-4fa4-a97d-d965ccfc6d4b" outcome="Passed" testListId="8c84fa94-04c1-424b-9868-57a2d4851a1d" relativeResultsDirectory="a18883d8-6bd5-402a-bac4-2a3ae65bb67b" />
    <UnitTestResult executionId="102c75ff-bf4a-4bba-8dbc-d7c61a180f1f" testId="e505859d-d1d4-bd79-b5ec-22096997155f" testName="Tars.Tests.ExecutionTests.Execution builder accumulates warnings" computerName="XPS-STEF" duration="00:00:00.0050842" startTime="2025-11-29T00:18:18.6979327-05:00" endTime="2025-11-29T00:18:18.6979476-05:00" testType="13cdc9d9-ddb5-4fa4-a97d-d965ccfc6d4b" outcome="Passed" testListId="8c84fa94-04c1-424b-9868-57a2d4851a1d" relativeResultsDirectory="102c75ff-bf4a-4bba-8dbc-d7c61a180f1f" />
    <UnitTestResult executionId="a7155689-2ed5-423b-a4c7-f3704e1357e7" testId="18b7d372-a418-1632-c591-0bfab658c785" testName="Tars.Tests.IntegrationTests.Ollama: Can connect and list models" computerName="XPS-STEF" duration="00:00:00.0010000" startTime="2025-11-29T00:18:18.6547163-05:00" endTime="2025-11-29T00:18:18.6548360-05:00" testType="13cdc9d9-ddb5-4fa4-a97d-d965ccfc6d4b" outcome="NotExecuted" testListId="8c84fa94-04c1-424b-9868-57a2d4851a1d" relativeResultsDirectory="a7155689-2ed5-423b-a4c7-f3704e1357e7">
      <Output>
        <ErrorInfo>
          <Message>Integration: Requires Ollama running on localhost:11434</Message>
        </ErrorInfo>
      </Output>
    </UnitTestResult>
    <UnitTestResult executionId="3ded7931-d861-4747-a811-133dbafefca0" testId="3896ffa3-6cf9-053c-fc78-8decee067258" testName="Tars.Tests.SecurityTests.CredentialVault: Environment variable takes precedence" computerName="XPS-STEF" duration="00:00:00.0017565" startTime="2025-11-29T00:18:18.6956013-05:00" endTime="2025-11-29T00:18:18.6956470-05:00" testType="13cdc9d9-ddb5-4fa4-a97d-d965ccfc6d4b" outcome="Passed" testListId="8c84fa94-04c1-424b-9868-57a2d4851a1d" relativeResultsDirectory="3ded7931-d861-4747-a811-133dbafefca0">
      <Output>
        <StdOut>Starting test: Environment variable takes precedence&#xD;
Environment variable correctly takes precedence</StdOut>
      </Output>
    </UnitTestResult>
    <UnitTestResult executionId="63b8d558-a4b5-4ad7-bde0-cf5c129e1ce6" testId="3499d796-2bf4-b863-e7a4-d9277b95f6bd" testName="Tars.Tests.VectorStoreTests.InMemoryVectorStore: Search respects limit parameter" computerName="XPS-STEF" duration="00:00:00.0020802" startTime="2025-11-29T00:18:18.8546162-05:00" endTime="2025-11-29T00:18:18.8565031-05:00" testType="13cdc9d9-ddb5-4fa4-a97d-d965ccfc6d4b" outcome="Passed" testListId="8c84fa94-04c1-424b-9868-57a2d4851a1d" relativeResultsDirectory="63b8d558-a4b5-4ad7-bde0-cf5c129e1ce6">
      <Output>
        <StdOut>Starting test: Search respects limit parameter&#xD;
Returned 3 results (limit was 3)</StdOut>
      </Output>
    </UnitTestResult>
    <UnitTestResult executionId="435e2ff2-1a10-4f01-b02d-df1b48edfed1" testId="bdab0f3b-3885-7b65-7238-ac6e1ee69074" testName="Tars.Tests.ExecutionTests.Execution builder propagates success" computerName="XPS-STEF" duration="00:00:00.0044648" startTime="2025-11-29T00:18:18.6989730-05:00" endTime="2025-11-29T00:18:18.6990738-05:00" testType="13cdc9d9-ddb5-4fa4-a97d-d965ccfc6d4b" outcome="Passed" testListId="8c84fa94-04c1-424b-9868-57a2d4851a1d" relativeResultsDirectory="435e2ff2-1a10-4f01-b02d-df1b48edfed1" />
    <UnitTestResult executionId="f356fc95-68d0-429f-9b1d-7305797ffa9a" testId="8f6eacef-e309-1b79-0540-6a8cdace31ad" testName="Tars.Tests.SecurityTests.FilesystemPolicy: Blocks absolute path outside base" computerName="XPS-STEF" duration="00:00:00.0012194" startTime="2025-11-29T00:18:18.6973781-05:00" endTime="2025-11-29T00:18:18.6974492-05:00" testType="13cdc9d9-ddb5-4fa4-a97d-d965ccfc6d4b" outcome="Passed" testListId="8c84fa94-04c1-424b-9868-57a2d4851a1d" relativeResultsDirectory="f356fc95-68d0-429f-9b1d-7305797ffa9a">
      <Output>
        <StdOut>Starting test: Blocks absolute path outside base&#xD;
Correctly blocked absolute path: Access denied: Path 'C:\Windows\System32' is outside the allowed directory 'C:\Users\spare\AppData\Local\Temp\sandbox'.</StdOut>
      </Output>
    </UnitTestResult>
    <UnitTestResult executionId="df296cd7-cedc-47a8-8639-eb89b4a88096" testId="d84d502f-248e-6ca6-b193-54bc0f3145f9" testName="Tars.Tests.EventBusTests.EventBus routes message to subscriber" computerName="XPS-STEF" duration="00:00:00.2264051" startTime="2025-11-29T00:18:18.6825844-05:00" endTime="2025-11-29T00:18:18.7393918-05:00" testType="13cdc9d9-ddb5-4fa4-a97d-d965ccfc6d4b" outcome="Passed" testListId="8c84fa94-04c1-424b-9868-57a2d4851a1d" relativeResultsDirectory="df296cd7-cedc-47a8-8639-eb89b4a88096" />
    <UnitTestResult executionId="95253cb0-44b4-4e93-9882-0578e80c2a61" testId="89b78644-e083-d323-6f59-000a0f05f7f9" testName="Tars.Tests.MetascriptTests.Knowledge graph enriches agent context" computerName="XPS-STEF" duration="00:00:00.0097904" startTime="2025-11-29T00:18:18.7772465-05:00" endTime="2025-11-29T00:18:18.7862024-05:00" testType="13cdc9d9-ddb5-4fa4-a97d-d965ccfc6d4b" outcome="Passed" testListId="8c84fa94-04c1-424b-9868-57a2d4851a1d" relativeResultsDirectory="95253cb0-44b4-4e93-9882-0578e80c2a61" />
    <UnitTestResult executionId="fa84ea9d-d29e-4888-87fc-80bed650dc8a" testId="0ec7968e-408c-5f3f-e3a3-1839f46561e9" testName="Tars.Tests.PatternsTests.CoT: Failure in step stops chain" computerName="XPS-STEF" duration="00:00:00.0096600" startTime="2025-11-29T00:18:18.7320667-05:00" endTime="2025-11-29T00:18:18.7332126-05:00" testType="13cdc9d9-ddb5-4fa4-a97d-d965ccfc6d4b" outcome="Passed" testListId="8c84fa94-04c1-424b-9868-57a2d4851a1d" relativeResultsDirectory="fa84ea9d-d29e-4888-87fc-80bed650dc8a" />
    <UnitTestResult executionId="99a37ed3-f480-4ca0-bd5a-dfb6695fd85b" testId="d69c6b33-6b93-ef5c-c787-b4d300217dac" testName="Tars.Tests.VectorStoreTests.Similarity: Returns 0 for different length vectors" computerName="XPS-STEF" duration="00:00:00.0002820" startTime="2025-11-29T00:18:18.9024040-05:00" endTime="2025-11-29T00:18:18.9025705-05:00" testType="13cdc9d9-ddb5-4fa4-a97d-d965ccfc6d4b" outcome="Passed" testListId="8c84fa94-04c1-424b-9868-57a2d4851a1d" relativeResultsDirectory="99a37ed3-f480-4ca0-bd5a-dfb6695fd85b">
      <Output>
        <StdOut>Starting test: Returns 0 for different length vectors&#xD;
Similarity: 0</StdOut>
      </Output>
    </UnitTestResult>
    <UnitTestResult executionId="ebfaaeb9-6111-4c00-8957-04bcc8dff945" testId="b8702dcb-c7af-63df-337b-5c536088a964" testName="Tars.Tests.AgentWorkflowTests.Agent workflow fail stops execution" computerName="XPS-STEF" duration="00:00:00.0029030" startTime="2025-11-29T00:18:18.7348576-05:00" endTime="2025-11-29T00:18:18.7360955-05:00" testType="13cdc9d9-ddb5-4fa4-a97d-d965ccfc6d4b" outcome="Passed" testListId="8c84fa94-04c1-424b-9868-57a2d4851a1d" relativeResultsDirectory="ebfaaeb9-6111-4c00-8957-04bcc8dff945" />
    <UnitTestResult executionId="4207eb22-b03b-42db-bf0b-33956d459217" testId="ce419e82-a34d-c894-2b5a-6cb1370e5c66" testName="Tars.Tests.VectorStoreTests.InMemoryVectorStore: Checksum validation works" computerName="XPS-STEF" duration="00:00:00.0020442" startTime="2025-11-29T00:18:18.7804099-05:00" endTime="2025-11-29T00:18:18.7824087-05:00" testType="13cdc9d9-ddb5-4fa4-a97d-d965ccfc6d4b" outcome="Passed" testListId="8c84fa94-04c1-424b-9868-57a2d4851a1d" relativeResultsDirectory="4207eb22-b03b-42db-bf0b-33956d459217">
      <Output>
        <StdOut>Starting test: Checksum validation works&#xD;
Checksum valid: True, missing doc valid: False</StdOut>
      </Output>
    </UnitTestResult>
    <UnitTestResult executionId="920dfe20-5a31-458e-8fb7-7b403bf0b950" testId="a0ded091-0dc3-3106-419e-3cedb13e55ff" testName="Tars.Tests.KTheoryTests.K1: Handles duplicate edges" computerName="XPS-STEF" duration="00:00:00.0006369" startTime="2025-11-29T00:18:18.7336104-05:00" endTime="2025-11-29T00:18:18.7336170-05:00" testType="13cdc9d9-ddb5-4fa4-a97d-d965ccfc6d4b" outcome="Passed" testListId="8c84fa94-04c1-424b-9868-57a2d4851a1d" relativeResultsDirectory="920dfe20-5a31-458e-8fb7-7b403bf0b950" />
    <UnitTestResult executionId="5529a211-af2a-41f2-a066-bc7986f8c9eb" testId="384a1338-2e37-7f43-2dc5-55e3068d9dce" testName="Tars.Tests.KTheoryTests.K1: No cycles in empty graph" computerName="XPS-STEF" duration="00:00:00.0031645" startTime="2025-11-29T00:18:18.7326279-05:00" endTime="2025-11-29T00:18:18.7326380-05:00" testType="13cdc9d9-ddb5-4fa4-a97d-d965ccfc6d4b" outcome="Passed" testListId="8c84fa94-04c1-424b-9868-57a2d4851a1d" relativeResultsDirectory="5529a211-af2a-41f2-a066-bc7986f8c9eb" />
    <UnitTestResult executionId="4e355035-cb1e-4b00-bc50-f1c53231ae31" testId="e5698957-fea8-489b-db6c-277ab773b199" testName="Tars.Tests.KnowledgeGraphTests.Can find path" computerName="XPS-STEF" duration="00:00:00.0134244" startTime="2025-11-29T00:18:18.6954682-05:00" endTime="2025-11-29T00:18:18.6977217-05:00" testType="13cdc9d9-ddb5-4fa4-a97d-d965ccfc6d4b" outcome="Passed" testListId="8c84fa94-04c1-424b-9868-57a2d4851a1d" relativeResultsDirectory="4e355035-cb1e-4b00-bc50-f1c53231ae31" />
    <UnitTestResult executionId="57d0894b-afdd-41fc-9f21-bfb8688012e8" testId="3605bd32-90b8-4a35-a91b-614836d39380" testName="Tars.Tests.ToolTests.runCommand runs in isolated OS" computerName="XPS-STEF" duration="00:00:00.6637790" startTime="2025-11-29T00:18:19.2716931-05:00" endTime="2025-11-29T00:18:19.9358832-05:00" testType="13cdc9d9-ddb5-4fa4-a97d-d965ccfc6d4b" outcome="Passed" testListId="8c84fa94-04c1-424b-9868-57a2d4851a1d" relativeResultsDirectory="57d0894b-afdd-41fc-9f21-bfb8688012e8" />
    <UnitTestResult executionId="88a28ee1-6ef5-4b87-a307-fc6625b9d625" testId="6800f90a-e2a0-c72c-198c-c8ad9f79abc7" testName="Tars.Tests.VectorStoreTests.InMemoryVectorStore: DeleteCollection removes entire collection" computerName="XPS-STEF" duration="00:00:00.0026899" startTime="2025-11-29T00:18:18.7775962-05:00" endTime="2025-11-29T00:18:18.7802786-05:00" testType="13cdc9d9-ddb5-4fa4-a97d-d965ccfc6d4b" outcome="Passed" testListId="8c84fa94-04c1-424b-9868-57a2d4851a1d" relativeResultsDirectory="88a28ee1-6ef5-4b87-a307-fc6625b9d625">
      <Output>
        <StdOut>Starting test: DeleteCollection removes entire collection&#xD;
Collection deleted: True</StdOut>
      </Output>
    </UnitTestResult>
    <UnitTestResult executionId="adb5975e-f05f-4899-b2fe-54624d8321cb" testId="717127c9-8cb4-b6d2-4cb8-612f3263f3bf" testName="Tars.Tests.AnnVectorStoreTests.AnnVectorStore falls back when bucket empty" computerName="XPS-STEF" duration="00:00:00.1283169" startTime="2025-11-29T00:18:18.6995572-05:00" endTime="2025-11-29T00:18:18.7333751-05:00" testType="13cdc9d9-ddb5-4fa4-a97d-d965ccfc6d4b" outcome="Passed" testListId="8c84fa94-04c1-424b-9868-57a2d4851a1d" relativeResultsDirectory="adb5975e-f05f-4899-b2fe-54624d8321cb" />
    <UnitTestResult executionId="834867ca-c13a-4c7e-a12d-3cac136e3c19" testId="9d4eb619-9934-5f92-42c1-8e5f6db50299" testName="Tars.Tests.ChunkingTests.Recursive: Falls back to fixed size for long words" computerName="XPS-STEF" duration="00:00:00.0301792" startTime="2025-11-29T00:18:18.7006203-05:00" endTime="2025-11-29T00:18:18.7153152-05:00" testType="13cdc9d9-ddb5-4fa4-a97d-d965ccfc6d4b" outcome="Passed" testListId="8c84fa94-04c1-424b-9868-57a2d4851a1d" relativeResultsDirectory="834867ca-c13a-4c7e-a12d-3cac136e3c19" />
    <UnitTestResult executionId="e61f4db5-b17d-4556-9398-31b16bc888a5" testId="585be320-b618-fde0-7ff2-0fa2c7e5e479" testName="Tars.Tests.AgentWorkflowTests.Agent workflow respects cancellation token" computerName="XPS-STEF" duration="00:00:00.0184375" startTime="2025-11-29T00:18:18.7022514-05:00" endTime="2025-11-29T00:18:18.7146694-05:00" testType="13cdc9d9-ddb5-4fa4-a97d-d965ccfc6d4b" outcome="Passed" testListId="8c84fa94-04c1-424b-9868-57a2d4851a1d" relativeResultsDirectory="e61f4db5-b17d-4556-9398-31b16bc888a5" />
    <UnitTestResult executionId="3bbd5019-6cb7-47c6-9c4a-f9aa17d3b92c" testId="6d492b4b-5490-1c4f-9de9-bae11abd9daf" testName="Tars.Tests.VectorStoreTests.InMemoryVectorStore: Clear removes all data" computerName="XPS-STEF" duration="00:00:00.0018990" startTime="2025-11-29T00:18:18.9577779-05:00" endTime="2025-11-29T00:18:18.9592464-05:00" testType="13cdc9d9-ddb5-4fa4-a97d-d965ccfc6d4b" outcome="Passed" testListId="8c84fa94-04c1-424b-9868-57a2d4851a1d" relativeResultsDirectory="3bbd5019-6cb7-47c6-9c4a-f9aa17d3b92c">
      <Output>
        <StdOut>Starting test: Clear removes all data&#xD;
Collections: before=2, after=0</StdOut>
      </Output>
    </UnitTestResult>
    <UnitTestResult executionId="44d1f38f-534b-490f-b199-42487a455b9c" testId="ef6a5c94-2339-73e5-5076-7d47fafd75dd" testName="Tars.Tests.GraphTests.ResponseParser: Case sensitive TOOL prefix" computerName="XPS-STEF" duration="00:00:00.0247286" startTime="2025-11-29T00:18:18.4989894-05:00" endTime="2025-11-29T00:18:18.6922670-05:00" testType="13cdc9d9-ddb5-4fa4-a97d-d965ccfc6d4b" outcome="Passed" testListId="8c84fa94-04c1-424b-9868-57a2d4851a1d" relativeResultsDirectory="44d1f38f-534b-490f-b199-42487a455b9c">
      <Output>
        <StdOut>Starting test: Case sensitive TOOL prefix&#xD;
Correctly treated lowercase 'tool' as text response</StdOut>
      </Output>
    </UnitTestResult>
    <UnitTestResult executionId="52abb384-53d5-4eb2-b5d8-9476b3fad284" testId="70a9cda1-2b2d-3b5d-fb69-0bfa3ee62431" testName="Tars.Tests.KTheoryTests.Budget: TryConsume fails when over budget" computerName="XPS-STEF" duration="00:00:00.0008976" startTime="2025-11-29T00:18:18.7323598-05:00" endTime="2025-11-29T00:18:18.7323711-05:00" testType="13cdc9d9-ddb5-4fa4-a97d-d965ccfc6d4b" outcome="Passed" testListId="8c84fa94-04c1-424b-9868-57a2d4851a1d" relativeResultsDirectory="52abb384-53d5-4eb2-b5d8-9476b3fad284" />
    <UnitTestResult executionId="db5d99d7-af6a-47c8-b40c-7eeb899c7df4" testId="eda69040-00e9-876c-0f55-01ffbc1a2898" testName="Tars.Tests.SandboxTests.Can run python script in sandbox" computerName="XPS-STEF" duration="00:00:00.7365647" startTime="2025-11-29T00:18:18.7006951-05:00" endTime="2025-11-29T00:18:19.2716269-05:00" testType="13cdc9d9-ddb5-4fa4-a97d-d965ccfc6d4b" outcome="Passed" testListId="8c84fa94-04c1-424b-9868-57a2d4851a1d" relativeResultsDirectory="db5d99d7-af6a-47c8-b40c-7eeb899c7df4">
      <Output>
        <StdOut>Stdout: Hello from Sandbox
&#xD;
Stderr: &#xD;
ExitCode: 0</StdOut>
      </Output>
    </UnitTestResult>
    <UnitTestResult executionId="c87ef673-46b4-4c5f-acb6-9cb139ac1a42" testId="d2ae0957-3fc5-ce7b-50d3-d3aaa1527bbf" testName="Tars.Tests.AgentWorkflowTests.Agent workflow binds correctly" computerName="XPS-STEF" duration="00:00:00.0109138" startTime="2025-11-29T00:18:18.7393630-05:00" endTime="2025-11-29T00:18:18.7394743-05:00" testType="13cdc9d9-ddb5-4fa4-a97d-d965ccfc6d4b" outcome="Passed" testListId="8c84fa94-04c1-424b-9868-57a2d4851a1d" relativeResultsDirectory="c87ef673-46b4-4c5f-acb6-9cb139ac1a42" />
    <UnitTestResult executionId="a7ac693d-c40b-49f6-95b6-2e080eba1ca9" testId="f35f90af-c550-2a2f-b2d4-3d419cf8f87d" testName="Tars.Tests.IntegrationTests.EpistemicGovernor: Can verify claims" computerName="XPS-STEF" duration="00:00:00.0010000" startTime="2025-11-29T00:18:18.5062109-05:00" endTime="2025-11-29T00:18:18.5106960-05:00" testType="13cdc9d9-ddb5-4fa4-a97d-d965ccfc6d4b" outcome="NotExecuted" testListId="8c84fa94-04c1-424b-9868-57a2d4851a1d" relativeResultsDirectory="a7ac693d-c40b-49f6-95b6-2e080eba1ca9">
      <Output>
        <ErrorInfo>
          <Message>Integration: Requires Epistemic Governor with LLM</Message>
        </ErrorInfo>
      </Output>
    </UnitTestResult>
    <UnitTestResult executionId="8d50d559-a049-4abe-8431-e6ef32dcb53e" testId="ad6b4a71-332e-ff4c-c436-77af0ccc8fde" testName="Tars.Tests.KTheoryTests.K0: Cost Monoid Identity" computerName="XPS-STEF" duration="00:00:00.0008559" startTime="2025-11-29T00:18:18.7382381-05:00" endTime="2025-11-29T00:18:18.7382499-05:00" testType="13cdc9d9-ddb5-4fa4-a97d-d965ccfc6d4b" outcome="Passed" testListId="8c84fa94-04c1-424b-9868-57a2d4851a1d" relativeResultsDirectory="8d50d559-a049-4abe-8431-e6ef32dcb53e" />
    <UnitTestResult executionId="908735ad-755a-4d9e-a5c8-3069ed3b5b4a" testId="a3a925cb-5133-ccd7-f618-5fa64382833a" testName="Tars.Tests.MetascriptTests.Query routing classifies queries correctly" computerName="XPS-STEF" duration="00:00:00.0036575" startTime="2025-11-29T00:18:18.7448662-05:00" endTime="2025-11-29T00:18:18.7449254-05:00" testType="13cdc9d9-ddb5-4fa4-a97d-d965ccfc6d4b" outcome="Passed" testListId="8c84fa94-04c1-424b-9868-57a2d4851a1d" relativeResultsDirectory="908735ad-755a-4d9e-a5c8-3069ed3b5b4a" />
    <UnitTestResult executionId="07512175-4c87-4791-ad99-4121b333633c" testId="6ca1b218-1ecf-fae7-4448-8d9cb83a7446" testName="Tars.Tests.GraphTests.ResponseParser: Treats incomplete tool format as text" computerName="XPS-STEF" duration="00:00:00.0015310" startTime="2025-11-29T00:18:18.7150658-05:00" endTime="2025-11-29T00:18:18.7151382-05:00" testType="13cdc9d9-ddb5-4fa4-a97d-d965ccfc6d4b" outcome="Passed" testListId="8c84fa94-04c1-424b-9868-57a2d4851a1d" relativeResultsDirectory="07512175-4c87-4791-ad99-4121b333633c">
      <Output>
        <StdOut>Starting test: Treats incomplete tool format as text&#xD;
Correctly treated incomplete tool format as text</StdOut>
      </Output>
    </UnitTestResult>
    <UnitTestResult executionId="d2d1cb5c-6014-41b6-a953-7adf2e49ea54" testId="cad729c0-8e77-78a1-81ee-8f5d2d3c6c13" testName="Tars.Tests.EvolutionTests.TaskQueue supports multiple tasks" computerName="XPS-STEF" duration="00:00:00.0299281" startTime="2025-11-29T00:18:18.5062951-05:00" endTime="2025-11-29T00:18:18.6927173-05:00" testType="13cdc9d9-ddb5-4fa4-a97d-d965ccfc6d4b" outcome="Passed" testListId="8c84fa94-04c1-424b-9868-57a2d4851a1d" relativeResultsDirectory="d2d1cb5c-6014-41b6-a953-7adf2e49ea54" />
    <UnitTestResult executionId="55a7b55b-520a-4d6a-afa5-25dddab3b844" testId="f33e9dee-6611-2cea-d2c4-f528fc876a64" testName="Tars.Tests.ExecutionTests.Execution builder handles LowConfidence" computerName="XPS-STEF" duration="00:00:00.0147967" startTime="2025-11-29T00:18:18.6952793-05:00" endTime="2025-11-29T00:18:18.6978287-05:00" testType="13cdc9d9-ddb5-4fa4-a97d-d965ccfc6d4b" outcome="Passed" testListId="8c84fa94-04c1-424b-9868-57a2d4851a1d" relativeResultsDirectory="55a7b55b-520a-4d6a-afa5-25dddab3b844" />
    <UnitTestResult executionId="da2f87af-97ee-4ccd-9ca8-fbbecbaae345" testId="d2882d0a-f4a0-2322-489b-012cf18e0c3d" testName="Tars.Tests.IntegrationTests.Patterns: Plan and Execute with real planner" computerName="XPS-STEF" duration="00:00:00.0010000" startTime="2025-11-29T00:18:18.6599012-05:00" endTime="2025-11-29T00:18:18.6599204-05:00" testType="13cdc9d9-ddb5-4fa4-a97d-d965ccfc6d4b" outcome="NotExecuted" testListId="8c84fa94-04c1-424b-9868-57a2d4851a1d" relativeResultsDirectory="da2f87af-97ee-4ccd-9ca8-fbbecbaae345">
      <Output>
        <ErrorInfo>
          <Message>Integration: Requires LLM for Plan &amp; Execute</Message>
        </ErrorInfo>
      </Output>
    </UnitTestResult>
    <UnitTestResult executionId="6322f897-0d73-454c-ab80-0d3e823e4e76" testId="b016a632-63e7-c295-b047-f0bd4db7c50c" testName="Tars.Tests.PatternsTests.ReAct: Reaches max steps and fails" computerName="XPS-STEF" duration="00:00:00.0079162" startTime="2025-11-29T00:18:18.7332916-05:00" endTime="2025-11-29T00:18:18.7334930-05:00" testType="13cdc9d9-ddb5-4fa4-a97d-d965ccfc6d4b" outcome="Passed" testListId="8c84fa94-04c1-424b-9868-57a2d4851a1d" relativeResultsDirectory="6322f897-0d73-454c-ab80-0d3e823e4e76" />
    <UnitTestResult executionId="7de373c9-479f-4fb7-8786-2aa8b80d4296" testId="68a0b782-9a8e-e7e9-802e-cf99a7281faf" testName="Tars.Tests.SecurityTests.FilesystemPolicy: Allows path within base directory" computerName="XPS-STEF" duration="00:00:00.0002623" startTime="2025-11-29T00:18:18.6952572-05:00" endTime="2025-11-29T00:18:18.6955160-05:00" testType="13cdc9d9-ddb5-4fa4-a97d-d965ccfc6d4b" outcome="Passed" testListId="8c84fa94-04c1-424b-9868-57a2d4851a1d" relativeResultsDirectory="7de373c9-479f-4fb7-8786-2aa8b80d4296">
      <Output>
        <StdOut>Starting test: Allows path within base directory&#xD;
Correctly allowed path: C:\Users\spare\AppData\Local\Temp\subdir\file.txt</StdOut>
      </Output>
    </UnitTestResult>
    <UnitTestResult executionId="e92cd981-ebdd-4b5d-9c9f-9c3df5653691" testId="23d878ef-6191-3941-6c14-a512ab21269b" testName="Tars.Tests.PatternsTests.CoT: Multiple steps chain correctly" computerName="XPS-STEF" duration="00:00:00.0172048" startTime="2025-11-29T00:18:18.7298230-05:00" endTime="2025-11-29T00:18:18.7312557-05:00" testType="13cdc9d9-ddb5-4fa4-a97d-d965ccfc6d4b" outcome="Passed" testListId="8c84fa94-04c1-424b-9868-57a2d4851a1d" relativeResultsDirectory="e92cd981-ebdd-4b5d-9c9f-9c3df5653691" />
    <UnitTestResult executionId="5f2fc55c-5f06-4128-9c90-82e2a60f2bd2" testId="a3142359-daec-e4f4-6381-cd47d8d77795" testName="Tars.Tests.ChunkingTests.Metadata: Indices are sequential" computerName="XPS-STEF" duration="00:00:00.0546828" startTime="2025-11-29T00:18:18.4835076-05:00" endTime="2025-11-29T00:18:18.6987863-05:00" testType="13cdc9d9-ddb5-4fa4-a97d-d965ccfc6d4b" outcome="Passed" testListId="8c84fa94-04c1-424b-9868-57a2d4851a1d" relativeResultsDirectory="5f2fc55c-5f06-4128-9c90-82e2a60f2bd2" />
    <UnitTestResult executionId="29c6f9ca-4438-4f55-a596-83e98ad73be7" testId="26ef8fe5-5ed4-1c95-8150-d06fad36f447" testName="Tars.Tests.AgentWorkflowTests.Stabilize: No log with low inertia" computerName="XPS-STEF" duration="00:00:00.0029607" startTime="2025-11-29T00:18:18.7423010-05:00" endTime="2025-11-29T00:18:18.7423760-05:00" testType="13cdc9d9-ddb5-4fa4-a97d-d965ccfc6d4b" outcome="Passed" testListId="8c84fa94-04c1-424b-9868-57a2d4851a1d" relativeResultsDirectory="29c6f9ca-4438-4f55-a596-83e98ad73be7" />
    <UnitTestResult executionId="266fd5b6-d750-42ad-a355-f337df53923d" testId="ffc1466f-03e9-0dce-1792-2a551da95fc5" testName="Tars.Tests.GrammarTests.Can parse tasks with spaces" computerName="XPS-STEF" duration="00:00:00.0038622" startTime="2025-11-29T00:18:18.7019407-05:00" endTime="2025-11-29T00:18:18.7023341-05:00" testType="13cdc9d9-ddb5-4fa4-a97d-d965ccfc6d4b" outcome="Passed" testListId="8c84fa94-04c1-424b-9868-57a2d4851a1d" relativeResultsDirectory="266fd5b6-d750-42ad-a355-f337df53923d">
      <Output>
        <StdOut>Starting test: Can parse tasks with spaces&#xD;
Input grammar:&#xD;
&#xD;
goal "Complex Goal" {&#xD;
    task "Task One"&#xD;
    task "Task Two"&#xD;
}&#xD;
&#xD;
Parsed 1 goals.&#xD;
Verified names with spaces.</StdOut>
      </Output>
    </UnitTestResult>
    <UnitTestResult executionId="f4e00451-b612-464f-af38-d812517be86a" testId="d833986f-e34b-9b35-c32a-f4208f43db97" testName="Tars.Tests.KTheoryTests.K1: Detects 3-cycle" computerName="XPS-STEF" duration="00:00:00.0002102" startTime="2025-11-29T00:18:18.7374613-05:00" endTime="2025-11-29T00:18:18.7374876-05:00" testType="13cdc9d9-ddb5-4fa4-a97d-d965ccfc6d4b" outcome="Passed" testListId="8c84fa94-04c1-424b-9868-57a2d4851a1d" relativeResultsDirectory="f4e00451-b612-464f-af38-d812517be86a" />
    <UnitTestResult executionId="cb3b8288-d632-4d76-8a66-700c24e33f91" testId="8fb87fb4-c4b8-6d7b-7abb-3c6a2217e7dd" testName="Tars.Tests.ChunkingTests.mergeSmallChunks: Merges adjacent small chunks" computerName="XPS-STEF" duration="00:00:00.0022462" startTime="2025-11-29T00:18:18.7311101-05:00" endTime="2025-11-29T00:18:18.7311187-05:00" testType="13cdc9d9-ddb5-4fa4-a97d-d965ccfc6d4b" outcome="Passed" testListId="8c84fa94-04c1-424b-9868-57a2d4851a1d" relativeResultsDirectory="cb3b8288-d632-4d76-8a66-700c24e33f91" />
    <UnitTestResult executionId="97d7735c-1018-4f2c-8d73-a4c1d77e1dd6" testId="9056c465-c9a9-8193-19cd-8a8936434b90" testName="Tars.Tests.KernelTests.Can update agent state" computerName="XPS-STEF" duration="00:00:00.0119000" startTime="2025-11-29T00:18:18.7360395-05:00" endTime="2025-11-29T00:18:18.7378484-05:00" testType="13cdc9d9-ddb5-4fa4-a97d-d965ccfc6d4b" outcome="Passed" testListId="8c84fa94-04c1-424b-9868-57a2d4851a1d" relativeResultsDirectory="97d7735c-1018-4f2c-8d73-a4c1d77e1dd6">
      <Output>
        <StdOut>Starting test: Can update agent state&#xD;
Updating agent 8e56d1bb-72af-4571-b1e3-2e863f48ffe8 state to: Error "Something happened"&#xD;
Agent state updated verified.</StdOut>
      </Output>
    </UnitTestResult>
    <UnitTestResult executionId="bb74cf08-26f7-4aa8-b945-d9f710114418" testId="c2867e66-64c1-e599-9f16-5e3da3c511f2" testName="Tars.Tests.GovernanceTests.BudgetGovernor prevents spending over limit" computerName="XPS-STEF" duration="00:00:00.1085064" startTime="2025-11-29T00:18:18.4990408-05:00" endTime="2025-11-29T00:18:18.7007572-05:00" testType="13cdc9d9-ddb5-4fa4-a97d-d965ccfc6d4b" outcome="Passed" testListId="8c84fa94-04c1-424b-9868-57a2d4851a1d" relativeResultsDirectory="bb74cf08-26f7-4aa8-b945-d9f710114418" />
    <UnitTestResult executionId="a0ec41b1-e2e9-459d-93f0-efe50530b455" testId="7019c6cd-ec1d-eff6-184c-2c2b3a304ff0" testName="Tars.Tests.VectorStoreTests.SqliteVectorStore: Search on empty collection returns empty list" computerName="XPS-STEF" duration="00:00:00.0294199" startTime="2025-11-29T00:18:18.7847453-05:00" endTime="2025-11-29T00:18:18.8141875-05:00" testType="13cdc9d9-ddb5-4fa4-a97d-d965ccfc6d4b" outcome="Passed" testListId="8c84fa94-04c1-424b-9868-57a2d4851a1d" relativeResultsDirectory="a0ec41b1-e2e9-459d-93f0-efe50530b455">
      <Output>
        <StdOut>Starting test: SqliteVectorStore empty collection&#xD;
Correctly returned empty list</StdOut>
      </Output>
    </UnitTestResult>
    <UnitTestResult executionId="0b586339-f1f5-4811-bcbe-f2148f7ebf46" testId="eca18d87-0220-2725-c3ac-1754178e1a61" testName="Tars.Tests.ChunkingTests.Recursive: Handles nested structure" computerName="XPS-STEF" duration="00:00:00.0020017" startTime="2025-11-29T00:18:18.7154400-05:00" endTime="2025-11-29T00:18:18.7156024-05:00" testType="13cdc9d9-ddb5-4fa4-a97d-d965ccfc6d4b" outcome="Passed" testListId="8c84fa94-04c1-424b-9868-57a2d4851a1d" relativeResultsDirectory="0b586339-f1f5-4811-bcbe-f2148f7ebf46" />
    <UnitTestResult executionId="f1071aef-3c46-491c-989b-93bd196f083f" testId="05f46f4d-8d76-dc71-a082-1d53acc32ef7" testName="Tars.Tests.AgentWorkflowTests.Agent workflow succeed helper works" computerName="XPS-STEF" duration="00:00:00.0032202" startTime="2025-11-29T00:18:18.7399284-05:00" endTime="2025-11-29T00:18:18.7399555-05:00" testType="13cdc9d9-ddb5-4fa4-a97d-d965ccfc6d4b" outcome="Passed" testListId="8c84fa94-04c1-424b-9868-57a2d4851a1d" relativeResultsDirectory="f1071aef-3c46-491c-989b-93bd196f083f" />
    <UnitTestResult executionId="ab7e251a-b636-4e39-b613-cc7dacfb4a9a" testId="02398978-f462-2832-2ec6-10d3333e1568" testName="Tars.Tests.IntegrationTests.Agent: Can execute multi-step workflow with LLM" computerName="XPS-STEF" duration="00:00:00.0010000" startTime="2025-11-29T00:18:18.6603522-05:00" endTime="2025-11-29T00:18:18.6603634-05:00" testType="13cdc9d9-ddb5-4fa4-a97d-d965ccfc6d4b" outcome="NotExecuted" testListId="8c84fa94-04c1-424b-9868-57a2d4851a1d" relativeResultsDirectory="ab7e251a-b636-4e39-b613-cc7dacfb4a9a">
      <Output>
        <ErrorInfo>
          <Message>Integration: Requires full agent infrastructure</Message>
        </ErrorInfo>
      </Output>
    </UnitTestResult>
    <UnitTestResult executionId="f4ce4d9d-f2d8-47f0-b0b5-e60c93a972ca" testId="3d43a53c-d2c2-2127-faac-66c566c466b7" testName="Tars.Tests.ChunkingTests.SlidingWindow: Chunk IDs are unique" computerName="XPS-STEF" duration="00:00:00.0041931" startTime="2025-11-29T00:18:18.6988812-05:00" endTime="2025-11-29T00:18:18.6989852-05:00" testType="13cdc9d9-ddb5-4fa4-a97d-d965ccfc6d4b" outcome="Passed" testListId="8c84fa94-04c1-424b-9868-57a2d4851a1d" relativeResultsDirectory="f4ce4d9d-f2d8-47f0-b0b5-e60c93a972ca" />
    <UnitTestResult executionId="898d1e92-feed-4786-bfcc-268d7274bfb6" testId="13114984-6d12-529d-6e1b-fd4a5fed2eeb" testName="Tars.Tests.IntegrationTests.Patterns: Chain of Thought with real LLM" computerName="XPS-STEF" duration="00:00:00.0010000" startTime="2025-11-29T00:18:18.6605731-05:00" endTime="2025-11-29T00:18:18.6605935-05:00" testType="13cdc9d9-ddb5-4fa4-a97d-d965ccfc6d4b" outcome="NotExecuted" testListId="8c84fa94-04c1-424b-9868-57a2d4851a1d" relativeResultsDirectory="898d1e92-feed-4786-bfcc-268d7274bfb6">
      <Output>
        <ErrorInfo>
          <Message>Integration: Requires LLM for Chain of Thought</Message>
        </ErrorInfo>
      </Output>
    </UnitTestResult>
    <UnitTestResult executionId="8f015a09-c78f-427e-8886-54fb0275af31" testId="7dec5ca4-1561-28cd-21f7-8d21139fd6d3" testName="Tars.Tests.AgentWorkflowTests.Circuit combinators can be composed" computerName="XPS-STEF" duration="00:00:00.1143756" startTime="2025-11-29T00:18:18.4989714-05:00" endTime="2025-11-29T00:18:18.7021206-05:00" testType="13cdc9d9-ddb5-4fa4-a97d-d965ccfc6d4b" outcome="Passed" testListId="8c84fa94-04c1-424b-9868-57a2d4851a1d" relativeResultsDirectory="8f015a09-c78f-427e-8886-54fb0275af31" />
    <UnitTestResult executionId="1c296133-0438-457e-ae29-57a745168418" testId="7a34e42b-0c6e-0c5c-bb69-a1c7af76650e" testName="Tars.Tests.LlmServiceTests.Routes to Ollama for code hint" computerName="XPS-STEF" duration="00:00:00.0011073" startTime="2025-11-29T00:18:18.7685779-05:00" endTime="2025-11-29T00:18:18.7695584-05:00" testType="13cdc9d9-ddb5-4fa4-a97d-d965ccfc6d4b" outcome="Passed" testListId="8c84fa94-04c1-424b-9868-57a2d4851a1d" relativeResultsDirectory="1c296133-0438-457e-ae29-57a745168418" />
    <UnitTestResult executionId="d0ee7aed-f4bc-44c8-884f-1db0d1c5a90e" testId="cab684ba-8c8f-30f0-6c27-f073346d3829" testName="Tars.Tests.ChunkingTests.SlidingWindow: Has overlap" computerName="XPS-STEF" duration="00:00:00.0030103" startTime="2025-11-29T00:18:18.7280654-05:00" endTime="2025-11-29T00:18:18.7282625-05:00" testType="13cdc9d9-ddb5-4fa4-a97d-d965ccfc6d4b" outcome="Passed" testListId="8c84fa94-04c1-424b-9868-57a2d4851a1d" relativeResultsDirectory="d0ee7aed-f4bc-44c8-884f-1db0d1c5a90e" />
    <UnitTestResult executionId="3e390e5c-3151-469d-bb45-8cd9959363b1" testId="73d1e17d-66f7-ca1e-2b84-33656d9b9e21" testName="Tars.Tests.ChunkingTests.Paragraph: Empty text returns empty list" computerName="XPS-STEF" duration="00:00:00.0016100" startTime="2025-11-29T00:18:18.7288905-05:00" endTime="2025-11-29T00:18:18.7298362-05:00" testType="13cdc9d9-ddb5-4fa4-a97d-d965ccfc6d4b" outcome="Passed" testListId="8c84fa94-04c1-424b-9868-57a2d4851a1d" relativeResultsDirectory="3e390e5c-3151-469d-bb45-8cd9959363b1" />
    <UnitTestResult executionId="d0ce1f7d-6e55-4cd5-9b5d-eeb4291e59d6" testId="95ed8c82-5444-997a-9cda-b08d92209e81" testName="Tars.Tests.RouterTests.Can route message via Alias" computerName="XPS-STEF" duration="00:00:01.1412198" startTime="2025-11-29T00:18:18.5063877-05:00" endTime="2025-11-29T00:18:19.5698879-05:00" testType="13cdc9d9-ddb5-4fa4-a97d-d965ccfc6d4b" outcome="Passed" testListId="8c84fa94-04c1-424b-9868-57a2d4851a1d" relativeResultsDirectory="d0ce1f7d-6e55-4cd5-9b5d-eeb4291e59d6">
      <Output>
        <StdOut>Starting test: Can route message via Alias&#xD;
Routed 'Coder' to a7977d7b-9979-48ba-972e-0d1e745b0c2f&#xD;
Routed 'Coder' to b9135a59-c7fe-43a9-8a1d-036468ae7038&#xD;
Routing test passed.</StdOut>
      </Output>
    </UnitTestResult>
    <UnitTestResult executionId="aeda2152-9af8-4ab7-9001-3ff1255ca98d" testId="80dee50b-0563-6d1a-17dd-d0cd42ef598d" testName="Tars.Tests.ChunkingTests.Metadata: Contains parent document ID" computerName="XPS-STEF" duration="00:00:00.0114892" startTime="2025-11-29T00:18:18.7002191-05:00" endTime="2025-11-29T00:18:18.7003929-05:00" testType="13cdc9d9-ddb5-4fa4-a97d-d965ccfc6d4b" outcome="Passed" testListId="8c84fa94-04c1-424b-9868-57a2d4851a1d" relativeResultsDirectory="aeda2152-9af8-4ab7-9001-3ff1255ca98d" />
    <UnitTestResult executionId="f484fb5d-54c1-4862-ba3b-4fbaa77695de" testId="cb82efeb-b614-522a-176c-cadf02ae168a" testName="Tars.Tests.KernelTests.Receive message adds to memory" computerName="XPS-STEF" duration="00:00:00.2188344" startTime="2025-11-29T00:18:18.5062601-05:00" endTime="2025-11-29T00:18:18.7351297-05:00" testType="13cdc9d9-ddb5-4fa4-a97d-d965ccfc6d4b" outcome="Passed" testListId="8c84fa94-04c1-424b-9868-57a2d4851a1d" relativeResultsDirectory="f484fb5d-54c1-4862-ba3b-4fbaa77695de">
      <Output>
        <StdOut>Starting test: Receive message adds to memory&#xD;
Sending message 0688f8b7-925a-48c1-928a-f48d8feb47e9 to agent AgentId 817e664c-6b9f-4863-a825-ff8292331275&#xD;
Message received and stored in memory.</StdOut>
      </Output>
    </UnitTestResult>
    <UnitTestResult executionId="2664ccaf-0314-46e1-82dc-1392c1a8616a" testId="6d0eae5c-74f0-b468-501c-2cdbab2af918" testName="Tars.Tests.ExecutionTests.Execution builder handles mixed Success and PartialSuccess" computerName="XPS-STEF" duration="00:00:00.0087017" startTime="2025-11-29T00:18:18.6991443-05:00" endTime="2025-11-29T00:18:18.7002278-05:00" testType="13cdc9d9-ddb5-4fa4-a97d-d965ccfc6d4b" outcome="Passed" testListId="8c84fa94-04c1-424b-9868-57a2d4851a1d" relativeResultsDirectory="2664ccaf-0314-46e1-82dc-1392c1a8616a" />
    <UnitTestResult executionId="3bf3c2d7-6f30-45f4-be5a-8062a1809e2f" testId="15fa9fb9-d20e-d5b3-4a06-d270e84ce25e" testName="Tars.Tests.GoldenRun.Golden Run: Demo Ping" computerName="XPS-STEF" duration="00:00:00.0010000" startTime="2025-11-29T00:18:18.6992129-05:00" endTime="2025-11-29T00:18:18.6992403-05:00" testType="13cdc9d9-ddb5-4fa4-a97d-d965ccfc6d4b" outcome="NotExecuted" testListId="8c84fa94-04c1-424b-9868-57a2d4851a1d" relativeResultsDirectory="3bf3c2d7-6f30-45f4-be5a-8062a1809e2f">
      <Output>
        <ErrorInfo>
          <Message>Demo ping build currently depends on missing SemanticKernelProvider in CLI; skip in CI.</Message>
        </ErrorInfo>
      </Output>
    </UnitTestResult>
    <UnitTestResult executionId="70862725-3741-4811-ab5e-4e312df05353" testId="0b74f9af-9629-102e-4db7-5f001fb5e352" testName="Tars.Tests.AgentWorkflowTests.ForwardOnly: Preserves failure" computerName="XPS-STEF" duration="00:00:00.0088339" startTime="2025-11-29T00:18:18.7396071-05:00" endTime="2025-11-29T00:18:18.7396591-05:00" testType="13cdc9d9-ddb5-4fa4-a97d-d965ccfc6d4b" outcome="Passed" testListId="8c84fa94-04c1-424b-9868-57a2d4851a1d" relativeResultsDirectory="70862725-3741-4811-ab5e-4e312df05353" />
    <UnitTestResult executionId="ffd92a60-4e84-48d2-8eea-71d0af367da6" testId="5914f593-046d-91fe-d97d-dc55b0c3f5c8" testName="Tars.Tests.VectorStoreTests.InMemoryVectorStore: File persistence works" computerName="XPS-STEF" duration="00:00:00.0484039" startTime="2025-11-29T00:18:18.7446666-05:00" endTime="2025-11-29T00:18:18.7772937-05:00" testType="13cdc9d9-ddb5-4fa4-a97d-d965ccfc6d4b" outcome="Passed" testListId="8c84fa94-04c1-424b-9868-57a2d4851a1d" relativeResultsDirectory="ffd92a60-4e84-48d2-8eea-71d0af367da6">
      <Output>
        <StdOut>Starting test: File persistence works&#xD;
Successfully persisted and loaded data from C:\Users\spare\AppData\Local\Temp\vectorstore_test_1e37cf62-163c-4c19-9eef-b03002f11057.json</StdOut>
      </Output>
    </UnitTestResult>
    <UnitTestResult executionId="f418dc82-79cd-4ce9-8bfd-2cb20f3cb68e" testId="dd8d0d6b-b1af-dc5e-b69b-86cf9dfbe2cc" testName="Tars.Tests.AgentWorkflowTests.Agent workflow chains multiple warnings" computerName="XPS-STEF" duration="00:00:00.0088433" startTime="2025-11-29T00:18:18.7362867-05:00" endTime="2025-11-29T00:18:18.7376189-05:00" testType="13cdc9d9-ddb5-4fa4-a97d-d965ccfc6d4b" outcome="Passed" testListId="8c84fa94-04c1-424b-9868-57a2d4851a1d" relativeResultsDirectory="f418dc82-79cd-4ce9-8bfd-2cb20f3cb68e" />
    <UnitTestResult executionId="e8a845e5-5c1f-4e97-9f17-e8829f791e5a" testId="31543406-f9ec-d528-ca94-97f188e9780e" testName="Tars.Tests.MetascriptTests.Hybrid search combines semantic and keyword scores" computerName="XPS-STEF" duration="00:00:00.0021422" startTime="2025-11-29T00:18:18.7450448-05:00" endTime="2025-11-29T00:18:18.7452426-05:00" testType="13cdc9d9-ddb5-4fa4-a97d-d965ccfc6d4b" outcome="Passed" testListId="8c84fa94-04c1-424b-9868-57a2d4851a1d" relativeResultsDirectory="e8a845e5-5c1f-4e97-9f17-e8829f791e5a" />
    <UnitTestResult executionId="de7c6df2-8516-4f3c-bd50-8aec29b4b4e0" testId="05b34b12-d6dd-874f-d540-cc4a4fc4ac4f" testName="Tars.Tests.KTheoryTests.K0: Conservation Law (Mixed Resources)" computerName="XPS-STEF" duration="00:00:00.0105560" startTime="2025-11-29T00:18:18.7333624-05:00" endTime="2025-11-29T00:18:18.7335630-05:00" testType="13cdc9d9-ddb5-4fa4-a97d-d965ccfc6d4b" outcome="Passed" testListId="8c84fa94-04c1-424b-9868-57a2d4851a1d" relativeResultsDirectory="de7c6df2-8516-4f3c-bd50-8aec29b4b4e0" />
    <UnitTestResult executionId="0ad49ac6-420d-4ec6-8abd-f489dc31f0fb" testId="df275f9f-ba76-a719-c905-6824a9413cd9" testName="Tars.Tests.VectorStoreTests.InMemoryVectorStore: Delete removes document" computerName="XPS-STEF" duration="00:00:00.0024542" startTime="2025-11-29T00:18:18.8581633-05:00" endTime="2025-11-29T00:18:18.8606051-05:00" testType="13cdc9d9-ddb5-4fa4-a97d-d965ccfc6d4b" outcome="Passed" testListId="8c84fa94-04c1-424b-9868-57a2d4851a1d" relativeResultsDirectory="0ad49ac6-420d-4ec6-8abd-f489dc31f0fb">
      <Output>
        <StdOut>Starting test: Delete removes document&#xD;
Deleted: True, count: before=1, after=0</StdOut>
      </Output>
    </UnitTestResult>
    <UnitTestResult executionId="28120f6b-85d6-40ae-800a-bb683174e6a5" testId="e89d5097-6e88-b215-6949-2260029ce3f5" testName="Tars.Tests.KTheoryTests.K1: No cycles in linear chain" computerName="XPS-STEF" duration="00:00:00.0007975" startTime="2025-11-29T00:18:18.7343007-05:00" endTime="2025-11-29T00:18:18.7343172-05:00" testType="13cdc9d9-ddb5-4fa4-a97d-d965ccfc6d4b" outcome="Passed" testListId="8c84fa94-04c1-424b-9868-57a2d4851a1d" relativeResultsDirectory="28120f6b-85d6-40ae-800a-bb683174e6a5" />
    <UnitTestResult executionId="b2d3ac00-c4be-4ed9-a78f-051ba468cc78" testId="bfdf812d-65e9-0648-4f24-7d9f6ab03719" testName="Tars.Tests.SandboxTests.Sandbox has no internet access" computerName="XPS-STEF" duration="00:00:01.0644574" startTime="2025-11-29T00:18:19.2731248-05:00" endTime="2025-11-29T00:18:20.3363262-05:00" testType="13cdc9d9-ddb5-4fa4-a97d-d965ccfc6d4b" outcome="Passed" testListId="8c84fa94-04c1-424b-9868-57a2d4851a1d" relativeResultsDirectory="b2d3ac00-c4be-4ed9-a78f-051ba468cc78">
      <Output>
        <StdOut>Stdout: &#xD;
Stderr: Traceback (most recent call last):
  File "/usr/local/lib/python3.11/urllib/request.py", line 1348, in do_open
    h.request(req.get_method(), req.selector, req.data, headers,
  File "/usr/local/lib/python3.11/http/client.py", line 1303, in request
    self._send_request(method, url, body, headers, encode_chunked)
  File "/usr/local/lib/python3.11/http/client.py", line 1349, in _send_request
    self.endheaders(body, encode_chunked=encode_chunked)
  File "/usr/local/lib/python3.11/http/client.py", line 1298, in endheaders
    self._send_output(message_body, encode_chunked=encode_chunked)
  File "/usr/local/lib/python3.11/http/client.py", line 1058, in _send_output
    self.send(msg)
  File "/usr/local/lib/python3.11/http/client.py", line 996, in send
    self.connect()
  File "/usr/local/lib/python3.11/http/client.py", line 962, in connect
    self.sock = self._create_connection(
                ^^^^^^^^^^^^^^^^^^^^^^^^
  File "/usr/local/lib/python3.11/socket.py", line 839, in create_connection
    for res in getaddrinfo(host, port, 0, SOCK_STREAM):
               ^^^^^^^^^^^^^^^^^^^^^^^^^^^^^^^^^^^^^^^
  File "/usr/local/lib/python3.11/socket.py", line 974, in getaddrinfo
    for res in _socket.getaddrinfo(host, port, family, type, proto, flags):
               ^^^^^^^^^^^^^^^^^^^^^^^^^^^^^^^^^^^^^^^^^^^^^^^^^^^^^^^^^^^
socket.gaierror: [Errno -3] Temporary failure in name resolution

During handling of the above exception, another exception occurred:

Traceback (most recent call last):
  File "&lt;string&gt;", line 1, in &lt;module&gt;
  File "/usr/local/lib/python3.11/urllib/request.py", line 216, in urlopen
    return opener.open(url, data, timeout)
           ^^^^^^^^^^^^^^^^^^^^^^^^^^^^^^^
  File "/usr/local/lib/python3.11/urllib/request.py", line 519, in open
    response = self._open(req, data)
               ^^^^^^^^^^^^^^^^^^^^^
  File "/usr/local/lib/python3.11/urllib/request.py", line 536, in _open
    result = self._call_chain(self.handle_open, protocol, protocol +
             ^^^^^^^^^^^^^^^^^^^^^^^^^^^^^^^^^^^^^^^^^^^^^^^^^^^^^^^
  File "/usr/local/lib/python3.11/urllib/request.py", line 496, in _call_chain
    result = func(*args)
             ^^^^^^^^^^^
  File "/usr/local/lib/python3.11/urllib/request.py", line 1377, in http_open
    return self.do_open(http.client.HTTPConnection, req)
           ^^^^^^^^^^^^^^^^^^^^^^^^^^^^^^^^^^^^^^^^^^^^^
  File "/usr/local/lib/python3.11/urllib/request.py", line 1351, in do_open
    raise URLError(err)
urllib.error.URLError: &lt;urlopen error [Errno -3] Temporary failure in name resolution&gt;
&#xD;
ExitCode: 1</StdOut>
      </Output>
    </UnitTestResult>
    <UnitTestResult executionId="1ed44a9c-a49c-4e0a-8ba3-b0d32b75b8cf" testId="71a6f700-ec4e-22a9-5a3f-af5aa8c6836d" testName="Tars.Tests.AgentWorkflowTests.Transform: Passes through failure" computerName="XPS-STEF" duration="00:00:00.0044517" startTime="2025-11-29T00:18:18.7400769-05:00" endTime="2025-11-29T00:18:18.7402069-05:00" testType="13cdc9d9-ddb5-4fa4-a97d-d965ccfc6d4b" outcome="Passed" testListId="8c84fa94-04c1-424b-9868-57a2d4851a1d" relativeResultsDirectory="1ed44a9c-a49c-4e0a-8ba3-b0d32b75b8cf" />
    <UnitTestResult executionId="361d8020-65a6-44b3-8488-16db66d6b9e3" testId="cab1e720-8fde-b3b4-9ced-c98ac7259bdf" testName="Tars.Tests.AgentWorkflowTests.Agent workflow returns success" computerName="XPS-STEF" duration="00:00:00.0015565" startTime="2025-11-29T00:18:18.7410321-05:00" endTime="2025-11-29T00:18:18.7410756-05:00" testType="13cdc9d9-ddb5-4fa4-a97d-d965ccfc6d4b" outcome="Passed" testListId="8c84fa94-04c1-424b-9868-57a2d4851a1d" relativeResultsDirectory="361d8020-65a6-44b3-8488-16db66d6b9e3" />
    <UnitTestResult executionId="6aeb95be-90db-4e10-bc5d-7a0c81f75034" testId="5ef4801d-3a30-060f-dbaf-231c940ac500" testName="Tars.Tests.ChunkingTests.Paragraph: Splits on double newlines" computerName="XPS-STEF" duration="00:00:00.0015274" startTime="2025-11-29T00:18:18.7286560-05:00" endTime="2025-11-29T00:18:18.7286669-05:00" testType="13cdc9d9-ddb5-4fa4-a97d-d965ccfc6d4b" outcome="Passed" testListId="8c84fa94-04c1-424b-9868-57a2d4851a1d" relativeResultsDirectory="6aeb95be-90db-4e10-bc5d-7a0c81f75034" />
    <UnitTestResult executionId="ebf76eed-4b5e-40ff-b36a-0296da9198ee" testId="41aedf8a-5ee4-57c6-7a67-5b64e74b844b" testName="Tars.Tests.LlmServiceTests.Ollama Client sends correct request" computerName="XPS-STEF" duration="00:00:00.2863788" startTime="2025-11-29T00:18:18.6922026-05:00" endTime="2025-11-29T00:18:18.7450976-05:00" testType="13cdc9d9-ddb5-4fa4-a97d-d965ccfc6d4b" outcome="Passed" testListId="8c84fa94-04c1-424b-9868-57a2d4851a1d" relativeResultsDirectory="ebf76eed-4b5e-40ff-b36a-0296da9198ee" />
    <UnitTestResult executionId="a14892f9-2c87-4693-8981-cbddd0fe43ee" testId="08a8956e-45a6-1d4b-87da-6545069fb150" testName="Tars.Tests.SecurityTests.FilesystemPolicy: Handles path with dot segments correctly" computerName="XPS-STEF" duration="00:00:00.0123524" startTime="2025-11-29T00:18:18.4989471-05:00" endTime="2025-11-29T00:18:18.6905352-05:00" testType="13cdc9d9-ddb5-4fa4-a97d-d965ccfc6d4b" outcome="Passed" testListId="8c84fa94-04c1-424b-9868-57a2d4851a1d" relativeResultsDirectory="a14892f9-2c87-4693-8981-cbddd0fe43ee">
      <Output>
        <StdOut>Starting test: Handles path with dot segments correctly&#xD;
Correctly normalized path: C:\Users\spare\AppData\Local\Temp\subdir\file.txt</StdOut>
      </Output>
    </UnitTestResult>
    <UnitTestResult executionId="148c0d50-cb4a-4303-bb63-756de4d8907a" testId="835ed334-ade6-9582-d914-876f8b538534" testName="Tars.Tests.MetascriptTests.Answer attribution tracks sources" computerName="XPS-STEF" duration="00:00:00.1153034" startTime="2025-11-29T00:18:18.7325368-05:00" endTime="2025-11-29T00:18:18.7447142-05:00" testType="13cdc9d9-ddb5-4fa4-a97d-d965ccfc6d4b" outcome="Passed" testListId="8c84fa94-04c1-424b-9868-57a2d4851a1d" relativeResultsDirectory="148c0d50-cb4a-4303-bb63-756de4d8907a" />
    <UnitTestResult executionId="6036839f-9466-4499-9d7d-7948aba5eb09" testId="0b5740b7-fa06-1965-cd3a-23e5bf8c9546" testName="Tars.Tests.KTheoryTests.K1: Detects simple 2-cycle" computerName="XPS-STEF" duration="00:00:00.0012109" startTime="2025-11-29T00:18:18.7322901-05:00" endTime="2025-11-29T00:18:18.7322966-05:00" testType="13cdc9d9-ddb5-4fa4-a97d-d965ccfc6d4b" outcome="Passed" testListId="8c84fa94-04c1-424b-9868-57a2d4851a1d" relativeResultsDirectory="6036839f-9466-4499-9d7d-7948aba5eb09" />
    <UnitTestResult executionId="22a15147-0fd1-493b-a669-f1eed8853b86" testId="f758dd14-de19-49f5-05cf-ff07b10d198f" testName="Tars.Tests.SecurityTests.CredentialVault: Can update existing secret" computerName="XPS-STEF" duration="00:00:00.0015410" startTime="2025-11-29T00:18:18.6968907-05:00" endTime="2025-11-29T00:18:18.6969614-05:00" testType="13cdc9d9-ddb5-4fa4-a97d-d965ccfc6d4b" outcome="Passed" testListId="8c84fa94-04c1-424b-9868-57a2d4851a1d" relativeResultsDirectory="22a15147-0fd1-493b-a669-f1eed8853b86">
      <Output>
        <StdOut>Starting test: Can update existing secret&#xD;
Successfully updated and retrieved secret</StdOut>
      </Output>
    </UnitTestResult>
    <UnitTestResult executionId="eaa7af60-a680-441c-ae0b-ffb6e0ea489c" testId="f68b1f2a-f74a-e90f-010f-d4f84a0cca68" testName="Tars.Tests.VectorStoreTests.SqliteVectorStore: Search respects limit parameter" computerName="XPS-STEF" duration="00:00:00.0573305" startTime="2025-11-29T00:18:18.9602729-05:00" endTime="2025-11-29T00:18:19.0168134-05:00" testType="13cdc9d9-ddb5-4fa4-a97d-d965ccfc6d4b" outcome="Passed" testListId="8c84fa94-04c1-424b-9868-57a2d4851a1d" relativeResultsDirectory="eaa7af60-a680-441c-ae0b-ffb6e0ea489c">
      <Output>
        <StdOut>Starting test: SqliteVectorStore limit&#xD;
Returned 3 results (limit was 3)</StdOut>
      </Output>
    </UnitTestResult>
    <UnitTestResult executionId="fc9503fa-0ca0-45c2-8c4e-faf6d8247aea" testId="d07f8753-216a-cc43-39c9-8e82dfe54fae" testName="Tars.Tests.KTheoryTests.K1: Large star graph has no cycles" computerName="XPS-STEF" duration="00:00:00.0031240" startTime="2025-11-29T00:18:18.7363929-05:00" endTime="2025-11-29T00:18:18.7365396-05:00" testType="13cdc9d9-ddb5-4fa4-a97d-d965ccfc6d4b" outcome="Passed" testListId="8c84fa94-04c1-424b-9868-57a2d4851a1d" relativeResultsDirectory="fc9503fa-0ca0-45c2-8c4e-faf6d8247aea" />
    <UnitTestResult executionId="8077e731-59a3-485e-b199-654f2cc0a1dd" testId="1416d016-1c91-f9b3-e938-7e0bc861e322" testName="Tars.Tests.AgentWorkflowTests.Agent workflow with no budget skips budget check" computerName="XPS-STEF" duration="00:00:00.0031087" startTime="2025-11-29T00:18:18.7411704-05:00" endTime="2025-11-29T00:18:18.7411813-05:00" testType="13cdc9d9-ddb5-4fa4-a97d-d965ccfc6d4b" outcome="Passed" testListId="8c84fa94-04c1-424b-9868-57a2d4851a1d" relativeResultsDirectory="8077e731-59a3-485e-b199-654f2cc0a1dd" />
    <UnitTestResult executionId="f2111769-d9ca-443a-9b45-b61431c46ba1" testId="a1967412-542f-f1e0-221d-e854c5aa3ad5" testName="Tars.Tests.ChunkingTests.FixedSize: Short text returns single chunk" computerName="XPS-STEF" duration="00:00:00.0021281" startTime="2025-11-29T00:18:18.7299111-05:00" endTime="2025-11-29T00:18:18.7300066-05:00" testType="13cdc9d9-ddb5-4fa4-a97d-d965ccfc6d4b" outcome="Passed" testListId="8c84fa94-04c1-424b-9868-57a2d4851a1d" relativeResultsDirectory="f2111769-d9ca-443a-9b45-b61431c46ba1" />
    <UnitTestResult executionId="0422cd79-5721-465b-9301-052234597787" testId="cf452494-0c65-cfae-9eb0-638070791091" testName="Tars.Tests.IntegrationTests.VectorStore: End-to-end RAG pipeline" computerName="XPS-STEF" duration="00:00:00.0010000" startTime="2025-11-29T00:18:18.6591614-05:00" endTime="2025-11-29T00:18:18.6591842-05:00" testType="13cdc9d9-ddb5-4fa4-a97d-d965ccfc6d4b" outcome="NotExecuted" testListId="8c84fa94-04c1-424b-9868-57a2d4851a1d" relativeResultsDirectory="0422cd79-5721-465b-9301-052234597787">
      <Output>
        <ErrorInfo>
          <Message>Integration: Tests full RAG pipeline with embeddings</Message>
        </ErrorInfo>
      </Output>
    </UnitTestResult>
    <UnitTestResult executionId="21cd07c5-85cd-4f4f-826f-fd955b7f6504" testId="d6322e77-fbce-faac-8454-5d1457d55801" testName="Tars.Tests.KTheoryTests.Budget: Infinite budget always affordable" computerName="XPS-STEF" duration="00:00:00.0138970" startTime="2025-11-29T00:18:18.7344258-05:00" endTime="2025-11-29T00:18:18.7350118-05:00" testType="13cdc9d9-ddb5-4fa4-a97d-d965ccfc6d4b" outcome="Passed" testListId="8c84fa94-04c1-424b-9868-57a2d4851a1d" relativeResultsDirectory="21cd07c5-85cd-4f4f-826f-fd955b7f6504" />
    <UnitTestResult executionId="2780e235-fb18-44c0-a6b7-800419508ff0" testId="b9772d46-7369-4b60-5d41-5901d9ee2bd2" testName="Tars.Tests.KTheoryTests.Budget: IsCritical detects low resources" computerName="XPS-STEF" duration="00:00:00.0146727" startTime="2025-11-29T00:18:18.7310228-05:00" endTime="2025-11-29T00:18:18.7320859-05:00" testType="13cdc9d9-ddb5-4fa4-a97d-d965ccfc6d4b" outcome="Passed" testListId="8c84fa94-04c1-424b-9868-57a2d4851a1d" relativeResultsDirectory="2780e235-fb18-44c0-a6b7-800419508ff0" />
    <UnitTestResult executionId="0732cd43-4630-4f32-8374-db7a871ca5d4" testId="aed3c718-a163-5c1e-ecf2-548dff20ac6f" testName="Tars.Tests.KTheoryTests.K1: No cycles in large DAG" computerName="XPS-STEF" duration="00:00:00.0003541" startTime="2025-11-29T00:18:18.7336866-05:00" endTime="2025-11-29T00:18:18.7336948-05:00" testType="13cdc9d9-ddb5-4fa4-a97d-d965ccfc6d4b" outcome="Passed" testListId="8c84fa94-04c1-424b-9868-57a2d4851a1d" relativeResultsDirectory="0732cd43-4630-4f32-8374-db7a871ca5d4" />
    <UnitTestResult executionId="52fe1311-ecb3-4b14-9862-85ce8e4e702f" testId="ea1788ad-d90a-7851-0f20-47bd94351234" testName="Tars.Tests.KnowledgeGraphTests.Can add nodes and edges" computerName="XPS-STEF" duration="00:00:00.0306115" startTime="2025-11-29T00:18:18.5063490-05:00" endTime="2025-11-29T00:18:18.6953455-05:00" testType="13cdc9d9-ddb5-4fa4-a97d-d965ccfc6d4b" outcome="Passed" testListId="8c84fa94-04c1-424b-9868-57a2d4851a1d" relativeResultsDirectory="52fe1311-ecb3-4b14-9862-85ce8e4e702f" />
    <UnitTestResult executionId="85c3e443-040a-413b-be05-0170ba061d08" testId="c9af01c1-94ce-8496-cc4f-047419ac023e" testName="Tars.Tests.GraphTests.PromptBuilder: Includes message history" computerName="XPS-STEF" duration="00:00:00.0158732" startTime="2025-11-29T00:18:18.6925189-05:00" endTime="2025-11-29T00:18:18.6975439-05:00" testType="13cdc9d9-ddb5-4fa4-a97d-d965ccfc6d4b" outcome="Passed" testListId="8c84fa94-04c1-424b-9868-57a2d4851a1d" relativeResultsDirectory="85c3e443-040a-413b-be05-0170ba061d08">
      <Output>
        <StdOut>Starting test: Includes message history&#xD;
History correctly included in prompt</StdOut>
      </Output>
    </UnitTestResult>
    <UnitTestResult executionId="6dc60f89-8252-4197-86f2-e63149781e09" testId="d866a6ab-bbf7-95e2-eb8c-79ed6cc0eec9" testName="Tars.Tests.VectorStoreTests.SqliteVectorStore: Can save and retrieve by search" computerName="XPS-STEF" duration="00:00:00.2661881" startTime="2025-11-29T00:18:18.6960351-05:00" endTime="2025-11-29T00:18:18.7445573-05:00" testType="13cdc9d9-ddb5-4fa4-a97d-d965ccfc6d4b" outcome="Passed" testListId="8c84fa94-04c1-424b-9868-57a2d4851a1d" relativeResultsDirectory="6dc60f89-8252-4197-86f2-e63149781e09">
      <Output>
        <StdOut>Starting test: SqliteVectorStore save and retrieve&#xD;
Found: doc1 with distance 0</StdOut>
      </Output>
    </UnitTestResult>
    <UnitTestResult executionId="858d7703-ac5a-4043-b101-bf64b56e42bd" testId="36cd5560-e3aa-cdda-cd8f-28711f2d655a" testName="Tars.Tests.VectorStoreTests.Similarity: Cosine similarity of opposite vectors is -1" computerName="XPS-STEF" duration="00:00:00.0003552" startTime="2025-11-29T00:18:18.8144080-05:00" endTime="2025-11-29T00:18:18.8145318-05:00" testType="13cdc9d9-ddb5-4fa4-a97d-d965ccfc6d4b" outcome="Passed" testListId="8c84fa94-04c1-424b-9868-57a2d4851a1d" relativeResultsDirectory="858d7703-ac5a-4043-b101-bf64b56e42bd">
      <Output>
        <StdOut>Starting test: Cosine similarity of opposite vectors is -1&#xD;
Similarity: -0.99999994</StdOut>
      </Output>
    </UnitTestResult>
    <UnitTestResult executionId="66690ae7-38fb-4c0d-8f8f-c3c91df8faa4" testId="835b043a-5f51-afa6-6184-fd91c019cea0" testName="Tars.Tests.GovernanceTests.BudgetGovernor tracks calls" computerName="XPS-STEF" duration="00:00:00.0027853" startTime="2025-11-29T00:18:18.7009051-05:00" endTime="2025-11-29T00:18:18.7019918-05:00" testType="13cdc9d9-ddb5-4fa4-a97d-d965ccfc6d4b" outcome="Passed" testListId="8c84fa94-04c1-424b-9868-57a2d4851a1d" relativeResultsDirectory="66690ae7-38fb-4c0d-8f8f-c3c91df8faa4" />
    <UnitTestResult executionId="4d0ff18f-c76c-45f6-beb6-626c50464014" testId="4b863590-cb0b-0aa8-82ea-6677f1b265f9" testName="Tars.Tests.AgentWorkflowTests.ForwardOnly: Logs forward-only enforcement" computerName="XPS-STEF" duration="00:00:00.0084051" startTime="2025-11-29T00:18:18.7312466-05:00" endTime="2025-11-29T00:18:18.7313326-05:00" testType="13cdc9d9-ddb5-4fa4-a97d-d965ccfc6d4b" outcome="Passed" testListId="8c84fa94-04c1-424b-9868-57a2d4851a1d" relativeResultsDirectory="4d0ff18f-c76c-45f6-beb6-626c50464014" />
    <UnitTestResult executionId="3cb3184c-79bc-4c57-8a10-7d204425a43f" testId="74ae040b-9765-b2cd-c7bc-83c6f849c1bb" testName="Tars.Tests.ChunkingTests.FixedSize: Filters out small chunks" computerName="XPS-STEF" duration="00:00:00.0020102" startTime="2025-11-29T00:18:18.7302412-05:00" endTime="2025-11-29T00:18:18.7302497-05:00" testType="13cdc9d9-ddb5-4fa4-a97d-d965ccfc6d4b" outcome="Passed" testListId="8c84fa94-04c1-424b-9868-57a2d4851a1d" relativeResultsDirectory="3cb3184c-79bc-4c57-8a10-7d204425a43f" />
    <UnitTestResult executionId="a8ed22e5-b4b9-4591-9e4b-412629d6d5df" testId="2913da62-ad2f-0270-26cf-6dbda1bee3bd" testName="Tars.Tests.IntegrationTests.Ollama: Can generate embeddings" computerName="XPS-STEF" duration="00:00:00.0010000" startTime="2025-11-29T00:18:18.6610244-05:00" endTime="2025-11-29T00:18:18.6610449-05:00" testType="13cdc9d9-ddb5-4fa4-a97d-d965ccfc6d4b" outcome="NotExecuted" testListId="8c84fa94-04c1-424b-9868-57a2d4851a1d" relativeResultsDirectory="a8ed22e5-b4b9-4591-9e4b-412629d6d5df">
      <Output>
        <ErrorInfo>
          <Message>Integration: Requires Ollama with embedding model</Message>
        </ErrorInfo>
      </Output>
    </UnitTestResult>
    <UnitTestResult executionId="89039034-5bf4-4ecb-9cf8-ff0b03b90790" testId="c5bb4c8d-d587-5e44-a735-3313b24db17f" testName="Tars.Tests.MetascriptTests.Loop step consumes budget per iteration" computerName="XPS-STEF" duration="00:00:00.0188205" startTime="2025-11-29T00:18:18.7483383-05:00" endTime="2025-11-29T00:18:18.7568437-05:00" testType="13cdc9d9-ddb5-4fa4-a97d-d965ccfc6d4b" outcome="Passed" testListId="8c84fa94-04c1-424b-9868-57a2d4851a1d" relativeResultsDirectory="89039034-5bf4-4ecb-9cf8-ff0b03b90790" />
    <UnitTestResult executionId="c90bd12b-cc9a-4527-90a1-52f1e9306b69" testId="aa24636e-8a39-8d73-d793-57b52a923232" testName="Tars.Tests.ChunkingTests.Metadata: Strategy field matches config" computerName="XPS-STEF" duration="00:00:00.0094511" startTime="2025-11-29T00:18:18.6990649-05:00" endTime="2025-11-29T00:18:18.7001205-05:00" testType="13cdc9d9-ddb5-4fa4-a97d-d965ccfc6d4b" outcome="Passed" testListId="8c84fa94-04c1-424b-9868-57a2d4851a1d" relativeResultsDirectory="c90bd12b-cc9a-4527-90a1-52f1e9306b69" />
    <UnitTestResult executionId="c3053864-88fd-46df-bc3d-c185864287a9" testId="dab3205c-94c6-9363-2150-a4b0c92a0336" testName="Tars.Tests.ChunkingTests.chunkDefault: Uses default config" computerName="XPS-STEF" duration="00:00:00.0028904" startTime="2025-11-29T00:18:18.7283922-05:00" endTime="2025-11-29T00:18:18.7285747-05:00" testType="13cdc9d9-ddb5-4fa4-a97d-d965ccfc6d4b" outcome="Passed" testListId="8c84fa94-04c1-424b-9868-57a2d4851a1d" relativeResultsDirectory="c3053864-88fd-46df-bc3d-c185864287a9" />
    <UnitTestResult executionId="d3297778-5d67-4a8b-9908-512aed1c9cb5" testId="1d0d467c-6215-ced8-3bf1-701101f166fd" testName="Tars.Tests.KTheoryTests.K0: Allocation Conservation (Parent - Child = NewParent)" computerName="XPS-STEF" duration="00:00:00.0539015" startTime="2025-11-29T00:18:18.7000907-05:00" endTime="2025-11-29T00:18:18.7026876-05:00" testType="13cdc9d9-ddb5-4fa4-a97d-d965ccfc6d4b" outcome="Passed" testListId="8c84fa94-04c1-424b-9868-57a2d4851a1d" relativeResultsDirectory="d3297778-5d67-4a8b-9908-512aed1c9cb5" />
    <UnitTestResult executionId="35ae5cd9-41bb-463e-83e7-58a8947379f8" testId="262d7208-384d-ec07-72a9-eb8b39e98734" testName="Tars.Tests.AgentWorkflowTests.Transform: Maps success value" computerName="XPS-STEF" duration="00:00:00.0071280" startTime="2025-11-29T00:18:18.7347113-05:00" endTime="2025-11-29T00:18:18.7347282-05:00" testType="13cdc9d9-ddb5-4fa4-a97d-d965ccfc6d4b" outcome="Passed" testListId="8c84fa94-04c1-424b-9868-57a2d4851a1d" relativeResultsDirectory="35ae5cd9-41bb-463e-83e7-58a8947379f8" />
    <UnitTestResult executionId="13cd09de-855e-44a4-8d8b-52db0c671d31" testId="d692e460-4ddd-7cad-3935-0e5a7495a723" testName="Tars.Tests.ExecutionTests.Execution builder ReturnFrom works" computerName="XPS-STEF" duration="00:00:00.0013394" startTime="2025-11-29T00:18:18.7003153-05:00" endTime="2025-11-29T00:18:18.7003249-05:00" testType="13cdc9d9-ddb5-4fa4-a97d-d965ccfc6d4b" outcome="Passed" testListId="8c84fa94-04c1-424b-9868-57a2d4851a1d" relativeResultsDirectory="13cd09de-855e-44a4-8d8b-52db0c671d31" />
    <UnitTestResult executionId="37a12b18-182d-466a-8817-d3402fbb6931" testId="c54b7deb-6b36-5ccd-df37-84dd25a293b2" testName="Tars.Tests.GovernanceTests.BudgetGovernor tracks token usage" computerName="XPS-STEF" duration="00:00:00.0082574" startTime="2025-11-29T00:18:18.7021070-05:00" endTime="2025-11-29T00:18:18.7028616-05:00" testType="13cdc9d9-ddb5-4fa4-a97d-d965ccfc6d4b" outcome="Passed" testListId="8c84fa94-04c1-424b-9868-57a2d4851a1d" relativeResultsDirectory="37a12b18-182d-466a-8817-d3402fbb6931" />
    <UnitTestResult executionId="bff38d0b-5317-4dd2-b2fd-ccbbdeeba16a" testId="4fa7e388-dfcb-03e5-71c5-1b7e4f0b1212" testName="Tars.Tests.SecurityTests.CredentialVault: Can register and retrieve secret" computerName="XPS-STEF" duration="00:00:00.0023511" startTime="2025-11-29T00:18:18.6970993-05:00" endTime="2025-11-29T00:18:18.6972277-05:00" testType="13cdc9d9-ddb5-4fa4-a97d-d965ccfc6d4b" outcome="Passed" testListId="8c84fa94-04c1-424b-9868-57a2d4851a1d" relativeResultsDirectory="bff38d0b-5317-4dd2-b2fd-ccbbdeeba16a">
      <Output>
        <StdOut>Starting test: Can register and retrieve secret&#xD;
Successfully retrieved secret for key: TEST_SECRET_b4ca6b31-9a22-4cde-9a5a-9de4370a0dee</StdOut>
[...]
    <TestEntry testId="dd8d0d6b-b1af-dc5e-b69b-86cf9dfbe2cc" executionId="f418dc82-79cd-4ce9-8bfd-2cb20f3cb68e" testListId="8c84fa94-04c1-424b-9868-57a2d4851a1d" />
    <TestEntry testId="31543406-f9ec-d528-ca94-97f188e9780e" executionId="e8a845e5-5c1f-4e97-9f17-e8829f791e5a" testListId="8c84fa94-04c1-424b-9868-57a2d4851a1d" />
    <TestEntry testId="05b34b12-d6dd-874f-d540-cc4a4fc4ac4f" executionId="de7c6df2-8516-4f3c-bd50-8aec29b4b4e0" testListId="8c84fa94-04c1-424b-9868-57a2d4851a1d" />
    <TestEntry testId="df275f9f-ba76-a719-c905-6824a9413cd9" executionId="0ad49ac6-420d-4ec6-8abd-f489dc31f0fb" testListId="8c84fa94-04c1-424b-9868-57a2d4851a1d" />
    <TestEntry testId="e89d5097-6e88-b215-6949-2260029ce3f5" executionId="28120f6b-85d6-40ae-800a-bb683174e6a5" testListId="8c84fa94-04c1-424b-9868-57a2d4851a1d" />
    <TestEntry testId="bfdf812d-65e9-0648-4f24-7d9f6ab03719" executionId="b2d3ac00-c4be-4ed9-a78f-051ba468cc78" testListId="8c84fa94-04c1-424b-9868-57a2d4851a1d" />
    <TestEntry testId="71a6f700-ec4e-22a9-5a3f-af5aa8c6836d" executionId="1ed44a9c-a49c-4e0a-8ba3-b0d32b75b8cf" testListId="8c84fa94-04c1-424b-9868-57a2d4851a1d" />
    <TestEntry testId="cab1e720-8fde-b3b4-9ced-c98ac7259bdf" executionId="361d8020-65a6-44b3-8488-16db66d6b9e3" testListId="8c84fa94-04c1-424b-9868-57a2d4851a1d" />
    <TestEntry testId="5ef4801d-3a30-060f-dbaf-231c940ac500" executionId="6aeb95be-90db-4e10-bc5d-7a0c81f75034" testListId="8c84fa94-04c1-424b-9868-57a2d4851a1d" />
    <TestEntry testId="41aedf8a-5ee4-57c6-7a67-5b64e74b844b" executionId="ebf76eed-4b5e-40ff-b36a-0296da9198ee" testListId="8c84fa94-04c1-424b-9868-57a2d4851a1d" />
    <TestEntry testId="08a8956e-45a6-1d4b-87da-6545069fb150" executionId="a14892f9-2c87-4693-8981-cbddd0fe43ee" testListId="8c84fa94-04c1-424b-9868-57a2d4851a1d" />
    <TestEntry testId="835ed334-ade6-9582-d914-876f8b538534" executionId="148c0d50-cb4a-4303-bb63-756de4d8907a" testListId="8c84fa94-04c1-424b-9868-57a2d4851a1d" />
    <TestEntry testId="0b5740b7-fa06-1965-cd3a-23e5bf8c9546" executionId="6036839f-9466-4499-9d7d-7948aba5eb09" testListId="8c84fa94-04c1-424b-9868-57a2d4851a1d" />
    <TestEntry testId="f758dd14-de19-49f5-05cf-ff07b10d198f" executionId="22a15147-0fd1-493b-a669-f1eed8853b86" testListId="8c84fa94-04c1-424b-9868-57a2d4851a1d" />
    <TestEntry testId="f68b1f2a-f74a-e90f-010f-d4f84a0cca68" executionId="eaa7af60-a680-441c-ae0b-ffb6e0ea489c" testListId="8c84fa94-04c1-424b-9868-57a2d4851a1d" />
    <TestEntry testId="d07f8753-216a-cc43-39c9-8e82dfe54fae" executionId="fc9503fa-0ca0-45c2-8c4e-faf6d8247aea" testListId="8c84fa94-04c1-424b-9868-57a2d4851a1d" />
    <TestEntry testId="1416d016-1c91-f9b3-e938-7e0bc861e322" executionId="8077e731-59a3-485e-b199-654f2cc0a1dd" testListId="8c84fa94-04c1-424b-9868-57a2d4851a1d" />
    <TestEntry testId="a1967412-542f-f1e0-221d-e854c5aa3ad5" executionId="f2111769-d9ca-443a-9b45-b61431c46ba1" testListId="8c84fa94-04c1-424b-9868-57a2d4851a1d" />
    <TestEntry testId="cf452494-0c65-cfae-9eb0-638070791091" executionId="0422cd79-5721-465b-9301-052234597787" testListId="8c84fa94-04c1-424b-9868-57a2d4851a1d" />
    <TestEntry testId="d6322e77-fbce-faac-8454-5d1457d55801" executionId="21cd07c5-85cd-4f4f-826f-fd955b7f6504" testListId="8c84fa94-04c1-424b-9868-57a2d4851a1d" />
    <TestEntry testId="b9772d46-7369-4b60-5d41-5901d9ee2bd2" executionId="2780e235-fb18-44c0-a6b7-800419508ff0" testListId="8c84fa94-04c1-424b-9868-57a2d4851a1d" />
    <TestEntry testId="aed3c718-a163-5c1e-ecf2-548dff20ac6f" executionId="0732cd43-4630-4f32-8374-db7a871ca5d4" testListId="8c84fa94-04c1-424b-9868-57a2d4851a1d" />
    <TestEntry testId="ea1788ad-d90a-7851-0f20-47bd94351234" executionId="52fe1311-ecb3-4b14-9862-85ce8e4e702f" testListId="8c84fa94-04c1-424b-9868-57a2d4851a1d" />
    <TestEntry testId="c9af01c1-94ce-8496-cc4f-047419ac023e" executionId="85c3e443-040a-413b-be05-0170ba061d08" testListId="8c84fa94-04c1-424b-9868-57a2d4851a1d" />
    <TestEntry testId="d866a6ab-bbf7-95e2-eb8c-79ed6cc0eec9" executionId="6dc60f89-8252-4197-86f2-e63149781e09" testListId="8c84fa94-04c1-424b-9868-57a2d4851a1d" />
    <TestEntry testId="36cd5560-e3aa-cdda-cd8f-28711f2d655a" executionId="858d7703-ac5a-4043-b101-bf64b56e42bd" testListId="8c84fa94-04c1-424b-9868-57a2d4851a1d" />
    <TestEntry testId="835b043a-5f51-afa6-6184-fd91c019cea0" executionId="66690ae7-38fb-4c0d-8f8f-c3c91df8faa4" testListId="8c84fa94-04c1-424b-9868-57a2d4851a1d" />
    <TestEntry testId="4b863590-cb0b-0aa8-82ea-6677f1b265f9" executionId="4d0ff18f-c76c-45f6-beb6-626c50464014" testListId="8c84fa94-04c1-424b-9868-57a2d4851a1d" />
    <TestEntry testId="74ae040b-9765-b2cd-c7bc-83c6f849c1bb" executionId="3cb3184c-79bc-4c57-8a10-7d204425a43f" testListId="8c84fa94-04c1-424b-9868-57a2d4851a1d" />
    <TestEntry testId="2913da62-ad2f-0270-26cf-6dbda1bee3bd" executionId="a8ed22e5-b4b9-4591-9e4b-412629d6d5df" testListId="8c84fa94-04c1-424b-9868-57a2d4851a1d" />
    <TestEntry testId="c5bb4c8d-d587-5e44-a735-3313b24db17f" executionId="89039034-5bf4-4ecb-9cf8-ff0b03b90790" testListId="8c84fa94-04c1-424b-9868-57a2d4851a1d" />
    <TestEntry testId="aa24636e-8a39-8d73-d793-57b52a923232" executionId="c90bd12b-cc9a-4527-90a1-52f1e9306b69" testListId="8c84fa94-04c1-424b-9868-57a2d4851a1d" />
    <TestEntry testId="dab3205c-94c6-9363-2150-a4b0c92a0336" executionId="c3053864-88fd-46df-bc3d-c185864287a9" testListId="8c84fa94-04c1-424b-9868-57a2d4851a1d" />
    <TestEntry testId="1d0d467c-6215-ced8-3bf1-701101f166fd" executionId="d3297778-5d67-4a8b-9908-512aed1c9cb5" testListId="8c84fa94-04c1-424b-9868-57a2d4851a1d" />
    <TestEntry testId="262d7208-384d-ec07-72a9-eb8b39e98734" executionId="35ae5cd9-41bb-463e-83e7-58a8947379f8" testListId="8c84fa94-04c1-424b-9868-57a2d4851a1d" />
    <TestEntry testId="d692e460-4ddd-7cad-3935-0e5a7495a723" executionId="13cd09de-855e-44a4-8d8b-52db0c671d31" testListId="8c84fa94-04c1-424b-9868-57a2d4851a1d" />
    <TestEntry testId="c54b7deb-6b36-5ccd-df37-84dd25a293b2" executionId="37a12b18-182d-466a-8817-d3402fbb6931" testListId="8c84fa94-04c1-424b-9868-57a2d4851a1d" />
    <TestEntry testId="4fa7e388-dfcb-03e5-71c5-1b7e4f0b1212" executionId="bff38d0b-5317-4dd2-b2fd-ccbbdeeba16a" testListId="8c84fa94-04c1-424b-9868-57a2d4851a1d" />
    <TestEntry testId="f6991c8e-9b1e-a309-9754-41f19b825fc1" executionId="14c63bc5-6d3a-4dbe-8f96-c911b02ec5d1" testListId="8c84fa94-04c1-424b-9868-57a2d4851a1d" />
    <TestEntry testId="8e2b7b28-315d-a2a5-c77c-3d0ef8ebb3a8" executionId="e8da3ded-cb08-4759-825a-78642e33f54d" testListId="8c84fa94-04c1-424b-9868-57a2d4851a1d" />
    <TestEntry testId="e7847caa-aef9-2efe-ea69-4c85e7cfcaaf" executionId="1917666a-5e3e-43c4-9218-06b05f523404" testListId="8c84fa94-04c1-424b-9868-57a2d4851a1d" />
    <TestEntry testId="bb5833a3-825b-4d37-e219-7cafac9b5375" executionId="cf6d6b29-7f8d-4a01-bfea-cc274e1652df" testListId="8c84fa94-04c1-424b-9868-57a2d4851a1d" />
    <TestEntry testId="b924726b-64fc-8263-955d-06e11469c9f3" executionId="33aa8017-48a7-4c80-8ceb-35ab9630935a" testListId="8c84fa94-04c1-424b-9868-57a2d4851a1d" />
    <TestEntry testId="00529082-c6d0-053b-9d50-245600c4024c" executionId="626656a3-6600-44a0-80c1-d2dd053e5159" testListId="8c84fa94-04c1-424b-9868-57a2d4851a1d" />
    <TestEntry testId="f569da7e-2819-ca72-abfb-ffb9093cd6c7" executionId="50520860-e0f8-4479-97b0-a5c95319adbb" testListId="8c84fa94-04c1-424b-9868-57a2d4851a1d" />
    <TestEntry testId="cbd1cc9b-efd5-9a81-f91f-dd241cf07311" executionId="ca8c43a5-a3be-4c19-82f2-400805eca157" testListId="8c84fa94-04c1-424b-9868-57a2d4851a1d" />
    <TestEntry testId="413eda43-2575-af7a-2f9e-ff7699f8657b" executionId="38f24691-0142-4fcb-aa2c-7943799ce423" testListId="8c84fa94-04c1-424b-9868-57a2d4851a1d" />
    <TestEntry testId="ce0f29e8-2e04-a220-2beb-6365a1f8a97f" executionId="2838bd0d-d781-45ae-9e6c-0587480e935c" testListId="8c84fa94-04c1-424b-9868-57a2d4851a1d" />
    <TestEntry testId="976ed724-f096-7e5d-aac0-fe3de519f4aa" executionId="aa464613-a2ac-44f8-a774-76b553993f2a" testListId="8c84fa94-04c1-424b-9868-57a2d4851a1d" />
    <TestEntry testId="5ec7b88a-e706-65d7-e85e-3c5e837f0fb0" executionId="d434b512-8c38-46fa-b6ab-93355115979c" testListId="8c84fa94-04c1-424b-9868-57a2d4851a1d" />
    <TestEntry testId="3428b16b-371b-44a9-1a05-6bdad21ab4bd" executionId="c5742fd8-3197-4e2d-b746-a61c7ee1e47c" testListId="8c84fa94-04c1-424b-9868-57a2d4851a1d" />
    <TestEntry testId="cdcd329b-87a5-3fce-fb45-1e43f98ce907" executionId="15f09b17-5904-4209-82bc-05812e617d3d" testListId="8c84fa94-04c1-424b-9868-57a2d4851a1d" />
    <TestEntry testId="c1f2a72d-c3b1-f8a1-7ab5-993db4b0ac9e" executionId="5a794917-ea86-4db0-9fd1-3b77ebea7778" testListId="8c84fa94-04c1-424b-9868-57a2d4851a1d" />
    <TestEntry testId="37ba0807-022b-6850-2043-a217c6c9896a" executionId="da0fe8b0-9a84-4460-bb9e-0f7c7a200141" testListId="8c84fa94-04c1-424b-9868-57a2d4851a1d" />
    <TestEntry testId="e8b4c008-014d-aa46-c2af-1cc998998f62" executionId="a58bd97f-50d4-4ae4-a22d-b18c1d1ba74a" testListId="8c84fa94-04c1-424b-9868-57a2d4851a1d" />
    <TestEntry testId="489952d8-2812-639e-fbcb-8cbfbfb321db" executionId="4adf0948-1314-47d2-931d-447afca5f809" testListId="8c84fa94-04c1-424b-9868-57a2d4851a1d" />
    <TestEntry testId="6daa8f97-398c-7aef-c6a5-f98bd92a54d8" executionId="9865b944-8be7-4e07-9edb-cc390f1e1a2c" testListId="8c84fa94-04c1-424b-9868-57a2d4851a1d" />
    <TestEntry testId="40cce84b-1540-32f8-6523-8be099521529" executionId="879358f8-2f9a-47ef-945f-f704c7bff5cf" testListId="8c84fa94-04c1-424b-9868-57a2d4851a1d" />
    <TestEntry testId="3560819a-e4cb-5e8c-7a42-dee9bb62c22e" executionId="47d53366-b5b8-4e41-ad46-484a44f9b6ec" testListId="8c84fa94-04c1-424b-9868-57a2d4851a1d" />
    <TestEntry testId="89631818-8dde-9f69-6b81-bbd02ea9633f" executionId="81ffa942-7592-400e-96c6-e2d6319c28c5" testListId="8c84fa94-04c1-424b-9868-57a2d4851a1d" />
    <TestEntry testId="c9f39679-b2b1-a9c6-32e9-c32be5a6b586" executionId="998c2416-b253-408a-9c18-cdb174570d2c" testListId="8c84fa94-04c1-424b-9868-57a2d4851a1d" />
    <TestEntry testId="9c8eacb5-5887-732e-a283-542f78fb3b30" executionId="4553286e-ca81-4b56-8989-bf7fad6d637f" testListId="8c84fa94-04c1-424b-9868-57a2d4851a1d" />
    <TestEntry testId="397a336e-22be-eedf-e7d7-fc5ac64bf694" executionId="9f77010e-61c7-4a80-85a1-761be18dd0ef" testListId="8c84fa94-04c1-424b-9868-57a2d4851a1d" />
    <TestEntry testId="89f00d99-5264-d5ad-0819-49f0c27effb1" executionId="0fdcfcf3-9745-4377-99b4-9841868b8eab" testListId="8c84fa94-04c1-424b-9868-57a2d4851a1d" />
    <TestEntry testId="5f3e9779-7d38-93ea-11c0-ff19b654273f" executionId="73a02a42-a881-4d6f-89a4-17ea224593b7" testListId="8c84fa94-04c1-424b-9868-57a2d4851a1d" />
    <TestEntry testId="8fe973d8-88e3-4026-6ba6-1a014d65936f" executionId="a0f353af-db04-4a0e-b2f9-daec70b6881e" testListId="8c84fa94-04c1-424b-9868-57a2d4851a1d" />
    <TestEntry testId="075712f0-429c-fddc-14d5-ab993a37f519" executionId="ea434567-89cc-4f3d-87f3-484411aab63f" testListId="8c84fa94-04c1-424b-9868-57a2d4851a1d" />
    <TestEntry testId="136adb1f-0f00-d883-e203-60467b1fcd8f" executionId="e3a3a672-6e1f-4185-8df0-467b6b6d19ea" testListId="8c84fa94-04c1-424b-9868-57a2d4851a1d" />
    <TestEntry testId="75c5b846-8d02-5461-b216-7088fed684fa" executionId="d8e8ce22-226b-4e49-b920-1b2a49817bf0" testListId="8c84fa94-04c1-424b-9868-57a2d4851a1d" />
    <TestEntry testId="71def149-7229-fd52-5c2a-8582e21c7d33" executionId="0242e95e-f38d-4cb6-b02d-19c21c41ef1f" testListId="8c84fa94-04c1-424b-9868-57a2d4851a1d" />
    <TestEntry testId="4d132d24-3085-9694-029a-3292ad850d66" executionId="df6db585-78ff-43eb-b91b-64f76d8c22e0" testListId="8c84fa94-04c1-424b-9868-57a2d4851a1d" />
    <TestEntry testId="28feb7d4-85c0-23c0-3d33-02d7d1194651" executionId="b46a0782-f40f-4b8d-8b4f-f2159f732416" testListId="8c84fa94-04c1-424b-9868-57a2d4851a1d" />
    <TestEntry testId="01203b90-afe8-d6b3-b5d6-0bae5880e51a" executionId="ad38f5a1-c290-4826-9531-b7faa26d7970" testListId="8c84fa94-04c1-424b-9868-57a2d4851a1d" />
    <TestEntry testId="d7c42007-0286-0750-8436-ce31ab515d83" executionId="adb06268-4122-433e-a2df-c66b40e68f5b" testListId="8c84fa94-04c1-424b-9868-57a2d4851a1d" />
    <TestEntry testId="e63f7c31-4dee-3e11-8e4b-6bad2e5d15c4" executionId="9c95b90e-f1bb-4bf5-8048-0691de8bf2cc" testListId="8c84fa94-04c1-424b-9868-57a2d4851a1d" />
    <TestEntry testId="c9a2f43f-0706-8190-27eb-8dd6319e5767" executionId="93f2c97f-22a4-4866-bb14-51c8504a3b4f" testListId="8c84fa94-04c1-424b-9868-57a2d4851a1d" />
    <TestEntry testId="d6f15588-1f65-77e7-5e62-112ec0f4f8f4" executionId="76cadccb-1a6f-4ab4-aaa4-6e0e44d4dfdc" testListId="8c84fa94-04c1-424b-9868-57a2d4851a1d" />
    <TestEntry testId="c03e95f7-01b8-56f6-b3a8-cf8d824ac2e3" executionId="5ca7a08b-fdb4-47fe-810b-3153cb5af4f8" testListId="8c84fa94-04c1-424b-9868-57a2d4851a1d" />
    <TestEntry testId="71a43d5d-41b5-a6ec-95b5-e13e0073b4b5" executionId="e01bb770-5eea-4ae0-b470-eb6f4632c008" testListId="8c84fa94-04c1-424b-9868-57a2d4851a1d" />
  </TestEntries>
  <TestLists>
    <TestList name="Results Not in a List" id="8c84fa94-04c1-424b-9868-57a2d4851a1d" />
    <TestList name="All Loaded Results" id="19431567-8539-422a-85d7-44ee4e166bda" />
  </TestLists>
  <ResultSummary outcome="Failed">
    <Counters total="173" executed="162" passed="161" failed="1" error="0" timeout="0" aborted="0" inconclusive="0" passedButRunAborted="0" notRunnable="0" notExecuted="0" disconnected="0" warning="0" completed="0" inProgress="0" pending="0" />
    <Output>
      <StdOut>[xUnit.net 00:00:00.00] xUnit.net VSTest Adapter v3.1.4+50e68bbb8b (64-bit .NET 10.0.0)&#xD;
[xUnit.net 00:00:00.08]   Discovering: Tars.Tests&#xD;
[xUnit.net 00:00:00.13]   Discovered:  Tars.Tests&#xD;
[xUnit.net 00:00:00.15]   Starting:    Tars.Tests&#xD;
[xUnit.net 00:00:00.30]       Integration: Requires Epistemic Governor with LLM&#xD;
Test 'Tars.Tests.IntegrationTests.EpistemicGovernor: Can verify claims' was skipped in the test run.&#xD;
[xUnit.net 00:00:00.41]       Integration: Requires Ollama running on localhost:11434&#xD;
[xUnit.net 00:00:00.41]       Integration: Tests full RAG pipeline with embeddings&#xD;
[xUnit.net 00:00:00.41]       Integration: Requires LLM for ReAct pattern&#xD;
[xUnit.net 00:00:00.41]       Integration: Requires LLM for Plan &amp; Execute&#xD;
[xUnit.net 00:00:00.41]       Integration: Requires Ollama with llama3.2 model&#xD;
[xUnit.net 00:00:00.41]       Integration: Requires full agent infrastructure&#xD;
[xUnit.net 00:00:00.41]       Integration: Requires LLM for Chain of Thought&#xD;
[xUnit.net 00:00:00.41]       Integration: Requires LLM for budget testing&#xD;
[xUnit.net 00:00:00.41]       Integration: Requires Ollama with embedding model&#xD;
Test 'Tars.Tests.IntegrationTests.Ollama: Can connect and list models' was skipped in the test run.&#xD;
Test 'Tars.Tests.IntegrationTests.VectorStore: End-to-end RAG pipeline' was skipped in the test run.&#xD;
Test 'Tars.Tests.IntegrationTests.Patterns: ReAct loop with tool calls' was skipped in the test run.&#xD;
Test 'Tars.Tests.IntegrationTests.Patterns: Plan and Execute with real planner' was skipped in the test run.&#xD;
Test 'Tars.Tests.IntegrationTests.Ollama: Can generate chat completion' was skipped in the test run.&#xD;
Test 'Tars.Tests.IntegrationTests.Agent: Can execute multi-step workflow with LLM' was skipped in the test run.&#xD;
Test 'Tars.Tests.IntegrationTests.Patterns: Chain of Thought with real LLM' was skipped in the test run.&#xD;
Test 'Tars.Tests.IntegrationTests.Budget: LLM calls respect token limits' was skipped in the test run.&#xD;
Test 'Tars.Tests.IntegrationTests.Ollama: Can generate embeddings' was skipped in the test run.&#xD;
[xUnit.net 00:00:00.45]       Demo ping build currently depends on missing SemanticKernelProvider in CLI; skip in CI.&#xD;
Test 'Tars.Tests.GoldenRun.Golden Run: Demo Ping' was skipped in the test run.&#xD;
[xUnit.net 00:00:00.46]       Assert.Contains() Failure: Sub-string not found&#xD;
[xUnit.net 00:00:00.46]       String:    "You are a helpful assistant.\r\n\n## Convers"···&#xD;
[xUnit.net 00:00:00.46]       Not found: "History:"&#xD;
[xUnit.net 00:00:00.46]       Stack Trace:&#xD;
[xUnit.net 00:00:00.46]         C:\Users\spare\source\repos\tars\v2\tests\Tars.Tests\GraphTests.fs(137,0): at Tars.Tests.GraphTests.PromptBuilder: Builds system prompt with agent info()&#xD;
[xUnit.net 00:00:00.46]            at System.Reflection.MethodBaseInvoker.InterpretedInvoke_Method(Object obj, IntPtr* args)&#xD;
[xUnit.net 00:00:00.46]            at System.Reflection.MethodBaseInvoker.InvokeWithNoArgs(Object obj, BindingFlags invokeAttr)&#xD;
[xUnit.net 00:00:00.46]       Output:&#xD;
[xUnit.net 00:00:00.46]         Starting test: Builds system prompt with agent info&#xD;
[xUnit.net 00:00:02.09]   Finished:    Tars.Tests&#xD;
</StdOut>
    </Output>
    <RunInfos>
      <RunInfo computerName="XPS-STEF" outcome="Warning" timestamp="2025-11-29T00:18:18.5414874-05:00">
        <Text>[xUnit.net 00:00:00.29]     Tars.Tests.IntegrationTests.EpistemicGovernor: Can verify claims [SKIP]</Text>
      </RunInfo>
      <RunInfo computerName="XPS-STEF" outcome="Warning" timestamp="2025-11-29T00:18:18.6779463-05:00">
        <Text>[xUnit.net 00:00:00.41]     Tars.Tests.IntegrationTests.Ollama: Can connect and list models [SKIP]</Text>
      </RunInfo>
      <RunInfo computerName="XPS-STEF" outcome="Warning" timestamp="2025-11-29T00:18:18.6780217-05:00">
        <Text>[xUnit.net 00:00:00.41]     Tars.Tests.IntegrationTests.VectorStore: End-to-end RAG pipeline [SKIP]</Text>
      </RunInfo>
      <RunInfo computerName="XPS-STEF" outcome="Warning" timestamp="2025-11-29T00:18:18.6780563-05:00">
        <Text>[xUnit.net 00:00:00.41]     Tars.Tests.IntegrationTests.Patterns: ReAct loop with tool calls [SKIP]</Text>
      </RunInfo>
      <RunInfo computerName="XPS-STEF" outcome="Warning" timestamp="2025-11-29T00:18:18.6780826-05:00">
        <Text>[xUnit.net 00:00:00.41]     Tars.Tests.IntegrationTests.Patterns: Plan and Execute with real planner [SKIP]</Text>
      </RunInfo>
      <RunInfo computerName="XPS-STEF" outcome="Warning" timestamp="2025-11-29T00:18:18.6781199-05:00">
        <Text>[xUnit.net 00:00:00.41]     Tars.Tests.IntegrationTests.Ollama: Can generate chat completion [SKIP]</Text>
      </RunInfo>
      <RunInfo computerName="XPS-STEF" outcome="Warning" timestamp="2025-11-29T00:18:18.6781579-05:00">
        <Text>[xUnit.net 00:00:00.41]     Tars.Tests.IntegrationTests.Agent: Can execute multi-step workflow with LLM [SKIP]</Text>
      </RunInfo>
      <RunInfo computerName="XPS-STEF" outcome="Warning" timestamp="2025-11-29T00:18:18.6781950-05:00">
        <Text>[xUnit.net 00:00:00.41]     Tars.Tests.IntegrationTests.Patterns: Chain of Thought with real LLM [SKIP]</Text>
      </RunInfo>
      <RunInfo computerName="XPS-STEF" outcome="Warning" timestamp="2025-11-29T00:18:18.6782363-05:00">
        <Text>[xUnit.net 00:00:00.41]     Tars.Tests.IntegrationTests.Budget: LLM calls respect token limits [SKIP]</Text>
      </RunInfo>
      <RunInfo computerName="XPS-STEF" outcome="Warning" timestamp="2025-11-29T00:18:18.6784753-05:00">
        <Text>[xUnit.net 00:00:00.41]     Tars.Tests.IntegrationTests.Ollama: Can generate embeddings [SKIP]</Text>
      </RunInfo>
      <RunInfo computerName="XPS-STEF" outcome="Warning" timestamp="2025-11-29T00:18:18.6996178-05:00">
        <Text>[xUnit.net 00:00:00.45]     Tars.Tests.GoldenRun.Golden Run: Demo Ping [SKIP]</Text>
      </RunInfo>
      <RunInfo computerName="XPS-STEF" outcome="Error" timestamp="2025-11-29T00:18:18.7082919-05:00">
        <Text>[xUnit.net 00:00:00.46]     Tars.Tests.GraphTests.PromptBuilder: Builds system prompt with agent info [FAIL]</Text>
      </RunInfo>
    </RunInfos>
  </ResultSummary>
</TestRun>